2025-03-25 15:58:09,618 - INFO - Iniciando scraping completo del blog
2025-03-25 15:58:09,618 - INFO - Scrapeando página 1: https://ghostintheblog.com/
2025-03-25 15:58:09,618 - INFO - Intentando obtener posts desde: https://ghostintheblog.com/
2025-03-25 15:58:10,500 - INFO - Se encontraron 10 posts en la página
2025-03-25 15:58:10,502 - INFO - Comenzando extracción de información del post
2025-03-25 15:58:10,503 - INFO - Título del post: MISERICORDIA de Alain Guiraudie
2025-03-25 15:58:10,503 - INFO - Fecha del post: 2025-03-21T19:30:00+01:00
2025-03-25 15:58:10,504 - INFO - Obteniendo contenido completo de: https://ghostintheblog.com/2025/03/critica-misericordia-2024-alain-guiraudie.html
2025-03-25 15:58:11,522 - INFO - Contenido extraído y estructurado (4710 caracteres)
2025-03-25 15:58:11,522 - INFO - Guardando post en: posts/MISERICORDIA_2025-03-21.json
2025-03-25 15:58:11,523 - INFO - Post guardado exitosamente
2025-03-25 15:58:11,524 - INFO - Actualizando índice de películas
2025-03-25 15:58:11,524 - INFO - Archivo de índice: C:\Trabajos\scrapingcines\index.json
2025-03-25 15:58:11,524 - INFO - Índice existente cargado con 10 películas
2025-03-25 15:58:11,525 - INFO - Película agregada al índice: MISERICORDIA
2025-03-25 15:58:11,525 - INFO - Comenzando extracción de información del post
2025-03-25 15:58:11,526 - INFO - Título del post: LOS AITAS de Borja Cobeaga
2025-03-25 15:58:11,526 - INFO - Fecha del post: 2025-03-21T19:10:00+01:00
2025-03-25 15:58:11,526 - INFO - Obteniendo contenido completo de: https://ghostintheblog.com/2025/03/critica-los-aitas-2025-borja-cobeaga.html
2025-03-25 15:58:12,525 - INFO - Contenido extraído y estructurado (2560 caracteres)
2025-03-25 15:58:12,525 - INFO - Guardando post en: posts/LOS_AITAS_2025-03-21.json
2025-03-25 15:58:12,526 - INFO - Post guardado exitosamente
2025-03-25 15:58:12,526 - INFO - Actualizando índice de películas
2025-03-25 15:58:12,527 - INFO - Archivo de índice: C:\Trabajos\scrapingcines\index.json
2025-03-25 15:58:12,527 - INFO - Índice existente cargado con 11 películas
2025-03-25 15:58:12,528 - INFO - Película agregada al índice: LOS AITAS
2025-03-25 15:58:12,528 - INFO - Comenzando extracción de información del post
2025-03-25 15:58:12,529 - INFO - Título del post: MORLAIX de Jaime Rosales
2025-03-25 15:58:12,529 - INFO - Fecha del post: 2025-03-21T19:00:00+01:00
2025-03-25 15:58:12,529 - INFO - Obteniendo contenido completo de: https://ghostintheblog.com/2025/03/morlaix-de-jaime-rosales-2025.html
2025-03-25 15:58:13,608 - INFO - Contenido extraído y estructurado (2662 caracteres)
2025-03-25 15:58:13,608 - INFO - Guardando post en: posts/MORLAIX_2025-03-21.json
2025-03-25 15:58:13,609 - INFO - Post guardado exitosamente
2025-03-25 15:58:13,609 - INFO - Actualizando índice de películas
2025-03-25 15:58:13,609 - INFO - Archivo de índice: C:\Trabajos\scrapingcines\index.json
2025-03-25 15:58:13,610 - INFO - Índice existente cargado con 12 películas
2025-03-25 15:58:13,610 - INFO - Película agregada al índice: MORLAIX
2025-03-25 15:58:13,611 - INFO - Comenzando extracción de información del post
2025-03-25 15:58:13,611 - INFO - Post ya existente, saltando: TARDES DE SOLEDAD de Albert Serra
2025-03-25 15:58:13,611 - INFO - Comenzando extracción de información del post
2025-03-25 15:58:13,611 - INFO - Post ya existente, saltando: MICKEY 17 de Bong Joon-ho
2025-03-25 15:58:13,612 - INFO - Comenzando extracción de información del post
2025-03-25 15:58:13,612 - INFO - Post ya existente, saltando: LEE MILLER de Ellen Kuras
2025-03-25 15:58:13,613 - INFO - Comenzando extracción de información del post
2025-03-25 15:58:13,613 - INFO - Post ya existente, saltando: GRAND TOUR de Miguel Gomes
2025-03-25 15:58:13,613 - INFO - Comenzando extracción de información del post
2025-03-25 15:58:13,613 - INFO - Post ya existente, saltando: A COMPLETE UNKNOWN de James Mangold
2025-03-25 15:58:13,613 - INFO - Comenzando extracción de información del post
2025-03-25 15:58:13,614 - INFO - Post ya existente, saltando: MI ÚNICA FAMILIA de Mike Leigh
2025-03-25 15:58:13,614 - INFO - Comenzando extracción de información del post
2025-03-25 15:58:13,614 - INFO - Post ya existente, saltando: LOS OSCAR 2025
2025-03-25 15:58:15,430 - INFO - No se encontró enlace a siguiente página.
2025-03-25 15:58:15,431 - INFO - Scraping completado. Total de posts guardados: 3
2025-03-25 15:58:15,432 - INFO - Proceso de scraping finalizado
