2026-02-09 12:18:12,019 - INFO - Iniciando proceso de scraping
2026-02-09 12:18:12,021 - INFO - Posts existentes encontrados: 2503
2026-02-09 12:18:12,021 - INFO - Intentando obtener posts desde: https://ghostintheblog.com/
2026-02-09 12:18:13,675 - INFO - Se encontraron 10 posts
2026-02-09 12:18:13,676 - INFO - Comenzando extracción de información del post
2026-02-09 12:18:13,677 - INFO - Post ya existente, saltando: HAMNET de Chloé Zhao
2026-02-09 12:18:13,677 - INFO - Comenzando extracción de información del post
2026-02-09 12:18:13,677 - INFO - Post ya existente, saltando: YUNAN de Ameer Fakher Eldin
2026-02-09 12:18:13,677 - INFO - Comenzando extracción de información del post
2026-02-09 12:18:13,677 - INFO - Post ya existente, saltando: LA LEYENDA DE OCHI de Isaiah Saxon
2026-02-09 12:18:13,677 - INFO - Comenzando extracción de información del post
2026-02-09 12:18:13,677 - INFO - Post ya existente, saltando: ARCO de Ugo Bienvenu
2026-02-09 12:18:13,678 - INFO - Comenzando extracción de información del post
2026-02-09 12:18:13,678 - INFO - Post ya existente, saltando: SI PUDIERA TE DARÍA UNA PATADA de Mary Bronstein
2026-02-09 12:18:13,678 - INFO - Comenzando extracción de información del post
2026-02-09 12:18:13,678 - INFO - Post ya existente, saltando: LA MISTERIOSA MIRADA DE FLAMENCO de Diego Céspedes
2026-02-09 12:18:13,678 - INFO - Comenzando extracción de información del post
2026-02-09 12:18:13,678 - INFO - Post ya existente, saltando: NOUVELLE VAGUE de Richard Linklater
2026-02-09 12:18:13,678 - INFO - Comenzando extracción de información del post
2026-02-09 12:18:13,678 - INFO - Post ya existente, saltando: RENTAL FAMILY de Hikari
2026-02-09 12:18:13,678 - INFO - Comenzando extracción de información del post
2026-02-09 12:18:13,679 - INFO - Post ya existente, saltando: TURNO DE GUARDIA de Petra Biondina Volpe
2026-02-09 12:18:13,679 - INFO - Comenzando extracción de información del post
2026-02-09 12:18:13,679 - INFO - Post ya existente, saltando: LA ASISTENTA de Rebecca Sonnenshine
2026-02-09 12:18:13,679 - INFO - Proceso completado. Posts nuevos guardados: 0
