2026-01-19 00:22:31,552 - INFO - Iniciando proceso de scraping
2026-01-19 00:22:31,554 - INFO - Posts existentes encontrados: 2494
2026-01-19 00:22:31,555 - INFO - Intentando obtener posts desde: https://ghostintheblog.com/
2026-01-19 00:22:33,381 - INFO - Se encontraron 10 posts
2026-01-19 00:22:33,382 - INFO - Comenzando extracción de información del post
2026-01-19 00:22:33,382 - INFO - Título del post: NOUVELLE VAGUE de Richard Linklater
2026-01-19 00:22:33,382 - INFO - Fecha del post: 2026-01-19T00:16:53+01:00
2026-01-19 00:22:33,382 - INFO - Obteniendo contenido completo de: https://ghostintheblog.com/2026/01/critica-de-nouvelle-vague-de-richard-linklater.html
2026-01-19 00:22:34,868 - INFO - Contenido extraído y estructurado (3508 caracteres)
2026-01-19 00:22:34,869 - INFO - Guardando post en: posts/NOUVELLE_VAGUE_2026-01-19.json
2026-01-19 00:22:34,870 - INFO - Post guardado exitosamente
2026-01-19 00:22:34,870 - INFO - Actualizando índice de películas
2026-01-19 00:22:34,870 - INFO - Archivo de índice: /home/runner/work/scrapingcines/scrapingcines/index.json
2026-01-19 00:22:34,874 - INFO - Índice existente cargado con 2594 películas
2026-01-19 00:22:34,886 - INFO - Película agregada al índice: NOUVELLE VAGUE
2026-01-19 00:22:34,886 - INFO - Nuevo post guardado: NOUVELLE VAGUE de Richard Linklater
2026-01-19 00:22:34,886 - INFO - Comenzando extracción de información del post
2026-01-19 00:22:34,886 - INFO - Título del post: RENTAL FAMILY de Hikari
2026-01-19 00:22:34,886 - INFO - Fecha del post: 2026-01-19T00:05:15+01:00
2026-01-19 00:22:34,886 - INFO - Obteniendo contenido completo de: https://ghostintheblog.com/2026/01/critica-de-rental-family-de-hikari.html
2026-01-19 00:22:36,233 - INFO - Contenido extraído y estructurado (2763 caracteres)
2026-01-19 00:22:36,234 - INFO - Guardando post en: posts/RENTAL_FAMILY_2026-01-19.json
2026-01-19 00:22:36,235 - INFO - Post guardado exitosamente
2026-01-19 00:22:36,235 - INFO - Actualizando índice de películas
2026-01-19 00:22:36,235 - INFO - Archivo de índice: /home/runner/work/scrapingcines/scrapingcines/index.json
2026-01-19 00:22:36,238 - INFO - Índice existente cargado con 2595 películas
2026-01-19 00:22:36,250 - INFO - Película agregada al índice: RENTAL FAMILY
2026-01-19 00:22:36,250 - INFO - Nuevo post guardado: RENTAL FAMILY de Hikari
2026-01-19 00:22:36,250 - INFO - Comenzando extracción de información del post
2026-01-19 00:22:36,250 - INFO - Título del post: TURNO DE GUARDIA de Petra Biondina Volpe
2026-01-19 00:22:36,250 - INFO - Fecha del post: 2026-01-18T23:57:18+01:00
2026-01-19 00:22:36,250 - INFO - Obteniendo contenido completo de: https://ghostintheblog.com/2026/01/critica-de-turno-de-guardia-de-petra-biondina-volpe.html
2026-01-19 00:22:37,570 - INFO - Contenido extraído y estructurado (2580 caracteres)
2026-01-19 00:22:37,572 - INFO - Guardando post en: posts/TURNO_DE_GUARDIA_2026-01-18.json
2026-01-19 00:22:37,572 - INFO - Post guardado exitosamente
2026-01-19 00:22:37,572 - INFO - Actualizando índice de películas
2026-01-19 00:22:37,572 - INFO - Archivo de índice: /home/runner/work/scrapingcines/scrapingcines/index.json
2026-01-19 00:22:37,576 - INFO - Índice existente cargado con 2596 películas
2026-01-19 00:22:37,587 - INFO - Película agregada al índice: TURNO DE GUARDIA
2026-01-19 00:22:37,587 - INFO - Nuevo post guardado: TURNO DE GUARDIA de Petra Biondina Volpe
2026-01-19 00:22:37,587 - INFO - Comenzando extracción de información del post
2026-01-19 00:22:37,588 - INFO - Post ya existente, saltando: LA ASISTENTA de Rebecca Sonnenshine
2026-01-19 00:22:37,588 - INFO - Comenzando extracción de información del post
2026-01-19 00:22:37,588 - INFO - Post ya existente, saltando: RONDALLAS de Daniel Sánchez Arévalo
2026-01-19 00:22:37,588 - INFO - Comenzando extracción de información del post
2026-01-19 00:22:37,588 - INFO - Post ya existente, saltando: EL MÉDICO 2 de Philipp Stölzl
2026-01-19 00:22:37,588 - INFO - Comenzando extracción de información del post
2026-01-19 00:22:37,588 - INFO - Post ya existente, saltando: AVATAR: FUEGO Y CENIZAS de James Cameron
2026-01-19 00:22:37,588 - INFO - Comenzando extracción de información del post
2026-01-19 00:22:37,589 - INFO - Post ya existente, saltando: HOMO ARGENTUM de Mariano Cohn y Gastón Duprat
2026-01-19 00:22:37,589 - INFO - Comenzando extracción de información del post
2026-01-19 00:22:37,589 - INFO - Post ya existente, saltando: ZODIAC KILLER PROJECT de Charlie Shackleton
2026-01-19 00:22:37,589 - INFO - Comenzando extracción de información del post
2026-01-19 00:22:37,589 - INFO - Post ya existente, saltando: FATHER MOTHER SISTER BROTHER de Jim Jarmusch
2026-01-19 00:22:37,589 - INFO - Proceso completado. Posts nuevos guardados: 3
