2026-04-17 20:16:57,671 - INFO - Iniciando proceso de scraping
2026-04-17 20:16:57,674 - INFO - Posts existentes encontrados: 2535
2026-04-17 20:16:57,674 - INFO - Intentando obtener posts desde: https://ghostintheblog.com/
2026-04-17 20:16:58,917 - INFO - Se encontraron 10 posts
2026-04-17 20:16:58,918 - INFO - Comenzando extracción de información del post
2026-04-17 20:16:58,919 - INFO - Título del post: UN POETA de Simón Mesa
2026-04-17 20:16:58,919 - INFO - Fecha del post: 2026-04-17T20:20:00+02:00
2026-04-17 20:16:58,919 - INFO - Obteniendo contenido completo de: https://ghostintheblog.com/2026/04/critica-de-un-poeta-de-simon-mesa.html
2026-04-17 20:17:00,306 - INFO - Contenido extraído y estructurado (4414 caracteres)
2026-04-17 20:17:00,307 - INFO - Guardando post en: posts/UN_POETA_2026-04-17.json
2026-04-17 20:17:00,308 - INFO - Post guardado exitosamente
2026-04-17 20:17:00,308 - INFO - Actualizando índice de películas
2026-04-17 20:17:00,308 - INFO - Archivo de índice: /home/runner/work/scrapingcines/scrapingcines/index.json
2026-04-17 20:17:00,312 - INFO - Índice existente cargado con 2634 películas
2026-04-17 20:17:00,324 - INFO - Película agregada al índice: UN POETA
2026-04-17 20:17:00,324 - INFO - Nuevo post guardado: UN POETA de Simón Mesa
2026-04-17 20:17:00,324 - INFO - Comenzando extracción de información del post
2026-04-17 20:17:00,325 - INFO - Título del post: LA BUENA HIJA de Júlia de Paz Solvas
2026-04-17 20:17:00,325 - INFO - Fecha del post: 2026-04-17T20:10:00+02:00
2026-04-17 20:17:00,325 - WARNING - No se pudo extraer director del título: LA BUENA HIJA de Júlia de Paz Solvas
2026-04-17 20:17:00,325 - INFO - Obteniendo contenido completo de: https://ghostintheblog.com/2026/04/critica-de-la-buena-hija-de-julia-de-paz-solvas.html
2026-04-17 20:17:01,767 - INFO - Contenido extraído y estructurado (2683 caracteres)
2026-04-17 20:17:01,768 - INFO - Guardando post en: posts/LA_BUENA_HIJA_de_Júlia_de_Paz_Solvas_2026-04-17.json
2026-04-17 20:17:01,768 - INFO - Post guardado exitosamente
2026-04-17 20:17:01,768 - INFO - Actualizando índice de películas
2026-04-17 20:17:01,768 - INFO - Archivo de índice: /home/runner/work/scrapingcines/scrapingcines/index.json
2026-04-17 20:17:01,772 - INFO - Índice existente cargado con 2635 películas
2026-04-17 20:17:01,784 - INFO - Película agregada al índice: LA BUENA HIJA de Júlia de Paz Solvas
2026-04-17 20:17:01,784 - INFO - Nuevo post guardado: LA BUENA HIJA de Júlia de Paz Solvas
2026-04-17 20:17:01,784 - INFO - Comenzando extracción de información del post
2026-04-17 20:17:01,785 - INFO - Título del post: ATRAPANDO A UN MONSTRUO de Bryan Fuller
2026-04-17 20:17:01,785 - INFO - Fecha del post: 2026-04-17T20:00:00+02:00
2026-04-17 20:17:01,785 - INFO - Obteniendo contenido completo de: https://ghostintheblog.com/2026/04/critica-de-atrapando-a-un-monstruo-de-bryan-fuller.html
2026-04-17 20:17:03,287 - INFO - Contenido extraído y estructurado (2685 caracteres)
2026-04-17 20:17:03,288 - INFO - Guardando post en: posts/ATRAPANDO_A_UN_MONSTRUO_2026-04-17.json
2026-04-17 20:17:03,289 - INFO - Post guardado exitosamente
2026-04-17 20:17:03,289 - INFO - Actualizando índice de películas
2026-04-17 20:17:03,289 - INFO - Archivo de índice: /home/runner/work/scrapingcines/scrapingcines/index.json
2026-04-17 20:17:03,302 - INFO - Índice existente cargado con 2636 películas
2026-04-17 20:17:03,314 - INFO - Película agregada al índice: ATRAPANDO A UN MONSTRUO
2026-04-17 20:17:03,315 - INFO - Nuevo post guardado: ATRAPANDO A UN MONSTRUO de Bryan Fuller
2026-04-17 20:17:03,315 - INFO - Comenzando extracción de información del post
2026-04-17 20:17:03,315 - INFO - Post ya existente, saltando: LA GRAZIA de Paolo Sorrentino
2026-04-17 20:17:03,315 - INFO - Comenzando extracción de información del post
2026-04-17 20:17:03,315 - INFO - Post ya existente, saltando: ALTAS CAPACIDADES de Víctor García León
2026-04-17 20:17:03,315 - INFO - Comenzando extracción de información del post
2026-04-17 20:17:03,315 - INFO - Post ya existente, saltando: LAPÖNIA de David Serrano
2026-04-17 20:17:03,315 - INFO - Comenzando extracción de información del post
2026-04-17 20:17:03,315 - INFO - Post ya existente, saltando: PROYECTO SALVACIÓN de Phil Lord y Christopher Miller
2026-04-17 20:17:03,315 - INFO - Comenzando extracción de información del post
2026-04-17 20:17:03,316 - INFO - Post ya existente, saltando: DOS FISCALES de Serguéi  Loznitsa
2026-04-17 20:17:03,316 - INFO - Comenzando extracción de información del post
2026-04-17 20:17:03,316 - INFO - Post ya existente, saltando: MAIGRET Y LA MUERTE DEL EMBAJADOR de Pascal Bonitzer
2026-04-17 20:17:03,316 - INFO - Comenzando extracción de información del post
2026-04-17 20:17:03,316 - INFO - Post ya existente, saltando: AMARGA NAVIDAD de Pedro Almodóvar
2026-04-17 20:17:03,316 - INFO - Proceso completado. Posts nuevos guardados: 3
