2025-10-24 16:06:38,469 - INFO - Iniciando proceso de scraping
2025-10-24 16:06:38,471 - INFO - Posts existentes encontrados: 2458
2025-10-24 16:06:38,471 - INFO - Intentando obtener posts desde: https://ghostintheblog.com/
2025-10-24 16:06:39,829 - INFO - Se encontraron 10 posts
2025-10-24 16:06:39,830 - INFO - Comenzando extracción de información del post
2025-10-24 16:06:39,830 - INFO - Post ya existente, saltando: BALA PERDIDA de Darren Aronofsky
2025-10-24 16:06:39,830 - INFO - Comenzando extracción de información del post
2025-10-24 16:06:39,830 - INFO - Post ya existente, saltando: KARMELE de Asier Altuna
2025-10-24 16:06:39,830 - INFO - Comenzando extracción de información del post
2025-10-24 16:06:39,831 - INFO - Post ya existente, saltando: JUGAR CON FUEGO de Delphine y Muriel Coulin
2025-10-24 16:06:39,831 - INFO - Comenzando extracción de información del post
2025-10-24 16:06:39,831 - INFO - Post ya existente, saltando: LA SOSPECHA DE SOFÍA de Imanol Uribe
2025-10-24 16:06:39,831 - INFO - Comenzando extracción de información del post
2025-10-24 16:06:39,831 - INFO - Post ya existente, saltando: EXTRAÑO RÍO de Jaume Claret Muxart
2025-10-24 16:06:39,831 - INFO - Comenzando extracción de información del post
2025-10-24 16:06:39,831 - INFO - Post ya existente, saltando: ADORABLE de Lilja Ingolfsdottir
2025-10-24 16:06:39,831 - INFO - Comenzando extracción de información del post
2025-10-24 16:06:39,832 - INFO - Post ya existente, saltando: UNA BATALLA TRAS OTRA de Paul Thomas Anderson
2025-10-24 16:06:39,832 - INFO - Comenzando extracción de información del post
2025-10-24 16:06:39,832 - INFO - Post ya existente, saltando: MÜNTER Y EL AMOR DE KANDINSKY de Marcus O. Rosenmüller
2025-10-24 16:06:39,832 - INFO - Comenzando extracción de información del post
2025-10-24 16:06:39,832 - INFO - Post ya existente, saltando: LOS LAZOS QUE NOS UNEN de Carine Tardieu
2025-10-24 16:06:39,832 - INFO - Comenzando extracción de información del post
2025-10-24 16:06:39,832 - INFO - Post ya existente, saltando: MASPALOMAS de Aitor Arregi y José Mari Goenaga (Los Moriarti)
2025-10-24 16:06:39,832 - INFO - Proceso completado. Posts nuevos guardados: 0
