2026-05-22 05:24:44,769 - INFO - Iniciando proceso de scraping
2026-05-22 05:24:44,771 - INFO - Posts existentes encontrados: 2547
2026-05-22 05:24:44,771 - INFO - Intentando obtener posts desde: https://ghostintheblog.com/
2026-05-22 05:24:47,845 - INFO - Se encontraron 10 posts
2026-05-22 05:24:47,846 - INFO - Comenzando extracción de información del post
2026-05-22 05:24:47,846 - INFO - Post ya existente, saltando: RESURRECTION de Bi Gan
2026-05-22 05:24:47,847 - INFO - Comenzando extracción de información del post
2026-05-22 05:24:47,847 - INFO - Post ya existente, saltando: ALTA COSTURA de Alice Winocour
2026-05-22 05:24:47,847 - INFO - Comenzando extracción de información del post
2026-05-22 05:24:47,847 - INFO - Post ya existente, saltando: LA ISLA DE AMRUM de Fatih Akin
2026-05-22 05:24:47,847 - INFO - Comenzando extracción de información del post
2026-05-22 05:24:47,847 - INFO - Post ya existente, saltando: TODO LO QUE FUIMOS de Cherien Dabis
2026-05-22 05:24:47,847 - INFO - Comenzando extracción de información del post
2026-05-22 05:24:47,847 - INFO - Post ya existente, saltando: MICHAEL de Antoine Fuqua
2026-05-22 05:24:47,847 - INFO - Comenzando extracción de información del post
2026-05-22 05:24:47,848 - INFO - Post ya existente, saltando: ENZO de Robin Campillo
2026-05-22 05:24:47,848 - INFO - Comenzando extracción de información del post
2026-05-22 05:24:47,848 - INFO - Post ya existente, saltando: MI QUERIDA SEÑORITA de Fernando González Molina
2026-05-22 05:24:47,848 - INFO - Comenzando extracción de información del post
2026-05-22 05:24:47,848 - INFO - Post ya existente, saltando: EL SONIDO DE LA CAIDA de Mascha Schilinski
2026-05-22 05:24:47,848 - INFO - Comenzando extracción de información del post
2026-05-22 05:24:47,848 - INFO - Post ya existente, saltando: PRIME CRIME: A TRUE STORY de Gus Van Sant
2026-05-22 05:24:47,848 - INFO - Comenzando extracción de información del post
2026-05-22 05:24:47,848 - INFO - Post ya existente, saltando: UN POETA de Simón Mesa
2026-05-22 05:24:47,848 - INFO - Proceso completado. Posts nuevos guardados: 0
