2025-04-04 04:06:23,163 - INFO - Iniciando proceso de scraping
2025-04-04 04:06:23,165 - INFO - Posts existentes encontrados: 2377
2025-04-04 04:06:23,166 - INFO - Intentando obtener posts desde: https://ghostintheblog.com/
2025-04-04 04:06:25,684 - INFO - Se encontraron 10 posts
2025-04-04 04:06:25,684 - INFO - Comenzando extracción de información del post
2025-04-04 04:06:25,685 - INFO - Post ya existente, saltando: GHOSTLIGHT de Kelly O’Sullivan y Alex Thompson
2025-04-04 04:06:25,685 - INFO - Comenzando extracción de información del post
2025-04-04 04:06:25,685 - INFO - Post ya existente, saltando: 8 de Julio Medem
2025-04-04 04:06:25,685 - INFO - Comenzando extracción de información del post
2025-04-04 04:06:25,685 - INFO - Post ya existente, saltando: LA CHICA DE LA AGUJA de Magnus von Horn
2025-04-04 04:06:25,685 - INFO - Comenzando extracción de información del post
2025-04-04 04:06:25,685 - INFO - Post ya existente, saltando: MISERICORDIA de Alain Guiraudie
2025-04-04 04:06:25,685 - INFO - Comenzando extracción de información del post
2025-04-04 04:06:25,685 - INFO - Post ya existente, saltando: LOS AITAS de Borja Cobeaga
2025-04-04 04:06:25,686 - INFO - Comenzando extracción de información del post
2025-04-04 04:06:25,686 - INFO - Post ya existente, saltando: MORLAIX de Jaime Rosales
2025-04-04 04:06:25,686 - INFO - Comenzando extracción de información del post
2025-04-04 04:06:25,686 - INFO - Post ya existente, saltando: TARDES DE SOLEDAD de Albert Serra
2025-04-04 04:06:25,686 - INFO - Comenzando extracción de información del post
2025-04-04 04:06:25,686 - INFO - Post ya existente, saltando: MICKEY 17 de Bong Joon-ho
2025-04-04 04:06:25,686 - INFO - Comenzando extracción de información del post
2025-04-04 04:06:25,686 - INFO - Post ya existente, saltando: LEE MILLER de Ellen Kuras
2025-04-04 04:06:25,686 - INFO - Comenzando extracción de información del post
2025-04-04 04:06:25,686 - INFO - Post ya existente, saltando: GRAND TOUR de Miguel Gomes
2025-04-04 04:06:25,687 - INFO - Proceso completado. Posts nuevos guardados: 0
