2026-05-01 16:24:58,737 - INFO - Iniciando proceso de scraping
2026-05-01 16:24:58,739 - INFO - Posts existentes encontrados: 2541
2026-05-01 16:24:58,739 - INFO - Intentando obtener posts desde: https://ghostintheblog.com/
2026-05-01 16:25:00,144 - INFO - Se encontraron 10 posts
2026-05-01 16:25:00,145 - INFO - Comenzando extracción de información del post
2026-05-01 16:25:00,145 - INFO - Post ya existente, saltando: MI QUERIDA SEÑORITA de Fernando González Molina
2026-05-01 16:25:00,145 - INFO - Comenzando extracción de información del post
2026-05-01 16:25:00,145 - INFO - Post ya existente, saltando: EL SONIDO DE LA CAIDA de Mascha Schilinski
2026-05-01 16:25:00,145 - INFO - Comenzando extracción de información del post
2026-05-01 16:25:00,146 - INFO - Post ya existente, saltando: PRIME CRIME: A TRUE STORY de Gus Van Sant
2026-05-01 16:25:00,146 - INFO - Comenzando extracción de información del post
2026-05-01 16:25:00,146 - INFO - Post ya existente, saltando: UN POETA de Simón Mesa
2026-05-01 16:25:00,146 - INFO - Comenzando extracción de información del post
2026-05-01 16:25:00,146 - INFO - Post ya existente, saltando: LA BUENA HIJA de Júlia de Paz Solvas
2026-05-01 16:25:00,146 - INFO - Comenzando extracción de información del post
2026-05-01 16:25:00,146 - INFO - Post ya existente, saltando: ATRAPANDO A UN MONSTRUO de Bryan Fuller
2026-05-01 16:25:00,146 - INFO - Comenzando extracción de información del post
2026-05-01 16:25:00,146 - INFO - Post ya existente, saltando: LA GRAZIA de Paolo Sorrentino
2026-05-01 16:25:00,146 - INFO - Comenzando extracción de información del post
2026-05-01 16:25:00,146 - INFO - Post ya existente, saltando: ALTAS CAPACIDADES de Víctor García León
2026-05-01 16:25:00,146 - INFO - Comenzando extracción de información del post
2026-05-01 16:25:00,146 - INFO - Post ya existente, saltando: LAPÖNIA de David Serrano
2026-05-01 16:25:00,147 - INFO - Comenzando extracción de información del post
2026-05-01 16:25:00,147 - INFO - Post ya existente, saltando: PROYECTO SALVACIÓN de Phil Lord y Christopher Miller
2026-05-01 16:25:00,147 - INFO - Proceso completado. Posts nuevos guardados: 0
