2026-07-08 12:36:43,113 - INFO - Iniciando proceso de scraping
2026-07-08 12:36:43,116 - INFO - Posts existentes encontrados: 2568
2026-07-08 12:36:43,116 - INFO - Intentando obtener posts desde: https://ghostintheblog.com/
2026-07-08 12:36:45,742 - INFO - Se encontraron 10 posts
2026-07-08 12:36:45,743 - INFO - Comenzando extracción de información del post
2026-07-08 12:36:45,744 - INFO - Título del post: OBSESSION de Curry Barker
2026-07-08 12:36:45,744 - INFO - Fecha del post: 2026-07-08T13:36:28+02:00
2026-07-08 12:36:45,744 - INFO - Obteniendo contenido completo de: https://ghostintheblog.com/critica-de-obsession-de-curry-barker/
2026-07-08 12:36:47,189 - INFO - Contenido extraído y estructurado (4613 caracteres)
2026-07-08 12:36:47,191 - INFO - Guardando post en: posts/OBSESSION_2026-07-08.json
2026-07-08 12:36:47,191 - INFO - Post guardado exitosamente
2026-07-08 12:36:47,191 - INFO - Actualizando índice de películas
2026-07-08 12:36:47,191 - INFO - Archivo de índice: /home/runner/work/scrapingcines/scrapingcines/index.json
2026-07-08 12:36:47,196 - INFO - Índice existente cargado con 2666 películas
2026-07-08 12:36:47,209 - INFO - Película agregada al índice: OBSESSION
2026-07-08 12:36:47,209 - INFO - Nuevo post guardado: OBSESSION de Curry Barker
2026-07-08 12:36:47,209 - INFO - Comenzando extracción de información del post
2026-07-08 12:36:47,210 - INFO - Título del post: LO ÚLTIMOS DÍAS DE MARIA ANTONIETA de Gianluca Jodice
2026-07-08 12:36:47,210 - INFO - Fecha del post: 2026-07-08T13:30:06+02:00
2026-07-08 12:36:47,210 - INFO - Obteniendo contenido completo de: https://ghostintheblog.com/lo-ultimos-dias-de-maria-antonieta-de-gianluca-jodice/
2026-07-08 12:36:48,713 - INFO - Contenido extraído y estructurado (2732 caracteres)
2026-07-08 12:36:48,714 - INFO - Guardando post en: posts/LO_ÚLTIMOS_DÍAS_DE_MARIA_ANTONIETA_2026-07-08.json
2026-07-08 12:36:48,714 - INFO - Post guardado exitosamente
2026-07-08 12:36:48,714 - INFO - Actualizando índice de películas
2026-07-08 12:36:48,714 - INFO - Archivo de índice: /home/runner/work/scrapingcines/scrapingcines/index.json
2026-07-08 12:36:48,719 - INFO - Índice existente cargado con 2667 películas
2026-07-08 12:36:48,731 - INFO - Película agregada al índice: LO ÚLTIMOS DÍAS DE MARIA ANTONIETA
2026-07-08 12:36:48,732 - INFO - Nuevo post guardado: LO ÚLTIMOS DÍAS DE MARIA ANTONIETA de Gianluca Jodice
2026-07-08 12:36:48,732 - INFO - Comenzando extracción de información del post
2026-07-08 12:36:48,732 - INFO - Título del post: SUPERGIRL de Craig Gillespie
2026-07-08 12:36:48,732 - INFO - Fecha del post: 2026-07-08T13:12:58+02:00
2026-07-08 12:36:48,732 - INFO - Obteniendo contenido completo de: https://ghostintheblog.com/supergirl-de-craig-gillespie/
2026-07-08 12:36:50,164 - WARNING - No se encontró 'Título Original' en el contenido
2026-07-08 12:36:50,165 - INFO - Usando contenido completo como respaldo
2026-07-08 12:36:50,165 - WARNING - Campo content vacío o no presente en el post
2026-07-08 12:36:50,166 - INFO - Guardando post en: posts/SUPERGIRL_2026-07-08.json
2026-07-08 12:36:50,166 - INFO - Post guardado exitosamente
2026-07-08 12:36:50,166 - INFO - Actualizando índice de películas
2026-07-08 12:36:50,166 - INFO - Archivo de índice: /home/runner/work/scrapingcines/scrapingcines/index.json
2026-07-08 12:36:50,169 - INFO - Índice existente cargado con 2668 películas
2026-07-08 12:36:50,183 - INFO - Película agregada al índice: SUPERGIRL
2026-07-08 12:36:50,183 - INFO - Nuevo post guardado: SUPERGIRL de Craig Gillespie
2026-07-08 12:36:50,183 - INFO - Comenzando extracción de información del post
2026-07-08 12:36:50,183 - INFO - Post ya existente, saltando: LA MUJER SIN NOMBRE de Haifaa Al-Mansour
2026-07-08 12:36:50,183 - INFO - Comenzando extracción de información del post
2026-07-08 12:36:50,184 - INFO - Post ya existente, saltando: VIVA de Aina Clotet
2026-07-08 12:36:50,184 - INFO - Comenzando extracción de información del post
2026-07-08 12:36:50,184 - INFO - Post ya existente, saltando: DREAMS de Michel Franco
2026-07-08 12:36:50,184 - INFO - Comenzando extracción de información del post
2026-07-08 12:36:50,184 - INFO - Post ya existente, saltando: EL DÍA DE LA REVELACIÓN de Steven Spielberg
2026-07-08 12:36:50,184 - INFO - Comenzando extracción de información del post
2026-07-08 12:36:50,184 - INFO - Post ya existente, saltando: UN TALENTO ÚNICO de Daniel Roher
2026-07-08 12:36:50,184 - INFO - Comenzando extracción de información del post
2026-07-08 12:36:50,184 - INFO - Post ya existente, saltando: IVÁN & HADOUM de Ian de la Rosa
2026-07-08 12:36:50,184 - INFO - Comenzando extracción de información del post
2026-07-08 12:36:50,184 - INFO - Post ya existente, saltando: ELEONORA DUSE, LA DIVINA de Pietro Marcello
2026-07-08 12:36:50,184 - INFO - Proceso completado. Posts nuevos guardados: 3
