2026-06-09 11:00:40,980 - INFO - Iniciando proceso de scraping
2026-06-09 11:00:40,982 - INFO - Posts existentes encontrados: 2559
2026-06-09 11:00:40,983 - INFO - Intentando obtener posts desde: https://ghostintheblog.com/
2026-06-09 11:00:42,511 - INFO - Se encontraron 10 posts
2026-06-09 11:00:42,512 - INFO - Comenzando extracción de información del post
2026-06-09 11:00:42,512 - INFO - Post ya existente, saltando: EL DRAMA de Kristoffer Borgli
2026-06-09 11:00:42,513 - INFO - Comenzando extracción de información del post
2026-06-09 11:00:42,513 - INFO - Post ya existente, saltando: ¿QUÉ TE DICE ESA NATURALEZA? de Hong Sang-soo
2026-06-09 11:00:42,513 - INFO - Comenzando extracción de información del post
2026-06-09 11:00:42,513 - INFO - Post ya existente, saltando: LA IRONÍA DEL AMOR de Chandler Levack
2026-06-09 11:00:42,513 - INFO - Comenzando extracción de información del post
2026-06-09 11:00:42,513 - INFO - Post ya existente, saltando: UN MUNDO FRÁGIL Y MARAVILLOSO de Cyril Aris
2026-06-09 11:00:42,513 - INFO - Comenzando extracción de información del post
2026-06-09 11:00:42,513 - INFO - Post ya existente, saltando: ASESINATO EN LA 3ª PLANTA de Rémi Bezançon
2026-06-09 11:00:42,513 - INFO - Comenzando extracción de información del post
2026-06-09 11:00:42,513 - INFO - Post ya existente, saltando: A LA CARA de Javier Marco
2026-06-09 11:00:42,513 - INFO - Comenzando extracción de información del post
2026-06-09 11:00:42,513 - INFO - Post ya existente, saltando: LOVE ME TENDER de  Anna Cazenave Cambet
2026-06-09 11:00:42,513 - INFO - Comenzando extracción de información del post
2026-06-09 11:00:42,514 - INFO - Post ya existente, saltando: PIZZA MOVIES de Carlo Padial
2026-06-09 11:00:42,514 - INFO - Comenzando extracción de información del post
2026-06-09 11:00:42,514 - INFO - Post ya existente, saltando: LA CHICA DEL CORO de Urška Djukić
2026-06-09 11:00:42,514 - INFO - Comenzando extracción de información del post
2026-06-09 11:00:42,514 - INFO - Post ya existente, saltando: YO NO MORIRÉ DE AMOR de Marta Matute
2026-06-09 11:00:42,514 - INFO - Proceso completado. Posts nuevos guardados: 0
