2025-05-11 00:20:11,055 - INFO - Iniciando proceso de scraping
2025-05-11 00:20:11,058 - INFO - Posts existentes encontrados: 2395
2025-05-11 00:20:11,058 - INFO - Intentando obtener posts desde: https://ghostintheblog.com/
2025-05-11 00:20:13,755 - INFO - Se encontraron 10 posts
2025-05-11 00:20:13,755 - INFO - Comenzando extracción de información del post
2025-05-11 00:20:13,755 - INFO - Post ya existente, saltando: PRESUNCIÓN DE INOCENCIA de Daniel Auteuil
2025-05-11 00:20:13,756 - INFO - Comenzando extracción de información del post
2025-05-11 00:20:13,756 - INFO - Post ya existente, saltando: LA HISTORIA DE SOULEYMANE de Boris Lojkine
2025-05-11 00:20:13,756 - INFO - Comenzando extracción de información del post
2025-05-11 00:20:13,756 - INFO - Post ya existente, saltando: ERREPLIKA de Pello Gutiérrez Peñalba
2025-05-11 00:20:13,756 - INFO - Comenzando extracción de información del post
2025-05-11 00:20:13,756 - INFO - Post ya existente, saltando: LA BUENA LETRA de Celia Rico Clavellino
2025-05-11 00:20:13,756 - INFO - Comenzando extracción de información del post
2025-05-11 00:20:13,757 - INFO - Post ya existente, saltando: SUJO de Fernanda Valadez, Astrid Rondero
2025-05-11 00:20:13,757 - INFO - Comenzando extracción de información del post
2025-05-11 00:20:13,757 - INFO - Post ya existente, saltando: LA ISLA DE LOS FAISANES de Asier Urbieta
2025-05-11 00:20:13,757 - INFO - Comenzando extracción de información del post
2025-05-11 00:20:13,757 - INFO - Post ya existente, saltando: THE END de Joshua Oppenheimer
2025-05-11 00:20:13,757 - INFO - Comenzando extracción de información del post
2025-05-11 00:20:13,757 - INFO - Post ya existente, saltando: EL ÚLTIMO SUSPIRO de Costa-Gavras
2025-05-11 00:20:13,757 - INFO - Comenzando extracción de información del post
2025-05-11 00:20:13,758 - INFO - Post ya existente, saltando: EL CASOPLÓN de Joaquín Mazón
2025-05-11 00:20:13,758 - INFO - Comenzando extracción de información del post
2025-05-11 00:20:13,758 - INFO - Post ya existente, saltando: LA VIAJERA de Hong Sangsoo
2025-05-11 00:20:13,758 - INFO - Proceso completado. Posts nuevos guardados: 0
