2025-11-28 16:07:08,659 - INFO - Iniciando proceso de scraping
2025-11-28 16:07:08,661 - INFO - Posts existentes encontrados: 2473
2025-11-28 16:07:08,661 - INFO - Intentando obtener posts desde: https://ghostintheblog.com/
2025-11-28 16:07:11,518 - INFO - Se encontraron 10 posts
2025-11-28 16:07:11,519 - INFO - Comenzando extracción de información del post
2025-11-28 16:07:11,520 - INFO - Post ya existente, saltando: GAUA de Paul Urkijo
2025-11-28 16:07:11,520 - INFO - Comenzando extracción de información del post
2025-11-28 16:07:11,520 - INFO - Post ya existente, saltando: URCHIN de Harris Dickinson
2025-11-28 16:07:11,520 - INFO - Comenzando extracción de información del post
2025-11-28 16:07:11,520 - INFO - Post ya existente, saltando: CIUDAD SIN SUEÑO de Guillermo Galoe
2025-11-28 16:07:11,520 - INFO - Comenzando extracción de información del post
2025-11-28 16:07:11,520 - INFO - Post ya existente, saltando: BUGONIA de Yorgos Lanthimos
2025-11-28 16:07:11,520 - INFO - Comenzando extracción de información del post
2025-11-28 16:07:11,520 - INFO - Post ya existente, saltando: SUBSUELO de Fernando Franco
2025-11-28 16:07:11,521 - INFO - Comenzando extracción de información del post
2025-11-28 16:07:11,521 - INFO - Post ya existente, saltando: SIEMPRE ES INVIERNO de David Trueba
2025-11-28 16:07:11,521 - INFO - Comenzando extracción de información del post
2025-11-28 16:07:11,521 - INFO - Post ya existente, saltando: THE MASTERMIND de Kelly Reichardt
2025-11-28 16:07:11,521 - INFO - Comenzando extracción de información del post
2025-11-28 16:07:11,521 - INFO - Post ya existente, saltando: RECIÉN NACIDAS de Jean-Pierre  y Luc Dardenne
2025-11-28 16:07:11,521 - INFO - Comenzando extracción de información del post
2025-11-28 16:07:11,521 - INFO - Post ya existente, saltando: LOS TIGRES de Alberto Rodríguez
2025-11-28 16:07:11,521 - INFO - Comenzando extracción de información del post
2025-11-28 16:07:11,522 - INFO - Post ya existente, saltando: FRANKENSTEIN de Guillermo del Toro
2025-11-28 16:07:11,522 - INFO - Proceso completado. Posts nuevos guardados: 0
