2025-11-15 12:08:18,398 - INFO - Iniciando proceso de scraping
2025-11-15 12:08:18,401 - INFO - Posts existentes encontrados: 2469
2025-11-15 12:08:18,401 - INFO - Intentando obtener posts desde: https://ghostintheblog.com/
2025-11-15 12:08:20,780 - INFO - Se encontraron 10 posts
2025-11-15 12:08:20,781 - INFO - Comenzando extracción de información del post
2025-11-15 12:08:20,782 - INFO - Título del post: BUGONIA de Yorgos Lanthimos
2025-11-15 12:08:20,782 - INFO - Fecha del post: 2025-11-15T11:06:06+01:00
2025-11-15 12:08:20,782 - INFO - Obteniendo contenido completo de: https://ghostintheblog.com/2025/11/critica-de-bugonia-de-yorgos-lanthimos.html
2025-11-15 12:08:22,350 - INFO - Contenido extraído y estructurado (3834 caracteres)
2025-11-15 12:08:22,351 - INFO - Guardando post en: posts/BUGONIA_2025-11-15.json
2025-11-15 12:08:22,351 - INFO - Post guardado exitosamente
2025-11-15 12:08:22,351 - INFO - Actualizando índice de películas
2025-11-15 12:08:22,351 - INFO - Archivo de índice: /home/runner/work/scrapingcines/scrapingcines/index.json
2025-11-15 12:08:22,355 - INFO - Índice existente cargado con 2570 películas
2025-11-15 12:08:22,366 - INFO - Película agregada al índice: BUGONIA
2025-11-15 12:08:22,366 - INFO - Nuevo post guardado: BUGONIA de Yorgos Lanthimos
2025-11-15 12:08:22,366 - INFO - Comenzando extracción de información del post
2025-11-15 12:08:22,367 - INFO - Post ya existente, saltando: SUBSUELO de Fernando Franco
2025-11-15 12:08:22,367 - INFO - Comenzando extracción de información del post
2025-11-15 12:08:22,367 - INFO - Post ya existente, saltando: SIEMPRE ES INVIERNO de David Trueba
2025-11-15 12:08:22,367 - INFO - Comenzando extracción de información del post
2025-11-15 12:08:22,367 - INFO - Post ya existente, saltando: THE MASTERMIND de Kelly Reichardt
2025-11-15 12:08:22,367 - INFO - Comenzando extracción de información del post
2025-11-15 12:08:22,367 - INFO - Post ya existente, saltando: RECIÉN NACIDAS de Jean-Pierre  y Luc Dardenne
2025-11-15 12:08:22,367 - INFO - Comenzando extracción de información del post
2025-11-15 12:08:22,367 - INFO - Post ya existente, saltando: LOS TIGRES de Alberto Rodríguez
2025-11-15 12:08:22,368 - INFO - Comenzando extracción de información del post
2025-11-15 12:08:22,368 - INFO - Post ya existente, saltando: FRANKENSTEIN de Guillermo del Toro
2025-11-15 12:08:22,368 - INFO - Comenzando extracción de información del post
2025-11-15 12:08:22,368 - INFO - Post ya existente, saltando: ESA COSA CON ALAS de Dylan Southern
2025-11-15 12:08:22,368 - INFO - Comenzando extracción de información del post
2025-11-15 12:08:22,368 - INFO - Post ya existente, saltando: LA CENA de Manuel Gómez Pereira
2025-11-15 12:08:22,368 - INFO - Comenzando extracción de información del post
2025-11-15 12:08:22,368 - INFO - Post ya existente, saltando: LOS DOMINGOS de Alauda Ruiz de Azúa
2025-11-15 12:08:22,368 - INFO - Proceso completado. Posts nuevos guardados: 1
