2025-04-06 04:06:07,374 - INFO - Iniciando proceso de scraping
2025-04-06 04:06:07,376 - INFO - Posts existentes encontrados: 2380
2025-04-06 04:06:07,376 - INFO - Intentando obtener posts desde: https://ghostintheblog.com/
2025-04-06 04:06:09,035 - INFO - Se encontraron 10 posts
2025-04-06 04:06:09,036 - INFO - Comenzando extracción de información del post
2025-04-06 04:06:09,036 - INFO - Post ya existente, saltando: SORDA de Eva Libertad
2025-04-06 04:06:09,036 - INFO - Comenzando extracción de información del post
2025-04-06 04:06:09,036 - INFO - Post ya existente, saltando: UNA BALLENA de Pablo Hernando Esquisabel
2025-04-06 04:06:09,036 - INFO - Comenzando extracción de información del post
2025-04-06 04:06:09,036 - INFO - Post ya existente, saltando: LA FURIA de Gemma Blasco
2025-04-06 04:06:09,036 - INFO - Comenzando extracción de información del post
2025-04-06 04:06:09,037 - INFO - Post ya existente, saltando: GHOSTLIGHT de Kelly O’Sullivan y Alex Thompson
2025-04-06 04:06:09,037 - INFO - Comenzando extracción de información del post
2025-04-06 04:06:09,037 - INFO - Post ya existente, saltando: 8 de Julio Medem
2025-04-06 04:06:09,037 - INFO - Comenzando extracción de información del post
2025-04-06 04:06:09,037 - INFO - Post ya existente, saltando: LA CHICA DE LA AGUJA de Magnus von Horn
2025-04-06 04:06:09,037 - INFO - Comenzando extracción de información del post
2025-04-06 04:06:09,037 - INFO - Post ya existente, saltando: MISERICORDIA de Alain Guiraudie
2025-04-06 04:06:09,037 - INFO - Comenzando extracción de información del post
2025-04-06 04:06:09,038 - INFO - Post ya existente, saltando: LOS AITAS de Borja Cobeaga
2025-04-06 04:06:09,038 - INFO - Comenzando extracción de información del post
2025-04-06 04:06:09,038 - INFO - Post ya existente, saltando: MORLAIX de Jaime Rosales
2025-04-06 04:06:09,038 - INFO - Comenzando extracción de información del post
2025-04-06 04:06:09,038 - INFO - Post ya existente, saltando: TARDES DE SOLEDAD de Albert Serra
2025-04-06 04:06:09,038 - INFO - Proceso completado. Posts nuevos guardados: 0
