2025-05-25 10:02:27,176 - INFO - Iniciando proceso de scraping
2025-05-25 10:02:27,178 - INFO - Posts existentes encontrados: 2401
2025-05-25 10:02:27,178 - INFO - Intentando obtener posts desde: https://ghostintheblog.com/
2025-05-25 10:02:33,214 - INFO - Se encontraron 10 posts
2025-05-25 10:02:33,214 - INFO - Comenzando extracción de información del post
2025-05-25 10:02:33,214 - INFO - Post ya existente, saltando: EL BUEN PADRE de Ronan Tronchot
2025-05-25 10:02:33,214 - INFO - Comenzando extracción de información del post
2025-05-25 10:02:33,215 - INFO - Post ya existente, saltando: ESTOCOLMO: EL REY TIRANO 1520 de Mikael Håfström
2025-05-25 10:02:33,215 - INFO - Comenzando extracción de información del post
2025-05-25 10:02:33,215 - INFO - Post ya existente, saltando: TRAS EL VERANO de Yolanda Centeno
2025-05-25 10:02:33,215 - INFO - Comenzando extracción de información del post
2025-05-25 10:02:33,215 - INFO - Post ya existente, saltando: ENEMIGOS de David Valero
2025-05-25 10:02:33,215 - INFO - Comenzando extracción de información del post
2025-05-25 10:02:33,215 - INFO - Post ya existente, saltando: UNA QUINTA PORTUGUESA de Avelina Prat
2025-05-25 10:02:33,216 - INFO - Comenzando extracción de información del post
2025-05-25 10:02:33,216 - INFO - Post ya existente, saltando: LO QUE QUEDA DE TI
2025-05-25 10:02:33,216 - INFO - Comenzando extracción de información del post
2025-05-25 10:02:33,216 - INFO - Post ya existente, saltando: PRESUNCIÓN DE INOCENCIA de Daniel Auteuil
2025-05-25 10:02:33,216 - INFO - Comenzando extracción de información del post
2025-05-25 10:02:33,216 - INFO - Post ya existente, saltando: LA HISTORIA DE SOULEYMANE de Boris Lojkine
2025-05-25 10:02:33,216 - INFO - Comenzando extracción de información del post
2025-05-25 10:02:33,217 - INFO - Post ya existente, saltando: ERREPLIKA de Pello Gutiérrez Peñalba
2025-05-25 10:02:33,217 - INFO - Comenzando extracción de información del post
2025-05-25 10:02:33,217 - INFO - Post ya existente, saltando: LA BUENA LETRA de Celia Rico Clavellino
2025-05-25 10:02:33,217 - INFO - Proceso completado. Posts nuevos guardados: 0
