2026-03-24 00:24:14,298 - INFO - Iniciando proceso de scraping
2026-03-24 00:24:14,300 - INFO - Posts existentes encontrados: 2526
2026-03-24 00:24:14,300 - INFO - Intentando obtener posts desde: https://ghostintheblog.com/
2026-03-24 00:24:15,747 - INFO - Se encontraron 10 posts
2026-03-24 00:24:15,748 - INFO - Comenzando extracción de información del post
2026-03-24 00:24:15,749 - INFO - Post ya existente, saltando: EL TESTAMENTO DE ANN LEE de Mona Fastvold
2026-03-24 00:24:15,749 - INFO - Comenzando extracción de información del post
2026-03-24 00:24:15,749 - INFO - Post ya existente, saltando: ÁGUILAS DE EL CAIRO de Tarik Saleh
2026-03-24 00:24:15,749 - INFO - Comenzando extracción de información del post
2026-03-24 00:24:15,749 - INFO - Post ya existente, saltando: TORRENTE PRESIDENTE de Santiago Segura
2026-03-24 00:24:15,749 - INFO - Comenzando extracción de información del post
2026-03-24 00:24:15,749 - INFO - Post ya existente, saltando: LOS OSCAR 2026
2026-03-24 00:24:15,749 - INFO - Comenzando extracción de información del post
2026-03-24 00:24:15,750 - INFO - Post ya existente, saltando: ¡LA NOVIA! de Maggie Gyllenhaal
2026-03-24 00:24:15,750 - INFO - Comenzando extracción de información del post
2026-03-24 00:24:15,750 - INFO - Post ya existente, saltando: PILLION de Harry Lighton
2026-03-24 00:24:15,750 - INFO - Comenzando extracción de información del post
2026-03-24 00:24:15,750 - INFO - Post ya existente, saltando: EL MAGO DEL KREMLIN de Olivier Assayas
2026-03-24 00:24:15,750 - INFO - Comenzando extracción de información del post
2026-03-24 00:24:15,750 - INFO - Post ya existente, saltando: EL ÚLTIMO VIKINGO de Anders Thomas Jensen
2026-03-24 00:24:15,750 - INFO - Comenzando extracción de información del post
2026-03-24 00:24:15,750 - INFO - Post ya existente, saltando: SCARLET de Mamoru Hosoda
2026-03-24 00:24:15,750 - INFO - Comenzando extracción de información del post
2026-03-24 00:24:15,751 - INFO - Post ya existente, saltando: SORRY BABY de Eva Victor
2026-03-24 00:24:15,751 - INFO - Proceso completado. Posts nuevos guardados: 0
