2026-03-13 00:25:32,311 - INFO - Iniciando proceso de scraping
2026-03-13 00:25:32,313 - INFO - Posts existentes encontrados: 2516
2026-03-13 00:25:32,313 - INFO - Intentando obtener posts desde: https://ghostintheblog.com/
2026-03-13 00:25:34,664 - INFO - Se encontraron 10 posts
2026-03-13 00:25:34,665 - INFO - Comenzando extracción de información del post
2026-03-13 00:25:34,665 - INFO - Título del post: EL ÚLTIMO VIKINGO de Anders Thomas Jensen
2026-03-13 00:25:34,665 - INFO - Fecha del post: 2026-03-12T23:38:50+01:00
2026-03-13 00:25:34,665 - INFO - Obteniendo contenido completo de: https://ghostintheblog.com/2026/03/critica-de-el-ultimo-vikingo-de-anders-thomas-jensen.html
2026-03-13 00:25:36,042 - INFO - Contenido extraído y estructurado (4621 caracteres)
2026-03-13 00:25:36,044 - INFO - Guardando post en: posts/EL_ÚLTIMO_VIKINGO_2026-03-12.json
2026-03-13 00:25:36,044 - INFO - Post guardado exitosamente
2026-03-13 00:25:36,044 - INFO - Actualizando índice de películas
2026-03-13 00:25:36,044 - INFO - Archivo de índice: /home/runner/work/scrapingcines/scrapingcines/index.json
2026-03-13 00:25:36,048 - INFO - Índice existente cargado con 2616 películas
2026-03-13 00:25:36,060 - INFO - Película agregada al índice: EL ÚLTIMO VIKINGO
2026-03-13 00:25:36,061 - INFO - Nuevo post guardado: EL ÚLTIMO VIKINGO de Anders Thomas Jensen
2026-03-13 00:25:36,061 - INFO - Comenzando extracción de información del post
2026-03-13 00:25:36,061 - INFO - Título del post: SCARLET de Mamoru Hosoda
2026-03-13 00:25:36,061 - INFO - Fecha del post: 2026-03-12T23:30:44+01:00
2026-03-13 00:25:36,061 - INFO - Obteniendo contenido completo de: https://ghostintheblog.com/2026/03/critica-de-scarlet-de-mamoru-hosoda.html
2026-03-13 00:25:37,321 - INFO - Contenido extraído y estructurado (2458 caracteres)
2026-03-13 00:25:37,322 - INFO - Guardando post en: posts/SCARLET_2026-03-12.json
2026-03-13 00:25:37,322 - INFO - Post guardado exitosamente
2026-03-13 00:25:37,322 - INFO - Actualizando índice de películas
2026-03-13 00:25:37,322 - INFO - Archivo de índice: /home/runner/work/scrapingcines/scrapingcines/index.json
2026-03-13 00:25:37,326 - INFO - Índice existente cargado con 2617 películas
2026-03-13 00:25:37,326 - INFO - La película ya existe en el índice: SCARLET
2026-03-13 00:25:37,327 - INFO - Nuevo post guardado: SCARLET de Mamoru Hosoda
2026-03-13 00:25:37,327 - INFO - Comenzando extracción de información del post
2026-03-13 00:25:37,327 - INFO - Título del post: SORRY BABY de Eva Victor
2026-03-13 00:25:37,327 - INFO - Fecha del post: 2026-03-12T23:13:49+01:00
2026-03-13 00:25:37,327 - INFO - Obteniendo contenido completo de: https://ghostintheblog.com/2026/03/critica-de-sorry-baby-de-eva-victor.html
2026-03-13 00:25:38,700 - INFO - Contenido extraído y estructurado (2749 caracteres)
2026-03-13 00:25:38,701 - INFO - Guardando post en: posts/SORRY_BABY_2026-03-12.json
2026-03-13 00:25:38,701 - INFO - Post guardado exitosamente
2026-03-13 00:25:38,701 - INFO - Actualizando índice de películas
2026-03-13 00:25:38,701 - INFO - Archivo de índice: /home/runner/work/scrapingcines/scrapingcines/index.json
2026-03-13 00:25:38,705 - INFO - Índice existente cargado con 2617 películas
2026-03-13 00:25:38,717 - INFO - Película agregada al índice: SORRY BABY
2026-03-13 00:25:38,718 - INFO - Nuevo post guardado: SORRY BABY de Eva Victor
2026-03-13 00:25:38,718 - INFO - Comenzando extracción de información del post
2026-03-13 00:25:38,718 - INFO - Post ya existente, saltando: LOS GOYA 2026
2026-03-13 00:25:38,718 - INFO - Comenzando extracción de información del post
2026-03-13 00:25:38,718 - INFO - Post ya existente, saltando: LITTLE AMÉLIE de Mailys Vallade y Liane-Cho Han Jin Kuang
2026-03-13 00:25:38,718 - INFO - Comenzando extracción de información del post
2026-03-13 00:25:38,718 - INFO - Post ya existente, saltando: LA MALDICIÓN DE SHELBY OAKS de Chris Stuckmann
2026-03-13 00:25:38,718 - INFO - Comenzando extracción de información del post
2026-03-13 00:25:38,718 - INFO - Post ya existente, saltando: SIN CONEXIÓN de Bradley Cooper
2026-03-13 00:25:38,718 - INFO - Comenzando extracción de información del post
2026-03-13 00:25:38,719 - INFO - Post ya existente, saltando: EL AGENTE SECRETO de Kleber Mendonça Filho
2026-03-13 00:25:38,719 - INFO - Comenzando extracción de información del post
2026-03-13 00:25:38,719 - INFO - Post ya existente, saltando: CUMBRES BORRASCOSAS de Emerald Fennell
2026-03-13 00:25:38,719 - INFO - Comenzando extracción de información del post
2026-03-13 00:25:38,719 - INFO - Post ya existente, saltando: NO HAY OTRA OPCIÓN de Park Chan-wook
2026-03-13 00:25:38,719 - INFO - Proceso completado. Posts nuevos guardados: 3
