2025-07-01 04:18:23,307 - INFO - Iniciando proceso de scraping
2025-07-01 04:18:23,309 - INFO - Posts existentes encontrados: 2414
2025-07-01 04:18:23,310 - INFO - Intentando obtener posts desde: https://ghostintheblog.com/
2025-07-01 04:18:24,480 - INFO - Se encontraron 10 posts
2025-07-01 04:18:24,480 - INFO - Comenzando extracción de información del post
2025-07-01 04:18:24,481 - INFO - Post ya existente, saltando: THE LAST SHOWGIRL de Gia Coppola
2025-07-01 04:18:24,481 - INFO - Comenzando extracción de información del post
2025-07-01 04:18:24,481 - INFO - Post ya existente, saltando: JULIETTE EN PRIMAVERA de Blandine Lenoir
2025-07-01 04:18:24,481 - INFO - Comenzando extracción de información del post
2025-07-01 04:18:24,481 - INFO - Post ya existente, saltando: RAMÓN Y RAMÓN de Salvador del Solar
2025-07-01 04:18:24,481 - INFO - Comenzando extracción de información del post
2025-07-01 04:18:24,481 - INFO - Post ya existente, saltando: A LA DERIVA de Jia Zhangke
2025-07-01 04:18:24,481 - INFO - Comenzando extracción de información del post
2025-07-01 04:18:24,482 - INFO - Post ya existente, saltando: VOTEMOS de Santiago Requejo
2025-07-01 04:18:24,482 - INFO - Comenzando extracción de información del post
2025-07-01 04:18:24,482 - INFO - Post ya existente, saltando: TRES KILÓMETROS AL FIN DEL MUNDO de Emanuel Pârvu
2025-07-01 04:18:24,482 - INFO - Comenzando extracción de información del post
2025-07-01 04:18:24,482 - INFO - Post ya existente, saltando: TODO SALDRÁ BIEN de Ray Yeung
2025-07-01 04:18:24,482 - INFO - Comenzando extracción de información del post
2025-07-01 04:18:24,482 - INFO - Post ya existente, saltando: CUATRO PAREDES de Ibon Cormenzana
2025-07-01 04:18:24,482 - INFO - Comenzando extracción de información del post
2025-07-01 04:18:24,483 - INFO - Post ya existente, saltando: LA BUENA SUERTE de Gracia Querejeta
2025-07-01 04:18:24,483 - INFO - Comenzando extracción de información del post
2025-07-01 04:18:24,483 - INFO - Post ya existente, saltando: SIRAT de Oliver Laxe
2025-07-01 04:18:24,483 - INFO - Proceso completado. Posts nuevos guardados: 0
