2025-06-19 22:02:35,033 - INFO - Iniciando proceso de scraping
2025-06-19 22:02:35,035 - INFO - Posts existentes encontrados: 2408
2025-06-19 22:02:35,035 - INFO - Intentando obtener posts desde: https://ghostintheblog.com/
2025-06-19 22:02:36,619 - INFO - Se encontraron 10 posts
2025-06-19 22:02:36,620 - INFO - Comenzando extracción de información del post
2025-06-19 22:02:36,620 - INFO - Post ya existente, saltando: TODO SALDRÁ BIEN de Ray Yeung
2025-06-19 22:02:36,620 - INFO - Comenzando extracción de información del post
2025-06-19 22:02:36,620 - INFO - Post ya existente, saltando: CUATRO PAREDES de Ibon Cormenzana
2025-06-19 22:02:36,620 - INFO - Comenzando extracción de información del post
2025-06-19 22:02:36,620 - INFO - Post ya existente, saltando: LA BUENA SUERTE de Gracia Querejeta
2025-06-19 22:02:36,620 - INFO - Comenzando extracción de información del post
2025-06-19 22:02:36,621 - INFO - Post ya existente, saltando: SIRAT de Oliver Laxe
2025-06-19 22:02:36,621 - INFO - Comenzando extracción de información del post
2025-06-19 22:02:36,621 - INFO - Post ya existente, saltando: EL JOCKEY de Luis Ortega
2025-06-19 22:02:36,621 - INFO - Comenzando extracción de información del post
2025-06-19 22:02:36,621 - INFO - Post ya existente, saltando: LA TRAMA FENICIA de Wes Anderson
2025-06-19 22:02:36,621 - INFO - Comenzando extracción de información del post
2025-06-19 22:02:36,621 - INFO - Post ya existente, saltando: SI YO PUDIERA HIBERNAR de Zoljargal Purevdash
2025-06-19 22:02:36,621 - INFO - Comenzando extracción de información del post
2025-06-19 22:02:36,621 - INFO - Post ya existente, saltando: LOS TORTUGA de Belén Funes
2025-06-19 22:02:36,621 - INFO - Comenzando extracción de información del post
2025-06-19 22:02:36,622 - INFO - Título del post: MISIÓN IMPOSIBLE: SENTENCIA FINAL de Christopher McQuarrie
2025-06-19 22:02:36,622 - INFO - Fecha del post: 2025-05-30T23:18:00+02:00
2025-06-19 22:02:36,622 - INFO - Obteniendo contenido completo de: https://ghostintheblog.com/2025/05/mision-imposible-sentencia-final-de-christopher-mcquarrie.html
2025-06-19 22:02:38,063 - INFO - Contenido extraído y estructurado (2920 caracteres)
2025-06-19 22:02:38,063 - INFO - Guardando post en: posts/MISIÓN_IMPOSIBLE:_SENTENCIA_FINAL_2025-05-30.json
2025-06-19 22:02:38,063 - INFO - Post guardado exitosamente
2025-06-19 22:02:38,063 - INFO - Actualizando índice de películas
2025-06-19 22:02:38,064 - INFO - Archivo de índice: /home/runner/work/scrapingcines/scrapingcines/index.json
2025-06-19 22:02:38,067 - INFO - Índice existente cargado con 2508 películas
2025-06-19 22:02:38,067 - INFO - La película ya existe en el índice: MISIÓN IMPOSIBLE: SENTENCIA FINAL
2025-06-19 22:02:38,068 - INFO - Nuevo post guardado: MISIÓN IMPOSIBLE: SENTENCIA FINAL de Christopher McQuarrie
2025-06-19 22:02:38,068 - INFO - Comenzando extracción de información del post
2025-06-19 22:02:38,068 - INFO - Post ya existente, saltando: EL BUEN PADRE de Ronan Tronchot
2025-06-19 22:02:38,068 - INFO - Proceso completado. Posts nuevos guardados: 1
