2025-04-27 16:04:55,181 - INFO - Iniciando proceso de scraping
2025-04-27 16:04:55,183 - INFO - Posts existentes encontrados: 2389
2025-04-27 16:04:55,183 - INFO - Intentando obtener posts desde: https://ghostintheblog.com/
2025-04-27 16:04:56,584 - INFO - Se encontraron 10 posts
2025-04-27 16:04:56,584 - INFO - Comenzando extracción de información del post
2025-04-27 16:04:56,584 - INFO - Post ya existente, saltando: THE END de Joshua Oppenheimer
2025-04-27 16:04:56,584 - INFO - Comenzando extracción de información del post
2025-04-27 16:04:56,585 - INFO - Post ya existente, saltando: EL ÚLTIMO SUSPIRO de Costa-Gavras
2025-04-27 16:04:56,585 - INFO - Comenzando extracción de información del post
2025-04-27 16:04:56,585 - INFO - Post ya existente, saltando: EL CASOPLÓN de Joaquín Mazón
2025-04-27 16:04:56,585 - INFO - Comenzando extracción de información del post
2025-04-27 16:04:56,585 - INFO - Post ya existente, saltando: LA VIAJERA de Hong Sangsoo
2025-04-27 16:04:56,585 - INFO - Comenzando extracción de información del post
2025-04-27 16:04:56,585 - INFO - Post ya existente, saltando: AMATEUR de James Hawes
2025-04-27 16:04:56,586 - INFO - Comenzando extracción de información del post
2025-04-27 16:04:56,586 - INFO - Post ya existente, saltando: MUY LEJOS de Gerard Oms
2025-04-27 16:04:56,586 - INFO - Comenzando extracción de información del post
2025-04-27 16:04:56,586 - INFO - Post ya existente, saltando: LA NIÑA DE LA CABRA de Ana Asensio
2025-04-27 16:04:56,586 - INFO - Comenzando extracción de información del post
2025-04-27 16:04:56,586 - INFO - Post ya existente, saltando: VIDA EN PAUSA de Alexandros Avranas
2025-04-27 16:04:56,586 - INFO - Comenzando extracción de información del post
2025-04-27 16:04:56,587 - INFO - Post ya existente, saltando: GUILLERMO TELL de Nick Hamm
2025-04-27 16:04:56,587 - INFO - Comenzando extracción de información del post
2025-04-27 16:04:56,587 - INFO - Post ya existente, saltando: SORDA de Eva Libertad
2025-04-27 16:04:56,587 - INFO - Proceso completado. Posts nuevos guardados: 0
