2026-02-28 04:29:09,506 - INFO - Iniciando proceso de scraping
2026-02-28 04:29:09,509 - INFO - Posts existentes encontrados: 2515
2026-02-28 04:29:09,509 - INFO - Intentando obtener posts desde: https://ghostintheblog.com/
2026-02-28 04:29:10,900 - INFO - Se encontraron 10 posts
2026-02-28 04:29:10,901 - INFO - Comenzando extracción de información del post
2026-02-28 04:29:10,901 - INFO - Post ya existente, saltando: LITTLE AMÉLIE de Mailys Vallade y Liane-Cho Han Jin Kuang
2026-02-28 04:29:10,901 - INFO - Comenzando extracción de información del post
2026-02-28 04:29:10,901 - INFO - Post ya existente, saltando: LA MALDICIÓN DE SHELBY OAKS de Chris Stuckmann
2026-02-28 04:29:10,901 - INFO - Comenzando extracción de información del post
2026-02-28 04:29:10,902 - INFO - Post ya existente, saltando: SIN CONEXIÓN de Bradley Cooper
2026-02-28 04:29:10,902 - INFO - Comenzando extracción de información del post
2026-02-28 04:29:10,902 - INFO - Post ya existente, saltando: EL AGENTE SECRETO de Kleber Mendonça Filho
2026-02-28 04:29:10,902 - INFO - Comenzando extracción de información del post
2026-02-28 04:29:10,902 - INFO - Post ya existente, saltando: CUMBRES BORRASCOSAS de Emerald Fennell
2026-02-28 04:29:10,902 - INFO - Comenzando extracción de información del post
2026-02-28 04:29:10,902 - INFO - Post ya existente, saltando: NO HAY OTRA OPCIÓN de Park Chan-wook
2026-02-28 04:29:10,902 - INFO - Comenzando extracción de información del post
2026-02-28 04:29:10,902 - INFO - Post ya existente, saltando: HISTORIAS DEL BUEN VALLE de José Luis Guerín
2026-02-28 04:29:10,903 - INFO - Comenzando extracción de información del post
2026-02-28 04:29:10,903 - INFO - Post ya existente, saltando: LA FIERA de Salvador Calvo
2026-02-28 04:29:10,903 - INFO - Comenzando extracción de información del post
2026-02-28 04:29:10,903 - INFO - Post ya existente, saltando: TRES ADIOSES de Isabel Coixet
2026-02-28 04:29:10,903 - INFO - Comenzando extracción de información del post
2026-02-28 04:29:10,903 - INFO - Post ya existente, saltando: LA TARTA DEL PRESIDENTE de Hasan Hadi
2026-02-28 04:29:10,903 - INFO - Proceso completado. Posts nuevos guardados: 0
