2025-09-06 10:02:47,023 - INFO - Iniciando proceso de scraping
2025-09-06 10:02:47,025 - INFO - Posts existentes encontrados: 2434
2025-09-06 10:02:47,025 - INFO - Intentando obtener posts desde: https://ghostintheblog.com/
2025-09-06 10:02:49,629 - INFO - Se encontraron 10 posts
2025-09-06 10:02:49,630 - INFO - Comenzando extracción de información del post
2025-09-06 10:02:49,630 - INFO - Post ya existente, saltando: BLUE SUN PALACE de Constance Sang
2025-09-06 10:02:49,630 - INFO - Comenzando extracción de información del post
2025-09-06 10:02:49,631 - INFO - Post ya existente, saltando: MATERIALISTAS de Celine Song
2025-09-06 10:02:49,631 - INFO - Comenzando extracción de información del post
2025-09-06 10:02:49,631 - INFO - Post ya existente, saltando: WEAPONS de Zach Cregger
2025-09-06 10:02:49,631 - INFO - Comenzando extracción de información del post
2025-09-06 10:02:49,631 - INFO - Post ya existente, saltando: MI POSTRE FAVORITO de Maryam Moghadam y Behtash Sanaeeha
2025-09-06 10:02:49,631 - INFO - Comenzando extracción de información del post
2025-09-06 10:02:49,631 - INFO - Post ya existente, saltando: AQUÉL VERANO EN PARÍS de Valentine Cadic
2025-09-06 10:02:49,631 - INFO - Comenzando extracción de información del post
2025-09-06 10:02:49,631 - INFO - Post ya existente, saltando: MR. NADIE de Miguel Ángel Calvo Buttini
2025-09-06 10:02:49,631 - INFO - Comenzando extracción de información del post
2025-09-06 10:02:49,631 - INFO - Post ya existente, saltando: NUNCA MÁS de Klaus Härö
2025-09-06 10:02:49,632 - INFO - Comenzando extracción de información del post
2025-09-06 10:02:49,632 - INFO - Post ya existente, saltando: DEVUÉLVEMELA de Danny y Michael Philippou
2025-09-06 10:02:49,632 - INFO - Comenzando extracción de información del post
2025-09-06 10:02:49,632 - INFO - Post ya existente, saltando: MISTERIOSO ASESINATO EN LA MONTAÑA de Franck Dubosc
2025-09-06 10:02:49,632 - INFO - Comenzando extracción de información del post
2025-09-06 10:02:49,632 - INFO - Post ya existente, saltando: BAJA POR PATERNIDAD de Alissa Jung
2025-09-06 10:02:49,632 - INFO - Proceso completado. Posts nuevos guardados: 0
