2025-05-01 08:07:45,413 - INFO - Iniciando proceso de scraping
2025-05-01 08:07:45,415 - INFO - Posts existentes encontrados: 2389
2025-05-01 08:07:45,415 - INFO - Intentando obtener posts desde: https://ghostintheblog.com/
2025-05-01 08:07:49,003 - INFO - Se encontraron 10 posts
2025-05-01 08:07:49,003 - INFO - Comenzando extracción de información del post
2025-05-01 08:07:49,004 - INFO - Post ya existente, saltando: THE END de Joshua Oppenheimer
2025-05-01 08:07:49,004 - INFO - Comenzando extracción de información del post
2025-05-01 08:07:49,004 - INFO - Post ya existente, saltando: EL ÚLTIMO SUSPIRO de Costa-Gavras
2025-05-01 08:07:49,004 - INFO - Comenzando extracción de información del post
2025-05-01 08:07:49,004 - INFO - Post ya existente, saltando: EL CASOPLÓN de Joaquín Mazón
2025-05-01 08:07:49,004 - INFO - Comenzando extracción de información del post
2025-05-01 08:07:49,004 - INFO - Post ya existente, saltando: LA VIAJERA de Hong Sangsoo
2025-05-01 08:07:49,004 - INFO - Comenzando extracción de información del post
2025-05-01 08:07:49,005 - INFO - Post ya existente, saltando: AMATEUR de James Hawes
2025-05-01 08:07:49,005 - INFO - Comenzando extracción de información del post
2025-05-01 08:07:49,005 - INFO - Post ya existente, saltando: MUY LEJOS de Gerard Oms
2025-05-01 08:07:49,005 - INFO - Comenzando extracción de información del post
2025-05-01 08:07:49,005 - INFO - Post ya existente, saltando: LA NIÑA DE LA CABRA de Ana Asensio
2025-05-01 08:07:49,005 - INFO - Comenzando extracción de información del post
2025-05-01 08:07:49,006 - INFO - Post ya existente, saltando: VIDA EN PAUSA de Alexandros Avranas
2025-05-01 08:07:49,006 - INFO - Comenzando extracción de información del post
2025-05-01 08:07:49,006 - INFO - Post ya existente, saltando: GUILLERMO TELL de Nick Hamm
2025-05-01 08:07:49,006 - INFO - Comenzando extracción de información del post
2025-05-01 08:07:49,006 - INFO - Post ya existente, saltando: SORDA de Eva Libertad
2025-05-01 08:07:49,006 - INFO - Proceso completado. Posts nuevos guardados: 0
