2025-06-27 22:02:49,833 - INFO - Iniciando proceso de scraping
2025-06-27 22:02:49,835 - INFO - Posts existentes encontrados: 2411
2025-06-27 22:02:49,835 - INFO - Intentando obtener posts desde: https://ghostintheblog.com/
2025-06-27 22:02:52,011 - INFO - Se encontraron 10 posts
2025-06-27 22:02:52,011 - INFO - Comenzando extracción de información del post
2025-06-27 22:02:52,012 - INFO - Post ya existente, saltando: A LA DERIVA de Jia Zhangke
2025-06-27 22:02:52,012 - INFO - Comenzando extracción de información del post
2025-06-27 22:02:52,012 - INFO - Post ya existente, saltando: VOTEMOS de Santiago Requejo
2025-06-27 22:02:52,012 - INFO - Comenzando extracción de información del post
2025-06-27 22:02:52,012 - INFO - Post ya existente, saltando: TRES KILÓMETROS AL FIN DEL MUNDO de Emanuel Pârvu
2025-06-27 22:02:52,012 - INFO - Comenzando extracción de información del post
2025-06-27 22:02:52,012 - INFO - Post ya existente, saltando: TODO SALDRÁ BIEN de Ray Yeung
2025-06-27 22:02:52,012 - INFO - Comenzando extracción de información del post
2025-06-27 22:02:52,012 - INFO - Post ya existente, saltando: CUATRO PAREDES de Ibon Cormenzana
2025-06-27 22:02:52,013 - INFO - Comenzando extracción de información del post
2025-06-27 22:02:52,013 - INFO - Post ya existente, saltando: LA BUENA SUERTE de Gracia Querejeta
2025-06-27 22:02:52,013 - INFO - Comenzando extracción de información del post
2025-06-27 22:02:52,013 - INFO - Post ya existente, saltando: SIRAT de Oliver Laxe
2025-06-27 22:02:52,013 - INFO - Comenzando extracción de información del post
2025-06-27 22:02:52,013 - INFO - Post ya existente, saltando: EL JOCKEY de Luis Ortega
2025-06-27 22:02:52,013 - INFO - Comenzando extracción de información del post
2025-06-27 22:02:52,013 - INFO - Post ya existente, saltando: LA TRAMA FENICIA de Wes Anderson
2025-06-27 22:02:52,013 - INFO - Comenzando extracción de información del post
2025-06-27 22:02:52,013 - INFO - Post ya existente, saltando: SI YO PUDIERA HIBERNAR de Zoljargal Purevdash
2025-06-27 22:02:52,014 - INFO - Proceso completado. Posts nuevos guardados: 0
