2025-09-11 15:09:29,384 - INFO - Iniciando proceso de scraping
2025-09-11 15:09:29,386 - INFO - Posts existentes encontrados: 2440
2025-09-11 15:09:29,387 - INFO - Intentando obtener posts desde: https://ghostintheblog.com/
2025-09-11 15:09:32,523 - INFO - Se encontraron 10 posts
2025-09-11 15:09:32,524 - INFO - Comenzando extracción de información del post
2025-09-11 15:09:32,525 - INFO - Post ya existente, saltando: ROMERÍA de Carla Simón
2025-09-11 15:09:32,525 - INFO - Comenzando extracción de información del post
2025-09-11 15:09:32,525 - INFO - Post ya existente, saltando: LA TIERRA NEGRA de Alberto Morais
2025-09-11 15:09:32,525 - INFO - Comenzando extracción de información del post
2025-09-11 15:09:32,525 - INFO - Post ya existente, saltando: AMOR EN CUATRO LETRAS de Polly Steele
2025-09-11 15:09:32,525 - INFO - Comenzando extracción de información del post
2025-09-11 15:09:32,525 - INFO - Post ya existente, saltando: EL VOLCÁN de Damian Kocur
2025-09-11 15:09:32,525 - INFO - Comenzando extracción de información del post
2025-09-11 15:09:32,526 - INFO - Post ya existente, saltando: AGÁRRALO COMO PUEDAS de Akiva Schaffer
2025-09-11 15:09:32,526 - INFO - Comenzando extracción de información del post
2025-09-11 15:09:32,526 - INFO - Post ya existente, saltando: EL REGRESO DE ULISES de Uberto Pasolini
2025-09-11 15:09:32,526 - INFO - Comenzando extracción de información del post
2025-09-11 15:09:32,526 - INFO - Post ya existente, saltando: BLUE SUN PALACE de Constance Sang
2025-09-11 15:09:32,526 - INFO - Comenzando extracción de información del post
2025-09-11 15:09:32,526 - INFO - Post ya existente, saltando: MATERIALISTAS de Celine Song
2025-09-11 15:09:32,526 - INFO - Comenzando extracción de información del post
2025-09-11 15:09:32,526 - INFO - Post ya existente, saltando: WEAPONS de Zach Cregger
2025-09-11 15:09:32,527 - INFO - Comenzando extracción de información del post
2025-09-11 15:09:32,527 - INFO - Post ya existente, saltando: MI POSTRE FAVORITO de Maryam Moghadam y Behtash Sanaeeha
2025-09-11 15:09:32,527 - INFO - Proceso completado. Posts nuevos guardados: 0
