2026-05-07 20:30:52,241 - INFO - Iniciando proceso de scraping
2026-05-07 20:30:52,243 - INFO - Posts existentes encontrados: 2544
2026-05-07 20:30:52,243 - INFO - Intentando obtener posts desde: https://ghostintheblog.com/
2026-05-07 20:30:53,649 - INFO - Se encontraron 10 posts
2026-05-07 20:30:53,650 - INFO - Comenzando extracción de información del post
2026-05-07 20:30:53,650 - INFO - Post ya existente, saltando: TODO LO QUE FUIMOS de Cherien Dabis
2026-05-07 20:30:53,650 - INFO - Comenzando extracción de información del post
2026-05-07 20:30:53,651 - INFO - Post ya existente, saltando: MICHAEL de Antoine Fuqua
2026-05-07 20:30:53,651 - INFO - Comenzando extracción de información del post
2026-05-07 20:30:53,651 - INFO - Post ya existente, saltando: ENZO de Robin Campillo
2026-05-07 20:30:53,651 - INFO - Comenzando extracción de información del post
2026-05-07 20:30:53,651 - INFO - Post ya existente, saltando: MI QUERIDA SEÑORITA de Fernando González Molina
2026-05-07 20:30:53,651 - INFO - Comenzando extracción de información del post
2026-05-07 20:30:53,651 - INFO - Post ya existente, saltando: EL SONIDO DE LA CAIDA de Mascha Schilinski
2026-05-07 20:30:53,651 - INFO - Comenzando extracción de información del post
2026-05-07 20:30:53,651 - INFO - Post ya existente, saltando: PRIME CRIME: A TRUE STORY de Gus Van Sant
2026-05-07 20:30:53,651 - INFO - Comenzando extracción de información del post
2026-05-07 20:30:53,652 - INFO - Post ya existente, saltando: UN POETA de Simón Mesa
2026-05-07 20:30:53,652 - INFO - Comenzando extracción de información del post
2026-05-07 20:30:53,652 - INFO - Post ya existente, saltando: LA BUENA HIJA de Júlia de Paz Solvas
2026-05-07 20:30:53,652 - INFO - Comenzando extracción de información del post
2026-05-07 20:30:53,652 - INFO - Post ya existente, saltando: ATRAPANDO A UN MONSTRUO de Bryan Fuller
2026-05-07 20:30:53,652 - INFO - Comenzando extracción de información del post
2026-05-07 20:30:53,652 - INFO - Post ya existente, saltando: LA GRAZIA de Paolo Sorrentino
2026-05-07 20:30:53,652 - INFO - Proceso completado. Posts nuevos guardados: 0
