2025-05-02 09:47:17,465 - INFO - Iniciando proceso de scraping
2025-05-02 09:47:17,467 - INFO - Posts existentes encontrados: 2389
2025-05-02 09:47:17,468 - INFO - Intentando obtener posts desde: https://ghostintheblog.com/
2025-05-02 09:47:19,989 - INFO - Se encontraron 10 posts
2025-05-02 09:47:19,989 - INFO - Comenzando extracción de información del post
2025-05-02 09:47:19,990 - INFO - Post ya existente, saltando: THE END de Joshua Oppenheimer
2025-05-02 09:47:19,990 - INFO - Comenzando extracción de información del post
2025-05-02 09:47:19,990 - INFO - Post ya existente, saltando: EL ÚLTIMO SUSPIRO de Costa-Gavras
2025-05-02 09:47:19,990 - INFO - Comenzando extracción de información del post
2025-05-02 09:47:19,990 - INFO - Post ya existente, saltando: EL CASOPLÓN de Joaquín Mazón
2025-05-02 09:47:19,990 - INFO - Comenzando extracción de información del post
2025-05-02 09:47:19,990 - INFO - Post ya existente, saltando: LA VIAJERA de Hong Sangsoo
2025-05-02 09:47:19,990 - INFO - Comenzando extracción de información del post
2025-05-02 09:47:19,991 - INFO - Post ya existente, saltando: AMATEUR de James Hawes
2025-05-02 09:47:19,991 - INFO - Comenzando extracción de información del post
2025-05-02 09:47:19,991 - INFO - Post ya existente, saltando: MUY LEJOS de Gerard Oms
2025-05-02 09:47:19,991 - INFO - Comenzando extracción de información del post
2025-05-02 09:47:19,991 - INFO - Post ya existente, saltando: LA NIÑA DE LA CABRA de Ana Asensio
2025-05-02 09:47:19,991 - INFO - Comenzando extracción de información del post
2025-05-02 09:47:19,991 - INFO - Post ya existente, saltando: VIDA EN PAUSA de Alexandros Avranas
2025-05-02 09:47:19,991 - INFO - Comenzando extracción de información del post
2025-05-02 09:47:19,992 - INFO - Post ya existente, saltando: GUILLERMO TELL de Nick Hamm
2025-05-02 09:47:19,992 - INFO - Comenzando extracción de información del post
2025-05-02 09:47:19,992 - INFO - Post ya existente, saltando: SORDA de Eva Libertad
2025-05-02 09:47:19,992 - INFO - Proceso completado. Posts nuevos guardados: 0
