2026-01-28 12:09:53,906 - INFO - Iniciando proceso de scraping
2026-01-28 12:09:53,908 - INFO - Posts existentes encontrados: 2500
2026-01-28 12:09:53,909 - INFO - Intentando obtener posts desde: https://ghostintheblog.com/
2026-01-28 12:09:55,247 - INFO - Se encontraron 10 posts
2026-01-28 12:09:55,248 - INFO - Comenzando extracción de información del post
2026-01-28 12:09:55,249 - INFO - Post ya existente, saltando: ARCO de Ugo Bienvenu
2026-01-28 12:09:55,249 - INFO - Comenzando extracción de información del post
2026-01-28 12:09:55,249 - INFO - Post ya existente, saltando: SI PUDIERA TE DARÍA UNA PATADA de Mary Bronstein
2026-01-28 12:09:55,249 - INFO - Comenzando extracción de información del post
2026-01-28 12:09:55,249 - INFO - Post ya existente, saltando: LA MISTERIOSA MIRADA DE FLAMENCO de Diego Céspedes
2026-01-28 12:09:55,249 - INFO - Comenzando extracción de información del post
2026-01-28 12:09:55,249 - INFO - Post ya existente, saltando: NOUVELLE VAGUE de Richard Linklater
2026-01-28 12:09:55,249 - INFO - Comenzando extracción de información del post
2026-01-28 12:09:55,250 - INFO - Post ya existente, saltando: RENTAL FAMILY de Hikari
2026-01-28 12:09:55,250 - INFO - Comenzando extracción de información del post
2026-01-28 12:09:55,250 - INFO - Post ya existente, saltando: TURNO DE GUARDIA de Petra Biondina Volpe
2026-01-28 12:09:55,250 - INFO - Comenzando extracción de información del post
2026-01-28 12:09:55,250 - INFO - Post ya existente, saltando: LA ASISTENTA de Rebecca Sonnenshine
2026-01-28 12:09:55,250 - INFO - Comenzando extracción de información del post
2026-01-28 12:09:55,250 - INFO - Post ya existente, saltando: RONDALLAS de Daniel Sánchez Arévalo
2026-01-28 12:09:55,250 - INFO - Comenzando extracción de información del post
2026-01-28 12:09:55,250 - INFO - Post ya existente, saltando: EL MÉDICO 2 de Philipp Stölzl
2026-01-28 12:09:55,250 - INFO - Comenzando extracción de información del post
2026-01-28 12:09:55,251 - INFO - Post ya existente, saltando: AVATAR: FUEGO Y CENIZAS de James Cameron
2026-01-28 12:09:55,251 - INFO - Proceso completado. Posts nuevos guardados: 0
