2026-04-27 12:35:31,985 - INFO - Iniciando proceso de scraping
2026-04-27 12:35:31,987 - INFO - Posts existentes encontrados: 2538
2026-04-27 12:35:31,988 - INFO - Intentando obtener posts desde: https://ghostintheblog.com/
2026-04-27 12:35:33,568 - INFO - Se encontraron 10 posts
2026-04-27 12:35:33,569 - INFO - Comenzando extracción de información del post
2026-04-27 12:35:33,570 - INFO - Post ya existente, saltando: UN POETA de Simón Mesa
2026-04-27 12:35:33,570 - INFO - Comenzando extracción de información del post
2026-04-27 12:35:33,570 - INFO - Post ya existente, saltando: LA BUENA HIJA de Júlia de Paz Solvas
2026-04-27 12:35:33,570 - INFO - Comenzando extracción de información del post
2026-04-27 12:35:33,570 - INFO - Post ya existente, saltando: ATRAPANDO A UN MONSTRUO de Bryan Fuller
2026-04-27 12:35:33,570 - INFO - Comenzando extracción de información del post
2026-04-27 12:35:33,570 - INFO - Post ya existente, saltando: LA GRAZIA de Paolo Sorrentino
2026-04-27 12:35:33,570 - INFO - Comenzando extracción de información del post
2026-04-27 12:35:33,570 - INFO - Post ya existente, saltando: ALTAS CAPACIDADES de Víctor García León
2026-04-27 12:35:33,570 - INFO - Comenzando extracción de información del post
2026-04-27 12:35:33,570 - INFO - Post ya existente, saltando: LAPÖNIA de David Serrano
2026-04-27 12:35:33,570 - INFO - Comenzando extracción de información del post
2026-04-27 12:35:33,570 - INFO - Post ya existente, saltando: PROYECTO SALVACIÓN de Phil Lord y Christopher Miller
2026-04-27 12:35:33,570 - INFO - Comenzando extracción de información del post
2026-04-27 12:35:33,571 - INFO - Post ya existente, saltando: DOS FISCALES de Serguéi  Loznitsa
2026-04-27 12:35:33,571 - INFO - Comenzando extracción de información del post
2026-04-27 12:35:33,571 - INFO - Post ya existente, saltando: MAIGRET Y LA MUERTE DEL EMBAJADOR de Pascal Bonitzer
2026-04-27 12:35:33,571 - INFO - Comenzando extracción de información del post
2026-04-27 12:35:33,571 - INFO - Post ya existente, saltando: AMARGA NAVIDAD de Pedro Almodóvar
2026-04-27 12:35:33,571 - INFO - Proceso completado. Posts nuevos guardados: 0
