2025-11-07 12:08:58,987 - INFO - Iniciando proceso de scraping
2025-11-07 12:08:58,989 - INFO - Posts existentes encontrados: 2464
2025-11-07 12:08:58,989 - INFO - Intentando obtener posts desde: https://ghostintheblog.com/
2025-11-07 12:09:01,451 - INFO - Se encontraron 10 posts
2025-11-07 12:09:01,452 - INFO - Comenzando extracción de información del post
2025-11-07 12:09:01,452 - INFO - Post ya existente, saltando: FRANKENSTEIN de Guillermo del Toro
2025-11-07 12:09:01,452 - INFO - Comenzando extracción de información del post
2025-11-07 12:09:01,452 - INFO - Post ya existente, saltando: ESA COSA CON ALAS de Dylan Southern
2025-11-07 12:09:01,452 - INFO - Comenzando extracción de información del post
2025-11-07 12:09:01,452 - INFO - Post ya existente, saltando: LA CENA de Manuel Gómez Pereira
2025-11-07 12:09:01,453 - INFO - Comenzando extracción de información del post
2025-11-07 12:09:01,453 - INFO - Post ya existente, saltando: LOS DOMINGOS de Alauda Ruiz de Azúa
2025-11-07 12:09:01,453 - INFO - Comenzando extracción de información del post
2025-11-07 12:09:01,453 - INFO - Post ya existente, saltando: UN SIMPLE ACCIDENTE de Jafar Panahi
2025-11-07 12:09:01,453 - INFO - Comenzando extracción de información del post
2025-11-07 12:09:01,453 - INFO - Post ya existente, saltando: CAZA DE BRUJAS de Luca Guadagnino
2025-11-07 12:09:01,453 - INFO - Comenzando extracción de información del post
2025-11-07 12:09:01,453 - INFO - Post ya existente, saltando: BALA PERDIDA de Darren Aronofsky
2025-11-07 12:09:01,453 - INFO - Comenzando extracción de información del post
2025-11-07 12:09:01,454 - INFO - Post ya existente, saltando: KARMELE de Asier Altuna
2025-11-07 12:09:01,454 - INFO - Comenzando extracción de información del post
2025-11-07 12:09:01,454 - INFO - Post ya existente, saltando: JUGAR CON FUEGO de Delphine y Muriel Coulin
2025-11-07 12:09:01,454 - INFO - Comenzando extracción de información del post
2025-11-07 12:09:01,454 - INFO - Post ya existente, saltando: LA SOSPECHA DE SOFÍA de Imanol Uribe
2025-11-07 12:09:01,454 - INFO - Proceso completado. Posts nuevos guardados: 0
