2026-04-28 08:52:28,867 - INFO - Iniciando proceso de scraping
2026-04-28 08:52:28,869 - INFO - Posts existentes encontrados: 2541
2026-04-28 08:52:28,869 - INFO - Intentando obtener posts desde: https://ghostintheblog.com/
2026-04-28 08:52:31,875 - INFO - Se encontraron 10 posts
2026-04-28 08:52:31,876 - INFO - Comenzando extracción de información del post
2026-04-28 08:52:31,876 - INFO - Post ya existente, saltando: MI QUERIDA SEÑORITA de Fernando González Molina
2026-04-28 08:52:31,876 - INFO - Comenzando extracción de información del post
2026-04-28 08:52:31,876 - INFO - Post ya existente, saltando: EL SONIDO DE LA CAIDA de Mascha Schilinski
2026-04-28 08:52:31,876 - INFO - Comenzando extracción de información del post
2026-04-28 08:52:31,877 - INFO - Post ya existente, saltando: PRIME CRIME: A TRUE STORY de Gus Van Sant
2026-04-28 08:52:31,877 - INFO - Comenzando extracción de información del post
2026-04-28 08:52:31,877 - INFO - Post ya existente, saltando: UN POETA de Simón Mesa
2026-04-28 08:52:31,877 - INFO - Comenzando extracción de información del post
2026-04-28 08:52:31,877 - INFO - Post ya existente, saltando: LA BUENA HIJA de Júlia de Paz Solvas
2026-04-28 08:52:31,877 - INFO - Comenzando extracción de información del post
2026-04-28 08:52:31,877 - INFO - Post ya existente, saltando: ATRAPANDO A UN MONSTRUO de Bryan Fuller
2026-04-28 08:52:31,877 - INFO - Comenzando extracción de información del post
2026-04-28 08:52:31,877 - INFO - Post ya existente, saltando: LA GRAZIA de Paolo Sorrentino
2026-04-28 08:52:31,878 - INFO - Comenzando extracción de información del post
2026-04-28 08:52:31,878 - INFO - Post ya existente, saltando: ALTAS CAPACIDADES de Víctor García León
2026-04-28 08:52:31,878 - INFO - Comenzando extracción de información del post
2026-04-28 08:52:31,878 - INFO - Post ya existente, saltando: LAPÖNIA de David Serrano
2026-04-28 08:52:31,878 - INFO - Comenzando extracción de información del post
2026-04-28 08:52:31,878 - INFO - Post ya existente, saltando: PROYECTO SALVACIÓN de Phil Lord y Christopher Miller
2026-04-28 08:52:31,878 - INFO - Proceso completado. Posts nuevos guardados: 0
