2026-04-30 22:17:40,241 - INFO - Iniciando proceso de scraping
2026-04-30 22:17:40,243 - INFO - Posts existentes encontrados: 2541
2026-04-30 22:17:40,243 - INFO - Intentando obtener posts desde: https://ghostintheblog.com/
2026-04-30 22:17:43,260 - INFO - Se encontraron 10 posts
2026-04-30 22:17:43,261 - INFO - Comenzando extracción de información del post
2026-04-30 22:17:43,262 - INFO - Post ya existente, saltando: MI QUERIDA SEÑORITA de Fernando González Molina
2026-04-30 22:17:43,262 - INFO - Comenzando extracción de información del post
2026-04-30 22:17:43,262 - INFO - Post ya existente, saltando: EL SONIDO DE LA CAIDA de Mascha Schilinski
2026-04-30 22:17:43,262 - INFO - Comenzando extracción de información del post
2026-04-30 22:17:43,262 - INFO - Post ya existente, saltando: PRIME CRIME: A TRUE STORY de Gus Van Sant
2026-04-30 22:17:43,262 - INFO - Comenzando extracción de información del post
2026-04-30 22:17:43,262 - INFO - Post ya existente, saltando: UN POETA de Simón Mesa
2026-04-30 22:17:43,262 - INFO - Comenzando extracción de información del post
2026-04-30 22:17:43,263 - INFO - Post ya existente, saltando: LA BUENA HIJA de Júlia de Paz Solvas
2026-04-30 22:17:43,263 - INFO - Comenzando extracción de información del post
2026-04-30 22:17:43,263 - INFO - Post ya existente, saltando: ATRAPANDO A UN MONSTRUO de Bryan Fuller
2026-04-30 22:17:43,263 - INFO - Comenzando extracción de información del post
2026-04-30 22:17:43,263 - INFO - Post ya existente, saltando: LA GRAZIA de Paolo Sorrentino
2026-04-30 22:17:43,263 - INFO - Comenzando extracción de información del post
2026-04-30 22:17:43,263 - INFO - Post ya existente, saltando: ALTAS CAPACIDADES de Víctor García León
2026-04-30 22:17:43,263 - INFO - Comenzando extracción de información del post
2026-04-30 22:17:43,263 - INFO - Post ya existente, saltando: LAPÖNIA de David Serrano
2026-04-30 22:17:43,263 - INFO - Comenzando extracción de información del post
2026-04-30 22:17:43,264 - INFO - Post ya existente, saltando: PROYECTO SALVACIÓN de Phil Lord y Christopher Miller
2026-04-30 22:17:43,264 - INFO - Proceso completado. Posts nuevos guardados: 0
