2025-11-30 04:16:23,236 - INFO - Iniciando proceso de scraping
2025-11-30 04:16:23,238 - INFO - Posts existentes encontrados: 2476
2025-11-30 04:16:23,238 - INFO - Intentando obtener posts desde: https://ghostintheblog.com/
2025-11-30 04:16:24,650 - INFO - Se encontraron 10 posts
2025-11-30 04:16:24,651 - INFO - Comenzando extracción de información del post
2025-11-30 04:16:24,651 - INFO - Post ya existente, saltando: DRÁCULA de Luc Besson
2025-11-30 04:16:24,651 - INFO - Comenzando extracción de información del post
2025-11-30 04:16:24,652 - INFO - Post ya existente, saltando: ALPHA de Julia  Ducournau
2025-11-30 04:16:24,652 - INFO - Comenzando extracción de información del post
2025-11-30 04:16:24,652 - INFO - Post ya existente, saltando: CRIMSON GOLD de Jafar Panahi
2025-11-30 04:16:24,652 - INFO - Comenzando extracción de información del post
2025-11-30 04:16:24,652 - INFO - Post ya existente, saltando: GAUA de Paul Urkijo
2025-11-30 04:16:24,652 - INFO - Comenzando extracción de información del post
2025-11-30 04:16:24,652 - INFO - Post ya existente, saltando: URCHIN de Harris Dickinson
2025-11-30 04:16:24,652 - INFO - Comenzando extracción de información del post
2025-11-30 04:16:24,652 - INFO - Post ya existente, saltando: CIUDAD SIN SUEÑO de Guillermo Galoe
2025-11-30 04:16:24,652 - INFO - Comenzando extracción de información del post
2025-11-30 04:16:24,653 - INFO - Post ya existente, saltando: BUGONIA de Yorgos Lanthimos
2025-11-30 04:16:24,653 - INFO - Comenzando extracción de información del post
2025-11-30 04:16:24,653 - INFO - Post ya existente, saltando: SUBSUELO de Fernando Franco
2025-11-30 04:16:24,653 - INFO - Comenzando extracción de información del post
2025-11-30 04:16:24,653 - INFO - Post ya existente, saltando: SIEMPRE ES INVIERNO de David Trueba
2025-11-30 04:16:24,653 - INFO - Comenzando extracción de información del post
2025-11-30 04:16:24,653 - INFO - Post ya existente, saltando: THE MASTERMIND de Kelly Reichardt
2025-11-30 04:16:24,653 - INFO - Proceso completado. Posts nuevos guardados: 0
