2025-03-27 20:06:09,616 - INFO - Iniciando proceso de scraping
2025-03-27 20:06:09,618 - INFO - Posts existentes encontrados: 2374
2025-03-27 20:06:09,618 - INFO - Intentando obtener posts desde: https://ghostintheblog.com/
2025-03-27 20:06:11,671 - INFO - Se encontraron 10 posts
2025-03-27 20:06:11,672 - INFO - Comenzando extracción de información del post
2025-03-27 20:06:11,672 - INFO - Post ya existente, saltando: MISERICORDIA de Alain Guiraudie
2025-03-27 20:06:11,672 - INFO - Comenzando extracción de información del post
2025-03-27 20:06:11,672 - INFO - Post ya existente, saltando: LOS AITAS de Borja Cobeaga
2025-03-27 20:06:11,672 - INFO - Comenzando extracción de información del post
2025-03-27 20:06:11,672 - INFO - Post ya existente, saltando: MORLAIX de Jaime Rosales
2025-03-27 20:06:11,672 - INFO - Comenzando extracción de información del post
2025-03-27 20:06:11,673 - INFO - Post ya existente, saltando: TARDES DE SOLEDAD de Albert Serra
2025-03-27 20:06:11,673 - INFO - Comenzando extracción de información del post
2025-03-27 20:06:11,673 - INFO - Post ya existente, saltando: MICKEY 17 de Bong Joon-ho
2025-03-27 20:06:11,673 - INFO - Comenzando extracción de información del post
2025-03-27 20:06:11,673 - INFO - Post ya existente, saltando: LEE MILLER de Ellen Kuras
2025-03-27 20:06:11,673 - INFO - Comenzando extracción de información del post
2025-03-27 20:06:11,673 - INFO - Post ya existente, saltando: GRAND TOUR de Miguel Gomes
2025-03-27 20:06:11,673 - INFO - Comenzando extracción de información del post
2025-03-27 20:06:11,674 - INFO - Post ya existente, saltando: A COMPLETE UNKNOWN de James Mangold
2025-03-27 20:06:11,674 - INFO - Comenzando extracción de información del post
2025-03-27 20:06:11,674 - INFO - Post ya existente, saltando: MI ÚNICA FAMILIA de Mike Leigh
2025-03-27 20:06:11,674 - INFO - Comenzando extracción de información del post
2025-03-27 20:06:11,674 - INFO - Post ya existente, saltando: LOS OSCAR 2025
2025-03-27 20:06:11,674 - INFO - Proceso completado. Posts nuevos guardados: 0
