2025-11-23 22:02:22,766 - INFO - Iniciando proceso de scraping
2025-11-23 22:02:22,768 - INFO - Posts existentes encontrados: 2470
2025-11-23 22:02:22,768 - INFO - Intentando obtener posts desde: https://ghostintheblog.com/
2025-11-23 22:02:24,186 - INFO - Se encontraron 10 posts
2025-11-23 22:02:24,187 - INFO - Comenzando extracción de información del post
2025-11-23 22:02:24,188 - INFO - Título del post: URCHIN de Harris Dickinson
2025-11-23 22:02:24,188 - INFO - Fecha del post: 2025-11-23T22:50:15+01:00
2025-11-23 22:02:24,188 - INFO - Obteniendo contenido completo de: https://ghostintheblog.com/2025/11/critica-de-urchin-de-harris-dickinson.html
2025-11-23 22:02:25,672 - INFO - Contenido extraído y estructurado (2726 caracteres)
2025-11-23 22:02:25,674 - INFO - Guardando post en: posts/URCHIN_2025-11-23.json
2025-11-23 22:02:25,674 - INFO - Post guardado exitosamente
2025-11-23 22:02:25,674 - INFO - Actualizando índice de películas
2025-11-23 22:02:25,674 - INFO - Archivo de índice: /home/runner/work/scrapingcines/scrapingcines/index.json
2025-11-23 22:02:25,678 - INFO - Índice existente cargado con 2571 películas
2025-11-23 22:02:25,689 - INFO - Película agregada al índice: URCHIN
2025-11-23 22:02:25,690 - INFO - Nuevo post guardado: URCHIN de Harris Dickinson
2025-11-23 22:02:25,690 - INFO - Comenzando extracción de información del post
2025-11-23 22:02:25,690 - INFO - Título del post: CIUDAD SIN SUEÑO de Guillermo Galoe
2025-11-23 22:02:25,690 - INFO - Fecha del post: 2025-11-23T22:40:10+01:00
2025-11-23 22:02:25,690 - INFO - Obteniendo contenido completo de: https://ghostintheblog.com/2025/11/critica-de-ciudad-sin-sueno-de-guillermo-galoe.html
2025-11-23 22:02:27,130 - INFO - Contenido extraído y estructurado (250 caracteres)
2025-11-23 22:02:27,131 - INFO - Guardando post en: posts/CIUDAD_SIN_SUEÑO_2025-11-23.json
2025-11-23 22:02:27,132 - INFO - Post guardado exitosamente
2025-11-23 22:02:27,132 - INFO - Actualizando índice de películas
2025-11-23 22:02:27,132 - INFO - Archivo de índice: /home/runner/work/scrapingcines/scrapingcines/index.json
2025-11-23 22:02:27,135 - INFO - Índice existente cargado con 2572 películas
2025-11-23 22:02:27,146 - INFO - Película agregada al índice: CIUDAD SIN SUEÑO
2025-11-23 22:02:27,147 - INFO - Nuevo post guardado: CIUDAD SIN SUEÑO de Guillermo Galoe
2025-11-23 22:02:27,147 - INFO - Comenzando extracción de información del post
2025-11-23 22:02:27,147 - INFO - Post ya existente, saltando: BUGONIA de Yorgos Lanthimos
2025-11-23 22:02:27,147 - INFO - Comenzando extracción de información del post
2025-11-23 22:02:27,147 - INFO - Post ya existente, saltando: SUBSUELO de Fernando Franco
2025-11-23 22:02:27,147 - INFO - Comenzando extracción de información del post
2025-11-23 22:02:27,147 - INFO - Post ya existente, saltando: SIEMPRE ES INVIERNO de David Trueba
2025-11-23 22:02:27,147 - INFO - Comenzando extracción de información del post
2025-11-23 22:02:27,148 - INFO - Post ya existente, saltando: THE MASTERMIND de Kelly Reichardt
2025-11-23 22:02:27,148 - INFO - Comenzando extracción de información del post
2025-11-23 22:02:27,148 - INFO - Post ya existente, saltando: RECIÉN NACIDAS de Jean-Pierre  y Luc Dardenne
2025-11-23 22:02:27,148 - INFO - Comenzando extracción de información del post
2025-11-23 22:02:27,148 - INFO - Post ya existente, saltando: LOS TIGRES de Alberto Rodríguez
2025-11-23 22:02:27,148 - INFO - Comenzando extracción de información del post
2025-11-23 22:02:27,148 - INFO - Post ya existente, saltando: FRANKENSTEIN de Guillermo del Toro
2025-11-23 22:02:27,148 - INFO - Comenzando extracción de información del post
2025-11-23 22:02:27,148 - INFO - Post ya existente, saltando: ESA COSA CON ALAS de Dylan Southern
2025-11-23 22:02:27,148 - INFO - Proceso completado. Posts nuevos guardados: 2
