2025-12-24 22:02:33,249 - INFO - Iniciando proceso de scraping
2025-12-24 22:02:33,251 - INFO - Posts existentes encontrados: 2485
2025-12-24 22:02:33,251 - INFO - Intentando obtener posts desde: https://ghostintheblog.com/
2025-12-24 22:02:36,157 - INFO - Se encontraron 10 posts
2025-12-24 22:02:36,158 - INFO - Comenzando extracción de información del post
2025-12-24 22:02:36,158 - INFO - Post ya existente, saltando: EL EXTRANJERO de François Ozon
2025-12-24 22:02:36,158 - INFO - Comenzando extracción de información del post
2025-12-24 22:02:36,158 - INFO - Post ya existente, saltando: LA VIDA FUERA de Mario Martone
2025-12-24 22:02:36,158 - INFO - Comenzando extracción de información del post
2025-12-24 22:02:36,159 - INFO - Post ya existente, saltando: FRONTERA de Judith Colell
2025-12-24 22:02:36,159 - INFO - Comenzando extracción de información del post
2025-12-24 22:02:36,159 - INFO - Post ya existente, saltando: ARO BERRIA de Irati Gorostidi Agirretxe
2025-12-24 22:02:36,159 - INFO - Comenzando extracción de información del post
2025-12-24 22:02:36,159 - INFO - Post ya existente, saltando: GOLPES de Rafael Cobos
2025-12-24 22:02:36,159 - INFO - Comenzando extracción de información del post
2025-12-24 22:02:36,159 - INFO - Post ya existente, saltando: SINGULAR de Alberto Gastesi
2025-12-24 22:02:36,159 - INFO - Comenzando extracción de información del post
2025-12-24 22:02:36,159 - INFO - Post ya existente, saltando: VALOR SENTIMENTAL de Joachim Trier
2025-12-24 22:02:36,159 - INFO - Comenzando extracción de información del post
2025-12-24 22:02:36,159 - INFO - Post ya existente, saltando: LA VOZ DE HIND de Kaouther Ben Hania
2025-12-24 22:02:36,159 - INFO - Comenzando extracción de información del post
2025-12-24 22:02:36,160 - INFO - Post ya existente, saltando: BLUE MOON de Richard Linklater
2025-12-24 22:02:36,160 - INFO - Comenzando extracción de información del post
2025-12-24 22:02:36,160 - INFO - Post ya existente, saltando: DRÁCULA de Luc Besson
2025-12-24 22:02:36,160 - INFO - Proceso completado. Posts nuevos guardados: 0
