2026-03-14 12:10:33,092 - INFO - Iniciando proceso de scraping
2026-03-14 12:10:33,094 - INFO - Posts existentes encontrados: 2519
2026-03-14 12:10:33,094 - INFO - Intentando obtener posts desde: https://ghostintheblog.com/
2026-03-14 12:10:35,589 - INFO - Se encontraron 10 posts
2026-03-14 12:10:35,590 - INFO - Comenzando extracción de información del post
2026-03-14 12:10:35,591 - INFO - Post ya existente, saltando: EL ÚLTIMO VIKINGO de Anders Thomas Jensen
2026-03-14 12:10:35,591 - INFO - Comenzando extracción de información del post
2026-03-14 12:10:35,591 - INFO - Post ya existente, saltando: SCARLET de Mamoru Hosoda
2026-03-14 12:10:35,591 - INFO - Comenzando extracción de información del post
2026-03-14 12:10:35,591 - INFO - Post ya existente, saltando: SORRY BABY de Eva Victor
2026-03-14 12:10:35,591 - INFO - Comenzando extracción de información del post
2026-03-14 12:10:35,591 - INFO - Post ya existente, saltando: LOS GOYA 2026
2026-03-14 12:10:35,591 - INFO - Comenzando extracción de información del post
2026-03-14 12:10:35,592 - INFO - Post ya existente, saltando: LITTLE AMÉLIE de Mailys Vallade y Liane-Cho Han Jin Kuang
2026-03-14 12:10:35,592 - INFO - Comenzando extracción de información del post
2026-03-14 12:10:35,592 - INFO - Post ya existente, saltando: LA MALDICIÓN DE SHELBY OAKS de Chris Stuckmann
2026-03-14 12:10:35,592 - INFO - Comenzando extracción de información del post
2026-03-14 12:10:35,592 - INFO - Post ya existente, saltando: SIN CONEXIÓN de Bradley Cooper
2026-03-14 12:10:35,592 - INFO - Comenzando extracción de información del post
2026-03-14 12:10:35,592 - INFO - Post ya existente, saltando: EL AGENTE SECRETO de Kleber Mendonça Filho
2026-03-14 12:10:35,592 - INFO - Comenzando extracción de información del post
2026-03-14 12:10:35,592 - INFO - Post ya existente, saltando: CUMBRES BORRASCOSAS de Emerald Fennell
2026-03-14 12:10:35,592 - INFO - Comenzando extracción de información del post
2026-03-14 12:10:35,593 - INFO - Post ya existente, saltando: NO HAY OTRA OPCIÓN de Park Chan-wook
2026-03-14 12:10:35,593 - INFO - Proceso completado. Posts nuevos guardados: 0
