2025-06-23 04:15:33,866 - INFO - Iniciando proceso de scraping
2025-06-23 04:15:33,868 - INFO - Posts existentes encontrados: 2411
2025-06-23 04:15:33,868 - INFO - Intentando obtener posts desde: https://ghostintheblog.com/
2025-06-23 04:15:36,197 - INFO - Se encontraron 10 posts
2025-06-23 04:15:36,198 - INFO - Comenzando extracción de información del post
2025-06-23 04:15:36,198 - INFO - Post ya existente, saltando: A LA DERIVA de Jia Zhangke
2025-06-23 04:15:36,198 - INFO - Comenzando extracción de información del post
2025-06-23 04:15:36,198 - INFO - Post ya existente, saltando: VOTEMOS de Santiago Requejo
2025-06-23 04:15:36,198 - INFO - Comenzando extracción de información del post
2025-06-23 04:15:36,198 - INFO - Post ya existente, saltando: TRES KILÓMETROS AL FIN DEL MUNDO de Emanuel Pârvu
2025-06-23 04:15:36,199 - INFO - Comenzando extracción de información del post
2025-06-23 04:15:36,199 - INFO - Post ya existente, saltando: TODO SALDRÁ BIEN de Ray Yeung
2025-06-23 04:15:36,199 - INFO - Comenzando extracción de información del post
2025-06-23 04:15:36,199 - INFO - Post ya existente, saltando: CUATRO PAREDES de Ibon Cormenzana
2025-06-23 04:15:36,199 - INFO - Comenzando extracción de información del post
2025-06-23 04:15:36,199 - INFO - Post ya existente, saltando: LA BUENA SUERTE de Gracia Querejeta
2025-06-23 04:15:36,199 - INFO - Comenzando extracción de información del post
2025-06-23 04:15:36,199 - INFO - Post ya existente, saltando: SIRAT de Oliver Laxe
2025-06-23 04:15:36,199 - INFO - Comenzando extracción de información del post
2025-06-23 04:15:36,199 - INFO - Post ya existente, saltando: EL JOCKEY de Luis Ortega
2025-06-23 04:15:36,200 - INFO - Comenzando extracción de información del post
2025-06-23 04:15:36,200 - INFO - Post ya existente, saltando: LA TRAMA FENICIA de Wes Anderson
2025-06-23 04:15:36,200 - INFO - Comenzando extracción de información del post
2025-06-23 04:15:36,200 - INFO - Post ya existente, saltando: SI YO PUDIERA HIBERNAR de Zoljargal Purevdash
2025-06-23 04:15:36,200 - INFO - Proceso completado. Posts nuevos guardados: 0
