2025-09-28 20:06:09,795 - INFO - Iniciando proceso de scraping
2025-09-28 20:06:09,797 - INFO - Posts existentes encontrados: 2446
2025-09-28 20:06:09,797 - INFO - Intentando obtener posts desde: https://ghostintheblog.com/
2025-09-28 20:06:11,068 - INFO - Se encontraron 10 posts
2025-09-28 20:06:11,069 - INFO - Comenzando extracción de información del post
2025-09-28 20:06:11,069 - INFO - Post ya existente, saltando: EL CAUTIVO de Alejandro Amenábar
2025-09-28 20:06:11,069 - INFO - Comenzando extracción de información del post
2025-09-28 20:06:11,069 - INFO - Post ya existente, saltando: EDDINGTON de Ari Aster
2025-09-28 20:06:11,069 - INFO - Comenzando extracción de información del post
2025-09-28 20:06:11,070 - INFO - Post ya existente, saltando: JONE, A VECES de Sara Fantoya
2025-09-28 20:06:11,070 - INFO - Comenzando extracción de información del post
2025-09-28 20:06:11,070 - INFO - Post ya existente, saltando: LA LEY DE JENNY PEN de James Ashcroft
2025-09-28 20:06:11,070 - INFO - Comenzando extracción de información del post
2025-09-28 20:06:11,070 - INFO - Post ya existente, saltando: APRIL de Dea Kulumbegashvilis
2025-09-28 20:06:11,070 - INFO - Comenzando extracción de información del post
2025-09-28 20:06:11,070 - INFO - Post ya existente, saltando: 13 DÍAS, 13 NOCHES de Martin Bourboulon
2025-09-28 20:06:11,070 - INFO - Comenzando extracción de información del post
2025-09-28 20:06:11,070 - INFO - Post ya existente, saltando: ROMERÍA de Carla Simón
2025-09-28 20:06:11,071 - INFO - Comenzando extracción de información del post
2025-09-28 20:06:11,071 - INFO - Post ya existente, saltando: LA TIERRA NEGRA de Alberto Morais
2025-09-28 20:06:11,071 - INFO - Comenzando extracción de información del post
2025-09-28 20:06:11,071 - INFO - Post ya existente, saltando: AMOR EN CUATRO LETRAS de Polly Steele
2025-09-28 20:06:11,071 - INFO - Comenzando extracción de información del post
2025-09-28 20:06:11,071 - INFO - Post ya existente, saltando: EL VOLCÁN de Damian Kocur
2025-09-28 20:06:11,071 - INFO - Proceso completado. Posts nuevos guardados: 0
