2025-05-15 16:06:07,173 - INFO - Iniciando proceso de scraping
2025-05-15 16:06:07,175 - INFO - Posts existentes encontrados: 2395
2025-05-15 16:06:07,175 - INFO - Intentando obtener posts desde: https://ghostintheblog.com/
2025-05-15 16:06:12,229 - INFO - Se encontraron 10 posts
2025-05-15 16:06:12,230 - INFO - Comenzando extracción de información del post
2025-05-15 16:06:12,230 - INFO - Post ya existente, saltando: PRESUNCIÓN DE INOCENCIA de Daniel Auteuil
2025-05-15 16:06:12,230 - INFO - Comenzando extracción de información del post
2025-05-15 16:06:12,230 - INFO - Post ya existente, saltando: LA HISTORIA DE SOULEYMANE de Boris Lojkine
2025-05-15 16:06:12,230 - INFO - Comenzando extracción de información del post
2025-05-15 16:06:12,231 - INFO - Post ya existente, saltando: ERREPLIKA de Pello Gutiérrez Peñalba
2025-05-15 16:06:12,231 - INFO - Comenzando extracción de información del post
2025-05-15 16:06:12,231 - INFO - Post ya existente, saltando: LA BUENA LETRA de Celia Rico Clavellino
2025-05-15 16:06:12,231 - INFO - Comenzando extracción de información del post
2025-05-15 16:06:12,231 - INFO - Post ya existente, saltando: SUJO de Fernanda Valadez, Astrid Rondero
2025-05-15 16:06:12,231 - INFO - Comenzando extracción de información del post
2025-05-15 16:06:12,231 - INFO - Post ya existente, saltando: LA ISLA DE LOS FAISANES de Asier Urbieta
2025-05-15 16:06:12,232 - INFO - Comenzando extracción de información del post
2025-05-15 16:06:12,232 - INFO - Post ya existente, saltando: THE END de Joshua Oppenheimer
2025-05-15 16:06:12,232 - INFO - Comenzando extracción de información del post
2025-05-15 16:06:12,232 - INFO - Post ya existente, saltando: EL ÚLTIMO SUSPIRO de Costa-Gavras
2025-05-15 16:06:12,232 - INFO - Comenzando extracción de información del post
2025-05-15 16:06:12,232 - INFO - Post ya existente, saltando: EL CASOPLÓN de Joaquín Mazón
2025-05-15 16:06:12,232 - INFO - Comenzando extracción de información del post
2025-05-15 16:06:12,233 - INFO - Post ya existente, saltando: LA VIAJERA de Hong Sangsoo
2025-05-15 16:06:12,233 - INFO - Proceso completado. Posts nuevos guardados: 0
