2026-05-25 00:46:57,714 - INFO - Iniciando proceso de scraping
2026-05-25 00:46:57,717 - INFO - Posts existentes encontrados: 2547
2026-05-25 00:46:57,717 - INFO - Intentando obtener posts desde: https://ghostintheblog.com/
2026-05-25 00:46:59,406 - INFO - Se encontraron 10 posts
2026-05-25 00:46:59,407 - INFO - Comenzando extracción de información del post
2026-05-25 00:46:59,408 - INFO - Título del post: LOVE ME TENDER de  Anna Cazenave Cambet
2026-05-25 00:46:59,408 - INFO - Fecha del post: 2026-05-25T01:11:37+02:00
2026-05-25 00:46:59,408 - INFO - Obteniendo contenido completo de: https://ghostintheblog.com/2026/05/love-me-tender-de-anna-cazenave-cambet.html
2026-05-25 00:47:01,057 - INFO - Contenido extraído y estructurado (4400 caracteres)
2026-05-25 00:47:01,059 - INFO - Guardando post en: posts/LOVE_ME_TENDER_2026-05-25.json
2026-05-25 00:47:01,059 - INFO - Post guardado exitosamente
2026-05-25 00:47:01,059 - INFO - Actualizando índice de películas
2026-05-25 00:47:01,059 - INFO - Archivo de índice: /home/runner/work/scrapingcines/scrapingcines/index.json
2026-05-25 00:47:01,063 - INFO - Índice existente cargado con 2645 películas
2026-05-25 00:47:01,075 - INFO - Película agregada al índice: LOVE ME TENDER
2026-05-25 00:47:01,075 - INFO - Nuevo post guardado: LOVE ME TENDER de  Anna Cazenave Cambet
2026-05-25 00:47:01,076 - INFO - Comenzando extracción de información del post
2026-05-25 00:47:01,076 - INFO - Título del post: PIZZA MOVIES de Carlo Padial
2026-05-25 00:47:01,076 - INFO - Fecha del post: 2026-05-25T01:01:16+02:00
2026-05-25 00:47:01,076 - INFO - Obteniendo contenido completo de: https://ghostintheblog.com/2026/05/pizza-movies-de-carlo-padial.html
2026-05-25 00:47:02,786 - INFO - Contenido extraído y estructurado (2741 caracteres)
2026-05-25 00:47:02,787 - INFO - Guardando post en: posts/PIZZA_MOVIES_2026-05-25.json
2026-05-25 00:47:02,787 - INFO - Post guardado exitosamente
2026-05-25 00:47:02,787 - INFO - Actualizando índice de películas
2026-05-25 00:47:02,787 - INFO - Archivo de índice: /home/runner/work/scrapingcines/scrapingcines/index.json
2026-05-25 00:47:02,790 - INFO - Índice existente cargado con 2646 películas
2026-05-25 00:47:02,803 - INFO - Película agregada al índice: PIZZA MOVIES
2026-05-25 00:47:02,803 - INFO - Nuevo post guardado: PIZZA MOVIES de Carlo Padial
2026-05-25 00:47:02,803 - INFO - Comenzando extracción de información del post
2026-05-25 00:47:02,803 - INFO - Título del post: LA CHICA DEL CORO de Urška Djukić
2026-05-25 00:47:02,804 - INFO - Fecha del post: 2026-05-25T00:53:48+02:00
2026-05-25 00:47:02,804 - INFO - Obteniendo contenido completo de: https://ghostintheblog.com/2026/05/la-chica-del-coro-de-urska-djukic.html
2026-05-25 00:47:04,522 - INFO - Contenido extraído y estructurado (2857 caracteres)
2026-05-25 00:47:04,523 - INFO - Guardando post en: posts/LA_CHICA_DEL_CORO_2026-05-25.json
2026-05-25 00:47:04,524 - INFO - Post guardado exitosamente
2026-05-25 00:47:04,524 - INFO - Actualizando índice de películas
2026-05-25 00:47:04,524 - INFO - Archivo de índice: /home/runner/work/scrapingcines/scrapingcines/index.json
2026-05-25 00:47:04,527 - INFO - Índice existente cargado con 2647 películas
2026-05-25 00:47:04,539 - INFO - Película agregada al índice: LA CHICA DEL CORO
2026-05-25 00:47:04,540 - INFO - Nuevo post guardado: LA CHICA DEL CORO de Urška Djukić
2026-05-25 00:47:04,540 - INFO - Comenzando extracción de información del post
2026-05-25 00:47:04,540 - INFO - Título del post: YO NO MORIRÉ DE AMOR de Marta Matute
2026-05-25 00:47:04,540 - INFO - Fecha del post: 2026-05-25T00:45:55+02:00
2026-05-25 00:47:04,540 - INFO - Obteniendo contenido completo de: https://ghostintheblog.com/2026/05/yo-no-morire-de-amor-de-marta-matute.html
2026-05-25 00:47:06,212 - INFO - Contenido extraído y estructurado (4673 caracteres)
2026-05-25 00:47:06,214 - INFO - Guardando post en: posts/YO_NO_MORIRÉ_DE_AMOR_2026-05-25.json
2026-05-25 00:47:06,214 - INFO - Post guardado exitosamente
2026-05-25 00:47:06,214 - INFO - Actualizando índice de películas
2026-05-25 00:47:06,214 - INFO - Archivo de índice: /home/runner/work/scrapingcines/scrapingcines/index.json
2026-05-25 00:47:06,218 - INFO - Índice existente cargado con 2648 películas
2026-05-25 00:47:06,231 - INFO - Película agregada al índice: YO NO MORIRÉ DE AMOR
2026-05-25 00:47:06,231 - INFO - Nuevo post guardado: YO NO MORIRÉ DE AMOR de Marta Matute
2026-05-25 00:47:06,231 - INFO - Comenzando extracción de información del post
2026-05-25 00:47:06,231 - INFO - Título del post: HANGAR ROJO de Juan Pablo Sallato
2026-05-25 00:47:06,231 - INFO - Fecha del post: 2026-05-25T00:34:52+02:00
2026-05-25 00:47:06,232 - INFO - Obteniendo contenido completo de: https://ghostintheblog.com/2026/05/hangar-rojo-de-juan-pablo-sallato.html
2026-05-25 00:47:07,989 - INFO - Contenido extraído y estructurado (2704 caracteres)
2026-05-25 00:47:07,990 - INFO - Guardando post en: posts/HANGAR_ROJO_2026-05-25.json
2026-05-25 00:47:07,990 - INFO - Post guardado exitosamente
2026-05-25 00:47:07,990 - INFO - Actualizando índice de películas
2026-05-25 00:47:07,990 - INFO - Archivo de índice: /home/runner/work/scrapingcines/scrapingcines/index.json
2026-05-25 00:47:07,995 - INFO - Índice existente cargado con 2649 películas
2026-05-25 00:47:08,007 - INFO - Película agregada al índice: HANGAR ROJO
2026-05-25 00:47:08,008 - INFO - Nuevo post guardado: HANGAR ROJO de Juan Pablo Sallato
2026-05-25 00:47:08,008 - INFO - Comenzando extracción de información del post
2026-05-25 00:47:08,008 - INFO - Título del post: RECREACIÓN DE UN ASESINATO de  Jim Sheridan y David Merriman
2026-05-25 00:47:08,008 - INFO - Fecha del post: 2026-05-25T00:20:18+02:00
2026-05-25 00:47:08,008 - INFO - Obteniendo contenido completo de: https://ghostintheblog.com/2026/05/recreacion-de-un-asesinato-de-jim-sheridan-y-david-merrimancomo-un-fantasma-sin-articular-palabra-convertido-en-una-sombra-a-punto-de-desaparecer-jim-sheridan-el-director-irlandes-siempre-recordad.html
2026-05-25 00:47:09,744 - INFO - Contenido extraído y estructurado (2604 caracteres)
2026-05-25 00:47:09,744 - INFO - Guardando post en: posts/RECREACIÓN_DE_UN_ASESINATO_2026-05-25.json
2026-05-25 00:47:09,745 - INFO - Post guardado exitosamente
2026-05-25 00:47:09,745 - INFO - Actualizando índice de películas
2026-05-25 00:47:09,745 - INFO - Archivo de índice: /home/runner/work/scrapingcines/scrapingcines/index.json
2026-05-25 00:47:09,750 - INFO - Índice existente cargado con 2650 películas
2026-05-25 00:47:09,762 - INFO - Película agregada al índice: RECREACIÓN DE UN ASESINATO
2026-05-25 00:47:09,762 - INFO - Nuevo post guardado: RECREACIÓN DE UN ASESINATO de  Jim Sheridan y David Merriman
2026-05-25 00:47:09,762 - INFO - Comenzando extracción de información del post
2026-05-25 00:47:09,762 - INFO - Post ya existente, saltando: RESURRECTION de Bi Gan
2026-05-25 00:47:09,762 - INFO - Comenzando extracción de información del post
2026-05-25 00:47:09,763 - INFO - Post ya existente, saltando: ALTA COSTURA de Alice Winocour
2026-05-25 00:47:09,763 - INFO - Comenzando extracción de información del post
2026-05-25 00:47:09,763 - INFO - Post ya existente, saltando: LA ISLA DE AMRUM de Fatih Akin
2026-05-25 00:47:09,763 - INFO - Comenzando extracción de información del post
2026-05-25 00:47:09,763 - INFO - Post ya existente, saltando: TODO LO QUE FUIMOS de Cherien Dabis
2026-05-25 00:47:09,763 - INFO - Proceso completado. Posts nuevos guardados: 6
