2025-12-23 22:02:38,428 - INFO - Iniciando proceso de scraping
2025-12-23 22:02:38,430 - INFO - Posts existentes encontrados: 2476
2025-12-23 22:02:38,431 - INFO - Intentando obtener posts desde: https://ghostintheblog.com/
2025-12-23 22:02:40,060 - INFO - Se encontraron 10 posts
2025-12-23 22:02:40,061 - INFO - Comenzando extracción de información del post
2025-12-23 22:02:40,061 - INFO - Post ya existente, saltando: DRÁCULA de Luc Besson
2025-12-23 22:02:40,062 - INFO - Comenzando extracción de información del post
2025-12-23 22:02:40,062 - INFO - Post ya existente, saltando: ALPHA de Julia  Ducournau
2025-12-23 22:02:40,062 - INFO - Comenzando extracción de información del post
2025-12-23 22:02:40,062 - INFO - Post ya existente, saltando: CRIMSON GOLD de Jafar Panahi
2025-12-23 22:02:40,062 - INFO - Comenzando extracción de información del post
2025-12-23 22:02:40,062 - INFO - Post ya existente, saltando: GAUA de Paul Urkijo
2025-12-23 22:02:40,062 - INFO - Comenzando extracción de información del post
2025-12-23 22:02:40,062 - INFO - Post ya existente, saltando: URCHIN de Harris Dickinson
2025-12-23 22:02:40,062 - INFO - Comenzando extracción de información del post
2025-12-23 22:02:40,063 - INFO - Post ya existente, saltando: CIUDAD SIN SUEÑO de Guillermo Galoe
2025-12-23 22:02:40,063 - INFO - Comenzando extracción de información del post
2025-12-23 22:02:40,063 - INFO - Post ya existente, saltando: BUGONIA de Yorgos Lanthimos
2025-12-23 22:02:40,063 - INFO - Comenzando extracción de información del post
2025-12-23 22:02:40,063 - INFO - Post ya existente, saltando: SUBSUELO de Fernando Franco
2025-12-23 22:02:40,063 - INFO - Comenzando extracción de información del post
2025-12-23 22:02:40,063 - INFO - Post ya existente, saltando: SIEMPRE ES INVIERNO de David Trueba
2025-12-23 22:02:40,063 - INFO - Comenzando extracción de información del post
2025-12-23 22:02:40,063 - INFO - Post ya existente, saltando: THE MASTERMIND de Kelly Reichardt
2025-12-23 22:02:40,063 - INFO - Proceso completado. Posts nuevos guardados: 0
