2026-03-17 16:28:18,344 - INFO - Iniciando proceso de scraping
2026-03-17 16:28:18,346 - INFO - Posts existentes encontrados: 2522
2026-03-17 16:28:18,346 - INFO - Intentando obtener posts desde: https://ghostintheblog.com/
2026-03-17 16:28:19,757 - INFO - Se encontraron 10 posts
2026-03-17 16:28:19,758 - INFO - Comenzando extracción de información del post
2026-03-17 16:28:19,759 - INFO - Título del post: LOS OSCAR 2026
2026-03-17 16:28:19,759 - INFO - Fecha del post: 2026-03-17T17:04:23+01:00
2026-03-17 16:28:19,759 - WARNING - No se pudo extraer director del título: LOS OSCAR 2026
2026-03-17 16:28:19,759 - INFO - Obteniendo contenido completo de: https://ghostintheblog.com/2026/03/los-oscar-2026.html
2026-03-17 16:28:21,334 - WARNING - No se encontró 'Título Original' en el contenido
2026-03-17 16:28:21,334 - INFO - Usando contenido completo como respaldo
2026-03-17 16:28:21,335 - INFO - Guardando post en: posts/LOS_OSCAR_2026_2026-03-17.json
2026-03-17 16:28:21,335 - INFO - Post guardado exitosamente
2026-03-17 16:28:21,335 - INFO - Actualizando índice de películas
2026-03-17 16:28:21,335 - INFO - Archivo de índice: /home/runner/work/scrapingcines/scrapingcines/index.json
2026-03-17 16:28:21,339 - INFO - Índice existente cargado con 2621 películas
2026-03-17 16:28:21,351 - INFO - Película agregada al índice: LOS OSCAR 2026
2026-03-17 16:28:21,351 - INFO - Nuevo post guardado: LOS OSCAR 2026
2026-03-17 16:28:21,351 - INFO - Comenzando extracción de información del post
2026-03-17 16:28:21,352 - INFO - Post ya existente, saltando: ¡LA NOVIA! de Maggie Gyllenhaal
2026-03-17 16:28:21,352 - INFO - Comenzando extracción de información del post
2026-03-17 16:28:21,352 - INFO - Post ya existente, saltando: PILLION de Harry Lighton
2026-03-17 16:28:21,352 - INFO - Comenzando extracción de información del post
2026-03-17 16:28:21,352 - INFO - Post ya existente, saltando: EL MAGO DEL KREMLIN de Olivier Assayas
2026-03-17 16:28:21,352 - INFO - Comenzando extracción de información del post
2026-03-17 16:28:21,352 - INFO - Post ya existente, saltando: EL ÚLTIMO VIKINGO de Anders Thomas Jensen
2026-03-17 16:28:21,352 - INFO - Comenzando extracción de información del post
2026-03-17 16:28:21,352 - INFO - Post ya existente, saltando: SCARLET de Mamoru Hosoda
2026-03-17 16:28:21,352 - INFO - Comenzando extracción de información del post
2026-03-17 16:28:21,353 - INFO - Post ya existente, saltando: SORRY BABY de Eva Victor
2026-03-17 16:28:21,353 - INFO - Comenzando extracción de información del post
2026-03-17 16:28:21,353 - INFO - Post ya existente, saltando: LOS GOYA 2026
2026-03-17 16:28:21,353 - INFO - Comenzando extracción de información del post
2026-03-17 16:28:21,353 - INFO - Post ya existente, saltando: LITTLE AMÉLIE de Mailys Vallade y Liane-Cho Han Jin Kuang
2026-03-17 16:28:21,353 - INFO - Comenzando extracción de información del post
2026-03-17 16:28:21,353 - INFO - Post ya existente, saltando: LA MALDICIÓN DE SHELBY OAKS de Chris Stuckmann
2026-03-17 16:28:21,353 - INFO - Proceso completado. Posts nuevos guardados: 1
