2025-05-10 16:05:31,507 - INFO - Iniciando proceso de scraping
2025-05-10 16:05:31,509 - INFO - Posts existentes encontrados: 2392
2025-05-10 16:05:31,509 - INFO - Intentando obtener posts desde: https://ghostintheblog.com/
2025-05-10 16:05:33,357 - INFO - Se encontraron 10 posts
2025-05-10 16:05:33,357 - INFO - Comenzando extracción de información del post
2025-05-10 16:05:33,358 - INFO - Título del post: LA HISTORIA DE SOULEYMANE de Boris Lojkine
2025-05-10 16:05:33,358 - INFO - Fecha del post: 2025-05-10T17:59:30+02:00
2025-05-10 16:05:33,358 - INFO - Obteniendo contenido completo de: https://ghostintheblog.com/2025/05/la-historia-de-souleymane-critica-pelicula.html
2025-05-10 16:05:34,675 - INFO - Contenido extraído y estructurado (2690 caracteres)
2025-05-10 16:05:34,676 - INFO - Guardando post en: posts/LA_HISTORIA_DE_SOULEYMANE_2025-05-10.json
2025-05-10 16:05:34,676 - INFO - Post guardado exitosamente
2025-05-10 16:05:34,676 - INFO - Actualizando índice de películas
2025-05-10 16:05:34,676 - INFO - Archivo de índice: /home/runner/work/scrapingcines/scrapingcines/index.json
2025-05-10 16:05:34,680 - INFO - Índice existente cargado con 2490 películas
2025-05-10 16:05:34,694 - INFO - Película agregada al índice: LA HISTORIA DE SOULEYMANE
2025-05-10 16:05:34,695 - INFO - Nuevo post guardado: LA HISTORIA DE SOULEYMANE de Boris Lojkine
2025-05-10 16:05:34,695 - INFO - Comenzando extracción de información del post
2025-05-10 16:05:34,695 - INFO - Título del post: ERREPLIKA de Pello Gutiérrez Peñalba
2025-05-10 16:05:34,695 - INFO - Fecha del post: 2025-05-10T17:55:58+02:00
2025-05-10 16:05:34,695 - INFO - Obteniendo contenido completo de: https://ghostintheblog.com/2025/05/erreplika-de-pello-gutierrez-penalba.html
2025-05-10 16:05:36,100 - INFO - Contenido extraído y estructurado (2930 caracteres)
2025-05-10 16:05:36,101 - INFO - Guardando post en: posts/ERREPLIKA_2025-05-10.json
2025-05-10 16:05:36,101 - INFO - Post guardado exitosamente
2025-05-10 16:05:36,101 - INFO - Actualizando índice de películas
2025-05-10 16:05:36,101 - INFO - Archivo de índice: /home/runner/work/scrapingcines/scrapingcines/index.json
2025-05-10 16:05:36,105 - INFO - Índice existente cargado con 2491 películas
2025-05-10 16:05:36,119 - INFO - Película agregada al índice: ERREPLIKA
2025-05-10 16:05:36,120 - INFO - Nuevo post guardado: ERREPLIKA de Pello Gutiérrez Peñalba
2025-05-10 16:05:36,120 - INFO - Comenzando extracción de información del post
2025-05-10 16:05:36,120 - INFO - Post ya existente, saltando: LA BUENA LETRA de Celia Rico Clavellino
2025-05-10 16:05:36,120 - INFO - Comenzando extracción de información del post
2025-05-10 16:05:36,120 - INFO - Post ya existente, saltando: SUJO de Fernanda Valadez, Astrid Rondero
2025-05-10 16:05:36,120 - INFO - Comenzando extracción de información del post
2025-05-10 16:05:36,120 - INFO - Post ya existente, saltando: LA ISLA DE LOS FAISANES de Asier Urbieta
2025-05-10 16:05:36,121 - INFO - Comenzando extracción de información del post
2025-05-10 16:05:36,121 - INFO - Post ya existente, saltando: THE END de Joshua Oppenheimer
2025-05-10 16:05:36,121 - INFO - Comenzando extracción de información del post
2025-05-10 16:05:36,121 - INFO - Post ya existente, saltando: EL ÚLTIMO SUSPIRO de Costa-Gavras
2025-05-10 16:05:36,121 - INFO - Comenzando extracción de información del post
2025-05-10 16:05:36,121 - INFO - Post ya existente, saltando: EL CASOPLÓN de Joaquín Mazón
2025-05-10 16:05:36,121 - INFO - Comenzando extracción de información del post
2025-05-10 16:05:36,121 - INFO - Post ya existente, saltando: LA VIAJERA de Hong Sangsoo
2025-05-10 16:05:36,121 - INFO - Comenzando extracción de información del post
2025-05-10 16:05:36,122 - INFO - Post ya existente, saltando: AMATEUR de James Hawes
2025-05-10 16:05:36,122 - INFO - Proceso completado. Posts nuevos guardados: 2
