2025-05-05 08:07:29,623 - INFO - Iniciando proceso de scraping
2025-05-05 08:07:29,625 - INFO - Posts existentes encontrados: 2392
2025-05-05 08:07:29,625 - INFO - Intentando obtener posts desde: https://ghostintheblog.com/
2025-05-05 08:07:31,188 - INFO - Se encontraron 10 posts
2025-05-05 08:07:31,188 - INFO - Comenzando extracción de información del post
2025-05-05 08:07:31,189 - INFO - Post ya existente, saltando: LA BUENA LETRA de Celia Rico Clavellino
2025-05-05 08:07:31,189 - INFO - Comenzando extracción de información del post
2025-05-05 08:07:31,189 - INFO - Post ya existente, saltando: SUJO de Fernanda Valadez, Astrid Rondero
2025-05-05 08:07:31,189 - INFO - Comenzando extracción de información del post
2025-05-05 08:07:31,189 - INFO - Post ya existente, saltando: LA ISLA DE LOS FAISANES de Asier Urbieta
2025-05-05 08:07:31,189 - INFO - Comenzando extracción de información del post
2025-05-05 08:07:31,189 - INFO - Post ya existente, saltando: THE END de Joshua Oppenheimer
2025-05-05 08:07:31,189 - INFO - Comenzando extracción de información del post
2025-05-05 08:07:31,190 - INFO - Post ya existente, saltando: EL ÚLTIMO SUSPIRO de Costa-Gavras
2025-05-05 08:07:31,190 - INFO - Comenzando extracción de información del post
2025-05-05 08:07:31,190 - INFO - Post ya existente, saltando: EL CASOPLÓN de Joaquín Mazón
2025-05-05 08:07:31,190 - INFO - Comenzando extracción de información del post
2025-05-05 08:07:31,190 - INFO - Post ya existente, saltando: LA VIAJERA de Hong Sangsoo
2025-05-05 08:07:31,190 - INFO - Comenzando extracción de información del post
2025-05-05 08:07:31,190 - INFO - Post ya existente, saltando: AMATEUR de James Hawes
2025-05-05 08:07:31,190 - INFO - Comenzando extracción de información del post
2025-05-05 08:07:31,191 - INFO - Post ya existente, saltando: MUY LEJOS de Gerard Oms
2025-05-05 08:07:31,191 - INFO - Comenzando extracción de información del post
2025-05-05 08:07:31,191 - INFO - Post ya existente, saltando: LA NIÑA DE LA CABRA de Ana Asensio
2025-05-05 08:07:31,191 - INFO - Proceso completado. Posts nuevos guardados: 0
