2026-07-10 00:39:46,254 - INFO - Iniciando proceso de scraping
2026-07-10 00:39:46,257 - INFO - Posts existentes encontrados: 2571
2026-07-10 00:39:46,257 - INFO - Intentando obtener posts desde: https://ghostintheblog.com/
2026-07-10 00:39:49,212 - INFO - Se encontraron 10 posts
2026-07-10 00:39:49,214 - INFO - Comenzando extracción de información del post
2026-07-10 00:39:49,214 - INFO - Post ya existente, saltando: OBSESSION de Curry Barker
2026-07-10 00:39:49,214 - INFO - Comenzando extracción de información del post
2026-07-10 00:39:49,214 - INFO - Post ya existente, saltando: LO ÚLTIMOS DÍAS DE MARIA ANTONIETA de Gianluca Jodice
2026-07-10 00:39:49,214 - INFO - Comenzando extracción de información del post
2026-07-10 00:39:49,214 - INFO - Post ya existente, saltando: SUPERGIRL de Craig Gillespie
2026-07-10 00:39:49,215 - INFO - Comenzando extracción de información del post
2026-07-10 00:39:49,215 - INFO - Post ya existente, saltando: LA MUJER SIN NOMBRE de Haifaa Al-Mansour
2026-07-10 00:39:49,215 - INFO - Comenzando extracción de información del post
2026-07-10 00:39:49,215 - INFO - Post ya existente, saltando: VIVA de Aina Clotet
2026-07-10 00:39:49,215 - INFO - Comenzando extracción de información del post
2026-07-10 00:39:49,215 - INFO - Post ya existente, saltando: DREAMS de Michel Franco
2026-07-10 00:39:49,215 - INFO - Comenzando extracción de información del post
2026-07-10 00:39:49,215 - INFO - Post ya existente, saltando: EL DÍA DE LA REVELACIÓN de Steven Spielberg
2026-07-10 00:39:49,215 - INFO - Comenzando extracción de información del post
2026-07-10 00:39:49,216 - INFO - Post ya existente, saltando: UN TALENTO ÚNICO de Daniel Roher
2026-07-10 00:39:49,216 - INFO - Comenzando extracción de información del post
2026-07-10 00:39:49,216 - INFO - Post ya existente, saltando: IVÁN & HADOUM de Ian de la Rosa
2026-07-10 00:39:49,216 - INFO - Comenzando extracción de información del post
2026-07-10 00:39:49,216 - INFO - Post ya existente, saltando: ELEONORA DUSE, LA DIVINA de Pietro Marcello
2026-07-10 00:39:49,216 - INFO - Proceso completado. Posts nuevos guardados: 0
