2026-02-03 00:26:39,505 - INFO - Iniciando proceso de scraping
2026-02-03 00:26:39,507 - INFO - Posts existentes encontrados: 2500
2026-02-03 00:26:39,507 - INFO - Intentando obtener posts desde: https://ghostintheblog.com/
2026-02-03 00:26:40,912 - INFO - Se encontraron 10 posts
2026-02-03 00:26:40,913 - INFO - Comenzando extracción de información del post
2026-02-03 00:26:40,913 - INFO - Título del post: HAMNET de Chloé Zhao
2026-02-03 00:26:40,913 - INFO - Fecha del post: 2026-02-02T17:32:55+01:00
2026-02-03 00:26:40,913 - INFO - Obteniendo contenido completo de: https://ghostintheblog.com/2026/02/critica-de-hamnet-de-chloe-zhao.html
2026-02-03 00:26:42,348 - INFO - Contenido extraído y estructurado (4782 caracteres)
2026-02-03 00:26:42,349 - INFO - Guardando post en: posts/HAMNET_2026-02-02.json
2026-02-03 00:26:42,349 - INFO - Post guardado exitosamente
2026-02-03 00:26:42,349 - INFO - Actualizando índice de películas
2026-02-03 00:26:42,349 - INFO - Archivo de índice: /home/runner/work/scrapingcines/scrapingcines/index.json
2026-02-03 00:26:42,353 - INFO - Índice existente cargado con 2600 películas
2026-02-03 00:26:42,365 - INFO - Película agregada al índice: HAMNET
2026-02-03 00:26:42,365 - INFO - Nuevo post guardado: HAMNET de Chloé Zhao
2026-02-03 00:26:42,365 - INFO - Comenzando extracción de información del post
2026-02-03 00:26:42,365 - INFO - Título del post: YUNAN de Ameer Fakher Eldin
2026-02-03 00:26:42,365 - INFO - Fecha del post: 2026-02-02T17:26:55+01:00
2026-02-03 00:26:42,365 - INFO - Obteniendo contenido completo de: https://ghostintheblog.com/2026/02/critica-de-yunan-de-ameer-fakher-eldin.html
2026-02-03 00:26:43,951 - INFO - Contenido extraído y estructurado (3005 caracteres)
2026-02-03 00:26:43,952 - INFO - Guardando post en: posts/YUNAN_2026-02-02.json
2026-02-03 00:26:43,952 - INFO - Post guardado exitosamente
2026-02-03 00:26:43,952 - INFO - Actualizando índice de películas
2026-02-03 00:26:43,952 - INFO - Archivo de índice: /home/runner/work/scrapingcines/scrapingcines/index.json
2026-02-03 00:26:43,956 - INFO - Índice existente cargado con 2601 películas
2026-02-03 00:26:43,967 - INFO - Película agregada al índice: YUNAN
2026-02-03 00:26:43,968 - INFO - Nuevo post guardado: YUNAN de Ameer Fakher Eldin
2026-02-03 00:26:43,968 - INFO - Comenzando extracción de información del post
2026-02-03 00:26:43,968 - INFO - Título del post: LA LEYENDA DE OCHI de Isaiah Saxon
2026-02-03 00:26:43,968 - INFO - Fecha del post: 2026-02-02T17:21:18+01:00
2026-02-03 00:26:43,968 - INFO - Obteniendo contenido completo de: https://ghostintheblog.com/2026/02/critica-de-la-leyenda-de-ochi-de-isaiah-saxon.html
2026-02-03 00:26:45,323 - INFO - Contenido extraído y estructurado (2725 caracteres)
2026-02-03 00:26:45,324 - INFO - Guardando post en: posts/LA_LEYENDA_DE_OCHI_2026-02-02.json
2026-02-03 00:26:45,324 - INFO - Post guardado exitosamente
2026-02-03 00:26:45,324 - INFO - Actualizando índice de películas
2026-02-03 00:26:45,324 - INFO - Archivo de índice: /home/runner/work/scrapingcines/scrapingcines/index.json
2026-02-03 00:26:45,328 - INFO - Índice existente cargado con 2602 películas
2026-02-03 00:26:45,340 - INFO - Película agregada al índice: LA LEYENDA DE OCHI
2026-02-03 00:26:45,340 - INFO - Nuevo post guardado: LA LEYENDA DE OCHI de Isaiah Saxon
2026-02-03 00:26:45,340 - INFO - Comenzando extracción de información del post
2026-02-03 00:26:45,340 - INFO - Post ya existente, saltando: ARCO de Ugo Bienvenu
2026-02-03 00:26:45,340 - INFO - Comenzando extracción de información del post
2026-02-03 00:26:45,340 - INFO - Post ya existente, saltando: SI PUDIERA TE DARÍA UNA PATADA de Mary Bronstein
2026-02-03 00:26:45,340 - INFO - Comenzando extracción de información del post
2026-02-03 00:26:45,341 - INFO - Post ya existente, saltando: LA MISTERIOSA MIRADA DE FLAMENCO de Diego Céspedes
2026-02-03 00:26:45,341 - INFO - Comenzando extracción de información del post
2026-02-03 00:26:45,341 - INFO - Post ya existente, saltando: NOUVELLE VAGUE de Richard Linklater
2026-02-03 00:26:45,341 - INFO - Comenzando extracción de información del post
2026-02-03 00:26:45,341 - INFO - Post ya existente, saltando: RENTAL FAMILY de Hikari
2026-02-03 00:26:45,341 - INFO - Comenzando extracción de información del post
2026-02-03 00:26:45,341 - INFO - Post ya existente, saltando: TURNO DE GUARDIA de Petra Biondina Volpe
2026-02-03 00:26:45,341 - INFO - Comenzando extracción de información del post
2026-02-03 00:26:45,341 - INFO - Post ya existente, saltando: LA ASISTENTA de Rebecca Sonnenshine
2026-02-03 00:26:45,341 - INFO - Proceso completado. Posts nuevos guardados: 3
