2025-05-24 12:07:01,837 - INFO - Iniciando proceso de scraping
2025-05-24 12:07:01,839 - INFO - Posts existentes encontrados: 2398
2025-05-24 12:07:01,839 - INFO - Intentando obtener posts desde: https://ghostintheblog.com/
2025-05-24 12:07:03,232 - INFO - Se encontraron 10 posts
2025-05-24 12:07:03,232 - INFO - Comenzando extracción de información del post
2025-05-24 12:07:03,233 - INFO - Post ya existente, saltando: ENEMIGOS de David Valero
2025-05-24 12:07:03,233 - INFO - Comenzando extracción de información del post
2025-05-24 12:07:03,233 - INFO - Post ya existente, saltando: UNA QUINTA PORTUGUESA de Avelina Prat
2025-05-24 12:07:03,233 - INFO - Comenzando extracción de información del post
2025-05-24 12:07:03,233 - INFO - Post ya existente, saltando: LO QUE QUEDA DE TI
2025-05-24 12:07:03,233 - INFO - Comenzando extracción de información del post
2025-05-24 12:07:03,233 - INFO - Post ya existente, saltando: PRESUNCIÓN DE INOCENCIA de Daniel Auteuil
2025-05-24 12:07:03,234 - INFO - Comenzando extracción de información del post
2025-05-24 12:07:03,234 - INFO - Post ya existente, saltando: LA HISTORIA DE SOULEYMANE de Boris Lojkine
2025-05-24 12:07:03,234 - INFO - Comenzando extracción de información del post
2025-05-24 12:07:03,234 - INFO - Post ya existente, saltando: ERREPLIKA de Pello Gutiérrez Peñalba
2025-05-24 12:07:03,234 - INFO - Comenzando extracción de información del post
2025-05-24 12:07:03,234 - INFO - Post ya existente, saltando: LA BUENA LETRA de Celia Rico Clavellino
2025-05-24 12:07:03,234 - INFO - Comenzando extracción de información del post
2025-05-24 12:07:03,235 - INFO - Post ya existente, saltando: SUJO de Fernanda Valadez, Astrid Rondero
2025-05-24 12:07:03,235 - INFO - Comenzando extracción de información del post
2025-05-24 12:07:03,235 - INFO - Post ya existente, saltando: LA ISLA DE LOS FAISANES de Asier Urbieta
2025-05-24 12:07:03,235 - INFO - Comenzando extracción de información del post
2025-05-24 12:07:03,235 - INFO - Post ya existente, saltando: THE END de Joshua Oppenheimer
2025-05-24 12:07:03,235 - INFO - Proceso completado. Posts nuevos guardados: 0
