2025-09-19 00:18:06,774 - INFO - Iniciando proceso de scraping
2025-09-19 00:18:06,776 - INFO - Posts existentes encontrados: 2443
2025-09-19 00:18:06,776 - INFO - Intentando obtener posts desde: https://ghostintheblog.com/
2025-09-19 00:18:08,279 - INFO - Se encontraron 10 posts
2025-09-19 00:18:08,280 - INFO - Comenzando extracción de información del post
2025-09-19 00:18:08,280 - INFO - Post ya existente, saltando: LA LEY DE JENNY PEN de James Ashcroft
2025-09-19 00:18:08,280 - INFO - Comenzando extracción de información del post
2025-09-19 00:18:08,280 - INFO - Post ya existente, saltando: APRIL de Dea Kulumbegashvilis
2025-09-19 00:18:08,280 - INFO - Comenzando extracción de información del post
2025-09-19 00:18:08,281 - INFO - Post ya existente, saltando: 13 DÍAS, 13 NOCHES de Martin Bourboulon
2025-09-19 00:18:08,281 - INFO - Comenzando extracción de información del post
2025-09-19 00:18:08,281 - INFO - Post ya existente, saltando: ROMERÍA de Carla Simón
2025-09-19 00:18:08,281 - INFO - Comenzando extracción de información del post
2025-09-19 00:18:08,281 - INFO - Post ya existente, saltando: LA TIERRA NEGRA de Alberto Morais
2025-09-19 00:18:08,281 - INFO - Comenzando extracción de información del post
2025-09-19 00:18:08,281 - INFO - Post ya existente, saltando: AMOR EN CUATRO LETRAS de Polly Steele
2025-09-19 00:18:08,281 - INFO - Comenzando extracción de información del post
2025-09-19 00:18:08,281 - INFO - Post ya existente, saltando: EL VOLCÁN de Damian Kocur
2025-09-19 00:18:08,281 - INFO - Comenzando extracción de información del post
2025-09-19 00:18:08,282 - INFO - Post ya existente, saltando: AGÁRRALO COMO PUEDAS de Akiva Schaffer
2025-09-19 00:18:08,282 - INFO - Comenzando extracción de información del post
2025-09-19 00:18:08,282 - INFO - Post ya existente, saltando: EL REGRESO DE ULISES de Uberto Pasolini
2025-09-19 00:18:08,282 - INFO - Comenzando extracción de información del post
2025-09-19 00:18:08,282 - INFO - Post ya existente, saltando: BLUE SUN PALACE de Constance Sang
2025-09-19 00:18:08,282 - INFO - Proceso completado. Posts nuevos guardados: 0
