2026-02-12 00:25:51,226 - INFO - Iniciando proceso de scraping
2026-02-12 00:25:51,228 - INFO - Posts existentes encontrados: 2506
2026-02-12 00:25:51,228 - INFO - Intentando obtener posts desde: https://ghostintheblog.com/
2026-02-12 00:25:54,094 - INFO - Se encontraron 10 posts
2026-02-12 00:25:54,095 - INFO - Comenzando extracción de información del post
2026-02-12 00:25:54,095 - INFO - Post ya existente, saltando: LA TARTA DEL PRESIDENTE de Hasan Hadi
2026-02-12 00:25:54,095 - INFO - Comenzando extracción de información del post
2026-02-12 00:25:54,096 - INFO - Post ya existente, saltando: MARTY SUPREME de Joshua Safdie
2026-02-12 00:25:54,096 - INFO - Comenzando extracción de información del post
2026-02-12 00:25:54,096 - INFO - Post ya existente, saltando: LA CHICA ZURDA de Shih-Ching Tsou
2026-02-12 00:25:54,096 - INFO - Comenzando extracción de información del post
2026-02-12 00:25:54,096 - INFO - Post ya existente, saltando: HAMNET de Chloé Zhao
2026-02-12 00:25:54,096 - INFO - Comenzando extracción de información del post
2026-02-12 00:25:54,096 - INFO - Post ya existente, saltando: YUNAN de Ameer Fakher Eldin
2026-02-12 00:25:54,096 - INFO - Comenzando extracción de información del post
2026-02-12 00:25:54,097 - INFO - Post ya existente, saltando: LA LEYENDA DE OCHI de Isaiah Saxon
2026-02-12 00:25:54,097 - INFO - Comenzando extracción de información del post
2026-02-12 00:25:54,097 - INFO - Post ya existente, saltando: ARCO de Ugo Bienvenu
2026-02-12 00:25:54,097 - INFO - Comenzando extracción de información del post
2026-02-12 00:25:54,097 - INFO - Post ya existente, saltando: SI PUDIERA TE DARÍA UNA PATADA de Mary Bronstein
2026-02-12 00:25:54,097 - INFO - Comenzando extracción de información del post
2026-02-12 00:25:54,097 - INFO - Post ya existente, saltando: LA MISTERIOSA MIRADA DE FLAMENCO de Diego Céspedes
2026-02-12 00:25:54,097 - INFO - Comenzando extracción de información del post
2026-02-12 00:25:54,097 - INFO - Post ya existente, saltando: NOUVELLE VAGUE de Richard Linklater
2026-02-12 00:25:54,097 - INFO - Proceso completado. Posts nuevos guardados: 0
