2026-04-15 20:22:03,214 - INFO - Iniciando proceso de scraping
2026-04-15 20:22:03,218 - INFO - Posts existentes encontrados: 2535
2026-04-15 20:22:03,218 - INFO - Intentando obtener posts desde: https://ghostintheblog.com/
2026-04-15 20:22:04,598 - INFO - Se encontraron 10 posts
2026-04-15 20:22:04,599 - INFO - Comenzando extracción de información del post
2026-04-15 20:22:04,599 - INFO - Post ya existente, saltando: LA GRAZIA de Paolo Sorrentino
2026-04-15 20:22:04,600 - INFO - Comenzando extracción de información del post
2026-04-15 20:22:04,600 - INFO - Post ya existente, saltando: ALTAS CAPACIDADES de Víctor García León
2026-04-15 20:22:04,600 - INFO - Comenzando extracción de información del post
2026-04-15 20:22:04,600 - INFO - Post ya existente, saltando: LAPÖNIA de David Serrano
2026-04-15 20:22:04,600 - INFO - Comenzando extracción de información del post
2026-04-15 20:22:04,600 - INFO - Post ya existente, saltando: PROYECTO SALVACIÓN de Phil Lord y Christopher Miller
2026-04-15 20:22:04,600 - INFO - Comenzando extracción de información del post
2026-04-15 20:22:04,600 - INFO - Post ya existente, saltando: DOS FISCALES de Serguéi  Loznitsa
2026-04-15 20:22:04,601 - INFO - Comenzando extracción de información del post
2026-04-15 20:22:04,601 - INFO - Post ya existente, saltando: MAIGRET Y LA MUERTE DEL EMBAJADOR de Pascal Bonitzer
2026-04-15 20:22:04,601 - INFO - Comenzando extracción de información del post
2026-04-15 20:22:04,601 - INFO - Post ya existente, saltando: AMARGA NAVIDAD de Pedro Almodóvar
2026-04-15 20:22:04,601 - INFO - Comenzando extracción de información del post
2026-04-15 20:22:04,601 - INFO - Post ya existente, saltando: LA HIJA PEQUEÑA de Hafsia Herzi
2026-04-15 20:22:04,601 - INFO - Comenzando extracción de información del post
2026-04-15 20:22:04,601 - INFO - Post ya existente, saltando: YO TE CREO de Charlotte Devillers y Arnaud Dufeys
2026-04-15 20:22:04,601 - INFO - Comenzando extracción de información del post
2026-04-15 20:22:04,601 - INFO - Post ya existente, saltando: EL TESTAMENTO DE ANN LEE de Mona Fastvold
2026-04-15 20:22:04,602 - INFO - Proceso completado. Posts nuevos guardados: 0
