2025-11-27 04:08:20,926 - INFO - Iniciando proceso de scraping
2025-11-27 04:08:20,928 - INFO - Posts existentes encontrados: 2473
2025-11-27 04:08:20,928 - INFO - Intentando obtener posts desde: https://ghostintheblog.com/
2025-11-27 04:08:22,571 - INFO - Se encontraron 10 posts
2025-11-27 04:08:22,572 - INFO - Comenzando extracción de información del post
2025-11-27 04:08:22,572 - INFO - Post ya existente, saltando: GAUA de Paul Urkijo
2025-11-27 04:08:22,573 - INFO - Comenzando extracción de información del post
2025-11-27 04:08:22,573 - INFO - Post ya existente, saltando: URCHIN de Harris Dickinson
2025-11-27 04:08:22,573 - INFO - Comenzando extracción de información del post
2025-11-27 04:08:22,573 - INFO - Post ya existente, saltando: CIUDAD SIN SUEÑO de Guillermo Galoe
2025-11-27 04:08:22,573 - INFO - Comenzando extracción de información del post
2025-11-27 04:08:22,573 - INFO - Post ya existente, saltando: BUGONIA de Yorgos Lanthimos
2025-11-27 04:08:22,573 - INFO - Comenzando extracción de información del post
2025-11-27 04:08:22,573 - INFO - Post ya existente, saltando: SUBSUELO de Fernando Franco
2025-11-27 04:08:22,573 - INFO - Comenzando extracción de información del post
2025-11-27 04:08:22,574 - INFO - Post ya existente, saltando: SIEMPRE ES INVIERNO de David Trueba
2025-11-27 04:08:22,574 - INFO - Comenzando extracción de información del post
2025-11-27 04:08:22,574 - INFO - Post ya existente, saltando: THE MASTERMIND de Kelly Reichardt
2025-11-27 04:08:22,574 - INFO - Comenzando extracción de información del post
2025-11-27 04:08:22,574 - INFO - Post ya existente, saltando: RECIÉN NACIDAS de Jean-Pierre  y Luc Dardenne
2025-11-27 04:08:22,574 - INFO - Comenzando extracción de información del post
2025-11-27 04:08:22,574 - INFO - Post ya existente, saltando: LOS TIGRES de Alberto Rodríguez
2025-11-27 04:08:22,574 - INFO - Comenzando extracción de información del post
2025-11-27 04:08:22,574 - INFO - Post ya existente, saltando: FRANKENSTEIN de Guillermo del Toro
2025-11-27 04:08:22,575 - INFO - Proceso completado. Posts nuevos guardados: 0
