2025-12-17 00:20:02,081 - INFO - Iniciando proceso de scraping
2025-12-17 00:20:02,083 - INFO - Posts existentes encontrados: 2476
2025-12-17 00:20:02,083 - INFO - Intentando obtener posts desde: https://ghostintheblog.com/
2025-12-17 00:20:03,784 - INFO - Se encontraron 10 posts
2025-12-17 00:20:03,785 - INFO - Comenzando extracción de información del post
2025-12-17 00:20:03,786 - INFO - Post ya existente, saltando: DRÁCULA de Luc Besson
2025-12-17 00:20:03,786 - INFO - Comenzando extracción de información del post
2025-12-17 00:20:03,786 - INFO - Post ya existente, saltando: ALPHA de Julia  Ducournau
2025-12-17 00:20:03,786 - INFO - Comenzando extracción de información del post
2025-12-17 00:20:03,786 - INFO - Post ya existente, saltando: CRIMSON GOLD de Jafar Panahi
2025-12-17 00:20:03,786 - INFO - Comenzando extracción de información del post
2025-12-17 00:20:03,786 - INFO - Post ya existente, saltando: GAUA de Paul Urkijo
2025-12-17 00:20:03,787 - INFO - Comenzando extracción de información del post
2025-12-17 00:20:03,787 - INFO - Post ya existente, saltando: URCHIN de Harris Dickinson
2025-12-17 00:20:03,787 - INFO - Comenzando extracción de información del post
2025-12-17 00:20:03,787 - INFO - Post ya existente, saltando: CIUDAD SIN SUEÑO de Guillermo Galoe
2025-12-17 00:20:03,787 - INFO - Comenzando extracción de información del post
2025-12-17 00:20:03,787 - INFO - Post ya existente, saltando: BUGONIA de Yorgos Lanthimos
2025-12-17 00:20:03,787 - INFO - Comenzando extracción de información del post
2025-12-17 00:20:03,787 - INFO - Post ya existente, saltando: SUBSUELO de Fernando Franco
2025-12-17 00:20:03,787 - INFO - Comenzando extracción de información del post
2025-12-17 00:20:03,787 - INFO - Post ya existente, saltando: SIEMPRE ES INVIERNO de David Trueba
2025-12-17 00:20:03,788 - INFO - Comenzando extracción de información del post
2025-12-17 00:20:03,788 - INFO - Post ya existente, saltando: THE MASTERMIND de Kelly Reichardt
2025-12-17 00:20:03,788 - INFO - Proceso completado. Posts nuevos guardados: 0
