2025-07-26 12:07:39,052 - INFO - Iniciando proceso de scraping
2025-07-26 12:07:39,054 - INFO - Posts existentes encontrados: 2420
2025-07-26 12:07:39,054 - INFO - Intentando obtener posts desde: https://ghostintheblog.com/
2025-07-26 12:07:40,387 - INFO - Se encontraron 10 posts
2025-07-26 12:07:40,387 - INFO - Comenzando extracción de información del post
2025-07-26 12:07:40,388 - INFO - Post ya existente, saltando: BREVE HISTORIA DE UNA FAMILIA de Lin Jianjie
2025-07-26 12:07:40,388 - INFO - Comenzando extracción de información del post
2025-07-26 12:07:40,388 - INFO - Post ya existente, saltando: LA MERCANCÍA MÁS PRECIOSA de Michel Hazanavicius
2025-07-26 12:07:40,388 - INFO - Comenzando extracción de información del post
2025-07-26 12:07:40,388 - INFO - Post ya existente, saltando: TRES AMIGAS de Emmanuel Mouret
2025-07-26 12:07:40,388 - INFO - Comenzando extracción de información del post
2025-07-26 12:07:40,388 - INFO - Post ya existente, saltando: BLACK DOG de Guan Hu
2025-07-26 12:07:40,388 - INFO - Comenzando extracción de información del post
2025-07-26 12:07:40,388 - INFO - Post ya existente, saltando: F1: LA PELÍCULA de Joseph Kosinski
2025-07-26 12:07:40,388 - INFO - Comenzando extracción de información del post
2025-07-26 12:07:40,389 - INFO - Post ya existente, saltando: VOLVER A TI de Jeanette Nordahl
2025-07-26 12:07:40,389 - INFO - Comenzando extracción de información del post
2025-07-26 12:07:40,389 - INFO - Post ya existente, saltando: THE LAST SHOWGIRL de Gia Coppola
2025-07-26 12:07:40,389 - INFO - Comenzando extracción de información del post
2025-07-26 12:07:40,389 - INFO - Post ya existente, saltando: JULIETTE EN PRIMAVERA de Blandine Lenoir
2025-07-26 12:07:40,389 - INFO - Comenzando extracción de información del post
2025-07-26 12:07:40,389 - INFO - Post ya existente, saltando: RAMÓN Y RAMÓN de Salvador del Solar
2025-07-26 12:07:40,389 - INFO - Comenzando extracción de información del post
2025-07-26 12:07:40,389 - INFO - Post ya existente, saltando: A LA DERIVA de Jia Zhangke
2025-07-26 12:07:40,389 - INFO - Proceso completado. Posts nuevos guardados: 0
