2025-08-01 20:05:47,374 - INFO - Iniciando proceso de scraping
2025-08-01 20:05:47,376 - INFO - Posts existentes encontrados: 2423
2025-08-01 20:05:47,376 - INFO - Intentando obtener posts desde: https://ghostintheblog.com/
2025-08-01 20:05:48,996 - INFO - Se encontraron 10 posts
2025-08-01 20:05:48,996 - INFO - Comenzando extracción de información del post
2025-08-01 20:05:48,996 - INFO - Título del post: BAJA POR PATERNIDAD de Alissa Jung
2025-08-01 20:05:48,996 - INFO - Fecha del post: 2025-08-01T19:04:54+02:00
2025-08-01 20:05:48,996 - INFO - Obteniendo contenido completo de: https://ghostintheblog.com/2025/08/critica-de-baja-por-paternidad-de-alissa-jung.html
2025-08-01 20:05:50,452 - INFO - Contenido extraído y estructurado (4528 caracteres)
2025-08-01 20:05:50,453 - INFO - Guardando post en: posts/BAJA_POR_PATERNIDAD_2025-08-01.json
2025-08-01 20:05:50,453 - INFO - Post guardado exitosamente
2025-08-01 20:05:50,453 - INFO - Actualizando índice de películas
2025-08-01 20:05:50,453 - INFO - Archivo de índice: /home/runner/work/scrapingcines/scrapingcines/index.json
2025-08-01 20:05:50,457 - INFO - Índice existente cargado con 2523 películas
2025-08-01 20:05:50,468 - INFO - Película agregada al índice: BAJA POR PATERNIDAD
2025-08-01 20:05:50,468 - INFO - Nuevo post guardado: BAJA POR PATERNIDAD de Alissa Jung
2025-08-01 20:05:50,468 - INFO - Comenzando extracción de información del post
2025-08-01 20:05:50,469 - INFO - Título del post: LEER «LOLITA» EN TEHERÁN de Eran Riklis
2025-08-01 20:05:50,469 - INFO - Fecha del post: 2025-08-01T19:04:28+02:00
2025-08-01 20:05:50,469 - INFO - Obteniendo contenido completo de: https://ghostintheblog.com/2025/08/critica-de-leer-lolita-en-teheran-de-eran-riklis.html
2025-08-01 20:05:51,921 - INFO - Contenido extraído y estructurado (2650 caracteres)
2025-08-01 20:05:51,921 - INFO - Guardando post en: posts/LEER_«LOLITA»_EN_TEHERÁN_2025-08-01.json
2025-08-01 20:05:51,921 - INFO - Post guardado exitosamente
2025-08-01 20:05:51,921 - INFO - Actualizando índice de películas
2025-08-01 20:05:51,921 - INFO - Archivo de índice: /home/runner/work/scrapingcines/scrapingcines/index.json
2025-08-01 20:05:51,925 - INFO - Índice existente cargado con 2524 películas
2025-08-01 20:05:51,936 - INFO - Película agregada al índice: LEER «LOLITA» EN TEHERÁN
2025-08-01 20:05:51,936 - INFO - Nuevo post guardado: LEER «LOLITA» EN TEHERÁN de Eran Riklis
2025-08-01 20:05:51,936 - INFO - Comenzando extracción de información del post
2025-08-01 20:05:51,937 - INFO - Título del post: CONDENADOS de Gustav Möller
2025-08-01 20:05:51,937 - INFO - Fecha del post: 2025-08-01T18:55:25+02:00
2025-08-01 20:05:51,937 - INFO - Obteniendo contenido completo de: https://ghostintheblog.com/2025/08/critica-de-condenados-de-gustav-moller.html
2025-08-01 20:05:53,373 - INFO - Contenido extraído y estructurado (2735 caracteres)
2025-08-01 20:05:53,373 - INFO - Guardando post en: posts/CONDENADOS_2025-08-01.json
2025-08-01 20:05:53,373 - INFO - Post guardado exitosamente
2025-08-01 20:05:53,373 - INFO - Actualizando índice de películas
2025-08-01 20:05:53,373 - INFO - Archivo de índice: /home/runner/work/scrapingcines/scrapingcines/index.json
2025-08-01 20:05:53,377 - INFO - Índice existente cargado con 2525 películas
2025-08-01 20:05:53,388 - INFO - Película agregada al índice: CONDENADOS
2025-08-01 20:05:53,388 - INFO - Nuevo post guardado: CONDENADOS de Gustav Möller
2025-08-01 20:05:53,388 - INFO - Comenzando extracción de información del post
2025-08-01 20:05:53,388 - INFO - Post ya existente, saltando: UN «LIKE» DE BOB TREVINO de Tracie Laymon
2025-08-01 20:05:53,389 - INFO - Comenzando extracción de información del post
2025-08-01 20:05:53,389 - INFO - Post ya existente, saltando: PORCO ROSSO de Hayao Miyazaki
2025-08-01 20:05:53,389 - INFO - Comenzando extracción de información del post
2025-08-01 20:05:53,389 - INFO - Post ya existente, saltando: SUPERMAN de James Gunn
2025-08-01 20:05:53,389 - INFO - Comenzando extracción de información del post
2025-08-01 20:05:53,389 - INFO - Post ya existente, saltando: BREVE HISTORIA DE UNA FAMILIA de Lin Jianjie
2025-08-01 20:05:53,389 - INFO - Comenzando extracción de información del post
2025-08-01 20:05:53,389 - INFO - Post ya existente, saltando: LA MERCANCÍA MÁS PRECIOSA de Michel Hazanavicius
2025-08-01 20:05:53,389 - INFO - Comenzando extracción de información del post
2025-08-01 20:05:53,390 - INFO - Post ya existente, saltando: TRES AMIGAS de Emmanuel Mouret
2025-08-01 20:05:53,390 - INFO - Comenzando extracción de información del post
2025-08-01 20:05:53,390 - INFO - Post ya existente, saltando: BLACK DOG de Guan Hu
2025-08-01 20:05:53,390 - INFO - Proceso completado. Posts nuevos guardados: 3
