2026-01-19 12:10:54,237 - INFO - Iniciando proceso de scraping
2026-01-19 12:10:54,240 - INFO - Posts existentes encontrados: 2497
2026-01-19 12:10:54,240 - INFO - Intentando obtener posts desde: https://ghostintheblog.com/
2026-01-19 12:10:56,515 - INFO - Se encontraron 10 posts
2026-01-19 12:10:56,516 - INFO - Comenzando extracción de información del post
2026-01-19 12:10:56,517 - INFO - Post ya existente, saltando: NOUVELLE VAGUE de Richard Linklater
2026-01-19 12:10:56,517 - INFO - Comenzando extracción de información del post
2026-01-19 12:10:56,517 - INFO - Post ya existente, saltando: RENTAL FAMILY de Hikari
2026-01-19 12:10:56,517 - INFO - Comenzando extracción de información del post
2026-01-19 12:10:56,517 - INFO - Post ya existente, saltando: TURNO DE GUARDIA de Petra Biondina Volpe
2026-01-19 12:10:56,517 - INFO - Comenzando extracción de información del post
2026-01-19 12:10:56,517 - INFO - Post ya existente, saltando: LA ASISTENTA de Rebecca Sonnenshine
2026-01-19 12:10:56,518 - INFO - Comenzando extracción de información del post
2026-01-19 12:10:56,518 - INFO - Post ya existente, saltando: RONDALLAS de Daniel Sánchez Arévalo
2026-01-19 12:10:56,518 - INFO - Comenzando extracción de información del post
2026-01-19 12:10:56,518 - INFO - Post ya existente, saltando: EL MÉDICO 2 de Philipp Stölzl
2026-01-19 12:10:56,518 - INFO - Comenzando extracción de información del post
2026-01-19 12:10:56,518 - INFO - Post ya existente, saltando: AVATAR: FUEGO Y CENIZAS de James Cameron
2026-01-19 12:10:56,518 - INFO - Comenzando extracción de información del post
2026-01-19 12:10:56,518 - INFO - Post ya existente, saltando: HOMO ARGENTUM de Mariano Cohn y Gastón Duprat
2026-01-19 12:10:56,518 - INFO - Comenzando extracción de información del post
2026-01-19 12:10:56,519 - INFO - Post ya existente, saltando: ZODIAC KILLER PROJECT de Charlie Shackleton
2026-01-19 12:10:56,519 - INFO - Comenzando extracción de información del post
2026-01-19 12:10:56,519 - INFO - Post ya existente, saltando: FATHER MOTHER SISTER BROTHER de Jim Jarmusch
2026-01-19 12:10:56,519 - INFO - Proceso completado. Posts nuevos guardados: 0
