2025-03-15 17:07:21,906 - INFO - Iniciando proceso de scraping
2025-03-15 17:07:21,906 - INFO - Posts existentes encontrados: 0
2025-03-15 17:07:21,906 - INFO - Intentando obtener posts desde: https://ghostintheblog.com/
2025-03-15 17:07:23,861 - INFO - Se encontraron 10 posts
2025-03-15 17:07:23,861 - INFO - Comenzando extracción de información del post
2025-03-15 17:07:23,862 - INFO - Título del post: TARDES DE SOLEDAD de Albert Serra
2025-03-15 17:07:23,862 - INFO - Fecha del post: 2025-03-15T00:23:46+01:00
2025-03-15 17:07:23,862 - INFO - Obteniendo contenido completo de: https://ghostintheblog.com/2025/03/tardes-de-soledad-albert-serra-toreo-tauromaquia.html
2025-03-15 17:07:25,436 - INFO - Contenido extraído y estructurado (4810 caracteres)
2025-03-15 17:07:25,437 - INFO - Guardando post en: posts/TARDES_DE_SOLEDAD_2025-03-15.json
2025-03-15 17:07:25,437 - INFO - Post guardado exitosamente
2025-03-15 17:07:25,437 - INFO - Actualizando índice de películas
2025-03-15 17:07:25,437 - INFO - Archivo de índice: /home/runner/work/scrapingcines/scrapingcines/index.json
2025-03-15 17:07:25,437 - INFO - Creando nuevo índice
2025-03-15 17:07:25,437 - INFO - Película agregada al índice: TARDES DE SOLEDAD
2025-03-15 17:07:25,437 - INFO - Nuevo post guardado: TARDES DE SOLEDAD de Albert Serra
2025-03-15 17:07:25,437 - INFO - Comenzando extracción de información del post
2025-03-15 17:07:25,438 - INFO - Título del post: MICKEY 17 de Bong Joon-ho
2025-03-15 17:07:25,438 - INFO - Fecha del post: 2025-03-15T00:11:27+01:00
2025-03-15 17:07:25,438 - INFO - Obteniendo contenido completo de: https://ghostintheblog.com/2025/03/mickey-17-bong-joon-ho-prescindibles-y-critica-al-poder.html
2025-03-15 17:07:26,763 - INFO - Contenido extraído y estructurado (2862 caracteres)
2025-03-15 17:07:26,763 - INFO - Guardando post en: posts/MICKEY_17_2025-03-15.json
2025-03-15 17:07:26,763 - INFO - Post guardado exitosamente
2025-03-15 17:07:26,763 - INFO - Actualizando índice de películas
2025-03-15 17:07:26,763 - INFO - Archivo de índice: /home/runner/work/scrapingcines/scrapingcines/index.json
2025-03-15 17:07:26,764 - INFO - Índice existente cargado con 1 películas
2025-03-15 17:07:26,764 - INFO - Película agregada al índice: MICKEY 17
2025-03-15 17:07:26,764 - INFO - Nuevo post guardado: MICKEY 17 de Bong Joon-ho
2025-03-15 17:07:26,764 - INFO - Comenzando extracción de información del post
2025-03-15 17:07:26,764 - INFO - Título del post: LEE MILLER de Ellen Kuras
2025-03-15 17:07:26,764 - INFO - Fecha del post: 2025-03-14T23:52:25+01:00
2025-03-15 17:07:26,764 - INFO - Obteniendo contenido completo de: https://ghostintheblog.com/2025/03/lee-la-pelicula-de-ellen-kuras-un-retrato-frio-y-sin-alma.html
2025-03-15 17:07:28,088 - INFO - Contenido extraído y estructurado (2616 caracteres)
2025-03-15 17:07:28,088 - INFO - Guardando post en: posts/LEE_MILLER_2025-03-14.json
2025-03-15 17:07:28,088 - INFO - Post guardado exitosamente
2025-03-15 17:07:28,088 - INFO - Actualizando índice de películas
2025-03-15 17:07:28,088 - INFO - Archivo de índice: /home/runner/work/scrapingcines/scrapingcines/index.json
2025-03-15 17:07:28,089 - INFO - Índice existente cargado con 2 películas
2025-03-15 17:07:28,089 - INFO - Película agregada al índice: LEE MILLER
2025-03-15 17:07:28,089 - INFO - Nuevo post guardado: LEE MILLER de Ellen Kuras
2025-03-15 17:07:28,089 - INFO - Comenzando extracción de información del post
2025-03-15 17:07:28,089 - INFO - Título del post: GRAND TOUR de Miguel Gomes
2025-03-15 17:07:28,089 - INFO - Fecha del post: 2025-03-09T01:07:10+01:00
2025-03-15 17:07:28,089 - INFO - Obteniendo contenido completo de: https://ghostintheblog.com/2025/03/grand-tour-miguel-gomes-cine-viaje-sombras.html
2025-03-15 17:07:29,425 - INFO - Contenido extraído y estructurado (4776 caracteres)
2025-03-15 17:07:29,425 - INFO - Guardando post en: posts/GRAND_TOUR_2025-03-09.json
2025-03-15 17:07:29,425 - INFO - Post guardado exitosamente
2025-03-15 17:07:29,425 - INFO - Actualizando índice de películas
2025-03-15 17:07:29,426 - INFO - Archivo de índice: /home/runner/work/scrapingcines/scrapingcines/index.json
2025-03-15 17:07:29,426 - INFO - Índice existente cargado con 3 películas
2025-03-15 17:07:29,426 - INFO - Película agregada al índice: GRAND TOUR
2025-03-15 17:07:29,426 - INFO - Nuevo post guardado: GRAND TOUR de Miguel Gomes
2025-03-15 17:07:29,426 - INFO - Comenzando extracción de información del post
2025-03-15 17:07:29,426 - INFO - Título del post: A COMPLETE UNKNOWN de James Mangold
2025-03-15 17:07:29,426 - INFO - Fecha del post: 2025-03-09T00:51:50+01:00
2025-03-15 17:07:29,427 - INFO - Obteniendo contenido completo de: https://ghostintheblog.com/2025/03/a-complete-unknown-mangold-dylan-cine.html
2025-03-15 17:07:30,714 - INFO - Contenido extraído y estructurado (2678 caracteres)
2025-03-15 17:07:30,715 - INFO - Guardando post en: posts/A_COMPLETE_UNKNOWN_2025-03-09.json
2025-03-15 17:07:30,715 - INFO - Post guardado exitosamente
2025-03-15 17:07:30,715 - INFO - Actualizando índice de películas
2025-03-15 17:07:30,715 - INFO - Archivo de índice: /home/runner/work/scrapingcines/scrapingcines/index.json
2025-03-15 17:07:30,715 - INFO - Índice existente cargado con 4 películas
2025-03-15 17:07:30,716 - INFO - Película agregada al índice: A COMPLETE UNKNOWN
2025-03-15 17:07:30,716 - INFO - Nuevo post guardado: A COMPLETE UNKNOWN de James Mangold
2025-03-15 17:07:30,716 - INFO - Comenzando extracción de información del post
2025-03-15 17:07:30,716 - INFO - Título del post: MI ÚNICA FAMILIA de Mike Leigh
2025-03-15 17:07:30,716 - INFO - Fecha del post: 2025-03-09T00:29:20+01:00
2025-03-15 17:07:30,716 - INFO - Obteniendo contenido completo de: https://ghostintheblog.com/2025/03/mi-unica-familia-mike-leigh-realismo-depresion-narrativa-claustrofobica.html
2025-03-15 17:07:32,045 - INFO - Contenido extraído y estructurado (2684 caracteres)
2025-03-15 17:07:32,045 - INFO - Guardando post en: posts/MI_ÚNICA_FAMILIA_2025-03-09.json
2025-03-15 17:07:32,045 - INFO - Post guardado exitosamente
2025-03-15 17:07:32,045 - INFO - Actualizando índice de películas
2025-03-15 17:07:32,045 - INFO - Archivo de índice: /home/runner/work/scrapingcines/scrapingcines/index.json
2025-03-15 17:07:32,046 - INFO - Índice existente cargado con 5 películas
2025-03-15 17:07:32,046 - INFO - Película agregada al índice: MI ÚNICA FAMILIA
2025-03-15 17:07:32,046 - INFO - Nuevo post guardado: MI ÚNICA FAMILIA de Mike Leigh
2025-03-15 17:07:32,046 - INFO - Comenzando extracción de información del post
2025-03-15 17:07:32,046 - INFO - Título del post: LOS OSCAR 2025
2025-03-15 17:07:32,046 - INFO - Fecha del post: 2025-03-04T09:39:04+01:00
2025-03-15 17:07:32,046 - WARNING - No se pudo extraer director del título: LOS OSCAR 2025
2025-03-15 17:07:32,047 - INFO - Obteniendo contenido completo de: https://ghostintheblog.com/2025/03/ganadores-oscar-2025-critica.html
2025-03-15 17:07:33,346 - WARNING - No se encontró 'Título Original' en el contenido
2025-03-15 17:07:33,346 - INFO - Usando contenido completo como respaldo
2025-03-15 17:07:33,346 - INFO - Guardando post en: posts/LOS_OSCAR_2025_2025-03-04.json
2025-03-15 17:07:33,347 - INFO - Post guardado exitosamente
2025-03-15 17:07:33,347 - INFO - Actualizando índice de películas
2025-03-15 17:07:33,347 - INFO - Archivo de índice: /home/runner/work/scrapingcines/scrapingcines/index.json
2025-03-15 17:07:33,347 - INFO - Índice existente cargado con 6 películas
2025-03-15 17:07:33,347 - INFO - Película agregada al índice: LOS OSCAR 2025
2025-03-15 17:07:33,348 - INFO - Nuevo post guardado: LOS OSCAR 2025
2025-03-15 17:07:33,348 - INFO - Comenzando extracción de información del post
2025-03-15 17:07:33,348 - INFO - Título del post: NOSOTROS de Helena Taberna
2025-03-15 17:07:33,348 - INFO - Fecha del post: 2025-03-02T00:02:52+01:00
2025-03-15 17:07:33,348 - INFO - Obteniendo contenido completo de: https://ghostintheblog.com/2025/03/nosotros-de-helena-taberna.html
2025-03-15 17:07:34,661 - INFO - Contenido extraído y estructurado (4766 caracteres)
2025-03-15 17:07:34,662 - INFO - Guardando post en: posts/NOSOTROS_2025-03-02.json
2025-03-15 17:07:34,662 - INFO - Post guardado exitosamente
2025-03-15 17:07:34,662 - INFO - Actualizando índice de películas
2025-03-15 17:07:34,662 - INFO - Archivo de índice: /home/runner/work/scrapingcines/scrapingcines/index.json
2025-03-15 17:07:34,662 - INFO - Índice existente cargado con 7 películas
2025-03-15 17:07:34,663 - INFO - Película agregada al índice: NOSOTROS
2025-03-15 17:07:34,663 - INFO - Nuevo post guardado: NOSOTROS de Helena Taberna
2025-03-15 17:07:34,663 - INFO - Comenzando extracción de información del post
2025-03-15 17:07:34,663 - INFO - Título del post: AÚN ESTOY AQUÍ
2025-03-15 17:07:34,663 - INFO - Fecha del post: 2025-03-01T11:13:30+01:00
2025-03-15 17:07:34,663 - WARNING - No se pudo extraer director del título: AÚN ESTOY AQUÍ
2025-03-15 17:07:34,663 - INFO - Obteniendo contenido completo de: https://ghostintheblog.com/2025/03/ainda-estou-aqui-walter-salles-2024.html
2025-03-15 17:07:36,206 - INFO - Contenido extraído y estructurado (2658 caracteres)
2025-03-15 17:07:36,207 - INFO - Guardando post en: posts/AÚN_ESTOY_AQUÍ_2025-03-01.json
2025-03-15 17:07:36,207 - INFO - Post guardado exitosamente
2025-03-15 17:07:36,207 - INFO - Actualizando índice de películas
2025-03-15 17:07:36,207 - INFO - Archivo de índice: /home/runner/work/scrapingcines/scrapingcines/index.json
2025-03-15 17:07:36,207 - INFO - Índice existente cargado con 8 películas
2025-03-15 17:07:36,207 - INFO - Película agregada al índice: AÚN ESTOY AQUÍ
2025-03-15 17:07:36,208 - INFO - Nuevo post guardado: AÚN ESTOY AQUÍ
2025-03-15 17:07:36,208 - INFO - Comenzando extracción de información del post
2025-03-15 17:07:36,208 - INFO - Título del post: LA ÚLTIMA REINA de Karim Aïnouz
2025-03-15 17:07:36,208 - INFO - Fecha del post: 2025-03-01T11:05:31+01:00
2025-03-15 17:07:36,208 - INFO - Obteniendo contenido completo de: https://ghostintheblog.com/2025/03/firebrand-catalina-parr-karim-ainouz.html
2025-03-15 17:07:37,512 - INFO - Contenido extraído y estructurado (2698 caracteres)
2025-03-15 17:07:37,513 - INFO - Guardando post en: posts/LA_ÚLTIMA_REINA_2025-03-01.json
2025-03-15 17:07:37,513 - INFO - Post guardado exitosamente
2025-03-15 17:07:37,513 - INFO - Actualizando índice de películas
2025-03-15 17:07:37,513 - INFO - Archivo de índice: /home/runner/work/scrapingcines/scrapingcines/index.json
2025-03-15 17:07:37,513 - INFO - Índice existente cargado con 9 películas
2025-03-15 17:07:37,513 - INFO - Película agregada al índice: LA ÚLTIMA REINA
2025-03-15 17:07:37,513 - INFO - Nuevo post guardado: LA ÚLTIMA REINA de Karim Aïnouz
2025-03-15 17:07:37,514 - INFO - Proceso completado. Posts nuevos guardados: 10
