2025-05-02 20:06:04,097 - INFO - Iniciando proceso de scraping
2025-05-02 20:06:04,099 - INFO - Posts existentes encontrados: 2389
2025-05-02 20:06:04,099 - INFO - Intentando obtener posts desde: https://ghostintheblog.com/
2025-05-02 20:06:06,698 - INFO - Se encontraron 10 posts
2025-05-02 20:06:06,698 - INFO - Comenzando extracción de información del post
2025-05-02 20:06:06,698 - INFO - Título del post: LA BUENA LETRA de Celia Rico Clavellino
2025-05-02 20:06:06,698 - INFO - Fecha del post: 2025-05-02T19:30:00+02:00
2025-05-02 20:06:06,698 - INFO - Obteniendo contenido completo de: https://ghostintheblog.com/2025/05/la-buena-letra-de-celia-rico-clavellino.html
2025-05-02 20:06:08,314 - INFO - Contenido extraído y estructurado (4588 caracteres)
2025-05-02 20:06:08,315 - INFO - Guardando post en: posts/LA_BUENA_LETRA_2025-05-02.json
2025-05-02 20:06:08,315 - INFO - Post guardado exitosamente
2025-05-02 20:06:08,315 - INFO - Actualizando índice de películas
2025-05-02 20:06:08,315 - INFO - Archivo de índice: /home/runner/work/scrapingcines/scrapingcines/index.json
2025-05-02 20:06:08,319 - INFO - Índice existente cargado con 2487 películas
2025-05-02 20:06:08,333 - INFO - Película agregada al índice: LA BUENA LETRA
2025-05-02 20:06:08,333 - INFO - Nuevo post guardado: LA BUENA LETRA de Celia Rico Clavellino
2025-05-02 20:06:08,333 - INFO - Comenzando extracción de información del post
2025-05-02 20:06:08,334 - INFO - Título del post: SUJO de Fernanda Valadez, Astrid Rondero
2025-05-02 20:06:08,334 - INFO - Fecha del post: 2025-05-02T18:40:00+02:00
2025-05-02 20:06:08,334 - INFO - Obteniendo contenido completo de: https://ghostintheblog.com/2025/05/sujo-poesia-en-tierra-de-sicarios.html
2025-05-02 20:06:09,738 - INFO - Contenido extraído y estructurado (2792 caracteres)
2025-05-02 20:06:09,739 - INFO - Guardando post en: posts/SUJO_2025-05-02.json
2025-05-02 20:06:09,739 - INFO - Post guardado exitosamente
2025-05-02 20:06:09,739 - INFO - Actualizando índice de películas
2025-05-02 20:06:09,739 - INFO - Archivo de índice: /home/runner/work/scrapingcines/scrapingcines/index.json
2025-05-02 20:06:09,743 - INFO - Índice existente cargado con 2488 películas
2025-05-02 20:06:09,757 - INFO - Película agregada al índice: SUJO
2025-05-02 20:06:09,757 - INFO - Nuevo post guardado: SUJO de Fernanda Valadez, Astrid Rondero
2025-05-02 20:06:09,757 - INFO - Comenzando extracción de información del post
2025-05-02 20:06:09,758 - INFO - Título del post: LA ISLA DE LOS FAISANES de Asier Urbieta
2025-05-02 20:06:09,758 - INFO - Fecha del post: 2025-05-02T18:30:00+02:00
2025-05-02 20:06:09,758 - INFO - Obteniendo contenido completo de: https://ghostintheblog.com/2025/05/la-isla-de-los-faisanes-asier-urbieta-intenciones-firmes-resultados-desiguales.html
2025-05-02 20:06:11,433 - INFO - Contenido extraído y estructurado (2964 caracteres)
2025-05-02 20:06:11,433 - INFO - Guardando post en: posts/LA_ISLA_DE_LOS_FAISANES_2025-05-02.json
2025-05-02 20:06:11,433 - INFO - Post guardado exitosamente
2025-05-02 20:06:11,433 - INFO - Actualizando índice de películas
2025-05-02 20:06:11,434 - INFO - Archivo de índice: /home/runner/work/scrapingcines/scrapingcines/index.json
2025-05-02 20:06:11,437 - INFO - Índice existente cargado con 2489 películas
2025-05-02 20:06:11,451 - INFO - Película agregada al índice: LA ISLA DE LOS FAISANES
2025-05-02 20:06:11,452 - INFO - Nuevo post guardado: LA ISLA DE LOS FAISANES de Asier Urbieta
2025-05-02 20:06:11,452 - INFO - Comenzando extracción de información del post
2025-05-02 20:06:11,452 - INFO - Post ya existente, saltando: THE END de Joshua Oppenheimer
2025-05-02 20:06:11,452 - INFO - Comenzando extracción de información del post
2025-05-02 20:06:11,452 - INFO - Post ya existente, saltando: EL ÚLTIMO SUSPIRO de Costa-Gavras
2025-05-02 20:06:11,452 - INFO - Comenzando extracción de información del post
2025-05-02 20:06:11,453 - INFO - Post ya existente, saltando: EL CASOPLÓN de Joaquín Mazón
2025-05-02 20:06:11,453 - INFO - Comenzando extracción de información del post
2025-05-02 20:06:11,453 - INFO - Post ya existente, saltando: LA VIAJERA de Hong Sangsoo
2025-05-02 20:06:11,453 - INFO - Comenzando extracción de información del post
2025-05-02 20:06:11,453 - INFO - Post ya existente, saltando: AMATEUR de James Hawes
2025-05-02 20:06:11,453 - INFO - Comenzando extracción de información del post
2025-05-02 20:06:11,453 - INFO - Post ya existente, saltando: MUY LEJOS de Gerard Oms
2025-05-02 20:06:11,453 - INFO - Comenzando extracción de información del post
2025-05-02 20:06:11,454 - INFO - Post ya existente, saltando: LA NIÑA DE LA CABRA de Ana Asensio
2025-05-02 20:06:11,454 - INFO - Proceso completado. Posts nuevos guardados: 3
