2025-07-01 12:08:43,374 - INFO - Iniciando proceso de scraping
2025-07-01 12:08:43,376 - INFO - Posts existentes encontrados: 2414
2025-07-01 12:08:43,376 - INFO - Intentando obtener posts desde: https://ghostintheblog.com/
2025-07-01 12:08:45,630 - INFO - Se encontraron 10 posts
2025-07-01 12:08:45,630 - INFO - Comenzando extracción de información del post
2025-07-01 12:08:45,631 - INFO - Post ya existente, saltando: THE LAST SHOWGIRL de Gia Coppola
2025-07-01 12:08:45,631 - INFO - Comenzando extracción de información del post
2025-07-01 12:08:45,631 - INFO - Post ya existente, saltando: JULIETTE EN PRIMAVERA de Blandine Lenoir
2025-07-01 12:08:45,631 - INFO - Comenzando extracción de información del post
2025-07-01 12:08:45,631 - INFO - Post ya existente, saltando: RAMÓN Y RAMÓN de Salvador del Solar
2025-07-01 12:08:45,631 - INFO - Comenzando extracción de información del post
2025-07-01 12:08:45,631 - INFO - Post ya existente, saltando: A LA DERIVA de Jia Zhangke
2025-07-01 12:08:45,631 - INFO - Comenzando extracción de información del post
2025-07-01 12:08:45,631 - INFO - Post ya existente, saltando: VOTEMOS de Santiago Requejo
2025-07-01 12:08:45,632 - INFO - Comenzando extracción de información del post
2025-07-01 12:08:45,632 - INFO - Post ya existente, saltando: TRES KILÓMETROS AL FIN DEL MUNDO de Emanuel Pârvu
2025-07-01 12:08:45,632 - INFO - Comenzando extracción de información del post
2025-07-01 12:08:45,632 - INFO - Post ya existente, saltando: TODO SALDRÁ BIEN de Ray Yeung
2025-07-01 12:08:45,632 - INFO - Comenzando extracción de información del post
2025-07-01 12:08:45,632 - INFO - Post ya existente, saltando: CUATRO PAREDES de Ibon Cormenzana
2025-07-01 12:08:45,632 - INFO - Comenzando extracción de información del post
2025-07-01 12:08:45,632 - INFO - Post ya existente, saltando: LA BUENA SUERTE de Gracia Querejeta
2025-07-01 12:08:45,632 - INFO - Comenzando extracción de información del post
2025-07-01 12:08:45,632 - INFO - Post ya existente, saltando: SIRAT de Oliver Laxe
2025-07-01 12:08:45,633 - INFO - Proceso completado. Posts nuevos guardados: 0
