2026-06-13 22:21:37,885 - INFO - Iniciando proceso de scraping
2026-06-13 22:21:37,888 - INFO - Posts existentes encontrados: 2559
2026-06-13 22:21:37,888 - INFO - Intentando obtener posts desde: https://ghostintheblog.com/
2026-06-13 22:21:40,830 - INFO - Se encontraron 10 posts
2026-06-13 22:21:40,831 - INFO - Comenzando extracción de información del post
2026-06-13 22:21:40,832 - INFO - Título del post: ELEONORA DUSE, LA DIVINA de Pietro Marcello
2026-06-13 22:21:40,832 - INFO - Fecha del post: 2026-06-14T00:00:29+02:00
2026-06-13 22:21:40,832 - INFO - Obteniendo contenido completo de: https://ghostintheblog.com/critica-eleonora-duse-la-divina/
2026-06-13 22:21:42,180 - INFO - Contenido extraído y estructurado (4789 caracteres)
2026-06-13 22:21:42,181 - INFO - Guardando post en: posts/ELEONORA_DUSE,_LA_DIVINA_2026-06-14.json
2026-06-13 22:21:42,182 - INFO - Post guardado exitosamente
2026-06-13 22:21:42,182 - INFO - Actualizando índice de películas
2026-06-13 22:21:42,182 - INFO - Archivo de índice: /home/runner/work/scrapingcines/scrapingcines/index.json
2026-06-13 22:21:42,186 - INFO - Índice existente cargado con 2657 películas
2026-06-13 22:21:42,198 - INFO - Película agregada al índice: ELEONORA DUSE, LA DIVINA
2026-06-13 22:21:42,198 - INFO - Nuevo post guardado: ELEONORA DUSE, LA DIVINA de Pietro Marcello
2026-06-13 22:21:42,198 - INFO - Comenzando extracción de información del post
2026-06-13 22:21:42,199 - INFO - Título del post: SOLOMAMMA de Janicke Askevold
2026-06-13 22:21:42,199 - INFO - Fecha del post: 2026-06-13T23:59:37+02:00
2026-06-13 22:21:42,199 - INFO - Obteniendo contenido completo de: https://ghostintheblog.com/critica-solomamma-janicke-askevold/
2026-06-13 22:21:43,586 - INFO - Contenido extraído y estructurado (2759 caracteres)
2026-06-13 22:21:43,588 - INFO - Guardando post en: posts/SOLOMAMMA_2026-06-13.json
2026-06-13 22:21:43,588 - INFO - Post guardado exitosamente
2026-06-13 22:21:43,588 - INFO - Actualizando índice de películas
2026-06-13 22:21:43,588 - INFO - Archivo de índice: /home/runner/work/scrapingcines/scrapingcines/index.json
2026-06-13 22:21:43,592 - INFO - Índice existente cargado con 2658 películas
2026-06-13 22:21:43,604 - INFO - Película agregada al índice: SOLOMAMMA
2026-06-13 22:21:43,605 - INFO - Nuevo post guardado: SOLOMAMMA de Janicke Askevold
2026-06-13 22:21:43,605 - INFO - Comenzando extracción de información del post
2026-06-13 22:21:43,605 - INFO - Título del post: LA LUZ de Fernando Franco
2026-06-13 22:21:43,605 - INFO - Fecha del post: 2026-06-13T23:51:07+02:00
2026-06-13 22:21:43,605 - INFO - Obteniendo contenido completo de: https://ghostintheblog.com/critica-la-luz-fernando-franco/
2026-06-13 22:21:44,934 - INFO - Contenido extraído y estructurado (2664 caracteres)
2026-06-13 22:21:44,935 - INFO - Guardando post en: posts/LA_LUZ_2026-06-13.json
2026-06-13 22:21:44,935 - INFO - Post guardado exitosamente
2026-06-13 22:21:44,936 - INFO - Actualizando índice de películas
2026-06-13 22:21:44,936 - INFO - Archivo de índice: /home/runner/work/scrapingcines/scrapingcines/index.json
2026-06-13 22:21:44,950 - INFO - Índice existente cargado con 2659 películas
2026-06-13 22:21:44,962 - INFO - Película agregada al índice: LA LUZ
2026-06-13 22:21:44,962 - INFO - Nuevo post guardado: LA LUZ de Fernando Franco
2026-06-13 22:21:44,963 - INFO - Comenzando extracción de información del post
2026-06-13 22:21:44,963 - INFO - Post ya existente, saltando: EL DRAMA de Kristoffer Borgli
2026-06-13 22:21:44,963 - INFO - Comenzando extracción de información del post
2026-06-13 22:21:44,963 - INFO - Post ya existente, saltando: ¿QUÉ TE DICE ESA NATURALEZA? de Hong Sang-soo
2026-06-13 22:21:44,963 - INFO - Comenzando extracción de información del post
2026-06-13 22:21:44,963 - INFO - Post ya existente, saltando: LA IRONÍA DEL AMOR de Chandler Levack
2026-06-13 22:21:44,963 - INFO - Comenzando extracción de información del post
2026-06-13 22:21:44,963 - INFO - Post ya existente, saltando: UN MUNDO FRÁGIL Y MARAVILLOSO de Cyril Aris
2026-06-13 22:21:44,963 - INFO - Comenzando extracción de información del post
2026-06-13 22:21:44,964 - INFO - Post ya existente, saltando: ASESINATO EN LA 3ª PLANTA de Rémi Bezançon
2026-06-13 22:21:44,964 - INFO - Comenzando extracción de información del post
2026-06-13 22:21:44,964 - INFO - Post ya existente, saltando: A LA CARA de Javier Marco
2026-06-13 22:21:44,964 - INFO - Comenzando extracción de información del post
2026-06-13 22:21:44,964 - INFO - Post ya existente, saltando: LOVE ME TENDER de  Anna Cazenave Cambet
2026-06-13 22:21:44,964 - INFO - Proceso completado. Posts nuevos guardados: 3
