2025-10-06 16:07:38,895 - INFO - Iniciando proceso de scraping
2025-10-06 16:07:38,897 - INFO - Posts existentes encontrados: 2446
2025-10-06 16:07:38,897 - INFO - Intentando obtener posts desde: https://ghostintheblog.com/
2025-10-06 16:07:40,506 - INFO - Se encontraron 10 posts
2025-10-06 16:07:40,507 - INFO - Comenzando extracción de información del post
2025-10-06 16:07:40,507 - INFO - Post ya existente, saltando: EL CAUTIVO de Alejandro Amenábar
2025-10-06 16:07:40,507 - INFO - Comenzando extracción de información del post
2025-10-06 16:07:40,507 - INFO - Post ya existente, saltando: EDDINGTON de Ari Aster
2025-10-06 16:07:40,507 - INFO - Comenzando extracción de información del post
2025-10-06 16:07:40,507 - INFO - Post ya existente, saltando: JONE, A VECES de Sara Fantoya
2025-10-06 16:07:40,508 - INFO - Comenzando extracción de información del post
2025-10-06 16:07:40,508 - INFO - Post ya existente, saltando: LA LEY DE JENNY PEN de James Ashcroft
2025-10-06 16:07:40,508 - INFO - Comenzando extracción de información del post
2025-10-06 16:07:40,508 - INFO - Post ya existente, saltando: APRIL de Dea Kulumbegashvilis
2025-10-06 16:07:40,508 - INFO - Comenzando extracción de información del post
2025-10-06 16:07:40,508 - INFO - Post ya existente, saltando: 13 DÍAS, 13 NOCHES de Martin Bourboulon
2025-10-06 16:07:40,508 - INFO - Comenzando extracción de información del post
2025-10-06 16:07:40,508 - INFO - Post ya existente, saltando: ROMERÍA de Carla Simón
2025-10-06 16:07:40,508 - INFO - Comenzando extracción de información del post
2025-10-06 16:07:40,509 - INFO - Post ya existente, saltando: LA TIERRA NEGRA de Alberto Morais
2025-10-06 16:07:40,509 - INFO - Comenzando extracción de información del post
2025-10-06 16:07:40,509 - INFO - Post ya existente, saltando: AMOR EN CUATRO LETRAS de Polly Steele
2025-10-06 16:07:40,509 - INFO - Comenzando extracción de información del post
2025-10-06 16:07:40,509 - INFO - Post ya existente, saltando: EL VOLCÁN de Damian Kocur
2025-10-06 16:07:40,509 - INFO - Proceso completado. Posts nuevos guardados: 0
