2025-04-06 16:05:43,987 - INFO - Iniciando proceso de scraping
2025-04-06 16:05:43,989 - INFO - Posts existentes encontrados: 2380
2025-04-06 16:05:43,989 - INFO - Intentando obtener posts desde: https://ghostintheblog.com/
2025-04-06 16:05:47,239 - INFO - Se encontraron 10 posts
2025-04-06 16:05:47,239 - INFO - Comenzando extracción de información del post
2025-04-06 16:05:47,239 - INFO - Post ya existente, saltando: SORDA de Eva Libertad
2025-04-06 16:05:47,240 - INFO - Comenzando extracción de información del post
2025-04-06 16:05:47,240 - INFO - Post ya existente, saltando: UNA BALLENA de Pablo Hernando Esquisabel
2025-04-06 16:05:47,240 - INFO - Comenzando extracción de información del post
2025-04-06 16:05:47,240 - INFO - Post ya existente, saltando: LA FURIA de Gemma Blasco
2025-04-06 16:05:47,240 - INFO - Comenzando extracción de información del post
2025-04-06 16:05:47,240 - INFO - Post ya existente, saltando: GHOSTLIGHT de Kelly O’Sullivan y Alex Thompson
2025-04-06 16:05:47,240 - INFO - Comenzando extracción de información del post
2025-04-06 16:05:47,241 - INFO - Post ya existente, saltando: 8 de Julio Medem
2025-04-06 16:05:47,241 - INFO - Comenzando extracción de información del post
2025-04-06 16:05:47,241 - INFO - Post ya existente, saltando: LA CHICA DE LA AGUJA de Magnus von Horn
2025-04-06 16:05:47,241 - INFO - Comenzando extracción de información del post
2025-04-06 16:05:47,241 - INFO - Post ya existente, saltando: MISERICORDIA de Alain Guiraudie
2025-04-06 16:05:47,241 - INFO - Comenzando extracción de información del post
2025-04-06 16:05:47,241 - INFO - Post ya existente, saltando: LOS AITAS de Borja Cobeaga
2025-04-06 16:05:47,241 - INFO - Comenzando extracción de información del post
2025-04-06 16:05:47,242 - INFO - Post ya existente, saltando: MORLAIX de Jaime Rosales
2025-04-06 16:05:47,242 - INFO - Comenzando extracción de información del post
2025-04-06 16:05:47,242 - INFO - Post ya existente, saltando: TARDES DE SOLEDAD de Albert Serra
2025-04-06 16:05:47,242 - INFO - Proceso completado. Posts nuevos guardados: 0
