2025-05-12 10:03:19,896 - INFO - Iniciando proceso de scraping
2025-05-12 10:03:19,898 - INFO - Posts existentes encontrados: 2395
2025-05-12 10:03:19,898 - INFO - Intentando obtener posts desde: https://ghostintheblog.com/
2025-05-12 10:03:22,294 - INFO - Se encontraron 10 posts
2025-05-12 10:03:22,294 - INFO - Comenzando extracción de información del post
2025-05-12 10:03:22,294 - INFO - Post ya existente, saltando: PRESUNCIÓN DE INOCENCIA de Daniel Auteuil
2025-05-12 10:03:22,294 - INFO - Comenzando extracción de información del post
2025-05-12 10:03:22,295 - INFO - Post ya existente, saltando: LA HISTORIA DE SOULEYMANE de Boris Lojkine
2025-05-12 10:03:22,295 - INFO - Comenzando extracción de información del post
2025-05-12 10:03:22,295 - INFO - Post ya existente, saltando: ERREPLIKA de Pello Gutiérrez Peñalba
2025-05-12 10:03:22,295 - INFO - Comenzando extracción de información del post
2025-05-12 10:03:22,295 - INFO - Post ya existente, saltando: LA BUENA LETRA de Celia Rico Clavellino
2025-05-12 10:03:22,295 - INFO - Comenzando extracción de información del post
2025-05-12 10:03:22,295 - INFO - Post ya existente, saltando: SUJO de Fernanda Valadez, Astrid Rondero
2025-05-12 10:03:22,295 - INFO - Comenzando extracción de información del post
2025-05-12 10:03:22,296 - INFO - Post ya existente, saltando: LA ISLA DE LOS FAISANES de Asier Urbieta
2025-05-12 10:03:22,296 - INFO - Comenzando extracción de información del post
2025-05-12 10:03:22,296 - INFO - Post ya existente, saltando: THE END de Joshua Oppenheimer
2025-05-12 10:03:22,296 - INFO - Comenzando extracción de información del post
2025-05-12 10:03:22,296 - INFO - Post ya existente, saltando: EL ÚLTIMO SUSPIRO de Costa-Gavras
2025-05-12 10:03:22,296 - INFO - Comenzando extracción de información del post
2025-05-12 10:03:22,296 - INFO - Post ya existente, saltando: EL CASOPLÓN de Joaquín Mazón
2025-05-12 10:03:22,296 - INFO - Comenzando extracción de información del post
2025-05-12 10:03:22,297 - INFO - Post ya existente, saltando: LA VIAJERA de Hong Sangsoo
2025-05-12 10:03:22,297 - INFO - Proceso completado. Posts nuevos guardados: 0
