2025-05-18 12:07:19,230 - INFO - Iniciando proceso de scraping
2025-05-18 12:07:19,232 - INFO - Posts existentes encontrados: 2398
2025-05-18 12:07:19,232 - INFO - Intentando obtener posts desde: https://ghostintheblog.com/
2025-05-18 12:07:21,709 - INFO - Se encontraron 10 posts
2025-05-18 12:07:21,709 - INFO - Comenzando extracción de información del post
2025-05-18 12:07:21,709 - INFO - Post ya existente, saltando: ENEMIGOS de David Valero
2025-05-18 12:07:21,709 - INFO - Comenzando extracción de información del post
2025-05-18 12:07:21,710 - INFO - Post ya existente, saltando: UNA QUINTA PORTUGUESA de Avelina Prat
2025-05-18 12:07:21,710 - INFO - Comenzando extracción de información del post
2025-05-18 12:07:21,710 - INFO - Post ya existente, saltando: LO QUE QUEDA DE TI
2025-05-18 12:07:21,710 - INFO - Comenzando extracción de información del post
2025-05-18 12:07:21,710 - INFO - Post ya existente, saltando: PRESUNCIÓN DE INOCENCIA de Daniel Auteuil
2025-05-18 12:07:21,710 - INFO - Comenzando extracción de información del post
2025-05-18 12:07:21,710 - INFO - Post ya existente, saltando: LA HISTORIA DE SOULEYMANE de Boris Lojkine
2025-05-18 12:07:21,710 - INFO - Comenzando extracción de información del post
2025-05-18 12:07:21,711 - INFO - Post ya existente, saltando: ERREPLIKA de Pello Gutiérrez Peñalba
2025-05-18 12:07:21,711 - INFO - Comenzando extracción de información del post
2025-05-18 12:07:21,711 - INFO - Post ya existente, saltando: LA BUENA LETRA de Celia Rico Clavellino
2025-05-18 12:07:21,711 - INFO - Comenzando extracción de información del post
2025-05-18 12:07:21,711 - INFO - Post ya existente, saltando: SUJO de Fernanda Valadez, Astrid Rondero
2025-05-18 12:07:21,711 - INFO - Comenzando extracción de información del post
2025-05-18 12:07:21,711 - INFO - Post ya existente, saltando: LA ISLA DE LOS FAISANES de Asier Urbieta
2025-05-18 12:07:21,711 - INFO - Comenzando extracción de información del post
2025-05-18 12:07:21,711 - INFO - Post ya existente, saltando: THE END de Joshua Oppenheimer
2025-05-18 12:07:21,711 - INFO - Proceso completado. Posts nuevos guardados: 0
