2026-05-31 20:27:49,789 - INFO - Iniciando proceso de scraping
2026-05-31 20:27:49,791 - INFO - Posts existentes encontrados: 2553
2026-05-31 20:27:49,791 - INFO - Intentando obtener posts desde: https://ghostintheblog.com/
2026-05-31 20:27:51,860 - INFO - Se encontraron 10 posts
2026-05-31 20:27:51,861 - INFO - Comenzando extracción de información del post
2026-05-31 20:27:51,862 - INFO - Post ya existente, saltando: LOVE ME TENDER de  Anna Cazenave Cambet
2026-05-31 20:27:51,862 - INFO - Comenzando extracción de información del post
2026-05-31 20:27:51,862 - INFO - Post ya existente, saltando: PIZZA MOVIES de Carlo Padial
2026-05-31 20:27:51,862 - INFO - Comenzando extracción de información del post
2026-05-31 20:27:51,862 - INFO - Post ya existente, saltando: LA CHICA DEL CORO de Urška Djukić
2026-05-31 20:27:51,862 - INFO - Comenzando extracción de información del post
2026-05-31 20:27:51,863 - INFO - Post ya existente, saltando: YO NO MORIRÉ DE AMOR de Marta Matute
2026-05-31 20:27:51,863 - INFO - Comenzando extracción de información del post
2026-05-31 20:27:51,863 - INFO - Post ya existente, saltando: HANGAR ROJO de Juan Pablo Sallato
2026-05-31 20:27:51,863 - INFO - Comenzando extracción de información del post
2026-05-31 20:27:51,863 - INFO - Post ya existente, saltando: RECREACIÓN DE UN ASESINATO de  Jim Sheridan y David Merriman
2026-05-31 20:27:51,863 - INFO - Comenzando extracción de información del post
2026-05-31 20:27:51,863 - INFO - Post ya existente, saltando: RESURRECTION de Bi Gan
2026-05-31 20:27:51,863 - INFO - Comenzando extracción de información del post
2026-05-31 20:27:51,864 - INFO - Post ya existente, saltando: ALTA COSTURA de Alice Winocour
2026-05-31 20:27:51,864 - INFO - Comenzando extracción de información del post
2026-05-31 20:27:51,864 - INFO - Post ya existente, saltando: LA ISLA DE AMRUM de Fatih Akin
2026-05-31 20:27:51,864 - INFO - Comenzando extracción de información del post
2026-05-31 20:27:51,864 - INFO - Post ya existente, saltando: TODO LO QUE FUIMOS de Cherien Dabis
2026-05-31 20:27:51,864 - INFO - Proceso completado. Posts nuevos guardados: 0
