2025-07-05 10:02:08,243 - INFO - Iniciando proceso de scraping
2025-07-05 10:02:08,245 - INFO - Posts existentes encontrados: 2414
2025-07-05 10:02:08,245 - INFO - Intentando obtener posts desde: https://ghostintheblog.com/
2025-07-05 10:02:10,493 - INFO - Se encontraron 10 posts
2025-07-05 10:02:10,493 - INFO - Comenzando extracción de información del post
2025-07-05 10:02:10,494 - INFO - Título del post: F1: LA PELÍCULA de Joseph Kosinski
2025-07-05 10:02:10,494 - INFO - Fecha del post: 2025-07-05T11:57:11+02:00
2025-07-05 10:02:10,494 - INFO - Obteniendo contenido completo de: https://ghostintheblog.com/2025/07/f1-la-pelicula-de-joseph-kosinski.html
2025-07-05 10:02:11,954 - INFO - Contenido extraído y estructurado (2439 caracteres)
2025-07-05 10:02:11,955 - INFO - Guardando post en: posts/F1:_LA_PELÍCULA_2025-07-05.json
2025-07-05 10:02:11,955 - INFO - Post guardado exitosamente
2025-07-05 10:02:11,955 - INFO - Actualizando índice de películas
2025-07-05 10:02:11,955 - INFO - Archivo de índice: /home/runner/work/scrapingcines/scrapingcines/index.json
2025-07-05 10:02:11,959 - INFO - Índice existente cargado con 2514 películas
2025-07-05 10:02:11,970 - INFO - Película agregada al índice: F1: LA PELÍCULA
2025-07-05 10:02:11,970 - INFO - Nuevo post guardado: F1: LA PELÍCULA de Joseph Kosinski
2025-07-05 10:02:11,970 - INFO - Comenzando extracción de información del post
2025-07-05 10:02:11,970 - INFO - Título del post: VOLVER A TI de Jeanette Nordahl
2025-07-05 10:02:11,971 - INFO - Fecha del post: 2025-07-05T11:46:11+02:00
2025-07-05 10:02:11,971 - INFO - Obteniendo contenido completo de: https://ghostintheblog.com/2025/07/critica-de-volver-a-ti-de-jeanette-nordahl.html
2025-07-05 10:02:13,365 - INFO - Contenido extraído y estructurado (2609 caracteres)
2025-07-05 10:02:13,366 - INFO - Guardando post en: posts/VOLVER_A_TI_2025-07-05.json
2025-07-05 10:02:13,366 - INFO - Post guardado exitosamente
2025-07-05 10:02:13,366 - INFO - Actualizando índice de películas
2025-07-05 10:02:13,366 - INFO - Archivo de índice: /home/runner/work/scrapingcines/scrapingcines/index.json
2025-07-05 10:02:13,370 - INFO - Índice existente cargado con 2515 películas
2025-07-05 10:02:13,381 - INFO - Película agregada al índice: VOLVER A TI
2025-07-05 10:02:13,381 - INFO - Nuevo post guardado: VOLVER A TI de Jeanette Nordahl
2025-07-05 10:02:13,381 - INFO - Comenzando extracción de información del post
2025-07-05 10:02:13,381 - INFO - Post ya existente, saltando: THE LAST SHOWGIRL de Gia Coppola
2025-07-05 10:02:13,381 - INFO - Comenzando extracción de información del post
2025-07-05 10:02:13,382 - INFO - Post ya existente, saltando: JULIETTE EN PRIMAVERA de Blandine Lenoir
2025-07-05 10:02:13,382 - INFO - Comenzando extracción de información del post
2025-07-05 10:02:13,382 - INFO - Post ya existente, saltando: RAMÓN Y RAMÓN de Salvador del Solar
2025-07-05 10:02:13,382 - INFO - Comenzando extracción de información del post
2025-07-05 10:02:13,382 - INFO - Post ya existente, saltando: A LA DERIVA de Jia Zhangke
2025-07-05 10:02:13,382 - INFO - Comenzando extracción de información del post
2025-07-05 10:02:13,382 - INFO - Post ya existente, saltando: VOTEMOS de Santiago Requejo
2025-07-05 10:02:13,382 - INFO - Comenzando extracción de información del post
2025-07-05 10:02:13,382 - INFO - Post ya existente, saltando: TRES KILÓMETROS AL FIN DEL MUNDO de Emanuel Pârvu
2025-07-05 10:02:13,382 - INFO - Comenzando extracción de información del post
2025-07-05 10:02:13,382 - INFO - Post ya existente, saltando: TODO SALDRÁ BIEN de Ray Yeung
2025-07-05 10:02:13,382 - INFO - Comenzando extracción de información del post
2025-07-05 10:02:13,383 - INFO - Post ya existente, saltando: CUATRO PAREDES de Ibon Cormenzana
2025-07-05 10:02:13,383 - INFO - Proceso completado. Posts nuevos guardados: 2
