2025-11-08 22:03:09,239 - INFO - Iniciando proceso de scraping
2025-11-08 22:03:09,241 - INFO - Posts existentes encontrados: 2464
2025-11-08 22:03:09,241 - INFO - Intentando obtener posts desde: https://ghostintheblog.com/
2025-11-08 22:03:11,001 - INFO - Se encontraron 10 posts
2025-11-08 22:03:11,002 - INFO - Comenzando extracción de información del post
2025-11-08 22:03:11,003 - INFO - Título del post: THE MASTERMIND de Kelly Reichardt
2025-11-08 22:03:11,003 - INFO - Fecha del post: 2025-11-08T21:39:11+01:00
2025-11-08 22:03:11,003 - INFO - Obteniendo contenido completo de: https://ghostintheblog.com/2025/11/the-mastermind-de-kelly-reichardt.html
2025-11-08 22:03:12,539 - INFO - Contenido extraído y estructurado (4276 caracteres)
2025-11-08 22:03:12,540 - INFO - Guardando post en: posts/THE_MASTERMIND_2025-11-08.json
2025-11-08 22:03:12,540 - INFO - Post guardado exitosamente
2025-11-08 22:03:12,540 - INFO - Actualizando índice de películas
2025-11-08 22:03:12,540 - INFO - Archivo de índice: /home/runner/work/scrapingcines/scrapingcines/index.json
2025-11-08 22:03:12,544 - INFO - Índice existente cargado con 2565 películas
2025-11-08 22:03:12,556 - INFO - Película agregada al índice: THE MASTERMIND
2025-11-08 22:03:12,556 - INFO - Nuevo post guardado: THE MASTERMIND de Kelly Reichardt
2025-11-08 22:03:12,556 - INFO - Comenzando extracción de información del post
2025-11-08 22:03:12,557 - INFO - Título del post: RECIÉN NACIDAS de Jean-Pierre  y Luc Dardenne
2025-11-08 22:03:12,557 - INFO - Fecha del post: 2025-11-08T21:29:49+01:00
2025-11-08 22:03:12,557 - INFO - Obteniendo contenido completo de: https://ghostintheblog.com/2025/11/critica-de-recien-nacidas-de-jean-pierre-y-luc-dardenne.html
2025-11-08 22:03:13,936 - INFO - Contenido extraído y estructurado (2679 caracteres)
2025-11-08 22:03:13,938 - INFO - Guardando post en: posts/RECIÉN_NACIDAS_2025-11-08.json
2025-11-08 22:03:13,938 - INFO - Post guardado exitosamente
2025-11-08 22:03:13,938 - INFO - Actualizando índice de películas
2025-11-08 22:03:13,938 - INFO - Archivo de índice: /home/runner/work/scrapingcines/scrapingcines/index.json
2025-11-08 22:03:13,942 - INFO - Índice existente cargado con 2566 películas
2025-11-08 22:03:13,953 - INFO - Película agregada al índice: RECIÉN NACIDAS
2025-11-08 22:03:13,954 - INFO - Nuevo post guardado: RECIÉN NACIDAS de Jean-Pierre  y Luc Dardenne
2025-11-08 22:03:13,954 - INFO - Comenzando extracción de información del post
2025-11-08 22:03:13,954 - INFO - Título del post: LOS TIGRES de Alberto Rodríguez
2025-11-08 22:03:13,954 - INFO - Fecha del post: 2025-11-08T21:19:18+01:00
2025-11-08 22:03:13,954 - INFO - Obteniendo contenido completo de: https://ghostintheblog.com/2025/11/critica-de-los-tigres-de-alberto-rodriguez.html
2025-11-08 22:03:15,376 - INFO - Contenido extraído y estructurado (2844 caracteres)
2025-11-08 22:03:15,377 - INFO - Guardando post en: posts/LOS_TIGRES_2025-11-08.json
2025-11-08 22:03:15,377 - INFO - Post guardado exitosamente
2025-11-08 22:03:15,378 - INFO - Actualizando índice de películas
2025-11-08 22:03:15,378 - INFO - Archivo de índice: /home/runner/work/scrapingcines/scrapingcines/index.json
2025-11-08 22:03:15,381 - INFO - Índice existente cargado con 2567 películas
2025-11-08 22:03:15,393 - INFO - Película agregada al índice: LOS TIGRES
2025-11-08 22:03:15,393 - INFO - Nuevo post guardado: LOS TIGRES de Alberto Rodríguez
2025-11-08 22:03:15,393 - INFO - Comenzando extracción de información del post
2025-11-08 22:03:15,393 - INFO - Post ya existente, saltando: FRANKENSTEIN de Guillermo del Toro
2025-11-08 22:03:15,394 - INFO - Comenzando extracción de información del post
2025-11-08 22:03:15,394 - INFO - Post ya existente, saltando: ESA COSA CON ALAS de Dylan Southern
2025-11-08 22:03:15,394 - INFO - Comenzando extracción de información del post
2025-11-08 22:03:15,394 - INFO - Post ya existente, saltando: LA CENA de Manuel Gómez Pereira
2025-11-08 22:03:15,394 - INFO - Comenzando extracción de información del post
2025-11-08 22:03:15,394 - INFO - Post ya existente, saltando: LOS DOMINGOS de Alauda Ruiz de Azúa
2025-11-08 22:03:15,394 - INFO - Comenzando extracción de información del post
2025-11-08 22:03:15,394 - INFO - Post ya existente, saltando: UN SIMPLE ACCIDENTE de Jafar Panahi
2025-11-08 22:03:15,394 - INFO - Comenzando extracción de información del post
2025-11-08 22:03:15,395 - INFO - Post ya existente, saltando: CAZA DE BRUJAS de Luca Guadagnino
2025-11-08 22:03:15,395 - INFO - Comenzando extracción de información del post
2025-11-08 22:03:15,395 - INFO - Post ya existente, saltando: BALA PERDIDA de Darren Aronofsky
2025-11-08 22:03:15,395 - INFO - Proceso completado. Posts nuevos guardados: 3
