2026-05-03 16:19:18,306 - INFO - Iniciando proceso de scraping
2026-05-03 16:19:18,308 - INFO - Posts existentes encontrados: 2541
2026-05-03 16:19:18,308 - INFO - Intentando obtener posts desde: https://ghostintheblog.com/
2026-05-03 16:19:19,735 - INFO - Se encontraron 10 posts
2026-05-03 16:19:19,736 - INFO - Comenzando extracción de información del post
2026-05-03 16:19:19,736 - INFO - Post ya existente, saltando: MI QUERIDA SEÑORITA de Fernando González Molina
2026-05-03 16:19:19,736 - INFO - Comenzando extracción de información del post
2026-05-03 16:19:19,736 - INFO - Post ya existente, saltando: EL SONIDO DE LA CAIDA de Mascha Schilinski
2026-05-03 16:19:19,737 - INFO - Comenzando extracción de información del post
2026-05-03 16:19:19,737 - INFO - Post ya existente, saltando: PRIME CRIME: A TRUE STORY de Gus Van Sant
2026-05-03 16:19:19,737 - INFO - Comenzando extracción de información del post
2026-05-03 16:19:19,737 - INFO - Post ya existente, saltando: UN POETA de Simón Mesa
2026-05-03 16:19:19,737 - INFO - Comenzando extracción de información del post
2026-05-03 16:19:19,737 - INFO - Post ya existente, saltando: LA BUENA HIJA de Júlia de Paz Solvas
2026-05-03 16:19:19,737 - INFO - Comenzando extracción de información del post
2026-05-03 16:19:19,737 - INFO - Post ya existente, saltando: ATRAPANDO A UN MONSTRUO de Bryan Fuller
2026-05-03 16:19:19,737 - INFO - Comenzando extracción de información del post
2026-05-03 16:19:19,738 - INFO - Post ya existente, saltando: LA GRAZIA de Paolo Sorrentino
2026-05-03 16:19:19,738 - INFO - Comenzando extracción de información del post
2026-05-03 16:19:19,738 - INFO - Post ya existente, saltando: ALTAS CAPACIDADES de Víctor García León
2026-05-03 16:19:19,738 - INFO - Comenzando extracción de información del post
2026-05-03 16:19:19,738 - INFO - Post ya existente, saltando: LAPÖNIA de David Serrano
2026-05-03 16:19:19,738 - INFO - Comenzando extracción de información del post
2026-05-03 16:19:19,738 - INFO - Post ya existente, saltando: PROYECTO SALVACIÓN de Phil Lord y Christopher Miller
2026-05-03 16:19:19,738 - INFO - Proceso completado. Posts nuevos guardados: 0
