2026-03-28 10:07:49,575 - INFO - Iniciando proceso de scraping
2026-03-28 10:07:49,577 - INFO - Posts existentes encontrados: 2526
2026-03-28 10:07:49,577 - INFO - Intentando obtener posts desde: https://ghostintheblog.com/
2026-03-28 10:07:51,162 - INFO - Se encontraron 10 posts
2026-03-28 10:07:51,162 - INFO - Comenzando extracción de información del post
2026-03-28 10:07:51,163 - INFO - Título del post: YO TE CREO de Charlotte Devillers y Arnaud Dufeys
2026-03-28 10:07:51,163 - INFO - Fecha del post: 2026-03-28T10:11:18+01:00
2026-03-28 10:07:51,163 - INFO - Obteniendo contenido completo de: https://ghostintheblog.com/2026/03/critica-de-yo-te-creo-de-charlotte-devillers-y-arnaud-dufeys.html
2026-03-28 10:07:52,734 - INFO - Contenido extraído y estructurado (2787 caracteres)
2026-03-28 10:07:52,734 - INFO - Guardando post en: posts/YO_TE_CREO_2026-03-28.json
2026-03-28 10:07:52,735 - INFO - Post guardado exitosamente
2026-03-28 10:07:52,735 - INFO - Actualizando índice de películas
2026-03-28 10:07:52,735 - INFO - Archivo de índice: /home/runner/work/scrapingcines/scrapingcines/index.json
2026-03-28 10:07:52,738 - INFO - Índice existente cargado con 2625 películas
2026-03-28 10:07:52,750 - INFO - Película agregada al índice: YO TE CREO
2026-03-28 10:07:52,750 - INFO - Nuevo post guardado: YO TE CREO de Charlotte Devillers y Arnaud Dufeys
2026-03-28 10:07:52,750 - INFO - Comenzando extracción de información del post
2026-03-28 10:07:52,750 - INFO - Post ya existente, saltando: EL TESTAMENTO DE ANN LEE de Mona Fastvold
2026-03-28 10:07:52,750 - INFO - Comenzando extracción de información del post
2026-03-28 10:07:52,750 - INFO - Post ya existente, saltando: ÁGUILAS DE EL CAIRO de Tarik Saleh
2026-03-28 10:07:52,751 - INFO - Comenzando extracción de información del post
2026-03-28 10:07:52,751 - INFO - Post ya existente, saltando: TORRENTE PRESIDENTE de Santiago Segura
2026-03-28 10:07:52,751 - INFO - Comenzando extracción de información del post
2026-03-28 10:07:52,751 - INFO - Post ya existente, saltando: LOS OSCAR 2026
2026-03-28 10:07:52,751 - INFO - Comenzando extracción de información del post
2026-03-28 10:07:52,751 - INFO - Post ya existente, saltando: ¡LA NOVIA! de Maggie Gyllenhaal
2026-03-28 10:07:52,751 - INFO - Comenzando extracción de información del post
2026-03-28 10:07:52,751 - INFO - Post ya existente, saltando: PILLION de Harry Lighton
2026-03-28 10:07:52,751 - INFO - Comenzando extracción de información del post
2026-03-28 10:07:52,751 - INFO - Post ya existente, saltando: EL MAGO DEL KREMLIN de Olivier Assayas
2026-03-28 10:07:52,751 - INFO - Comenzando extracción de información del post
2026-03-28 10:07:52,752 - INFO - Post ya existente, saltando: EL ÚLTIMO VIKINGO de Anders Thomas Jensen
2026-03-28 10:07:52,752 - INFO - Comenzando extracción de información del post
2026-03-28 10:07:52,752 - INFO - Post ya existente, saltando: SCARLET de Mamoru Hosoda
2026-03-28 10:07:52,752 - INFO - Proceso completado. Posts nuevos guardados: 1
