2025-05-26 16:05:57,462 - INFO - Iniciando proceso de scraping
2025-05-26 16:05:57,464 - INFO - Posts existentes encontrados: 2401
2025-05-26 16:05:57,464 - INFO - Intentando obtener posts desde: https://ghostintheblog.com/
2025-05-26 16:06:25,943 - INFO - Se encontraron 10 posts
2025-05-26 16:06:25,944 - INFO - Comenzando extracción de información del post
2025-05-26 16:06:25,944 - INFO - Post ya existente, saltando: EL BUEN PADRE de Ronan Tronchot
2025-05-26 16:06:25,944 - INFO - Comenzando extracción de información del post
2025-05-26 16:06:25,944 - INFO - Post ya existente, saltando: ESTOCOLMO: EL REY TIRANO 1520 de Mikael Håfström
2025-05-26 16:06:25,944 - INFO - Comenzando extracción de información del post
2025-05-26 16:06:25,945 - INFO - Post ya existente, saltando: TRAS EL VERANO de Yolanda Centeno
2025-05-26 16:06:25,945 - INFO - Comenzando extracción de información del post
2025-05-26 16:06:25,945 - INFO - Post ya existente, saltando: ENEMIGOS de David Valero
2025-05-26 16:06:25,945 - INFO - Comenzando extracción de información del post
2025-05-26 16:06:25,945 - INFO - Post ya existente, saltando: UNA QUINTA PORTUGUESA de Avelina Prat
2025-05-26 16:06:25,945 - INFO - Comenzando extracción de información del post
2025-05-26 16:06:25,945 - INFO - Post ya existente, saltando: LO QUE QUEDA DE TI
2025-05-26 16:06:25,945 - INFO - Comenzando extracción de información del post
2025-05-26 16:06:25,946 - INFO - Post ya existente, saltando: PRESUNCIÓN DE INOCENCIA de Daniel Auteuil
2025-05-26 16:06:25,946 - INFO - Comenzando extracción de información del post
2025-05-26 16:06:25,946 - INFO - Post ya existente, saltando: LA HISTORIA DE SOULEYMANE de Boris Lojkine
2025-05-26 16:06:25,946 - INFO - Comenzando extracción de información del post
2025-05-26 16:06:25,946 - INFO - Post ya existente, saltando: ERREPLIKA de Pello Gutiérrez Peñalba
2025-05-26 16:06:25,946 - INFO - Comenzando extracción de información del post
2025-05-26 16:06:25,946 - INFO - Post ya existente, saltando: LA BUENA LETRA de Celia Rico Clavellino
2025-05-26 16:06:25,947 - INFO - Proceso completado. Posts nuevos guardados: 0
