2026-04-05 08:14:54,218 - INFO - Iniciando proceso de scraping
2026-04-05 08:14:54,221 - INFO - Posts existentes encontrados: 2529
2026-04-05 08:14:54,221 - INFO - Intentando obtener posts desde: https://ghostintheblog.com/
2026-04-05 08:14:56,397 - INFO - Se encontraron 10 posts
2026-04-05 08:14:56,398 - INFO - Comenzando extracción de información del post
2026-04-05 08:14:56,399 - INFO - Post ya existente, saltando: AMARGA NAVIDAD de Pedro Almodóvar
2026-04-05 08:14:56,399 - INFO - Comenzando extracción de información del post
2026-04-05 08:14:56,399 - INFO - Post ya existente, saltando: LA HIJA PEQUEÑA de Hafsia Herzi
2026-04-05 08:14:56,399 - INFO - Comenzando extracción de información del post
2026-04-05 08:14:56,399 - INFO - Post ya existente, saltando: YO TE CREO de Charlotte Devillers y Arnaud Dufeys
2026-04-05 08:14:56,399 - INFO - Comenzando extracción de información del post
2026-04-05 08:14:56,399 - INFO - Post ya existente, saltando: EL TESTAMENTO DE ANN LEE de Mona Fastvold
2026-04-05 08:14:56,399 - INFO - Comenzando extracción de información del post
2026-04-05 08:14:56,399 - INFO - Post ya existente, saltando: ÁGUILAS DE EL CAIRO de Tarik Saleh
2026-04-05 08:14:56,400 - INFO - Comenzando extracción de información del post
2026-04-05 08:14:56,400 - INFO - Post ya existente, saltando: TORRENTE PRESIDENTE de Santiago Segura
2026-04-05 08:14:56,400 - INFO - Comenzando extracción de información del post
2026-04-05 08:14:56,400 - INFO - Post ya existente, saltando: LOS OSCAR 2026
2026-04-05 08:14:56,400 - INFO - Comenzando extracción de información del post
2026-04-05 08:14:56,400 - INFO - Post ya existente, saltando: ¡LA NOVIA! de Maggie Gyllenhaal
2026-04-05 08:14:56,400 - INFO - Comenzando extracción de información del post
2026-04-05 08:14:56,400 - INFO - Post ya existente, saltando: PILLION de Harry Lighton
2026-04-05 08:14:56,400 - INFO - Comenzando extracción de información del post
2026-04-05 08:14:56,401 - INFO - Post ya existente, saltando: EL MAGO DEL KREMLIN de Olivier Assayas
2026-04-05 08:14:56,401 - INFO - Proceso completado. Posts nuevos guardados: 0
