2025-10-12 16:05:59,832 - INFO - Iniciando proceso de scraping
2025-10-12 16:05:59,834 - INFO - Posts existentes encontrados: 2455
2025-10-12 16:05:59,834 - INFO - Intentando obtener posts desde: https://ghostintheblog.com/
2025-10-12 16:06:01,356 - INFO - Se encontraron 10 posts
2025-10-12 16:06:01,357 - INFO - Comenzando extracción de información del post
2025-10-12 16:06:01,357 - INFO - Post ya existente, saltando: LA SOSPECHA DE SOFÍA de Imanol Uribe
2025-10-12 16:06:01,357 - INFO - Comenzando extracción de información del post
2025-10-12 16:06:01,358 - INFO - Post ya existente, saltando: EXTRAÑO RÍO de Jaume Claret Muxart
2025-10-12 16:06:01,358 - INFO - Comenzando extracción de información del post
2025-10-12 16:06:01,358 - INFO - Post ya existente, saltando: ADORABLE de Lilja Ingolfsdottir
2025-10-12 16:06:01,358 - INFO - Comenzando extracción de información del post
2025-10-12 16:06:01,358 - INFO - Post ya existente, saltando: UNA BATALLA TRAS OTRA de Paul Thomas Anderson
2025-10-12 16:06:01,358 - INFO - Comenzando extracción de información del post
2025-10-12 16:06:01,358 - INFO - Post ya existente, saltando: MÜNTER Y EL AMOR DE KANDINSKY de Marcus O. Rosenmüller
2025-10-12 16:06:01,358 - INFO - Comenzando extracción de información del post
2025-10-12 16:06:01,358 - INFO - Post ya existente, saltando: LOS LAZOS QUE NOS UNEN de Carine Tardieu
2025-10-12 16:06:01,358 - INFO - Comenzando extracción de información del post
2025-10-12 16:06:01,359 - INFO - Post ya existente, saltando: MASPALOMAS de Aitor Arregi y José Mari Goenaga (Los Moriarti)
2025-10-12 16:06:01,359 - INFO - Comenzando extracción de información del post
2025-10-12 16:06:01,359 - INFO - Post ya existente, saltando: MI AMIGA EVA de Cesc Gay
2025-10-12 16:06:01,359 - INFO - Comenzando extracción de información del post
2025-10-12 16:06:01,359 - INFO - Post ya existente, saltando: UN GRAN VIAJE ATREVIDO Y MARAVILLOSO de Kogonada
2025-10-12 16:06:01,359 - INFO - Comenzando extracción de información del post
2025-10-12 16:06:01,359 - INFO - Post ya existente, saltando: EL CAUTIVO de Alejandro Amenábar
2025-10-12 16:06:01,359 - INFO - Proceso completado. Posts nuevos guardados: 0
