2025-09-17 16:06:51,767 - INFO - Iniciando proceso de scraping
2025-09-17 16:06:51,769 - INFO - Posts existentes encontrados: 2443
2025-09-17 16:06:51,769 - INFO - Intentando obtener posts desde: https://ghostintheblog.com/
2025-09-17 16:06:53,604 - INFO - Se encontraron 10 posts
2025-09-17 16:06:53,605 - INFO - Comenzando extracción de información del post
2025-09-17 16:06:53,605 - INFO - Post ya existente, saltando: LA LEY DE JENNY PEN de James Ashcroft
2025-09-17 16:06:53,605 - INFO - Comenzando extracción de información del post
2025-09-17 16:06:53,606 - INFO - Post ya existente, saltando: APRIL de Dea Kulumbegashvilis
2025-09-17 16:06:53,606 - INFO - Comenzando extracción de información del post
2025-09-17 16:06:53,606 - INFO - Post ya existente, saltando: 13 DÍAS, 13 NOCHES de Martin Bourboulon
2025-09-17 16:06:53,606 - INFO - Comenzando extracción de información del post
2025-09-17 16:06:53,606 - INFO - Post ya existente, saltando: ROMERÍA de Carla Simón
2025-09-17 16:06:53,606 - INFO - Comenzando extracción de información del post
2025-09-17 16:06:53,606 - INFO - Post ya existente, saltando: LA TIERRA NEGRA de Alberto Morais
2025-09-17 16:06:53,606 - INFO - Comenzando extracción de información del post
2025-09-17 16:06:53,607 - INFO - Post ya existente, saltando: AMOR EN CUATRO LETRAS de Polly Steele
2025-09-17 16:06:53,607 - INFO - Comenzando extracción de información del post
2025-09-17 16:06:53,607 - INFO - Post ya existente, saltando: EL VOLCÁN de Damian Kocur
2025-09-17 16:06:53,607 - INFO - Comenzando extracción de información del post
2025-09-17 16:06:53,607 - INFO - Post ya existente, saltando: AGÁRRALO COMO PUEDAS de Akiva Schaffer
2025-09-17 16:06:53,607 - INFO - Comenzando extracción de información del post
2025-09-17 16:06:53,607 - INFO - Post ya existente, saltando: EL REGRESO DE ULISES de Uberto Pasolini
2025-09-17 16:06:53,607 - INFO - Comenzando extracción de información del post
2025-09-17 16:06:53,607 - INFO - Post ya existente, saltando: BLUE SUN PALACE de Constance Sang
2025-09-17 16:06:53,607 - INFO - Proceso completado. Posts nuevos guardados: 0
