2025-03-15 17:50:08,704 - INFO - Iniciando proceso de scraping
2025-03-15 17:50:08,705 - INFO - Posts existentes encontrados: 0
2025-03-15 17:50:08,705 - INFO - Intentando obtener posts desde: https://ghostintheblog.com/
2025-03-15 17:50:09,956 - INFO - Se encontraron 10 posts
2025-03-15 17:50:09,957 - INFO - Comenzando extracción de información del post
2025-03-15 17:50:09,957 - INFO - Título del post: TARDES DE SOLEDAD de Albert Serra
2025-03-15 17:50:09,957 - INFO - Fecha del post: 2025-03-15T00:23:46+01:00
2025-03-15 17:50:09,958 - INFO - Obteniendo contenido completo de: https://ghostintheblog.com/2025/03/tardes-de-soledad-albert-serra-toreo-tauromaquia.html
2025-03-15 17:50:11,023 - INFO - Contenido extraído y estructurado (4847 caracteres)
2025-03-15 17:50:11,024 - INFO - Guardando post en: posts/TARDES_DE_SOLEDAD_2025-03-15.json
2025-03-15 17:50:11,032 - INFO - Post guardado exitosamente
2025-03-15 17:50:11,033 - INFO - Actualizando índice de películas
2025-03-15 17:50:11,033 - INFO - Archivo de índice: C:\Trabajos\scrapingcines\index.json
2025-03-15 17:50:11,034 - INFO - Creando nuevo índice
2025-03-15 17:50:11,034 - INFO - Película agregada al índice: TARDES DE SOLEDAD
2025-03-15 17:50:11,034 - INFO - Nuevo post guardado: TARDES DE SOLEDAD de Albert Serra
2025-03-15 17:50:11,035 - INFO - Comenzando extracción de información del post
2025-03-15 17:50:11,035 - INFO - Título del post: MICKEY 17 de Bong Joon-ho
2025-03-15 17:50:11,035 - INFO - Fecha del post: 2025-03-15T00:11:27+01:00
2025-03-15 17:50:11,035 - INFO - Obteniendo contenido completo de: https://ghostintheblog.com/2025/03/mickey-17-bong-joon-ho-prescindibles-y-critica-al-poder.html
2025-03-15 17:50:11,956 - INFO - Contenido extraído y estructurado (2889 caracteres)
2025-03-15 17:50:11,957 - INFO - Guardando post en: posts/MICKEY_17_2025-03-15.json
2025-03-15 17:50:11,957 - INFO - Post guardado exitosamente
2025-03-15 17:50:11,958 - INFO - Actualizando índice de películas
2025-03-15 17:50:11,958 - INFO - Archivo de índice: C:\Trabajos\scrapingcines\index.json
2025-03-15 17:50:11,958 - INFO - Índice existente cargado con 1 películas
2025-03-15 17:50:11,959 - INFO - Película agregada al índice: MICKEY 17
2025-03-15 17:50:11,959 - INFO - Nuevo post guardado: MICKEY 17 de Bong Joon-ho
2025-03-15 17:50:11,959 - INFO - Comenzando extracción de información del post
2025-03-15 17:50:11,960 - INFO - Título del post: LEE MILLER de Ellen Kuras
2025-03-15 17:50:11,960 - INFO - Fecha del post: 2025-03-14T23:52:25+01:00
2025-03-15 17:50:11,960 - INFO - Obteniendo contenido completo de: https://ghostintheblog.com/2025/03/lee-la-pelicula-de-ellen-kuras-un-retrato-frio-y-sin-alma.html
2025-03-15 17:50:12,967 - INFO - Contenido extraído y estructurado (2641 caracteres)
2025-03-15 17:50:12,968 - INFO - Guardando post en: posts/LEE_MILLER_2025-03-14.json
2025-03-15 17:50:12,968 - INFO - Post guardado exitosamente
2025-03-15 17:50:12,968 - INFO - Actualizando índice de películas
2025-03-15 17:50:12,969 - INFO - Archivo de índice: C:\Trabajos\scrapingcines\index.json
2025-03-15 17:50:12,969 - INFO - Índice existente cargado con 2 películas
2025-03-15 17:50:12,970 - INFO - Película agregada al índice: LEE MILLER
2025-03-15 17:50:12,970 - INFO - Nuevo post guardado: LEE MILLER de Ellen Kuras
2025-03-15 17:50:12,970 - INFO - Comenzando extracción de información del post
2025-03-15 17:50:12,971 - INFO - Título del post: GRAND TOUR de Miguel Gomes
2025-03-15 17:50:12,971 - INFO - Fecha del post: 2025-03-09T01:07:10+01:00
2025-03-15 17:50:12,971 - INFO - Obteniendo contenido completo de: https://ghostintheblog.com/2025/03/grand-tour-miguel-gomes-cine-viaje-sombras.html
2025-03-15 17:50:13,949 - INFO - Contenido extraído y estructurado (4810 caracteres)
2025-03-15 17:50:13,949 - INFO - Guardando post en: posts/GRAND_TOUR_2025-03-09.json
2025-03-15 17:50:13,950 - INFO - Post guardado exitosamente
2025-03-15 17:50:13,950 - INFO - Actualizando índice de películas
2025-03-15 17:50:13,951 - INFO - Archivo de índice: C:\Trabajos\scrapingcines\index.json
2025-03-15 17:50:13,951 - INFO - Índice existente cargado con 3 películas
2025-03-15 17:50:13,951 - INFO - Película agregada al índice: GRAND TOUR
2025-03-15 17:50:13,951 - INFO - Nuevo post guardado: GRAND TOUR de Miguel Gomes
2025-03-15 17:50:13,951 - INFO - Comenzando extracción de información del post
2025-03-15 17:50:13,951 - INFO - Título del post: A COMPLETE UNKNOWN de James Mangold
2025-03-15 17:50:13,951 - INFO - Fecha del post: 2025-03-09T00:51:50+01:00
2025-03-15 17:50:13,952 - INFO - Obteniendo contenido completo de: https://ghostintheblog.com/2025/03/a-complete-unknown-mangold-dylan-cine.html
2025-03-15 17:50:14,952 - INFO - Contenido extraído y estructurado (2718 caracteres)
2025-03-15 17:50:14,953 - INFO - Guardando post en: posts/A_COMPLETE_UNKNOWN_2025-03-09.json
2025-03-15 17:50:14,953 - INFO - Post guardado exitosamente
2025-03-15 17:50:14,953 - INFO - Actualizando índice de películas
2025-03-15 17:50:14,954 - INFO - Archivo de índice: C:\Trabajos\scrapingcines\index.json
2025-03-15 17:50:14,954 - INFO - Índice existente cargado con 4 películas
2025-03-15 17:50:14,954 - INFO - Película agregada al índice: A COMPLETE UNKNOWN
2025-03-15 17:50:14,955 - INFO - Nuevo post guardado: A COMPLETE UNKNOWN de James Mangold
2025-03-15 17:50:14,955 - INFO - Comenzando extracción de información del post
2025-03-15 17:50:14,955 - INFO - Título del post: MI ÚNICA FAMILIA de Mike Leigh
2025-03-15 17:50:14,955 - INFO - Fecha del post: 2025-03-09T00:29:20+01:00
2025-03-15 17:50:14,955 - INFO - Obteniendo contenido completo de: https://ghostintheblog.com/2025/03/mi-unica-familia-mike-leigh-realismo-depresion-narrativa-claustrofobica.html
2025-03-15 17:50:15,936 - INFO - Contenido extraído y estructurado (2703 caracteres)
2025-03-15 17:50:15,937 - INFO - Guardando post en: posts/MI_ÚNICA_FAMILIA_2025-03-09.json
2025-03-15 17:50:15,938 - INFO - Post guardado exitosamente
2025-03-15 17:50:15,938 - INFO - Actualizando índice de películas
2025-03-15 17:50:15,938 - INFO - Archivo de índice: C:\Trabajos\scrapingcines\index.json
2025-03-15 17:50:15,939 - INFO - Índice existente cargado con 5 películas
2025-03-15 17:50:15,940 - INFO - Película agregada al índice: MI ÚNICA FAMILIA
2025-03-15 17:50:15,940 - INFO - Nuevo post guardado: MI ÚNICA FAMILIA de Mike Leigh
2025-03-15 17:50:15,940 - INFO - Comenzando extracción de información del post
2025-03-15 17:50:15,940 - INFO - Título del post: LOS OSCAR 2025
2025-03-15 17:50:15,941 - INFO - Fecha del post: 2025-03-04T09:39:04+01:00
2025-03-15 17:50:15,941 - WARNING - No se pudo extraer director del título: LOS OSCAR 2025
2025-03-15 17:50:15,941 - INFO - Obteniendo contenido completo de: https://ghostintheblog.com/2025/03/ganadores-oscar-2025-critica.html
2025-03-15 17:50:16,924 - WARNING - No se encontró 'Título Original' en el contenido
2025-03-15 17:50:16,924 - INFO - Usando contenido completo como respaldo
2025-03-15 17:50:16,924 - INFO - Guardando post en: posts/LOS_OSCAR_2025_2025-03-04.json
2025-03-15 17:50:16,925 - INFO - Post guardado exitosamente
2025-03-15 17:50:16,925 - INFO - Actualizando índice de películas
2025-03-15 17:50:16,925 - INFO - Archivo de índice: C:\Trabajos\scrapingcines\index.json
2025-03-15 17:50:16,926 - INFO - Índice existente cargado con 6 películas
2025-03-15 17:50:16,926 - INFO - Película agregada al índice: LOS OSCAR 2025
2025-03-15 17:50:16,926 - INFO - Nuevo post guardado: LOS OSCAR 2025
2025-03-15 17:50:16,926 - INFO - Comenzando extracción de información del post
2025-03-15 17:50:16,927 - INFO - Título del post: NOSOTROS de Helena Taberna
2025-03-15 17:50:16,927 - INFO - Fecha del post: 2025-03-02T00:02:52+01:00
2025-03-15 17:50:16,927 - INFO - Obteniendo contenido completo de: https://ghostintheblog.com/2025/03/nosotros-de-helena-taberna.html
2025-03-15 17:50:17,855 - INFO - Contenido extraído y estructurado (4814 caracteres)
2025-03-15 17:50:17,856 - INFO - Guardando post en: posts/NOSOTROS_2025-03-02.json
2025-03-15 17:50:17,857 - INFO - Post guardado exitosamente
2025-03-15 17:50:17,857 - INFO - Actualizando índice de películas
2025-03-15 17:50:17,858 - INFO - Archivo de índice: C:\Trabajos\scrapingcines\index.json
2025-03-15 17:50:17,858 - INFO - Índice existente cargado con 7 películas
2025-03-15 17:50:17,858 - INFO - Película agregada al índice: NOSOTROS
2025-03-15 17:50:17,858 - INFO - Nuevo post guardado: NOSOTROS de Helena Taberna
2025-03-15 17:50:17,858 - INFO - Comenzando extracción de información del post
2025-03-15 17:50:17,858 - INFO - Título del post: AÚN ESTOY AQUÍ
2025-03-15 17:50:17,858 - INFO - Fecha del post: 2025-03-01T11:13:30+01:00
2025-03-15 17:50:17,858 - WARNING - No se pudo extraer director del título: AÚN ESTOY AQUÍ
2025-03-15 17:50:17,859 - INFO - Obteniendo contenido completo de: https://ghostintheblog.com/2025/03/ainda-estou-aqui-walter-salles-2024.html
2025-03-15 17:50:18,790 - INFO - Contenido extraído y estructurado (2686 caracteres)
2025-03-15 17:50:18,791 - INFO - Guardando post en: posts/AÚN_ESTOY_AQUÍ_2025-03-01.json
2025-03-15 17:50:18,792 - INFO - Post guardado exitosamente
2025-03-15 17:50:18,792 - INFO - Actualizando índice de películas
2025-03-15 17:50:18,792 - INFO - Archivo de índice: C:\Trabajos\scrapingcines\index.json
2025-03-15 17:50:18,792 - INFO - Índice existente cargado con 8 películas
2025-03-15 17:50:18,793 - INFO - Película agregada al índice: AÚN ESTOY AQUÍ
2025-03-15 17:50:18,793 - INFO - Nuevo post guardado: AÚN ESTOY AQUÍ
2025-03-15 17:50:18,794 - INFO - Comenzando extracción de información del post
2025-03-15 17:50:18,794 - INFO - Título del post: LA ÚLTIMA REINA de Karim Aïnouz
2025-03-15 17:50:18,794 - INFO - Fecha del post: 2025-03-01T11:05:31+01:00
2025-03-15 17:50:18,794 - INFO - Obteniendo contenido completo de: https://ghostintheblog.com/2025/03/firebrand-catalina-parr-karim-ainouz.html
2025-03-15 17:50:19,866 - INFO - Contenido extraído y estructurado (2740 caracteres)
2025-03-15 17:50:19,866 - INFO - Guardando post en: posts/LA_ÚLTIMA_REINA_2025-03-01.json
2025-03-15 17:50:19,867 - INFO - Post guardado exitosamente
2025-03-15 17:50:19,867 - INFO - Actualizando índice de películas
2025-03-15 17:50:19,867 - INFO - Archivo de índice: C:\Trabajos\scrapingcines\index.json
2025-03-15 17:50:19,868 - INFO - Índice existente cargado con 9 películas
2025-03-15 17:50:19,868 - INFO - Película agregada al índice: LA ÚLTIMA REINA
2025-03-15 17:50:19,869 - INFO - Nuevo post guardado: LA ÚLTIMA REINA de Karim Aïnouz
2025-03-15 17:50:19,869 - INFO - Proceso completado. Posts nuevos guardados: 10
