2025-10-30 22:03:09,839 - INFO - Iniciando proceso de scraping
2025-10-30 22:03:09,842 - INFO - Posts existentes encontrados: 2461
2025-10-30 22:03:09,842 - INFO - Intentando obtener posts desde: https://ghostintheblog.com/
2025-10-30 22:03:11,042 - INFO - Se encontraron 10 posts
2025-10-30 22:03:11,043 - INFO - Comenzando extracción de información del post
2025-10-30 22:03:11,044 - INFO - Post ya existente, saltando: LOS DOMINGOS de Alauda Ruiz de Azúa
2025-10-30 22:03:11,044 - INFO - Comenzando extracción de información del post
2025-10-30 22:03:11,044 - INFO - Post ya existente, saltando: UN SIMPLE ACCIDENTE de Jafar Panahi
2025-10-30 22:03:11,044 - INFO - Comenzando extracción de información del post
2025-10-30 22:03:11,044 - INFO - Post ya existente, saltando: CAZA DE BRUJAS de Luca Guadagnino
2025-10-30 22:03:11,044 - INFO - Comenzando extracción de información del post
2025-10-30 22:03:11,045 - INFO - Post ya existente, saltando: BALA PERDIDA de Darren Aronofsky
2025-10-30 22:03:11,045 - INFO - Comenzando extracción de información del post
2025-10-30 22:03:11,045 - INFO - Post ya existente, saltando: KARMELE de Asier Altuna
2025-10-30 22:03:11,045 - INFO - Comenzando extracción de información del post
2025-10-30 22:03:11,045 - INFO - Post ya existente, saltando: JUGAR CON FUEGO de Delphine y Muriel Coulin
2025-10-30 22:03:11,045 - INFO - Comenzando extracción de información del post
2025-10-30 22:03:11,045 - INFO - Post ya existente, saltando: LA SOSPECHA DE SOFÍA de Imanol Uribe
2025-10-30 22:03:11,045 - INFO - Comenzando extracción de información del post
2025-10-30 22:03:11,045 - INFO - Post ya existente, saltando: EXTRAÑO RÍO de Jaume Claret Muxart
2025-10-30 22:03:11,045 - INFO - Comenzando extracción de información del post
2025-10-30 22:03:11,046 - INFO - Post ya existente, saltando: ADORABLE de Lilja Ingolfsdottir
2025-10-30 22:03:11,046 - INFO - Comenzando extracción de información del post
2025-10-30 22:03:11,046 - INFO - Post ya existente, saltando: UNA BATALLA TRAS OTRA de Paul Thomas Anderson
2025-10-30 22:03:11,046 - INFO - Proceso completado. Posts nuevos guardados: 0
