2025-07-27 10:02:19,920 - INFO - Iniciando proceso de scraping
2025-07-27 10:02:19,922 - INFO - Posts existentes encontrados: 2421
2025-07-27 10:02:19,922 - INFO - Intentando obtener posts desde: https://ghostintheblog.com/
2025-07-27 10:02:21,064 - INFO - Se encontraron 10 posts
2025-07-27 10:02:21,064 - INFO - Comenzando extracción de información del post
2025-07-27 10:02:21,065 - INFO - Título del post: UN «LIKE» DE BOB TREVINO de Tracie Laymon
2025-07-27 10:02:21,065 - INFO - Fecha del post: 2025-07-27T10:22:36+02:00
2025-07-27 10:02:21,065 - INFO - Obteniendo contenido completo de: https://ghostintheblog.com/2025/07/critica-de-un-like-de-bob-trevino-de-tracie-laymon.html
2025-07-27 10:02:22,394 - INFO - Contenido extraído y estructurado (3384 caracteres)
2025-07-27 10:02:22,394 - INFO - Guardando post en: posts/UN_«LIKE»_DE_BOB_TREVINO_2025-07-27.json
2025-07-27 10:02:22,395 - INFO - Post guardado exitosamente
2025-07-27 10:02:22,395 - INFO - Actualizando índice de películas
2025-07-27 10:02:22,395 - INFO - Archivo de índice: /home/runner/work/scrapingcines/scrapingcines/index.json
2025-07-27 10:02:22,399 - INFO - Índice existente cargado con 2521 películas
2025-07-27 10:02:22,410 - INFO - Película agregada al índice: UN «LIKE» DE BOB TREVINO
2025-07-27 10:02:22,410 - INFO - Nuevo post guardado: UN «LIKE» DE BOB TREVINO de Tracie Laymon
2025-07-27 10:02:22,410 - INFO - Comenzando extracción de información del post
2025-07-27 10:02:22,411 - INFO - Título del post: PORCO ROSSO de Hayao Miyazaki
2025-07-27 10:02:22,411 - INFO - Fecha del post: 2025-07-27T10:09:27+02:00
2025-07-27 10:02:22,411 - INFO - Obteniendo contenido completo de: https://ghostintheblog.com/2025/07/critica-de-porco-rosso-de-hayao-miyazaki.html
2025-07-27 10:02:23,688 - INFO - Contenido extraído y estructurado (2793 caracteres)
2025-07-27 10:02:23,689 - INFO - Guardando post en: posts/PORCO_ROSSO_2025-07-27.json
2025-07-27 10:02:23,689 - INFO - Post guardado exitosamente
2025-07-27 10:02:23,689 - INFO - Actualizando índice de películas
2025-07-27 10:02:23,689 - INFO - Archivo de índice: /home/runner/work/scrapingcines/scrapingcines/index.json
2025-07-27 10:02:23,693 - INFO - Índice existente cargado con 2522 películas
2025-07-27 10:02:23,704 - INFO - Película agregada al índice: PORCO ROSSO
2025-07-27 10:02:23,704 - INFO - Nuevo post guardado: PORCO ROSSO de Hayao Miyazaki
2025-07-27 10:02:23,704 - INFO - Comenzando extracción de información del post
2025-07-27 10:02:23,704 - INFO - Post ya existente, saltando: SUPERMAN de James Gunn
2025-07-27 10:02:23,704 - INFO - Comenzando extracción de información del post
2025-07-27 10:02:23,705 - INFO - Post ya existente, saltando: BREVE HISTORIA DE UNA FAMILIA de Lin Jianjie
2025-07-27 10:02:23,705 - INFO - Comenzando extracción de información del post
2025-07-27 10:02:23,705 - INFO - Post ya existente, saltando: LA MERCANCÍA MÁS PRECIOSA de Michel Hazanavicius
2025-07-27 10:02:23,705 - INFO - Comenzando extracción de información del post
2025-07-27 10:02:23,705 - INFO - Post ya existente, saltando: TRES AMIGAS de Emmanuel Mouret
2025-07-27 10:02:23,705 - INFO - Comenzando extracción de información del post
2025-07-27 10:02:23,705 - INFO - Post ya existente, saltando: BLACK DOG de Guan Hu
2025-07-27 10:02:23,705 - INFO - Comenzando extracción de información del post
2025-07-27 10:02:23,705 - INFO - Post ya existente, saltando: F1: LA PELÍCULA de Joseph Kosinski
2025-07-27 10:02:23,705 - INFO - Comenzando extracción de información del post
2025-07-27 10:02:23,706 - INFO - Post ya existente, saltando: VOLVER A TI de Jeanette Nordahl
2025-07-27 10:02:23,706 - INFO - Comenzando extracción de información del post
2025-07-27 10:02:23,706 - INFO - Post ya existente, saltando: THE LAST SHOWGIRL de Gia Coppola
2025-07-27 10:02:23,706 - INFO - Proceso completado. Posts nuevos guardados: 2
