2026-04-07 08:29:40,922 - INFO - Iniciando proceso de scraping
2026-04-07 08:29:40,924 - INFO - Posts existentes encontrados: 2529
2026-04-07 08:29:40,924 - INFO - Intentando obtener posts desde: https://ghostintheblog.com/
2026-04-07 08:29:42,477 - INFO - Se encontraron 10 posts
2026-04-07 08:29:42,478 - INFO - Comenzando extracción de información del post
2026-04-07 08:29:42,479 - INFO - Post ya existente, saltando: AMARGA NAVIDAD de Pedro Almodóvar
2026-04-07 08:29:42,479 - INFO - Comenzando extracción de información del post
2026-04-07 08:29:42,479 - INFO - Post ya existente, saltando: LA HIJA PEQUEÑA de Hafsia Herzi
2026-04-07 08:29:42,479 - INFO - Comenzando extracción de información del post
2026-04-07 08:29:42,479 - INFO - Post ya existente, saltando: YO TE CREO de Charlotte Devillers y Arnaud Dufeys
2026-04-07 08:29:42,479 - INFO - Comenzando extracción de información del post
2026-04-07 08:29:42,479 - INFO - Post ya existente, saltando: EL TESTAMENTO DE ANN LEE de Mona Fastvold
2026-04-07 08:29:42,479 - INFO - Comenzando extracción de información del post
2026-04-07 08:29:42,480 - INFO - Post ya existente, saltando: ÁGUILAS DE EL CAIRO de Tarik Saleh
2026-04-07 08:29:42,480 - INFO - Comenzando extracción de información del post
2026-04-07 08:29:42,480 - INFO - Post ya existente, saltando: TORRENTE PRESIDENTE de Santiago Segura
2026-04-07 08:29:42,480 - INFO - Comenzando extracción de información del post
2026-04-07 08:29:42,480 - INFO - Post ya existente, saltando: LOS OSCAR 2026
2026-04-07 08:29:42,480 - INFO - Comenzando extracción de información del post
2026-04-07 08:29:42,480 - INFO - Post ya existente, saltando: ¡LA NOVIA! de Maggie Gyllenhaal
2026-04-07 08:29:42,480 - INFO - Comenzando extracción de información del post
2026-04-07 08:29:42,480 - INFO - Post ya existente, saltando: PILLION de Harry Lighton
2026-04-07 08:29:42,480 - INFO - Comenzando extracción de información del post
2026-04-07 08:29:42,481 - INFO - Post ya existente, saltando: EL MAGO DEL KREMLIN de Olivier Assayas
2026-04-07 08:29:42,481 - INFO - Proceso completado. Posts nuevos guardados: 0
