2026-06-22 05:52:54,160 - INFO - Iniciando proceso de scraping
2026-06-22 05:52:54,163 - INFO - Posts existentes encontrados: 2562
2026-06-22 05:52:54,163 - INFO - Intentando obtener posts desde: https://ghostintheblog.com/
2026-06-22 05:52:55,572 - INFO - Se encontraron 10 posts
2026-06-22 05:52:55,573 - INFO - Comenzando extracción de información del post
2026-06-22 05:52:55,574 - INFO - Post ya existente, saltando: ELEONORA DUSE, LA DIVINA de Pietro Marcello
2026-06-22 05:52:55,574 - INFO - Comenzando extracción de información del post
2026-06-22 05:52:55,574 - INFO - Post ya existente, saltando: SOLOMAMMA de Janicke Askevold
2026-06-22 05:52:55,574 - INFO - Comenzando extracción de información del post
2026-06-22 05:52:55,574 - INFO - Post ya existente, saltando: LA LUZ de Fernando Franco
2026-06-22 05:52:55,574 - INFO - Comenzando extracción de información del post
2026-06-22 05:52:55,574 - INFO - Post ya existente, saltando: EL DRAMA de Kristoffer Borgli
2026-06-22 05:52:55,574 - INFO - Comenzando extracción de información del post
2026-06-22 05:52:55,575 - INFO - Post ya existente, saltando: ¿QUÉ TE DICE ESA NATURALEZA? de Hong Sang-soo
2026-06-22 05:52:55,575 - INFO - Comenzando extracción de información del post
2026-06-22 05:52:55,575 - INFO - Post ya existente, saltando: LA IRONÍA DEL AMOR de Chandler Levack
2026-06-22 05:52:55,575 - INFO - Comenzando extracción de información del post
2026-06-22 05:52:55,575 - INFO - Post ya existente, saltando: UN MUNDO FRÁGIL Y MARAVILLOSO de Cyril Aris
2026-06-22 05:52:55,575 - INFO - Comenzando extracción de información del post
2026-06-22 05:52:55,575 - INFO - Post ya existente, saltando: ASESINATO EN LA 3ª PLANTA de Rémi Bezançon
2026-06-22 05:52:55,575 - INFO - Comenzando extracción de información del post
2026-06-22 05:52:55,575 - INFO - Post ya existente, saltando: A LA CARA de Javier Marco
2026-06-22 05:52:55,575 - INFO - Comenzando extracción de información del post
2026-06-22 05:52:55,575 - INFO - Post ya existente, saltando: LOVE ME TENDER de  Anna Cazenave Cambet
2026-06-22 05:52:55,575 - INFO - Proceso completado. Posts nuevos guardados: 0
