2026-04-20 08:48:34,323 - INFO - Iniciando proceso de scraping
2026-04-20 08:48:34,325 - INFO - Posts existentes encontrados: 2538
2026-04-20 08:48:34,325 - INFO - Intentando obtener posts desde: https://ghostintheblog.com/
2026-04-20 08:48:37,099 - INFO - Se encontraron 10 posts
2026-04-20 08:48:37,100 - INFO - Comenzando extracción de información del post
2026-04-20 08:48:37,101 - INFO - Post ya existente, saltando: UN POETA de Simón Mesa
2026-04-20 08:48:37,101 - INFO - Comenzando extracción de información del post
2026-04-20 08:48:37,101 - INFO - Post ya existente, saltando: LA BUENA HIJA de Júlia de Paz Solvas
2026-04-20 08:48:37,101 - INFO - Comenzando extracción de información del post
2026-04-20 08:48:37,102 - INFO - Post ya existente, saltando: ATRAPANDO A UN MONSTRUO de Bryan Fuller
2026-04-20 08:48:37,102 - INFO - Comenzando extracción de información del post
2026-04-20 08:48:37,102 - INFO - Post ya existente, saltando: LA GRAZIA de Paolo Sorrentino
2026-04-20 08:48:37,102 - INFO - Comenzando extracción de información del post
2026-04-20 08:48:37,102 - INFO - Post ya existente, saltando: ALTAS CAPACIDADES de Víctor García León
2026-04-20 08:48:37,102 - INFO - Comenzando extracción de información del post
2026-04-20 08:48:37,102 - INFO - Post ya existente, saltando: LAPÖNIA de David Serrano
2026-04-20 08:48:37,102 - INFO - Comenzando extracción de información del post
2026-04-20 08:48:37,102 - INFO - Post ya existente, saltando: PROYECTO SALVACIÓN de Phil Lord y Christopher Miller
2026-04-20 08:48:37,103 - INFO - Comenzando extracción de información del post
2026-04-20 08:48:37,103 - INFO - Post ya existente, saltando: DOS FISCALES de Serguéi  Loznitsa
2026-04-20 08:48:37,103 - INFO - Comenzando extracción de información del post
2026-04-20 08:48:37,103 - INFO - Post ya existente, saltando: MAIGRET Y LA MUERTE DEL EMBAJADOR de Pascal Bonitzer
2026-04-20 08:48:37,103 - INFO - Comenzando extracción de información del post
2026-04-20 08:48:37,103 - INFO - Post ya existente, saltando: AMARGA NAVIDAD de Pedro Almodóvar
2026-04-20 08:48:37,103 - INFO - Proceso completado. Posts nuevos guardados: 0
