2026-07-05 16:24:53,344 - INFO - Iniciando proceso de scraping
2026-07-05 16:24:53,346 - INFO - Posts existentes encontrados: 2568
2026-07-05 16:24:53,346 - INFO - Intentando obtener posts desde: https://ghostintheblog.com/
2026-07-05 16:24:54,524 - INFO - Se encontraron 10 posts
2026-07-05 16:24:54,525 - INFO - Comenzando extracción de información del post
2026-07-05 16:24:54,525 - INFO - Post ya existente, saltando: LA MUJER SIN NOMBRE de Haifaa Al-Mansour
2026-07-05 16:24:54,525 - INFO - Comenzando extracción de información del post
2026-07-05 16:24:54,525 - INFO - Post ya existente, saltando: VIVA de Aina Clotet
2026-07-05 16:24:54,525 - INFO - Comenzando extracción de información del post
2026-07-05 16:24:54,525 - INFO - Post ya existente, saltando: DREAMS de Michel Franco
2026-07-05 16:24:54,526 - INFO - Comenzando extracción de información del post
2026-07-05 16:24:54,526 - INFO - Post ya existente, saltando: EL DÍA DE LA REVELACIÓN de Steven Spielberg
2026-07-05 16:24:54,526 - INFO - Comenzando extracción de información del post
2026-07-05 16:24:54,526 - INFO - Post ya existente, saltando: UN TALENTO ÚNICO de Daniel Roher
2026-07-05 16:24:54,526 - INFO - Comenzando extracción de información del post
2026-07-05 16:24:54,526 - INFO - Post ya existente, saltando: IVÁN & HADOUM de Ian de la Rosa
2026-07-05 16:24:54,526 - INFO - Comenzando extracción de información del post
2026-07-05 16:24:54,526 - INFO - Post ya existente, saltando: ELEONORA DUSE, LA DIVINA de Pietro Marcello
2026-07-05 16:24:54,526 - INFO - Comenzando extracción de información del post
2026-07-05 16:24:54,526 - INFO - Post ya existente, saltando: SOLOMAMMA de Janicke Askevold
2026-07-05 16:24:54,526 - INFO - Comenzando extracción de información del post
2026-07-05 16:24:54,526 - INFO - Post ya existente, saltando: LA LUZ de Fernando Franco
2026-07-05 16:24:54,526 - INFO - Comenzando extracción de información del post
2026-07-05 16:24:54,527 - INFO - Post ya existente, saltando: EL DRAMA de Kristoffer Borgli
2026-07-05 16:24:54,527 - INFO - Proceso completado. Posts nuevos guardados: 0
