2025-12-31 00:21:50,121 - INFO - Iniciando proceso de scraping
2025-12-31 00:21:50,123 - INFO - Posts existentes encontrados: 2488
2025-12-31 00:21:50,123 - INFO - Intentando obtener posts desde: https://ghostintheblog.com/
2025-12-31 00:21:51,297 - INFO - Se encontraron 10 posts
2025-12-31 00:21:51,298 - INFO - Comenzando extracción de información del post
2025-12-31 00:21:51,298 - INFO - Post ya existente, saltando: FATHER MOTHER SISTER BROTHER de Jim Jarmusch
2025-12-31 00:21:51,298 - INFO - Comenzando extracción de información del post
2025-12-31 00:21:51,298 - INFO - Post ya existente, saltando: VIDA PRIVADA de Rebecca Zlotowski
2025-12-31 00:21:51,298 - INFO - Comenzando extracción de información del post
2025-12-31 00:21:51,299 - INFO - Post ya existente, saltando: ART SPIEGELMAN: EL DESASTRE ES MI MUSA de Molly Bernstein y Philip Dolin
2025-12-31 00:21:51,299 - INFO - Comenzando extracción de información del post
2025-12-31 00:21:51,299 - INFO - Post ya existente, saltando: EL EXTRANJERO de François Ozon
2025-12-31 00:21:51,299 - INFO - Comenzando extracción de información del post
2025-12-31 00:21:51,299 - INFO - Post ya existente, saltando: LA VIDA FUERA de Mario Martone
2025-12-31 00:21:51,299 - INFO - Comenzando extracción de información del post
2025-12-31 00:21:51,299 - INFO - Post ya existente, saltando: FRONTERA de Judith Colell
2025-12-31 00:21:51,299 - INFO - Comenzando extracción de información del post
2025-12-31 00:21:51,299 - INFO - Post ya existente, saltando: ARO BERRIA de Irati Gorostidi Agirretxe
2025-12-31 00:21:51,299 - INFO - Comenzando extracción de información del post
2025-12-31 00:21:51,300 - INFO - Post ya existente, saltando: GOLPES de Rafael Cobos
2025-12-31 00:21:51,300 - INFO - Comenzando extracción de información del post
2025-12-31 00:21:51,300 - INFO - Post ya existente, saltando: SINGULAR de Alberto Gastesi
2025-12-31 00:21:51,300 - INFO - Comenzando extracción de información del post
2025-12-31 00:21:51,300 - INFO - Post ya existente, saltando: VALOR SENTIMENTAL de Joachim Trier
2025-12-31 00:21:51,300 - INFO - Proceso completado. Posts nuevos guardados: 0
