2026-01-02 08:08:27,094 - INFO - Iniciando proceso de scraping
2026-01-02 08:08:27,097 - INFO - Posts existentes encontrados: 2488
2026-01-02 08:08:27,097 - INFO - Intentando obtener posts desde: https://ghostintheblog.com/
2026-01-02 08:08:28,269 - INFO - Se encontraron 10 posts
2026-01-02 08:08:28,270 - INFO - Comenzando extracción de información del post
2026-01-02 08:08:28,270 - INFO - Post ya existente, saltando: FATHER MOTHER SISTER BROTHER de Jim Jarmusch
2026-01-02 08:08:28,270 - INFO - Comenzando extracción de información del post
2026-01-02 08:08:28,270 - INFO - Post ya existente, saltando: VIDA PRIVADA de Rebecca Zlotowski
2026-01-02 08:08:28,270 - INFO - Comenzando extracción de información del post
2026-01-02 08:08:28,270 - INFO - Post ya existente, saltando: ART SPIEGELMAN: EL DESASTRE ES MI MUSA de Molly Bernstein y Philip Dolin
2026-01-02 08:08:28,271 - INFO - Comenzando extracción de información del post
2026-01-02 08:08:28,271 - INFO - Post ya existente, saltando: EL EXTRANJERO de François Ozon
2026-01-02 08:08:28,271 - INFO - Comenzando extracción de información del post
2026-01-02 08:08:28,271 - INFO - Post ya existente, saltando: LA VIDA FUERA de Mario Martone
2026-01-02 08:08:28,271 - INFO - Comenzando extracción de información del post
2026-01-02 08:08:28,271 - INFO - Post ya existente, saltando: FRONTERA de Judith Colell
2026-01-02 08:08:28,271 - INFO - Comenzando extracción de información del post
2026-01-02 08:08:28,271 - INFO - Post ya existente, saltando: ARO BERRIA de Irati Gorostidi Agirretxe
2026-01-02 08:08:28,271 - INFO - Comenzando extracción de información del post
2026-01-02 08:08:28,272 - INFO - Post ya existente, saltando: GOLPES de Rafael Cobos
2026-01-02 08:08:28,272 - INFO - Comenzando extracción de información del post
2026-01-02 08:08:28,272 - INFO - Post ya existente, saltando: SINGULAR de Alberto Gastesi
2026-01-02 08:08:28,272 - INFO - Comenzando extracción de información del post
2026-01-02 08:08:28,272 - INFO - Post ya existente, saltando: VALOR SENTIMENTAL de Joachim Trier
2026-01-02 08:08:28,272 - INFO - Proceso completado. Posts nuevos guardados: 0
