2025-03-16 08:06:07,593 - INFO - Iniciando proceso de scraping
2025-03-16 08:06:07,593 - INFO - Posts existentes encontrados: 10
2025-03-16 08:06:07,593 - INFO - Intentando obtener posts desde: https://ghostintheblog.com/
2025-03-16 08:06:10,019 - INFO - Se encontraron 10 posts
2025-03-16 08:06:10,019 - INFO - Comenzando extracción de información del post
2025-03-16 08:06:10,019 - INFO - Post ya existente, saltando: TARDES DE SOLEDAD de Albert Serra
2025-03-16 08:06:10,019 - INFO - Comenzando extracción de información del post
2025-03-16 08:06:10,019 - INFO - Post ya existente, saltando: MICKEY 17 de Bong Joon-ho
2025-03-16 08:06:10,020 - INFO - Comenzando extracción de información del post
2025-03-16 08:06:10,020 - INFO - Post ya existente, saltando: LEE MILLER de Ellen Kuras
2025-03-16 08:06:10,020 - INFO - Comenzando extracción de información del post
2025-03-16 08:06:10,020 - INFO - Post ya existente, saltando: GRAND TOUR de Miguel Gomes
2025-03-16 08:06:10,020 - INFO - Comenzando extracción de información del post
2025-03-16 08:06:10,020 - INFO - Post ya existente, saltando: A COMPLETE UNKNOWN de James Mangold
2025-03-16 08:06:10,020 - INFO - Comenzando extracción de información del post
2025-03-16 08:06:10,021 - INFO - Post ya existente, saltando: MI ÚNICA FAMILIA de Mike Leigh
2025-03-16 08:06:10,021 - INFO - Comenzando extracción de información del post
2025-03-16 08:06:10,021 - INFO - Post ya existente, saltando: LOS OSCAR 2025
2025-03-16 08:06:10,021 - INFO - Comenzando extracción de información del post
2025-03-16 08:06:10,021 - INFO - Post ya existente, saltando: NOSOTROS de Helena Taberna
2025-03-16 08:06:10,021 - INFO - Comenzando extracción de información del post
2025-03-16 08:06:10,021 - INFO - Post ya existente, saltando: AÚN ESTOY AQUÍ
2025-03-16 08:06:10,021 - INFO - Comenzando extracción de información del post
2025-03-16 08:06:10,022 - INFO - Post ya existente, saltando: LA ÚLTIMA REINA de Karim Aïnouz
2025-03-16 08:06:10,022 - INFO - Proceso completado. Posts nuevos guardados: 0
