2026-03-16 12:19:39,056 - INFO - Iniciando proceso de scraping
2026-03-16 12:19:39,058 - INFO - Posts existentes encontrados: 2522
2026-03-16 12:19:39,058 - INFO - Intentando obtener posts desde: https://ghostintheblog.com/
2026-03-16 12:19:40,374 - INFO - Se encontraron 10 posts
2026-03-16 12:19:40,374 - INFO - Comenzando extracción de información del post
2026-03-16 12:19:40,375 - INFO - Post ya existente, saltando: ¡LA NOVIA! de Maggie Gyllenhaal
2026-03-16 12:19:40,375 - INFO - Comenzando extracción de información del post
2026-03-16 12:19:40,375 - INFO - Post ya existente, saltando: PILLION de Harry Lighton
2026-03-16 12:19:40,375 - INFO - Comenzando extracción de información del post
2026-03-16 12:19:40,375 - INFO - Post ya existente, saltando: EL MAGO DEL KREMLIN de Olivier Assayas
2026-03-16 12:19:40,375 - INFO - Comenzando extracción de información del post
2026-03-16 12:19:40,376 - INFO - Post ya existente, saltando: EL ÚLTIMO VIKINGO de Anders Thomas Jensen
2026-03-16 12:19:40,376 - INFO - Comenzando extracción de información del post
2026-03-16 12:19:40,376 - INFO - Post ya existente, saltando: SCARLET de Mamoru Hosoda
2026-03-16 12:19:40,376 - INFO - Comenzando extracción de información del post
2026-03-16 12:19:40,376 - INFO - Post ya existente, saltando: SORRY BABY de Eva Victor
2026-03-16 12:19:40,376 - INFO - Comenzando extracción de información del post
2026-03-16 12:19:40,376 - INFO - Post ya existente, saltando: LOS GOYA 2026
2026-03-16 12:19:40,376 - INFO - Comenzando extracción de información del post
2026-03-16 12:19:40,376 - INFO - Post ya existente, saltando: LITTLE AMÉLIE de Mailys Vallade y Liane-Cho Han Jin Kuang
2026-03-16 12:19:40,377 - INFO - Comenzando extracción de información del post
2026-03-16 12:19:40,377 - INFO - Post ya existente, saltando: LA MALDICIÓN DE SHELBY OAKS de Chris Stuckmann
2026-03-16 12:19:40,377 - INFO - Comenzando extracción de información del post
2026-03-16 12:19:40,377 - INFO - Post ya existente, saltando: SIN CONEXIÓN de Bradley Cooper
2026-03-16 12:19:40,377 - INFO - Proceso completado. Posts nuevos guardados: 0
