2025-05-08 04:07:21,966 - INFO - Iniciando proceso de scraping
2025-05-08 04:07:21,968 - INFO - Posts existentes encontrados: 2392
2025-05-08 04:07:21,968 - INFO - Intentando obtener posts desde: https://ghostintheblog.com/
2025-05-08 04:07:23,509 - INFO - Se encontraron 10 posts
2025-05-08 04:07:23,510 - INFO - Comenzando extracción de información del post
2025-05-08 04:07:23,510 - INFO - Post ya existente, saltando: LA BUENA LETRA de Celia Rico Clavellino
2025-05-08 04:07:23,510 - INFO - Comenzando extracción de información del post
2025-05-08 04:07:23,510 - INFO - Post ya existente, saltando: SUJO de Fernanda Valadez, Astrid Rondero
2025-05-08 04:07:23,510 - INFO - Comenzando extracción de información del post
2025-05-08 04:07:23,511 - INFO - Post ya existente, saltando: LA ISLA DE LOS FAISANES de Asier Urbieta
2025-05-08 04:07:23,511 - INFO - Comenzando extracción de información del post
2025-05-08 04:07:23,511 - INFO - Post ya existente, saltando: THE END de Joshua Oppenheimer
2025-05-08 04:07:23,511 - INFO - Comenzando extracción de información del post
2025-05-08 04:07:23,511 - INFO - Post ya existente, saltando: EL ÚLTIMO SUSPIRO de Costa-Gavras
2025-05-08 04:07:23,511 - INFO - Comenzando extracción de información del post
2025-05-08 04:07:23,511 - INFO - Post ya existente, saltando: EL CASOPLÓN de Joaquín Mazón
2025-05-08 04:07:23,511 - INFO - Comenzando extracción de información del post
2025-05-08 04:07:23,512 - INFO - Post ya existente, saltando: LA VIAJERA de Hong Sangsoo
2025-05-08 04:07:23,512 - INFO - Comenzando extracción de información del post
2025-05-08 04:07:23,512 - INFO - Post ya existente, saltando: AMATEUR de James Hawes
2025-05-08 04:07:23,512 - INFO - Comenzando extracción de información del post
2025-05-08 04:07:23,512 - INFO - Post ya existente, saltando: MUY LEJOS de Gerard Oms
2025-05-08 04:07:23,512 - INFO - Comenzando extracción de información del post
2025-05-08 04:07:23,512 - INFO - Post ya existente, saltando: LA NIÑA DE LA CABRA de Ana Asensio
2025-05-08 04:07:23,512 - INFO - Proceso completado. Posts nuevos guardados: 0
