2026-01-16 10:02:59,017 - INFO - Iniciando proceso de scraping
2026-01-16 10:02:59,018 - INFO - Posts existentes encontrados: 2494
2026-01-16 10:02:59,019 - INFO - Intentando obtener posts desde: https://ghostintheblog.com/
2026-01-16 10:03:00,589 - INFO - Se encontraron 10 posts
2026-01-16 10:03:00,589 - INFO - Comenzando extracción de información del post
2026-01-16 10:03:00,590 - INFO - Post ya existente, saltando: LA ASISTENTA de Rebecca Sonnenshine
2026-01-16 10:03:00,590 - INFO - Comenzando extracción de información del post
2026-01-16 10:03:00,590 - INFO - Post ya existente, saltando: RONDALLAS de Daniel Sánchez Arévalo
2026-01-16 10:03:00,590 - INFO - Comenzando extracción de información del post
2026-01-16 10:03:00,590 - INFO - Post ya existente, saltando: EL MÉDICO 2 de Philipp Stölzl
2026-01-16 10:03:00,590 - INFO - Comenzando extracción de información del post
2026-01-16 10:03:00,591 - INFO - Post ya existente, saltando: AVATAR: FUEGO Y CENIZAS de James Cameron
2026-01-16 10:03:00,591 - INFO - Comenzando extracción de información del post
2026-01-16 10:03:00,591 - INFO - Post ya existente, saltando: HOMO ARGENTUM de Mariano Cohn y Gastón Duprat
2026-01-16 10:03:00,591 - INFO - Comenzando extracción de información del post
2026-01-16 10:03:00,591 - INFO - Post ya existente, saltando: ZODIAC KILLER PROJECT de Charlie Shackleton
2026-01-16 10:03:00,591 - INFO - Comenzando extracción de información del post
2026-01-16 10:03:00,591 - INFO - Post ya existente, saltando: FATHER MOTHER SISTER BROTHER de Jim Jarmusch
2026-01-16 10:03:00,591 - INFO - Comenzando extracción de información del post
2026-01-16 10:03:00,591 - INFO - Post ya existente, saltando: VIDA PRIVADA de Rebecca Zlotowski
2026-01-16 10:03:00,591 - INFO - Comenzando extracción de información del post
2026-01-16 10:03:00,592 - INFO - Post ya existente, saltando: ART SPIEGELMAN: EL DESASTRE ES MI MUSA de Molly Bernstein y Philip Dolin
2026-01-16 10:03:00,592 - INFO - Comenzando extracción de información del post
2026-01-16 10:03:00,592 - INFO - Post ya existente, saltando: EL EXTRANJERO de François Ozon
2026-01-16 10:03:00,592 - INFO - Proceso completado. Posts nuevos guardados: 0
