2026-04-14 16:28:36,565 - INFO - Iniciando proceso de scraping
2026-04-14 16:28:36,567 - INFO - Posts existentes encontrados: 2529
2026-04-14 16:28:36,567 - INFO - Intentando obtener posts desde: https://ghostintheblog.com/
2026-04-14 16:28:38,286 - INFO - Se encontraron 10 posts
2026-04-14 16:28:38,287 - INFO - Comenzando extracción de información del post
2026-04-14 16:28:38,288 - INFO - Título del post: LA GRAZIA de Paolo Sorrentino
2026-04-14 16:28:38,288 - INFO - Fecha del post: 2026-04-14T17:31:31+02:00
2026-04-14 16:28:38,288 - INFO - Obteniendo contenido completo de: https://ghostintheblog.com/2026/04/critica-de-la-grazia-de-paolo-sorrentino.html
2026-04-14 16:28:40,149 - INFO - Contenido extraído y estructurado (4432 caracteres)
2026-04-14 16:28:40,150 - INFO - Guardando post en: posts/LA_GRAZIA_2026-04-14.json
2026-04-14 16:28:40,151 - INFO - Post guardado exitosamente
2026-04-14 16:28:40,151 - INFO - Actualizando índice de películas
2026-04-14 16:28:40,151 - INFO - Archivo de índice: /home/runner/work/scrapingcines/scrapingcines/index.json
2026-04-14 16:28:40,155 - INFO - Índice existente cargado con 2628 películas
2026-04-14 16:28:40,167 - INFO - Película agregada al índice: LA GRAZIA
2026-04-14 16:28:40,167 - INFO - Nuevo post guardado: LA GRAZIA de Paolo Sorrentino
2026-04-14 16:28:40,167 - INFO - Comenzando extracción de información del post
2026-04-14 16:28:40,168 - INFO - Título del post: ALTAS CAPACIDADES de Víctor García León
2026-04-14 16:28:40,168 - INFO - Fecha del post: 2026-04-14T17:27:14+02:00
2026-04-14 16:28:40,168 - INFO - Obteniendo contenido completo de: https://ghostintheblog.com/2026/04/critica-de-altas-capacidades-de-victor-garcia-leon.html
2026-04-14 16:28:42,030 - INFO - Contenido extraído y estructurado (2774 caracteres)
2026-04-14 16:28:42,032 - INFO - Guardando post en: posts/ALTAS_CAPACIDADES_2026-04-14.json
2026-04-14 16:28:42,032 - INFO - Post guardado exitosamente
2026-04-14 16:28:42,032 - INFO - Actualizando índice de películas
2026-04-14 16:28:42,032 - INFO - Archivo de índice: /home/runner/work/scrapingcines/scrapingcines/index.json
2026-04-14 16:28:42,036 - INFO - Índice existente cargado con 2629 películas
2026-04-14 16:28:42,048 - INFO - Película agregada al índice: ALTAS CAPACIDADES
2026-04-14 16:28:42,048 - INFO - Nuevo post guardado: ALTAS CAPACIDADES de Víctor García León
2026-04-14 16:28:42,048 - INFO - Comenzando extracción de información del post
2026-04-14 16:28:42,049 - INFO - Título del post: LAPÖNIA de David Serrano
2026-04-14 16:28:42,049 - INFO - Fecha del post: 2026-04-14T17:18:58+02:00
2026-04-14 16:28:42,049 - INFO - Obteniendo contenido completo de: https://ghostintheblog.com/2026/04/critica-de-laponia-de-david-serrano.html
2026-04-14 16:28:43,840 - INFO - Contenido extraído y estructurado (2695 caracteres)
2026-04-14 16:28:43,841 - INFO - Guardando post en: posts/LAPÖNIA_2026-04-14.json
2026-04-14 16:28:43,841 - INFO - Post guardado exitosamente
2026-04-14 16:28:43,841 - INFO - Actualizando índice de películas
2026-04-14 16:28:43,841 - INFO - Archivo de índice: /home/runner/work/scrapingcines/scrapingcines/index.json
2026-04-14 16:28:43,860 - INFO - Índice existente cargado con 2630 películas
2026-04-14 16:28:43,872 - INFO - Película agregada al índice: LAPÖNIA
2026-04-14 16:28:43,872 - INFO - Nuevo post guardado: LAPÖNIA de David Serrano
2026-04-14 16:28:43,872 - INFO - Comenzando extracción de información del post
2026-04-14 16:28:43,872 - INFO - Título del post: PROYECTO SALVACIÓN de Phil Lord y Christopher Miller
2026-04-14 16:28:43,872 - INFO - Fecha del post: 2026-04-14T17:13:31+02:00
2026-04-14 16:28:43,873 - INFO - Obteniendo contenido completo de: https://ghostintheblog.com/2026/04/critica-de-proyecto-salvacion-de-phil-lord-y-christopher-miller.html
2026-04-14 16:28:45,630 - INFO - Contenido extraído y estructurado (4594 caracteres)
2026-04-14 16:28:45,631 - INFO - Guardando post en: posts/PROYECTO_SALVACIÓN_2026-04-14.json
2026-04-14 16:28:45,631 - INFO - Post guardado exitosamente
2026-04-14 16:28:45,631 - INFO - Actualizando índice de películas
2026-04-14 16:28:45,631 - INFO - Archivo de índice: /home/runner/work/scrapingcines/scrapingcines/index.json
2026-04-14 16:28:45,636 - INFO - Índice existente cargado con 2631 películas
2026-04-14 16:28:45,648 - INFO - Película agregada al índice: PROYECTO SALVACIÓN
2026-04-14 16:28:45,648 - INFO - Nuevo post guardado: PROYECTO SALVACIÓN de Phil Lord y Christopher Miller
2026-04-14 16:28:45,648 - INFO - Comenzando extracción de información del post
2026-04-14 16:28:45,649 - INFO - Título del post: DOS FISCALES de Serguéi  Loznitsa
2026-04-14 16:28:45,649 - INFO - Fecha del post: 2026-04-14T17:06:38+02:00
2026-04-14 16:28:45,649 - INFO - Obteniendo contenido completo de: https://ghostintheblog.com/2026/04/critica-de-dos-fiscales-de-serguei-loznitsa.html
2026-04-14 16:28:47,205 - INFO - Contenido extraído y estructurado (2835 caracteres)
2026-04-14 16:28:47,206 - INFO - Guardando post en: posts/DOS_FISCALES_2026-04-14.json
2026-04-14 16:28:47,206 - INFO - Post guardado exitosamente
2026-04-14 16:28:47,207 - INFO - Actualizando índice de películas
2026-04-14 16:28:47,207 - INFO - Archivo de índice: /home/runner/work/scrapingcines/scrapingcines/index.json
2026-04-14 16:28:47,211 - INFO - Índice existente cargado con 2632 películas
2026-04-14 16:28:47,224 - INFO - Película agregada al índice: DOS FISCALES
2026-04-14 16:28:47,224 - INFO - Nuevo post guardado: DOS FISCALES de Serguéi  Loznitsa
2026-04-14 16:28:47,224 - INFO - Comenzando extracción de información del post
2026-04-14 16:28:47,224 - INFO - Título del post: MAIGRET Y LA MUERTE DEL EMBAJADOR de Pascal Bonitzer
2026-04-14 16:28:47,224 - INFO - Fecha del post: 2026-04-14T17:00:40+02:00
2026-04-14 16:28:47,225 - INFO - Obteniendo contenido completo de: https://ghostintheblog.com/2026/04/maigret-y-la-muerte-del-embajador-de-pascal-bonitzer.html
2026-04-14 16:28:49,001 - INFO - Contenido extraído y estructurado (2753 caracteres)
2026-04-14 16:28:49,002 - INFO - Guardando post en: posts/MAIGRET_Y_LA_MUERTE_DEL_EMBAJADOR_2026-04-14.json
2026-04-14 16:28:49,002 - INFO - Post guardado exitosamente
2026-04-14 16:28:49,003 - INFO - Actualizando índice de películas
2026-04-14 16:28:49,003 - INFO - Archivo de índice: /home/runner/work/scrapingcines/scrapingcines/index.json
2026-04-14 16:28:49,006 - INFO - Índice existente cargado con 2633 películas
2026-04-14 16:28:49,018 - INFO - Película agregada al índice: MAIGRET Y LA MUERTE DEL EMBAJADOR
2026-04-14 16:28:49,019 - INFO - Nuevo post guardado: MAIGRET Y LA MUERTE DEL EMBAJADOR de Pascal Bonitzer
2026-04-14 16:28:49,019 - INFO - Comenzando extracción de información del post
2026-04-14 16:28:49,019 - INFO - Post ya existente, saltando: AMARGA NAVIDAD de Pedro Almodóvar
2026-04-14 16:28:49,019 - INFO - Comenzando extracción de información del post
2026-04-14 16:28:49,019 - INFO - Post ya existente, saltando: LA HIJA PEQUEÑA de Hafsia Herzi
2026-04-14 16:28:49,019 - INFO - Comenzando extracción de información del post
2026-04-14 16:28:49,019 - INFO - Post ya existente, saltando: YO TE CREO de Charlotte Devillers y Arnaud Dufeys
2026-04-14 16:28:49,019 - INFO - Comenzando extracción de información del post
2026-04-14 16:28:49,020 - INFO - Post ya existente, saltando: EL TESTAMENTO DE ANN LEE de Mona Fastvold
2026-04-14 16:28:49,020 - INFO - Proceso completado. Posts nuevos guardados: 6
