2026-02-22 16:07:38,985 - INFO - Iniciando proceso de scraping
2026-02-22 16:07:38,987 - INFO - Posts existentes encontrados: 2509
2026-02-22 16:07:38,987 - INFO - Intentando obtener posts desde: https://ghostintheblog.com/
2026-02-22 16:07:41,103 - INFO - Se encontraron 10 posts
2026-02-22 16:07:41,104 - INFO - Comenzando extracción de información del post
2026-02-22 16:07:41,105 - INFO - Post ya existente, saltando: HISTORIAS DEL BUEN VALLE de José Luis Guerín
2026-02-22 16:07:41,105 - INFO - Comenzando extracción de información del post
2026-02-22 16:07:41,105 - INFO - Post ya existente, saltando: LA FIERA de Salvador Calvo
2026-02-22 16:07:41,105 - INFO - Comenzando extracción de información del post
2026-02-22 16:07:41,105 - INFO - Post ya existente, saltando: TRES ADIOSES de Isabel Coixet
2026-02-22 16:07:41,105 - INFO - Comenzando extracción de información del post
2026-02-22 16:07:41,105 - INFO - Post ya existente, saltando: LA TARTA DEL PRESIDENTE de Hasan Hadi
2026-02-22 16:07:41,105 - INFO - Comenzando extracción de información del post
2026-02-22 16:07:41,106 - INFO - Post ya existente, saltando: MARTY SUPREME de Joshua Safdie
2026-02-22 16:07:41,106 - INFO - Comenzando extracción de información del post
2026-02-22 16:07:41,106 - INFO - Post ya existente, saltando: LA CHICA ZURDA de Shih-Ching Tsou
2026-02-22 16:07:41,106 - INFO - Comenzando extracción de información del post
2026-02-22 16:07:41,106 - INFO - Post ya existente, saltando: HAMNET de Chloé Zhao
2026-02-22 16:07:41,106 - INFO - Comenzando extracción de información del post
2026-02-22 16:07:41,106 - INFO - Post ya existente, saltando: YUNAN de Ameer Fakher Eldin
2026-02-22 16:07:41,106 - INFO - Comenzando extracción de información del post
2026-02-22 16:07:41,106 - INFO - Post ya existente, saltando: LA LEYENDA DE OCHI de Isaiah Saxon
2026-02-22 16:07:41,106 - INFO - Comenzando extracción de información del post
2026-02-22 16:07:41,107 - INFO - Post ya existente, saltando: ARCO de Ugo Bienvenu
2026-02-22 16:07:41,107 - INFO - Proceso completado. Posts nuevos guardados: 0
