2026-06-29 00:49:53,219 - INFO - Iniciando proceso de scraping
2026-06-29 00:49:53,221 - INFO - Posts existentes encontrados: 2565
2026-06-29 00:49:53,221 - INFO - Intentando obtener posts desde: https://ghostintheblog.com/
2026-06-29 00:49:54,685 - INFO - Se encontraron 10 posts
2026-06-29 00:49:54,686 - INFO - Comenzando extracción de información del post
2026-06-29 00:49:54,686 - INFO - Título del post: LA MUJER SIN NOMBRE de Haifaa Al-Mansour
2026-06-29 00:49:54,686 - INFO - Fecha del post: 2026-06-29T00:34:56+02:00
2026-06-29 00:49:54,686 - INFO - Obteniendo contenido completo de: https://ghostintheblog.com/la-mujer-sin-nombre-de-haifaa-al-mansour/
2026-06-29 00:49:56,299 - INFO - Contenido extraído y estructurado (4629 caracteres)
2026-06-29 00:49:56,300 - INFO - Guardando post en: posts/LA_MUJER_SIN_NOMBRE_2026-06-29.json
2026-06-29 00:49:56,300 - INFO - Post guardado exitosamente
2026-06-29 00:49:56,300 - INFO - Actualizando índice de películas
2026-06-29 00:49:56,300 - INFO - Archivo de índice: /home/runner/work/scrapingcines/scrapingcines/index.json
2026-06-29 00:49:56,304 - INFO - Índice existente cargado con 2663 películas
2026-06-29 00:49:56,315 - INFO - Película agregada al índice: LA MUJER SIN NOMBRE
2026-06-29 00:49:56,315 - INFO - Nuevo post guardado: LA MUJER SIN NOMBRE de Haifaa Al-Mansour
2026-06-29 00:49:56,315 - INFO - Comenzando extracción de información del post
2026-06-29 00:49:56,315 - INFO - Título del post: VIVA de Aina Clotet
2026-06-29 00:49:56,315 - INFO - Fecha del post: 2026-06-29T00:24:52+02:00
2026-06-29 00:49:56,315 - INFO - Obteniendo contenido completo de: https://ghostintheblog.com/viva-de-aina-clotet/
2026-06-29 00:49:57,961 - INFO - Contenido extraído y estructurado (2710 caracteres)
2026-06-29 00:49:57,961 - INFO - Guardando post en: posts/VIVA_2026-06-29.json
2026-06-29 00:49:57,962 - INFO - Post guardado exitosamente
2026-06-29 00:49:57,962 - INFO - Actualizando índice de películas
2026-06-29 00:49:57,962 - INFO - Archivo de índice: /home/runner/work/scrapingcines/scrapingcines/index.json
2026-06-29 00:49:57,965 - INFO - Índice existente cargado con 2664 películas
2026-06-29 00:49:57,977 - INFO - Película agregada al índice: VIVA
2026-06-29 00:49:57,977 - INFO - Nuevo post guardado: VIVA de Aina Clotet
2026-06-29 00:49:57,977 - INFO - Comenzando extracción de información del post
2026-06-29 00:49:57,977 - INFO - Título del post: DREAMS de Michel Franco
2026-06-29 00:49:57,977 - INFO - Fecha del post: 2026-06-29T00:20:13+02:00
2026-06-29 00:49:57,977 - INFO - Obteniendo contenido completo de: https://ghostintheblog.com/dreams-de-michel-franco/
2026-06-29 00:49:59,612 - INFO - Contenido extraído y estructurado (2693 caracteres)
2026-06-29 00:49:59,613 - INFO - Guardando post en: posts/DREAMS_2026-06-29.json
2026-06-29 00:49:59,614 - INFO - Post guardado exitosamente
2026-06-29 00:49:59,614 - INFO - Actualizando índice de películas
2026-06-29 00:49:59,614 - INFO - Archivo de índice: /home/runner/work/scrapingcines/scrapingcines/index.json
2026-06-29 00:49:59,617 - INFO - Índice existente cargado con 2665 películas
2026-06-29 00:49:59,628 - INFO - Película agregada al índice: DREAMS
2026-06-29 00:49:59,628 - INFO - Nuevo post guardado: DREAMS de Michel Franco
2026-06-29 00:49:59,628 - INFO - Comenzando extracción de información del post
2026-06-29 00:49:59,628 - INFO - Post ya existente, saltando: EL DÍA DE LA REVELACIÓN de Steven Spielberg
2026-06-29 00:49:59,628 - INFO - Comenzando extracción de información del post
2026-06-29 00:49:59,629 - INFO - Post ya existente, saltando: UN TALENTO ÚNICO de Daniel Roher
2026-06-29 00:49:59,629 - INFO - Comenzando extracción de información del post
2026-06-29 00:49:59,629 - INFO - Post ya existente, saltando: IVÁN & HADOUM de Ian de la Rosa
2026-06-29 00:49:59,629 - INFO - Comenzando extracción de información del post
2026-06-29 00:49:59,629 - INFO - Post ya existente, saltando: ELEONORA DUSE, LA DIVINA de Pietro Marcello
2026-06-29 00:49:59,629 - INFO - Comenzando extracción de información del post
2026-06-29 00:49:59,629 - INFO - Post ya existente, saltando: SOLOMAMMA de Janicke Askevold
2026-06-29 00:49:59,629 - INFO - Comenzando extracción de información del post
2026-06-29 00:49:59,629 - INFO - Post ya existente, saltando: LA LUZ de Fernando Franco
2026-06-29 00:49:59,629 - INFO - Comenzando extracción de información del post
2026-06-29 00:49:59,629 - INFO - Post ya existente, saltando: EL DRAMA de Kristoffer Borgli
2026-06-29 00:49:59,629 - INFO - Proceso completado. Posts nuevos guardados: 3
