2026-03-27 16:21:21,242 - INFO - Iniciando proceso de scraping
2026-03-27 16:21:21,244 - INFO - Posts existentes encontrados: 2526
2026-03-27 16:21:21,244 - INFO - Intentando obtener posts desde: https://ghostintheblog.com/
2026-03-27 16:21:22,921 - INFO - Se encontraron 10 posts
2026-03-27 16:21:22,922 - INFO - Comenzando extracción de información del post
2026-03-27 16:21:22,922 - INFO - Post ya existente, saltando: EL TESTAMENTO DE ANN LEE de Mona Fastvold
2026-03-27 16:21:22,923 - INFO - Comenzando extracción de información del post
2026-03-27 16:21:22,923 - INFO - Post ya existente, saltando: ÁGUILAS DE EL CAIRO de Tarik Saleh
2026-03-27 16:21:22,923 - INFO - Comenzando extracción de información del post
2026-03-27 16:21:22,923 - INFO - Post ya existente, saltando: TORRENTE PRESIDENTE de Santiago Segura
2026-03-27 16:21:22,923 - INFO - Comenzando extracción de información del post
2026-03-27 16:21:22,923 - INFO - Post ya existente, saltando: LOS OSCAR 2026
2026-03-27 16:21:22,923 - INFO - Comenzando extracción de información del post
2026-03-27 16:21:22,923 - INFO - Post ya existente, saltando: ¡LA NOVIA! de Maggie Gyllenhaal
2026-03-27 16:21:22,924 - INFO - Comenzando extracción de información del post
2026-03-27 16:21:22,924 - INFO - Post ya existente, saltando: PILLION de Harry Lighton
2026-03-27 16:21:22,924 - INFO - Comenzando extracción de información del post
2026-03-27 16:21:22,924 - INFO - Post ya existente, saltando: EL MAGO DEL KREMLIN de Olivier Assayas
2026-03-27 16:21:22,924 - INFO - Comenzando extracción de información del post
2026-03-27 16:21:22,924 - INFO - Post ya existente, saltando: EL ÚLTIMO VIKINGO de Anders Thomas Jensen
2026-03-27 16:21:22,924 - INFO - Comenzando extracción de información del post
2026-03-27 16:21:22,924 - INFO - Post ya existente, saltando: SCARLET de Mamoru Hosoda
2026-03-27 16:21:22,924 - INFO - Comenzando extracción de información del post
2026-03-27 16:21:22,925 - INFO - Post ya existente, saltando: SORRY BABY de Eva Victor
2026-03-27 16:21:22,925 - INFO - Proceso completado. Posts nuevos guardados: 0
