2026-07-03 09:06:13,221 - INFO - Iniciando proceso de scraping
2026-07-03 09:06:13,223 - INFO - Posts existentes encontrados: 2568
2026-07-03 09:06:13,223 - INFO - Intentando obtener posts desde: https://ghostintheblog.com/
2026-07-03 09:06:16,253 - INFO - Se encontraron 10 posts
2026-07-03 09:06:16,254 - INFO - Comenzando extracción de información del post
2026-07-03 09:06:16,255 - INFO - Post ya existente, saltando: LA MUJER SIN NOMBRE de Haifaa Al-Mansour
2026-07-03 09:06:16,255 - INFO - Comenzando extracción de información del post
2026-07-03 09:06:16,255 - INFO - Post ya existente, saltando: VIVA de Aina Clotet
2026-07-03 09:06:16,255 - INFO - Comenzando extracción de información del post
2026-07-03 09:06:16,255 - INFO - Post ya existente, saltando: DREAMS de Michel Franco
2026-07-03 09:06:16,255 - INFO - Comenzando extracción de información del post
2026-07-03 09:06:16,255 - INFO - Post ya existente, saltando: EL DÍA DE LA REVELACIÓN de Steven Spielberg
2026-07-03 09:06:16,255 - INFO - Comenzando extracción de información del post
2026-07-03 09:06:16,256 - INFO - Post ya existente, saltando: UN TALENTO ÚNICO de Daniel Roher
2026-07-03 09:06:16,256 - INFO - Comenzando extracción de información del post
2026-07-03 09:06:16,256 - INFO - Post ya existente, saltando: IVÁN & HADOUM de Ian de la Rosa
2026-07-03 09:06:16,256 - INFO - Comenzando extracción de información del post
2026-07-03 09:06:16,256 - INFO - Post ya existente, saltando: ELEONORA DUSE, LA DIVINA de Pietro Marcello
2026-07-03 09:06:16,256 - INFO - Comenzando extracción de información del post
2026-07-03 09:06:16,256 - INFO - Post ya existente, saltando: SOLOMAMMA de Janicke Askevold
2026-07-03 09:06:16,256 - INFO - Comenzando extracción de información del post
2026-07-03 09:06:16,256 - INFO - Post ya existente, saltando: LA LUZ de Fernando Franco
2026-07-03 09:06:16,256 - INFO - Comenzando extracción de información del post
2026-07-03 09:06:16,256 - INFO - Post ya existente, saltando: EL DRAMA de Kristoffer Borgli
2026-07-03 09:06:16,256 - INFO - Proceso completado. Posts nuevos guardados: 0
