2025-06-21 20:05:19,451 - INFO - Iniciando proceso de scraping
2025-06-21 20:05:19,453 - INFO - Posts existentes encontrados: 2408
2025-06-21 20:05:19,453 - INFO - Intentando obtener posts desde: https://ghostintheblog.com/
2025-06-21 20:05:21,816 - INFO - Se encontraron 10 posts
2025-06-21 20:05:21,816 - INFO - Comenzando extracción de información del post
2025-06-21 20:05:21,817 - INFO - Título del post: TRES KILÓMETROS AL FIN DEL MUNDO de Emanuel Pârvu
2025-06-21 20:05:21,817 - INFO - Fecha del post: 2025-06-21T19:45:21+02:00
2025-06-21 20:05:21,817 - INFO - Obteniendo contenido completo de: https://ghostintheblog.com/2025/06/infierno-grande-cine-rumano-parvu.html
2025-06-21 20:05:23,587 - INFO - Contenido extraído y estructurado (2801 caracteres)
2025-06-21 20:05:23,587 - INFO - Guardando post en: posts/TRES_KILÓMETROS_AL_FIN_DEL_MUNDO_2025-06-21.json
2025-06-21 20:05:23,587 - INFO - Post guardado exitosamente
2025-06-21 20:05:23,587 - INFO - Actualizando índice de películas
2025-06-21 20:05:23,587 - INFO - Archivo de índice: /home/runner/work/scrapingcines/scrapingcines/index.json
2025-06-21 20:05:23,591 - INFO - Índice existente cargado con 2508 películas
2025-06-21 20:05:23,602 - INFO - Película agregada al índice: TRES KILÓMETROS AL FIN DEL MUNDO
2025-06-21 20:05:23,602 - INFO - Nuevo post guardado: TRES KILÓMETROS AL FIN DEL MUNDO de Emanuel Pârvu
2025-06-21 20:05:23,603 - INFO - Comenzando extracción de información del post
2025-06-21 20:05:23,603 - INFO - Post ya existente, saltando: TODO SALDRÁ BIEN de Ray Yeung
2025-06-21 20:05:23,603 - INFO - Comenzando extracción de información del post
2025-06-21 20:05:23,603 - INFO - Post ya existente, saltando: CUATRO PAREDES de Ibon Cormenzana
2025-06-21 20:05:23,603 - INFO - Comenzando extracción de información del post
2025-06-21 20:05:23,603 - INFO - Post ya existente, saltando: LA BUENA SUERTE de Gracia Querejeta
2025-06-21 20:05:23,603 - INFO - Comenzando extracción de información del post
2025-06-21 20:05:23,603 - INFO - Post ya existente, saltando: SIRAT de Oliver Laxe
2025-06-21 20:05:23,603 - INFO - Comenzando extracción de información del post
2025-06-21 20:05:23,604 - INFO - Post ya existente, saltando: EL JOCKEY de Luis Ortega
2025-06-21 20:05:23,604 - INFO - Comenzando extracción de información del post
2025-06-21 20:05:23,604 - INFO - Post ya existente, saltando: LA TRAMA FENICIA de Wes Anderson
2025-06-21 20:05:23,604 - INFO - Comenzando extracción de información del post
2025-06-21 20:05:23,604 - INFO - Post ya existente, saltando: SI YO PUDIERA HIBERNAR de Zoljargal Purevdash
2025-06-21 20:05:23,604 - INFO - Comenzando extracción de información del post
2025-06-21 20:05:23,604 - INFO - Post ya existente, saltando: LOS TORTUGA de Belén Funes
2025-06-21 20:05:23,604 - INFO - Comenzando extracción de información del post
2025-06-21 20:05:23,604 - INFO - Título del post: MISIÓN IMPOSIBLE: SENTENCIA FINAL de Christopher McQuarrie
2025-06-21 20:05:23,605 - INFO - Fecha del post: 2025-05-30T23:18:00+02:00
2025-06-21 20:05:23,605 - INFO - Obteniendo contenido completo de: https://ghostintheblog.com/2025/05/mision-imposible-sentencia-final-de-christopher-mcquarrie.html
2025-06-21 20:05:24,990 - INFO - Contenido extraído y estructurado (2920 caracteres)
2025-06-21 20:05:24,990 - INFO - Guardando post en: posts/MISIÓN_IMPOSIBLE:_SENTENCIA_FINAL_2025-05-30.json
2025-06-21 20:05:24,991 - INFO - Post guardado exitosamente
2025-06-21 20:05:24,991 - INFO - Actualizando índice de películas
2025-06-21 20:05:24,991 - INFO - Archivo de índice: /home/runner/work/scrapingcines/scrapingcines/index.json
2025-06-21 20:05:24,994 - INFO - Índice existente cargado con 2509 películas
2025-06-21 20:05:24,995 - INFO - La película ya existe en el índice: MISIÓN IMPOSIBLE: SENTENCIA FINAL
2025-06-21 20:05:24,995 - INFO - Nuevo post guardado: MISIÓN IMPOSIBLE: SENTENCIA FINAL de Christopher McQuarrie
2025-06-21 20:05:24,995 - INFO - Proceso completado. Posts nuevos guardados: 2
