2025-04-22 00:18:12,768 - INFO - Iniciando proceso de scraping
2025-04-22 00:18:12,770 - INFO - Posts existentes encontrados: 2386
2025-04-22 00:18:12,770 - INFO - Intentando obtener posts desde: https://ghostintheblog.com/
2025-04-22 00:18:14,798 - INFO - Se encontraron 10 posts
2025-04-22 00:18:14,798 - INFO - Comenzando extracción de información del post
2025-04-22 00:18:14,798 - INFO - Post ya existente, saltando: LA VIAJERA de Hong Sangsoo
2025-04-22 00:18:14,798 - INFO - Comenzando extracción de información del post
2025-04-22 00:18:14,799 - INFO - Post ya existente, saltando: AMATEUR de James Hawes
2025-04-22 00:18:14,799 - INFO - Comenzando extracción de información del post
2025-04-22 00:18:14,799 - INFO - Post ya existente, saltando: MUY LEJOS de Gerard Oms
2025-04-22 00:18:14,799 - INFO - Comenzando extracción de información del post
2025-04-22 00:18:14,799 - INFO - Post ya existente, saltando: LA NIÑA DE LA CABRA de Ana Asensio
2025-04-22 00:18:14,799 - INFO - Comenzando extracción de información del post
2025-04-22 00:18:14,800 - INFO - Post ya existente, saltando: VIDA EN PAUSA de Alexandros Avranas
2025-04-22 00:18:14,800 - INFO - Comenzando extracción de información del post
2025-04-22 00:18:14,800 - INFO - Post ya existente, saltando: GUILLERMO TELL de Nick Hamm
2025-04-22 00:18:14,800 - INFO - Comenzando extracción de información del post
2025-04-22 00:18:14,800 - INFO - Post ya existente, saltando: SORDA de Eva Libertad
2025-04-22 00:18:14,800 - INFO - Comenzando extracción de información del post
2025-04-22 00:18:14,800 - INFO - Post ya existente, saltando: UNA BALLENA de Pablo Hernando Esquisabel
2025-04-22 00:18:14,800 - INFO - Comenzando extracción de información del post
2025-04-22 00:18:14,801 - INFO - Post ya existente, saltando: LA FURIA de Gemma Blasco
2025-04-22 00:18:14,801 - INFO - Comenzando extracción de información del post
2025-04-22 00:18:14,801 - INFO - Post ya existente, saltando: GHOSTLIGHT de Kelly O’Sullivan y Alex Thompson
2025-04-22 00:18:14,801 - INFO - Proceso completado. Posts nuevos guardados: 0
