2026-01-18 04:21:17,646 - INFO - Iniciando proceso de scraping
2026-01-18 04:21:17,648 - INFO - Posts existentes encontrados: 2494
2026-01-18 04:21:17,648 - INFO - Intentando obtener posts desde: https://ghostintheblog.com/
2026-01-18 04:21:19,602 - INFO - Se encontraron 10 posts
2026-01-18 04:21:19,603 - INFO - Comenzando extracción de información del post
2026-01-18 04:21:19,604 - INFO - Post ya existente, saltando: LA ASISTENTA de Rebecca Sonnenshine
2026-01-18 04:21:19,604 - INFO - Comenzando extracción de información del post
2026-01-18 04:21:19,604 - INFO - Post ya existente, saltando: RONDALLAS de Daniel Sánchez Arévalo
2026-01-18 04:21:19,604 - INFO - Comenzando extracción de información del post
2026-01-18 04:21:19,604 - INFO - Post ya existente, saltando: EL MÉDICO 2 de Philipp Stölzl
2026-01-18 04:21:19,604 - INFO - Comenzando extracción de información del post
2026-01-18 04:21:19,604 - INFO - Post ya existente, saltando: AVATAR: FUEGO Y CENIZAS de James Cameron
2026-01-18 04:21:19,604 - INFO - Comenzando extracción de información del post
2026-01-18 04:21:19,604 - INFO - Post ya existente, saltando: HOMO ARGENTUM de Mariano Cohn y Gastón Duprat
2026-01-18 04:21:19,604 - INFO - Comenzando extracción de información del post
2026-01-18 04:21:19,605 - INFO - Post ya existente, saltando: ZODIAC KILLER PROJECT de Charlie Shackleton
2026-01-18 04:21:19,605 - INFO - Comenzando extracción de información del post
2026-01-18 04:21:19,605 - INFO - Post ya existente, saltando: FATHER MOTHER SISTER BROTHER de Jim Jarmusch
2026-01-18 04:21:19,605 - INFO - Comenzando extracción de información del post
2026-01-18 04:21:19,605 - INFO - Post ya existente, saltando: VIDA PRIVADA de Rebecca Zlotowski
2026-01-18 04:21:19,605 - INFO - Comenzando extracción de información del post
2026-01-18 04:21:19,605 - INFO - Post ya existente, saltando: ART SPIEGELMAN: EL DESASTRE ES MI MUSA de Molly Bernstein y Philip Dolin
2026-01-18 04:21:19,605 - INFO - Comenzando extracción de información del post
2026-01-18 04:21:19,605 - INFO - Post ya existente, saltando: EL EXTRANJERO de François Ozon
2026-01-18 04:21:19,605 - INFO - Proceso completado. Posts nuevos guardados: 0
