2025-03-25 20:05:41,121 - INFO - Iniciando proceso de scraping
2025-03-25 20:05:41,123 - INFO - Posts existentes encontrados: 2364
2025-03-25 20:05:41,123 - INFO - Intentando obtener posts desde: https://ghostintheblog.com/
2025-03-25 20:05:43,653 - INFO - Se encontraron 10 posts
2025-03-25 20:05:43,653 - INFO - Comenzando extracción de información del post
2025-03-25 20:05:43,654 - INFO - Título del post: MISERICORDIA de Alain Guiraudie
2025-03-25 20:05:43,654 - INFO - Fecha del post: 2025-03-21T19:30:00+01:00
2025-03-25 20:05:43,654 - INFO - Obteniendo contenido completo de: https://ghostintheblog.com/2025/03/critica-misericordia-2024-alain-guiraudie.html
2025-03-25 20:05:45,206 - INFO - Contenido extraído y estructurado (4710 caracteres)
2025-03-25 20:05:45,206 - INFO - Guardando post en: posts/MISERICORDIA_2025-03-21.json
2025-03-25 20:05:45,206 - INFO - Post guardado exitosamente
2025-03-25 20:05:45,206 - INFO - Actualizando índice de películas
2025-03-25 20:05:45,206 - INFO - Archivo de índice: /home/runner/work/scrapingcines/scrapingcines/index.json
2025-03-25 20:05:45,210 - INFO - Índice existente cargado con 2472 películas
2025-03-25 20:05:45,211 - INFO - La película ya existe en el índice: MISERICORDIA
2025-03-25 20:05:45,211 - INFO - Nuevo post guardado: MISERICORDIA de Alain Guiraudie
2025-03-25 20:05:45,211 - INFO - Comenzando extracción de información del post
2025-03-25 20:05:45,211 - INFO - Título del post: LOS AITAS de Borja Cobeaga
2025-03-25 20:05:45,211 - INFO - Fecha del post: 2025-03-21T19:10:00+01:00
2025-03-25 20:05:45,211 - INFO - Obteniendo contenido completo de: https://ghostintheblog.com/2025/03/critica-los-aitas-2025-borja-cobeaga.html
2025-03-25 20:05:46,781 - INFO - Contenido extraído y estructurado (2560 caracteres)
2025-03-25 20:05:46,781 - INFO - Guardando post en: posts/LOS_AITAS_2025-03-21.json
2025-03-25 20:05:46,781 - INFO - Post guardado exitosamente
2025-03-25 20:05:46,781 - INFO - Actualizando índice de películas
2025-03-25 20:05:46,781 - INFO - Archivo de índice: /home/runner/work/scrapingcines/scrapingcines/index.json
2025-03-25 20:05:46,785 - INFO - Índice existente cargado con 2472 películas
2025-03-25 20:05:46,786 - INFO - La película ya existe en el índice: LOS AITAS
2025-03-25 20:05:46,786 - INFO - Nuevo post guardado: LOS AITAS de Borja Cobeaga
2025-03-25 20:05:46,786 - INFO - Comenzando extracción de información del post
2025-03-25 20:05:46,786 - INFO - Título del post: MORLAIX de Jaime Rosales
2025-03-25 20:05:46,786 - INFO - Fecha del post: 2025-03-21T19:00:00+01:00
2025-03-25 20:05:46,786 - INFO - Obteniendo contenido completo de: https://ghostintheblog.com/2025/03/morlaix-de-jaime-rosales-2025.html
2025-03-25 20:05:48,237 - INFO - Contenido extraído y estructurado (2662 caracteres)
2025-03-25 20:05:48,237 - INFO - Guardando post en: posts/MORLAIX_2025-03-21.json
2025-03-25 20:05:48,237 - INFO - Post guardado exitosamente
2025-03-25 20:05:48,237 - INFO - Actualizando índice de películas
2025-03-25 20:05:48,237 - INFO - Archivo de índice: /home/runner/work/scrapingcines/scrapingcines/index.json
2025-03-25 20:05:48,240 - INFO - Índice existente cargado con 2472 películas
2025-03-25 20:05:48,241 - INFO - La película ya existe en el índice: MORLAIX
2025-03-25 20:05:48,241 - INFO - Nuevo post guardado: MORLAIX de Jaime Rosales
2025-03-25 20:05:48,241 - INFO - Comenzando extracción de información del post
2025-03-25 20:05:48,241 - INFO - Título del post: TARDES DE SOLEDAD de Albert Serra
2025-03-25 20:05:48,241 - INFO - Fecha del post: 2025-03-15T00:23:46+01:00
2025-03-25 20:05:48,242 - INFO - Obteniendo contenido completo de: https://ghostintheblog.com/2025/03/tardes-de-soledad-albert-serra-toreo-tauromaquia.html
2025-03-25 20:05:49,638 - INFO - Contenido extraído y estructurado (4810 caracteres)
2025-03-25 20:05:49,639 - INFO - Guardando post en: posts/TARDES_DE_SOLEDAD_2025-03-15.json
2025-03-25 20:05:49,639 - INFO - Post guardado exitosamente
2025-03-25 20:05:49,639 - INFO - Actualizando índice de películas
2025-03-25 20:05:49,639 - INFO - Archivo de índice: /home/runner/work/scrapingcines/scrapingcines/index.json
2025-03-25 20:05:49,642 - INFO - Índice existente cargado con 2472 películas
2025-03-25 20:05:49,643 - INFO - La película ya existe en el índice: TARDES DE SOLEDAD
2025-03-25 20:05:49,643 - INFO - Nuevo post guardado: TARDES DE SOLEDAD de Albert Serra
2025-03-25 20:05:49,643 - INFO - Comenzando extracción de información del post
2025-03-25 20:05:49,643 - INFO - Título del post: MICKEY 17 de Bong Joon-ho
2025-03-25 20:05:49,643 - INFO - Fecha del post: 2025-03-15T00:11:27+01:00
2025-03-25 20:05:49,643 - INFO - Obteniendo contenido completo de: https://ghostintheblog.com/2025/03/mickey-17-bong-joon-ho-prescindibles-y-critica-al-poder.html
2025-03-25 20:05:51,038 - INFO - Contenido extraído y estructurado (2862 caracteres)
2025-03-25 20:05:51,038 - INFO - Guardando post en: posts/MICKEY_17_2025-03-15.json
2025-03-25 20:05:51,039 - INFO - Post guardado exitosamente
2025-03-25 20:05:51,039 - INFO - Actualizando índice de películas
2025-03-25 20:05:51,039 - INFO - Archivo de índice: /home/runner/work/scrapingcines/scrapingcines/index.json
2025-03-25 20:05:51,043 - INFO - Índice existente cargado con 2472 películas
2025-03-25 20:05:51,043 - INFO - La película ya existe en el índice: MICKEY 17
2025-03-25 20:05:51,043 - INFO - Nuevo post guardado: MICKEY 17 de Bong Joon-ho
2025-03-25 20:05:51,043 - INFO - Comenzando extracción de información del post
2025-03-25 20:05:51,043 - INFO - Título del post: LEE MILLER de Ellen Kuras
2025-03-25 20:05:51,044 - INFO - Fecha del post: 2025-03-14T23:52:25+01:00
2025-03-25 20:05:51,044 - INFO - Obteniendo contenido completo de: https://ghostintheblog.com/2025/03/lee-la-pelicula-de-ellen-kuras-un-retrato-frio-y-sin-alma.html
2025-03-25 20:05:52,627 - INFO - Contenido extraído y estructurado (2616 caracteres)
2025-03-25 20:05:52,628 - INFO - Guardando post en: posts/LEE_MILLER_2025-03-14.json
2025-03-25 20:05:52,628 - INFO - Post guardado exitosamente
2025-03-25 20:05:52,628 - INFO - Actualizando índice de películas
2025-03-25 20:05:52,628 - INFO - Archivo de índice: /home/runner/work/scrapingcines/scrapingcines/index.json
2025-03-25 20:05:52,632 - INFO - Índice existente cargado con 2472 películas
2025-03-25 20:05:52,632 - INFO - La película ya existe en el índice: LEE MILLER
2025-03-25 20:05:52,633 - INFO - Nuevo post guardado: LEE MILLER de Ellen Kuras
2025-03-25 20:05:52,633 - INFO - Comenzando extracción de información del post
2025-03-25 20:05:52,633 - INFO - Título del post: GRAND TOUR de Miguel Gomes
2025-03-25 20:05:52,633 - INFO - Fecha del post: 2025-03-09T01:07:10+01:00
2025-03-25 20:05:52,633 - INFO - Obteniendo contenido completo de: https://ghostintheblog.com/2025/03/grand-tour-miguel-gomes-cine-viaje-sombras.html
2025-03-25 20:05:54,731 - INFO - Contenido extraído y estructurado (4776 caracteres)
2025-03-25 20:05:54,731 - INFO - Guardando post en: posts/GRAND_TOUR_2025-03-09.json
2025-03-25 20:05:54,731 - INFO - Post guardado exitosamente
2025-03-25 20:05:54,731 - INFO - Actualizando índice de películas
2025-03-25 20:05:54,732 - INFO - Archivo de índice: /home/runner/work/scrapingcines/scrapingcines/index.json
2025-03-25 20:05:54,735 - INFO - Índice existente cargado con 2472 películas
2025-03-25 20:05:54,736 - INFO - La película ya existe en el índice: GRAND TOUR
2025-03-25 20:05:54,736 - INFO - Nuevo post guardado: GRAND TOUR de Miguel Gomes
2025-03-25 20:05:54,736 - INFO - Comenzando extracción de información del post
2025-03-25 20:05:54,736 - INFO - Título del post: A COMPLETE UNKNOWN de James Mangold
2025-03-25 20:05:54,736 - INFO - Fecha del post: 2025-03-09T00:51:50+01:00
2025-03-25 20:05:54,736 - INFO - Obteniendo contenido completo de: https://ghostintheblog.com/2025/03/a-complete-unknown-mangold-dylan-cine.html
2025-03-25 20:05:56,173 - INFO - Contenido extraído y estructurado (2678 caracteres)
2025-03-25 20:05:56,174 - INFO - Guardando post en: posts/A_COMPLETE_UNKNOWN_2025-03-09.json
2025-03-25 20:05:56,174 - INFO - Post guardado exitosamente
2025-03-25 20:05:56,174 - INFO - Actualizando índice de películas
2025-03-25 20:05:56,174 - INFO - Archivo de índice: /home/runner/work/scrapingcines/scrapingcines/index.json
2025-03-25 20:05:56,178 - INFO - Índice existente cargado con 2472 películas
2025-03-25 20:05:56,178 - INFO - La película ya existe en el índice: A COMPLETE UNKNOWN
2025-03-25 20:05:56,178 - INFO - Nuevo post guardado: A COMPLETE UNKNOWN de James Mangold
2025-03-25 20:05:56,178 - INFO - Comenzando extracción de información del post
2025-03-25 20:05:56,179 - INFO - Título del post: MI ÚNICA FAMILIA de Mike Leigh
2025-03-25 20:05:56,179 - INFO - Fecha del post: 2025-03-09T00:29:20+01:00
2025-03-25 20:05:56,179 - INFO - Obteniendo contenido completo de: https://ghostintheblog.com/2025/03/mi-unica-familia-mike-leigh-realismo-depresion-narrativa-claustrofobica.html
2025-03-25 20:05:57,673 - INFO - Contenido extraído y estructurado (2684 caracteres)
2025-03-25 20:05:57,674 - INFO - Guardando post en: posts/MI_ÚNICA_FAMILIA_2025-03-09.json
2025-03-25 20:05:57,674 - INFO - Post guardado exitosamente
2025-03-25 20:05:57,674 - INFO - Actualizando índice de películas
2025-03-25 20:05:57,674 - INFO - Archivo de índice: /home/runner/work/scrapingcines/scrapingcines/index.json
2025-03-25 20:05:57,678 - INFO - Índice existente cargado con 2472 películas
2025-03-25 20:05:57,678 - INFO - La película ya existe en el índice: MI ÚNICA FAMILIA
2025-03-25 20:05:57,679 - INFO - Nuevo post guardado: MI ÚNICA FAMILIA de Mike Leigh
2025-03-25 20:05:57,679 - INFO - Comenzando extracción de información del post
2025-03-25 20:05:57,679 - INFO - Título del post: LOS OSCAR 2025
2025-03-25 20:05:57,679 - INFO - Fecha del post: 2025-03-04T09:39:04+01:00
2025-03-25 20:05:57,679 - WARNING - No se pudo extraer director del título: LOS OSCAR 2025
2025-03-25 20:05:57,679 - INFO - Obteniendo contenido completo de: https://ghostintheblog.com/2025/03/ganadores-oscar-2025-critica.html
2025-03-25 20:05:59,035 - WARNING - No se encontró 'Título Original' en el contenido
2025-03-25 20:05:59,035 - INFO - Usando contenido completo como respaldo
2025-03-25 20:05:59,036 - INFO - Guardando post en: posts/LOS_OSCAR_2025_2025-03-04.json
2025-03-25 20:05:59,036 - INFO - Post guardado exitosamente
2025-03-25 20:05:59,036 - INFO - Actualizando índice de películas
2025-03-25 20:05:59,036 - INFO - Archivo de índice: /home/runner/work/scrapingcines/scrapingcines/index.json
2025-03-25 20:05:59,040 - INFO - Índice existente cargado con 2472 películas
2025-03-25 20:05:59,040 - INFO - La película ya existe en el índice: LOS OSCAR 2025
2025-03-25 20:05:59,040 - INFO - Nuevo post guardado: LOS OSCAR 2025
2025-03-25 20:05:59,040 - INFO - Proceso completado. Posts nuevos guardados: 10
