2026-04-24 22:13:36,074 - INFO - Iniciando proceso de scraping
2026-04-24 22:13:36,076 - INFO - Posts existentes encontrados: 2538
2026-04-24 22:13:36,076 - INFO - Intentando obtener posts desde: https://ghostintheblog.com/
2026-04-24 22:13:37,810 - INFO - Se encontraron 10 posts
2026-04-24 22:13:37,811 - INFO - Comenzando extracción de información del post
2026-04-24 22:13:37,812 - INFO - Post ya existente, saltando: UN POETA de Simón Mesa
2026-04-24 22:13:37,812 - INFO - Comenzando extracción de información del post
2026-04-24 22:13:37,812 - INFO - Post ya existente, saltando: LA BUENA HIJA de Júlia de Paz Solvas
2026-04-24 22:13:37,812 - INFO - Comenzando extracción de información del post
2026-04-24 22:13:37,812 - INFO - Post ya existente, saltando: ATRAPANDO A UN MONSTRUO de Bryan Fuller
2026-04-24 22:13:37,812 - INFO - Comenzando extracción de información del post
2026-04-24 22:13:37,812 - INFO - Post ya existente, saltando: LA GRAZIA de Paolo Sorrentino
2026-04-24 22:13:37,812 - INFO - Comenzando extracción de información del post
2026-04-24 22:13:37,813 - INFO - Post ya existente, saltando: ALTAS CAPACIDADES de Víctor García León
2026-04-24 22:13:37,813 - INFO - Comenzando extracción de información del post
2026-04-24 22:13:37,813 - INFO - Post ya existente, saltando: LAPÖNIA de David Serrano
2026-04-24 22:13:37,813 - INFO - Comenzando extracción de información del post
2026-04-24 22:13:37,813 - INFO - Post ya existente, saltando: PROYECTO SALVACIÓN de Phil Lord y Christopher Miller
2026-04-24 22:13:37,813 - INFO - Comenzando extracción de información del post
2026-04-24 22:13:37,813 - INFO - Post ya existente, saltando: DOS FISCALES de Serguéi  Loznitsa
2026-04-24 22:13:37,813 - INFO - Comenzando extracción de información del post
2026-04-24 22:13:37,813 - INFO - Post ya existente, saltando: MAIGRET Y LA MUERTE DEL EMBAJADOR de Pascal Bonitzer
2026-04-24 22:13:37,813 - INFO - Comenzando extracción de información del post
2026-04-24 22:13:37,814 - INFO - Post ya existente, saltando: AMARGA NAVIDAD de Pedro Almodóvar
2026-04-24 22:13:37,814 - INFO - Proceso completado. Posts nuevos guardados: 0
