2025-05-26 04:09:26,342 - INFO - Iniciando proceso de scraping
2025-05-26 04:09:26,344 - INFO - Posts existentes encontrados: 2401
2025-05-26 04:09:26,344 - INFO - Intentando obtener posts desde: https://ghostintheblog.com/
2025-05-26 04:09:30,024 - INFO - Se encontraron 10 posts
2025-05-26 04:09:30,024 - INFO - Comenzando extracción de información del post
2025-05-26 04:09:30,024 - INFO - Post ya existente, saltando: EL BUEN PADRE de Ronan Tronchot
2025-05-26 04:09:30,025 - INFO - Comenzando extracción de información del post
2025-05-26 04:09:30,025 - INFO - Post ya existente, saltando: ESTOCOLMO: EL REY TIRANO 1520 de Mikael Håfström
2025-05-26 04:09:30,025 - INFO - Comenzando extracción de información del post
2025-05-26 04:09:30,025 - INFO - Post ya existente, saltando: TRAS EL VERANO de Yolanda Centeno
2025-05-26 04:09:30,025 - INFO - Comenzando extracción de información del post
2025-05-26 04:09:30,025 - INFO - Post ya existente, saltando: ENEMIGOS de David Valero
2025-05-26 04:09:30,025 - INFO - Comenzando extracción de información del post
2025-05-26 04:09:30,026 - INFO - Post ya existente, saltando: UNA QUINTA PORTUGUESA de Avelina Prat
2025-05-26 04:09:30,026 - INFO - Comenzando extracción de información del post
2025-05-26 04:09:30,026 - INFO - Post ya existente, saltando: LO QUE QUEDA DE TI
2025-05-26 04:09:30,026 - INFO - Comenzando extracción de información del post
2025-05-26 04:09:30,026 - INFO - Post ya existente, saltando: PRESUNCIÓN DE INOCENCIA de Daniel Auteuil
2025-05-26 04:09:30,026 - INFO - Comenzando extracción de información del post
2025-05-26 04:09:30,026 - INFO - Post ya existente, saltando: LA HISTORIA DE SOULEYMANE de Boris Lojkine
2025-05-26 04:09:30,027 - INFO - Comenzando extracción de información del post
2025-05-26 04:09:30,027 - INFO - Post ya existente, saltando: ERREPLIKA de Pello Gutiérrez Peñalba
2025-05-26 04:09:30,027 - INFO - Comenzando extracción de información del post
2025-05-26 04:09:30,027 - INFO - Post ya existente, saltando: LA BUENA LETRA de Celia Rico Clavellino
2025-05-26 04:09:30,027 - INFO - Proceso completado. Posts nuevos guardados: 0
