2026-04-22 00:32:04,230 - INFO - Iniciando proceso de scraping
2026-04-22 00:32:04,232 - INFO - Posts existentes encontrados: 2538
2026-04-22 00:32:04,232 - INFO - Intentando obtener posts desde: https://ghostintheblog.com/
2026-04-22 00:32:05,707 - INFO - Se encontraron 10 posts
2026-04-22 00:32:05,708 - INFO - Comenzando extracción de información del post
2026-04-22 00:32:05,709 - INFO - Post ya existente, saltando: UN POETA de Simón Mesa
2026-04-22 00:32:05,709 - INFO - Comenzando extracción de información del post
2026-04-22 00:32:05,709 - INFO - Post ya existente, saltando: LA BUENA HIJA de Júlia de Paz Solvas
2026-04-22 00:32:05,709 - INFO - Comenzando extracción de información del post
2026-04-22 00:32:05,709 - INFO - Post ya existente, saltando: ATRAPANDO A UN MONSTRUO de Bryan Fuller
2026-04-22 00:32:05,709 - INFO - Comenzando extracción de información del post
2026-04-22 00:32:05,709 - INFO - Post ya existente, saltando: LA GRAZIA de Paolo Sorrentino
2026-04-22 00:32:05,709 - INFO - Comenzando extracción de información del post
2026-04-22 00:32:05,710 - INFO - Post ya existente, saltando: ALTAS CAPACIDADES de Víctor García León
2026-04-22 00:32:05,710 - INFO - Comenzando extracción de información del post
2026-04-22 00:32:05,710 - INFO - Post ya existente, saltando: LAPÖNIA de David Serrano
2026-04-22 00:32:05,710 - INFO - Comenzando extracción de información del post
2026-04-22 00:32:05,710 - INFO - Post ya existente, saltando: PROYECTO SALVACIÓN de Phil Lord y Christopher Miller
2026-04-22 00:32:05,710 - INFO - Comenzando extracción de información del post
2026-04-22 00:32:05,710 - INFO - Post ya existente, saltando: DOS FISCALES de Serguéi  Loznitsa
2026-04-22 00:32:05,710 - INFO - Comenzando extracción de información del post
2026-04-22 00:32:05,710 - INFO - Post ya existente, saltando: MAIGRET Y LA MUERTE DEL EMBAJADOR de Pascal Bonitzer
2026-04-22 00:32:05,710 - INFO - Comenzando extracción de información del post
2026-04-22 00:32:05,711 - INFO - Post ya existente, saltando: AMARGA NAVIDAD de Pedro Almodóvar
2026-04-22 00:32:05,711 - INFO - Proceso completado. Posts nuevos guardados: 0
