2025-05-24 20:05:05,302 - INFO - Iniciando proceso de scraping
2025-05-24 20:05:05,304 - INFO - Posts existentes encontrados: 2398
2025-05-24 20:05:05,304 - INFO - Intentando obtener posts desde: https://ghostintheblog.com/
2025-05-24 20:05:07,452 - INFO - Se encontraron 10 posts
2025-05-24 20:05:07,452 - INFO - Comenzando extracción de información del post
2025-05-24 20:05:07,452 - INFO - Título del post: EL BUEN PADRE de Ronan Tronchot
2025-05-24 20:05:07,452 - INFO - Fecha del post: 2025-05-24T18:26:53+02:00
2025-05-24 20:05:07,452 - INFO - Obteniendo contenido completo de: https://ghostintheblog.com/2025/05/analisis-pelicula-un-buen-padre-critica-iglesia-catolica.html
2025-05-24 20:05:08,798 - INFO - Contenido extraído y estructurado (4627 caracteres)
2025-05-24 20:05:08,799 - INFO - Guardando post en: posts/EL_BUEN_PADRE_2025-05-24.json
2025-05-24 20:05:08,799 - INFO - Post guardado exitosamente
2025-05-24 20:05:08,799 - INFO - Actualizando índice de películas
2025-05-24 20:05:08,799 - INFO - Archivo de índice: /home/runner/work/scrapingcines/scrapingcines/index.json
2025-05-24 20:05:08,803 - INFO - Índice existente cargado con 2496 películas
2025-05-24 20:05:08,817 - INFO - Película agregada al índice: EL BUEN PADRE
2025-05-24 20:05:08,817 - INFO - Nuevo post guardado: EL BUEN PADRE de Ronan Tronchot
2025-05-24 20:05:08,817 - INFO - Comenzando extracción de información del post
2025-05-24 20:05:08,818 - INFO - Título del post: ESTOCOLMO: EL REY TIRANO 1520 de Mikael Håfström
2025-05-24 20:05:08,818 - INFO - Fecha del post: 2025-05-24T18:20:03+02:00
2025-05-24 20:05:08,818 - INFO - Obteniendo contenido completo de: https://ghostintheblog.com/2025/05/estocolmo-1520-critica-analisis-historico.html
2025-05-24 20:05:10,198 - INFO - Contenido extraído y estructurado (2752 caracteres)
2025-05-24 20:05:10,199 - INFO - Guardando post en: posts/ESTOCOLMO:_EL_REY_TIRANO_1520_2025-05-24.json
2025-05-24 20:05:10,199 - INFO - Post guardado exitosamente
2025-05-24 20:05:10,199 - INFO - Actualizando índice de películas
2025-05-24 20:05:10,199 - INFO - Archivo de índice: /home/runner/work/scrapingcines/scrapingcines/index.json
2025-05-24 20:05:10,203 - INFO - Índice existente cargado con 2497 películas
2025-05-24 20:05:10,217 - INFO - Película agregada al índice: ESTOCOLMO: EL REY TIRANO 1520
2025-05-24 20:05:10,217 - INFO - Nuevo post guardado: ESTOCOLMO: EL REY TIRANO 1520 de Mikael Håfström
2025-05-24 20:05:10,217 - INFO - Comenzando extracción de información del post
2025-05-24 20:05:10,218 - INFO - Título del post: TRAS EL VERANO de Yolanda Centeno
2025-05-24 20:05:10,218 - INFO - Fecha del post: 2025-05-24T18:11:23+02:00
2025-05-24 20:05:10,218 - INFO - Obteniendo contenido completo de: https://ghostintheblog.com/2025/05/tras-el-verano-derechos-madrastras-familias-recompuestas.html
2025-05-24 20:05:11,624 - INFO - Contenido extraído y estructurado (2824 caracteres)
2025-05-24 20:05:11,624 - INFO - Guardando post en: posts/TRAS_EL_VERANO_2025-05-24.json
2025-05-24 20:05:11,625 - INFO - Post guardado exitosamente
2025-05-24 20:05:11,625 - INFO - Actualizando índice de películas
2025-05-24 20:05:11,625 - INFO - Archivo de índice: /home/runner/work/scrapingcines/scrapingcines/index.json
2025-05-24 20:05:11,628 - INFO - Índice existente cargado con 2498 películas
2025-05-24 20:05:11,642 - INFO - Película agregada al índice: TRAS EL VERANO
2025-05-24 20:05:11,642 - INFO - Nuevo post guardado: TRAS EL VERANO de Yolanda Centeno
2025-05-24 20:05:11,642 - INFO - Comenzando extracción de información del post
2025-05-24 20:05:11,643 - INFO - Post ya existente, saltando: ENEMIGOS de David Valero
2025-05-24 20:05:11,643 - INFO - Comenzando extracción de información del post
2025-05-24 20:05:11,643 - INFO - Post ya existente, saltando: UNA QUINTA PORTUGUESA de Avelina Prat
2025-05-24 20:05:11,643 - INFO - Comenzando extracción de información del post
2025-05-24 20:05:11,643 - INFO - Post ya existente, saltando: LO QUE QUEDA DE TI
2025-05-24 20:05:11,643 - INFO - Comenzando extracción de información del post
2025-05-24 20:05:11,643 - INFO - Post ya existente, saltando: PRESUNCIÓN DE INOCENCIA de Daniel Auteuil
2025-05-24 20:05:11,644 - INFO - Comenzando extracción de información del post
2025-05-24 20:05:11,644 - INFO - Post ya existente, saltando: LA HISTORIA DE SOULEYMANE de Boris Lojkine
2025-05-24 20:05:11,644 - INFO - Comenzando extracción de información del post
2025-05-24 20:05:11,644 - INFO - Post ya existente, saltando: ERREPLIKA de Pello Gutiérrez Peñalba
2025-05-24 20:05:11,644 - INFO - Comenzando extracción de información del post
2025-05-24 20:05:11,644 - INFO - Post ya existente, saltando: LA BUENA LETRA de Celia Rico Clavellino
2025-05-24 20:05:11,644 - INFO - Proceso completado. Posts nuevos guardados: 3
