2025-07-19 22:02:24,806 - INFO - Iniciando proceso de scraping
2025-07-19 22:02:24,808 - INFO - Posts existentes encontrados: 2417
2025-07-19 22:02:24,808 - INFO - Intentando obtener posts desde: https://ghostintheblog.com/
2025-07-19 22:02:27,682 - INFO - Se encontraron 10 posts
2025-07-19 22:02:27,683 - INFO - Comenzando extracción de información del post
2025-07-19 22:02:27,683 - INFO - Post ya existente, saltando: BLACK DOG de Guan Hu
2025-07-19 22:02:27,683 - INFO - Comenzando extracción de información del post
2025-07-19 22:02:27,683 - INFO - Post ya existente, saltando: F1: LA PELÍCULA de Joseph Kosinski
2025-07-19 22:02:27,683 - INFO - Comenzando extracción de información del post
2025-07-19 22:02:27,683 - INFO - Post ya existente, saltando: VOLVER A TI de Jeanette Nordahl
2025-07-19 22:02:27,683 - INFO - Comenzando extracción de información del post
2025-07-19 22:02:27,684 - INFO - Post ya existente, saltando: THE LAST SHOWGIRL de Gia Coppola
2025-07-19 22:02:27,684 - INFO - Comenzando extracción de información del post
2025-07-19 22:02:27,684 - INFO - Post ya existente, saltando: JULIETTE EN PRIMAVERA de Blandine Lenoir
2025-07-19 22:02:27,684 - INFO - Comenzando extracción de información del post
2025-07-19 22:02:27,684 - INFO - Post ya existente, saltando: RAMÓN Y RAMÓN de Salvador del Solar
2025-07-19 22:02:27,684 - INFO - Comenzando extracción de información del post
2025-07-19 22:02:27,684 - INFO - Post ya existente, saltando: A LA DERIVA de Jia Zhangke
2025-07-19 22:02:27,684 - INFO - Comenzando extracción de información del post
2025-07-19 22:02:27,684 - INFO - Post ya existente, saltando: VOTEMOS de Santiago Requejo
2025-07-19 22:02:27,684 - INFO - Comenzando extracción de información del post
2025-07-19 22:02:27,685 - INFO - Post ya existente, saltando: TRES KILÓMETROS AL FIN DEL MUNDO de Emanuel Pârvu
2025-07-19 22:02:27,685 - INFO - Comenzando extracción de información del post
2025-07-19 22:02:27,685 - INFO - Post ya existente, saltando: TODO SALDRÁ BIEN de Ray Yeung
2025-07-19 22:02:27,685 - INFO - Proceso completado. Posts nuevos guardados: 0
