2026-02-02 16:11:36,527 - INFO - Iniciando proceso de scraping
2026-02-02 16:11:36,529 - INFO - Posts existentes encontrados: 2500
2026-02-02 16:11:36,529 - INFO - Intentando obtener posts desde: https://ghostintheblog.com/
2026-02-02 16:11:38,157 - INFO - Se encontraron 10 posts
2026-02-02 16:11:38,158 - INFO - Comenzando extracción de información del post
2026-02-02 16:11:38,158 - INFO - Post ya existente, saltando: ARCO de Ugo Bienvenu
2026-02-02 16:11:38,158 - INFO - Comenzando extracción de información del post
2026-02-02 16:11:38,159 - INFO - Post ya existente, saltando: SI PUDIERA TE DARÍA UNA PATADA de Mary Bronstein
2026-02-02 16:11:38,159 - INFO - Comenzando extracción de información del post
2026-02-02 16:11:38,159 - INFO - Post ya existente, saltando: LA MISTERIOSA MIRADA DE FLAMENCO de Diego Céspedes
2026-02-02 16:11:38,159 - INFO - Comenzando extracción de información del post
2026-02-02 16:11:38,159 - INFO - Post ya existente, saltando: NOUVELLE VAGUE de Richard Linklater
2026-02-02 16:11:38,159 - INFO - Comenzando extracción de información del post
2026-02-02 16:11:38,159 - INFO - Post ya existente, saltando: RENTAL FAMILY de Hikari
2026-02-02 16:11:38,159 - INFO - Comenzando extracción de información del post
2026-02-02 16:11:38,159 - INFO - Post ya existente, saltando: TURNO DE GUARDIA de Petra Biondina Volpe
2026-02-02 16:11:38,159 - INFO - Comenzando extracción de información del post
2026-02-02 16:11:38,160 - INFO - Post ya existente, saltando: LA ASISTENTA de Rebecca Sonnenshine
2026-02-02 16:11:38,160 - INFO - Comenzando extracción de información del post
2026-02-02 16:11:38,160 - INFO - Post ya existente, saltando: RONDALLAS de Daniel Sánchez Arévalo
2026-02-02 16:11:38,160 - INFO - Comenzando extracción de información del post
2026-02-02 16:11:38,160 - INFO - Post ya existente, saltando: EL MÉDICO 2 de Philipp Stölzl
2026-02-02 16:11:38,160 - INFO - Comenzando extracción de información del post
2026-02-02 16:11:38,160 - INFO - Post ya existente, saltando: AVATAR: FUEGO Y CENIZAS de James Cameron
2026-02-02 16:11:38,160 - INFO - Proceso completado. Posts nuevos guardados: 0
