2025-12-06 22:02:57,962 - INFO - Iniciando proceso de scraping
2025-12-06 22:02:57,963 - INFO - Posts existentes encontrados: 2476
2025-12-06 22:02:57,963 - INFO - Intentando obtener posts desde: https://ghostintheblog.com/
2025-12-06 22:02:59,411 - INFO - Se encontraron 10 posts
2025-12-06 22:02:59,411 - INFO - Comenzando extracción de información del post
2025-12-06 22:02:59,412 - INFO - Post ya existente, saltando: DRÁCULA de Luc Besson
2025-12-06 22:02:59,412 - INFO - Comenzando extracción de información del post
2025-12-06 22:02:59,412 - INFO - Post ya existente, saltando: ALPHA de Julia  Ducournau
2025-12-06 22:02:59,412 - INFO - Comenzando extracción de información del post
2025-12-06 22:02:59,412 - INFO - Post ya existente, saltando: CRIMSON GOLD de Jafar Panahi
2025-12-06 22:02:59,412 - INFO - Comenzando extracción de información del post
2025-12-06 22:02:59,413 - INFO - Post ya existente, saltando: GAUA de Paul Urkijo
2025-12-06 22:02:59,413 - INFO - Comenzando extracción de información del post
2025-12-06 22:02:59,413 - INFO - Post ya existente, saltando: URCHIN de Harris Dickinson
2025-12-06 22:02:59,413 - INFO - Comenzando extracción de información del post
2025-12-06 22:02:59,413 - INFO - Post ya existente, saltando: CIUDAD SIN SUEÑO de Guillermo Galoe
2025-12-06 22:02:59,413 - INFO - Comenzando extracción de información del post
2025-12-06 22:02:59,413 - INFO - Post ya existente, saltando: BUGONIA de Yorgos Lanthimos
2025-12-06 22:02:59,413 - INFO - Comenzando extracción de información del post
2025-12-06 22:02:59,413 - INFO - Post ya existente, saltando: SUBSUELO de Fernando Franco
2025-12-06 22:02:59,413 - INFO - Comenzando extracción de información del post
2025-12-06 22:02:59,414 - INFO - Post ya existente, saltando: SIEMPRE ES INVIERNO de David Trueba
2025-12-06 22:02:59,414 - INFO - Comenzando extracción de información del post
2025-12-06 22:02:59,414 - INFO - Post ya existente, saltando: THE MASTERMIND de Kelly Reichardt
2025-12-06 22:02:59,414 - INFO - Proceso completado. Posts nuevos guardados: 0
