2026-06-22 00:53:56,842 - INFO - Iniciando proceso de scraping
2026-06-22 00:53:56,844 - INFO - Posts existentes encontrados: 2562
2026-06-22 00:53:56,844 - INFO - Intentando obtener posts desde: https://ghostintheblog.com/
2026-06-22 00:54:00,769 - INFO - Se encontraron 10 posts
2026-06-22 00:54:00,770 - INFO - Comenzando extracción de información del post
2026-06-22 00:54:00,770 - INFO - Post ya existente, saltando: ELEONORA DUSE, LA DIVINA de Pietro Marcello
2026-06-22 00:54:00,770 - INFO - Comenzando extracción de información del post
2026-06-22 00:54:00,770 - INFO - Post ya existente, saltando: SOLOMAMMA de Janicke Askevold
2026-06-22 00:54:00,770 - INFO - Comenzando extracción de información del post
2026-06-22 00:54:00,771 - INFO - Post ya existente, saltando: LA LUZ de Fernando Franco
2026-06-22 00:54:00,771 - INFO - Comenzando extracción de información del post
2026-06-22 00:54:00,771 - INFO - Post ya existente, saltando: EL DRAMA de Kristoffer Borgli
2026-06-22 00:54:00,771 - INFO - Comenzando extracción de información del post
2026-06-22 00:54:00,771 - INFO - Post ya existente, saltando: ¿QUÉ TE DICE ESA NATURALEZA? de Hong Sang-soo
2026-06-22 00:54:00,771 - INFO - Comenzando extracción de información del post
2026-06-22 00:54:00,771 - INFO - Post ya existente, saltando: LA IRONÍA DEL AMOR de Chandler Levack
2026-06-22 00:54:00,771 - INFO - Comenzando extracción de información del post
2026-06-22 00:54:00,771 - INFO - Post ya existente, saltando: UN MUNDO FRÁGIL Y MARAVILLOSO de Cyril Aris
2026-06-22 00:54:00,771 - INFO - Comenzando extracción de información del post
2026-06-22 00:54:00,772 - INFO - Post ya existente, saltando: ASESINATO EN LA 3ª PLANTA de Rémi Bezançon
2026-06-22 00:54:00,772 - INFO - Comenzando extracción de información del post
2026-06-22 00:54:00,772 - INFO - Post ya existente, saltando: A LA CARA de Javier Marco
2026-06-22 00:54:00,772 - INFO - Comenzando extracción de información del post
2026-06-22 00:54:00,772 - INFO - Post ya existente, saltando: LOVE ME TENDER de  Anna Cazenave Cambet
2026-06-22 00:54:00,772 - INFO - Proceso completado. Posts nuevos guardados: 0
