2025-11-12 00:20:07,457 - INFO - Iniciando proceso de scraping
2025-11-12 00:20:07,459 - INFO - Posts existentes encontrados: 2467
2025-11-12 00:20:07,459 - INFO - Intentando obtener posts desde: https://ghostintheblog.com/
2025-11-12 00:20:09,379 - INFO - Se encontraron 10 posts
2025-11-12 00:20:09,380 - INFO - Comenzando extracción de información del post
2025-11-12 00:20:09,381 - INFO - Post ya existente, saltando: THE MASTERMIND de Kelly Reichardt
2025-11-12 00:20:09,381 - INFO - Comenzando extracción de información del post
2025-11-12 00:20:09,381 - INFO - Post ya existente, saltando: RECIÉN NACIDAS de Jean-Pierre  y Luc Dardenne
2025-11-12 00:20:09,381 - INFO - Comenzando extracción de información del post
2025-11-12 00:20:09,381 - INFO - Post ya existente, saltando: LOS TIGRES de Alberto Rodríguez
2025-11-12 00:20:09,381 - INFO - Comenzando extracción de información del post
2025-11-12 00:20:09,381 - INFO - Post ya existente, saltando: FRANKENSTEIN de Guillermo del Toro
2025-11-12 00:20:09,381 - INFO - Comenzando extracción de información del post
2025-11-12 00:20:09,381 - INFO - Post ya existente, saltando: ESA COSA CON ALAS de Dylan Southern
2025-11-12 00:20:09,382 - INFO - Comenzando extracción de información del post
2025-11-12 00:20:09,382 - INFO - Post ya existente, saltando: LA CENA de Manuel Gómez Pereira
2025-11-12 00:20:09,382 - INFO - Comenzando extracción de información del post
2025-11-12 00:20:09,382 - INFO - Post ya existente, saltando: LOS DOMINGOS de Alauda Ruiz de Azúa
2025-11-12 00:20:09,382 - INFO - Comenzando extracción de información del post
2025-11-12 00:20:09,382 - INFO - Post ya existente, saltando: UN SIMPLE ACCIDENTE de Jafar Panahi
2025-11-12 00:20:09,382 - INFO - Comenzando extracción de información del post
2025-11-12 00:20:09,382 - INFO - Post ya existente, saltando: CAZA DE BRUJAS de Luca Guadagnino
2025-11-12 00:20:09,382 - INFO - Comenzando extracción de información del post
2025-11-12 00:20:09,383 - INFO - Post ya existente, saltando: BALA PERDIDA de Darren Aronofsky
2025-11-12 00:20:09,383 - INFO - Proceso completado. Posts nuevos guardados: 0
