2025-05-18 10:02:24,543 - INFO - Iniciando proceso de scraping
2025-05-18 10:02:24,545 - INFO - Posts existentes encontrados: 2398
2025-05-18 10:02:24,546 - INFO - Intentando obtener posts desde: https://ghostintheblog.com/
2025-05-18 10:02:26,895 - INFO - Se encontraron 10 posts
2025-05-18 10:02:26,896 - INFO - Comenzando extracción de información del post
2025-05-18 10:02:26,896 - INFO - Post ya existente, saltando: ENEMIGOS de David Valero
2025-05-18 10:02:26,896 - INFO - Comenzando extracción de información del post
2025-05-18 10:02:26,896 - INFO - Post ya existente, saltando: UNA QUINTA PORTUGUESA de Avelina Prat
2025-05-18 10:02:26,896 - INFO - Comenzando extracción de información del post
2025-05-18 10:02:26,896 - INFO - Post ya existente, saltando: LO QUE QUEDA DE TI
2025-05-18 10:02:26,896 - INFO - Comenzando extracción de información del post
2025-05-18 10:02:26,896 - INFO - Post ya existente, saltando: PRESUNCIÓN DE INOCENCIA de Daniel Auteuil
2025-05-18 10:02:26,897 - INFO - Comenzando extracción de información del post
2025-05-18 10:02:26,897 - INFO - Post ya existente, saltando: LA HISTORIA DE SOULEYMANE de Boris Lojkine
2025-05-18 10:02:26,897 - INFO - Comenzando extracción de información del post
2025-05-18 10:02:26,897 - INFO - Post ya existente, saltando: ERREPLIKA de Pello Gutiérrez Peñalba
2025-05-18 10:02:26,897 - INFO - Comenzando extracción de información del post
2025-05-18 10:02:26,897 - INFO - Post ya existente, saltando: LA BUENA LETRA de Celia Rico Clavellino
2025-05-18 10:02:26,897 - INFO - Comenzando extracción de información del post
2025-05-18 10:02:26,897 - INFO - Post ya existente, saltando: SUJO de Fernanda Valadez, Astrid Rondero
2025-05-18 10:02:26,897 - INFO - Comenzando extracción de información del post
2025-05-18 10:02:26,898 - INFO - Post ya existente, saltando: LA ISLA DE LOS FAISANES de Asier Urbieta
2025-05-18 10:02:26,898 - INFO - Comenzando extracción de información del post
2025-05-18 10:02:26,898 - INFO - Post ya existente, saltando: THE END de Joshua Oppenheimer
2025-05-18 10:02:26,898 - INFO - Proceso completado. Posts nuevos guardados: 0
