2025-09-06 00:17:36,927 - INFO - Iniciando proceso de scraping
2025-09-06 00:17:36,929 - INFO - Posts existentes encontrados: 2434
2025-09-06 00:17:36,929 - INFO - Intentando obtener posts desde: https://ghostintheblog.com/
2025-09-06 00:17:38,411 - INFO - Se encontraron 10 posts
2025-09-06 00:17:38,412 - INFO - Comenzando extracción de información del post
2025-09-06 00:17:38,412 - INFO - Post ya existente, saltando: BLUE SUN PALACE de Constance Sang
2025-09-06 00:17:38,412 - INFO - Comenzando extracción de información del post
2025-09-06 00:17:38,412 - INFO - Post ya existente, saltando: MATERIALISTAS de Celine Song
2025-09-06 00:17:38,412 - INFO - Comenzando extracción de información del post
2025-09-06 00:17:38,413 - INFO - Post ya existente, saltando: WEAPONS de Zach Cregger
2025-09-06 00:17:38,413 - INFO - Comenzando extracción de información del post
2025-09-06 00:17:38,413 - INFO - Post ya existente, saltando: MI POSTRE FAVORITO de Maryam Moghadam y Behtash Sanaeeha
2025-09-06 00:17:38,413 - INFO - Comenzando extracción de información del post
2025-09-06 00:17:38,413 - INFO - Post ya existente, saltando: AQUÉL VERANO EN PARÍS de Valentine Cadic
2025-09-06 00:17:38,413 - INFO - Comenzando extracción de información del post
2025-09-06 00:17:38,413 - INFO - Post ya existente, saltando: MR. NADIE de Miguel Ángel Calvo Buttini
2025-09-06 00:17:38,413 - INFO - Comenzando extracción de información del post
2025-09-06 00:17:38,413 - INFO - Post ya existente, saltando: NUNCA MÁS de Klaus Härö
2025-09-06 00:17:38,414 - INFO - Comenzando extracción de información del post
2025-09-06 00:17:38,414 - INFO - Post ya existente, saltando: DEVUÉLVEMELA de Danny y Michael Philippou
2025-09-06 00:17:38,414 - INFO - Comenzando extracción de información del post
2025-09-06 00:17:38,414 - INFO - Post ya existente, saltando: MISTERIOSO ASESINATO EN LA MONTAÑA de Franck Dubosc
2025-09-06 00:17:38,414 - INFO - Comenzando extracción de información del post
2025-09-06 00:17:38,414 - INFO - Post ya existente, saltando: BAJA POR PATERNIDAD de Alissa Jung
2025-09-06 00:17:38,414 - INFO - Proceso completado. Posts nuevos guardados: 0
