2025-11-30 22:02:57,905 - INFO - Iniciando proceso de scraping
2025-11-30 22:02:57,908 - INFO - Posts existentes encontrados: 2476
2025-11-30 22:02:57,908 - INFO - Intentando obtener posts desde: https://ghostintheblog.com/
2025-11-30 22:02:59,198 - INFO - Se encontraron 10 posts
2025-11-30 22:02:59,199 - INFO - Comenzando extracción de información del post
2025-11-30 22:02:59,200 - INFO - Post ya existente, saltando: DRÁCULA de Luc Besson
2025-11-30 22:02:59,200 - INFO - Comenzando extracción de información del post
2025-11-30 22:02:59,200 - INFO - Post ya existente, saltando: ALPHA de Julia  Ducournau
2025-11-30 22:02:59,200 - INFO - Comenzando extracción de información del post
2025-11-30 22:02:59,200 - INFO - Post ya existente, saltando: CRIMSON GOLD de Jafar Panahi
2025-11-30 22:02:59,200 - INFO - Comenzando extracción de información del post
2025-11-30 22:02:59,200 - INFO - Post ya existente, saltando: GAUA de Paul Urkijo
2025-11-30 22:02:59,201 - INFO - Comenzando extracción de información del post
2025-11-30 22:02:59,201 - INFO - Post ya existente, saltando: URCHIN de Harris Dickinson
2025-11-30 22:02:59,201 - INFO - Comenzando extracción de información del post
2025-11-30 22:02:59,201 - INFO - Post ya existente, saltando: CIUDAD SIN SUEÑO de Guillermo Galoe
2025-11-30 22:02:59,201 - INFO - Comenzando extracción de información del post
2025-11-30 22:02:59,201 - INFO - Post ya existente, saltando: BUGONIA de Yorgos Lanthimos
2025-11-30 22:02:59,201 - INFO - Comenzando extracción de información del post
2025-11-30 22:02:59,201 - INFO - Post ya existente, saltando: SUBSUELO de Fernando Franco
2025-11-30 22:02:59,201 - INFO - Comenzando extracción de información del post
2025-11-30 22:02:59,202 - INFO - Post ya existente, saltando: SIEMPRE ES INVIERNO de David Trueba
2025-11-30 22:02:59,202 - INFO - Comenzando extracción de información del post
2025-11-30 22:02:59,202 - INFO - Post ya existente, saltando: THE MASTERMIND de Kelly Reichardt
2025-11-30 22:02:59,202 - INFO - Proceso completado. Posts nuevos guardados: 0
