2025-09-03 00:17:55,591 - INFO - Iniciando proceso de scraping
2025-09-03 00:17:55,593 - INFO - Posts existentes encontrados: 2434
2025-09-03 00:17:55,593 - INFO - Intentando obtener posts desde: https://ghostintheblog.com/
2025-09-03 00:17:57,031 - INFO - Se encontraron 10 posts
2025-09-03 00:17:57,032 - INFO - Comenzando extracción de información del post
2025-09-03 00:17:57,032 - INFO - Post ya existente, saltando: BLUE SUN PALACE de Constance Sang
2025-09-03 00:17:57,032 - INFO - Comenzando extracción de información del post
2025-09-03 00:17:57,032 - INFO - Post ya existente, saltando: MATERIALISTAS de Celine Song
2025-09-03 00:17:57,032 - INFO - Comenzando extracción de información del post
2025-09-03 00:17:57,032 - INFO - Post ya existente, saltando: WEAPONS de Zach Cregger
2025-09-03 00:17:57,033 - INFO - Comenzando extracción de información del post
2025-09-03 00:17:57,033 - INFO - Post ya existente, saltando: MI POSTRE FAVORITO de Maryam Moghadam y Behtash Sanaeeha
2025-09-03 00:17:57,033 - INFO - Comenzando extracción de información del post
2025-09-03 00:17:57,033 - INFO - Post ya existente, saltando: AQUÉL VERANO EN PARÍS de Valentine Cadic
2025-09-03 00:17:57,033 - INFO - Comenzando extracción de información del post
2025-09-03 00:17:57,033 - INFO - Post ya existente, saltando: MR. NADIE de Miguel Ángel Calvo Buttini
2025-09-03 00:17:57,033 - INFO - Comenzando extracción de información del post
2025-09-03 00:17:57,033 - INFO - Post ya existente, saltando: NUNCA MÁS de Klaus Härö
2025-09-03 00:17:57,033 - INFO - Comenzando extracción de información del post
2025-09-03 00:17:57,034 - INFO - Post ya existente, saltando: DEVUÉLVEMELA de Danny y Michael Philippou
2025-09-03 00:17:57,034 - INFO - Comenzando extracción de información del post
2025-09-03 00:17:57,034 - INFO - Post ya existente, saltando: MISTERIOSO ASESINATO EN LA MONTAÑA de Franck Dubosc
2025-09-03 00:17:57,034 - INFO - Comenzando extracción de información del post
2025-09-03 00:17:57,034 - INFO - Post ya existente, saltando: BAJA POR PATERNIDAD de Alissa Jung
2025-09-03 00:17:57,034 - INFO - Proceso completado. Posts nuevos guardados: 0
