2026-03-21 20:06:49,017 - INFO - Iniciando proceso de scraping
2026-03-21 20:06:49,019 - INFO - Posts existentes encontrados: 2523
2026-03-21 20:06:49,019 - INFO - Intentando obtener posts desde: https://ghostintheblog.com/
2026-03-21 20:06:51,351 - INFO - Se encontraron 10 posts
2026-03-21 20:06:51,352 - INFO - Comenzando extracción de información del post
2026-03-21 20:06:51,352 - INFO - Título del post: EL TESTAMENTO DE ANN LEE de Mona Fastvold
2026-03-21 20:06:51,352 - INFO - Fecha del post: 2026-03-21T18:03:13+01:00
2026-03-21 20:06:51,352 - INFO - Obteniendo contenido completo de: https://ghostintheblog.com/2026/03/critica-de-el-testamento-de-ann-lee-de-mona-fastvold.html
2026-03-21 20:06:53,058 - INFO - Contenido extraído y estructurado (4676 caracteres)
2026-03-21 20:06:53,059 - INFO - Guardando post en: posts/EL_TESTAMENTO_DE_ANN_LEE_2026-03-21.json
2026-03-21 20:06:53,060 - INFO - Post guardado exitosamente
2026-03-21 20:06:53,060 - INFO - Actualizando índice de películas
2026-03-21 20:06:53,060 - INFO - Archivo de índice: /home/runner/work/scrapingcines/scrapingcines/index.json
2026-03-21 20:06:53,064 - INFO - Índice existente cargado con 2622 películas
2026-03-21 20:06:53,076 - INFO - Película agregada al índice: EL TESTAMENTO DE ANN LEE
2026-03-21 20:06:53,076 - INFO - Nuevo post guardado: EL TESTAMENTO DE ANN LEE de Mona Fastvold
2026-03-21 20:06:53,077 - INFO - Comenzando extracción de información del post
2026-03-21 20:06:53,077 - INFO - Título del post: ÁGUILAS DE EL CAIRO de Tarik Saleh
2026-03-21 20:06:53,077 - INFO - Fecha del post: 2026-03-21T17:47:15+01:00
2026-03-21 20:06:53,077 - INFO - Obteniendo contenido completo de: https://ghostintheblog.com/2026/03/critica-de-aguilas-de-el-cairo-de-tarik-saleh.html
2026-03-21 20:06:54,715 - INFO - Contenido extraído y estructurado (2650 caracteres)
2026-03-21 20:06:54,717 - INFO - Guardando post en: posts/ÁGUILAS_DE_EL_CAIRO_2026-03-21.json
2026-03-21 20:06:54,717 - INFO - Post guardado exitosamente
2026-03-21 20:06:54,717 - INFO - Actualizando índice de películas
2026-03-21 20:06:54,717 - INFO - Archivo de índice: /home/runner/work/scrapingcines/scrapingcines/index.json
2026-03-21 20:06:54,721 - INFO - Índice existente cargado con 2623 películas
2026-03-21 20:06:54,733 - INFO - Película agregada al índice: ÁGUILAS DE EL CAIRO
2026-03-21 20:06:54,733 - INFO - Nuevo post guardado: ÁGUILAS DE EL CAIRO de Tarik Saleh
2026-03-21 20:06:54,733 - INFO - Comenzando extracción de información del post
2026-03-21 20:06:54,734 - INFO - Título del post: TORRENTE PRESIDENTE de Santiago Segura
2026-03-21 20:06:54,734 - INFO - Fecha del post: 2026-03-21T17:30:23+01:00
2026-03-21 20:06:54,734 - INFO - Obteniendo contenido completo de: https://ghostintheblog.com/2026/03/critica-de-torrente-presidente-de-santiago-segura.html
2026-03-21 20:06:56,514 - INFO - Contenido extraído y estructurado (2808 caracteres)
2026-03-21 20:06:56,515 - INFO - Guardando post en: posts/TORRENTE_PRESIDENTE_2026-03-21.json
2026-03-21 20:06:56,515 - INFO - Post guardado exitosamente
2026-03-21 20:06:56,515 - INFO - Actualizando índice de películas
2026-03-21 20:06:56,515 - INFO - Archivo de índice: /home/runner/work/scrapingcines/scrapingcines/index.json
2026-03-21 20:06:56,529 - INFO - Índice existente cargado con 2624 películas
2026-03-21 20:06:56,541 - INFO - Película agregada al índice: TORRENTE PRESIDENTE
2026-03-21 20:06:56,542 - INFO - Nuevo post guardado: TORRENTE PRESIDENTE de Santiago Segura
2026-03-21 20:06:56,542 - INFO - Comenzando extracción de información del post
2026-03-21 20:06:56,542 - INFO - Post ya existente, saltando: LOS OSCAR 2026
2026-03-21 20:06:56,542 - INFO - Comenzando extracción de información del post
2026-03-21 20:06:56,542 - INFO - Post ya existente, saltando: ¡LA NOVIA! de Maggie Gyllenhaal
2026-03-21 20:06:56,542 - INFO - Comenzando extracción de información del post
2026-03-21 20:06:56,542 - INFO - Post ya existente, saltando: PILLION de Harry Lighton
2026-03-21 20:06:56,542 - INFO - Comenzando extracción de información del post
2026-03-21 20:06:56,543 - INFO - Post ya existente, saltando: EL MAGO DEL KREMLIN de Olivier Assayas
2026-03-21 20:06:56,543 - INFO - Comenzando extracción de información del post
2026-03-21 20:06:56,543 - INFO - Post ya existente, saltando: EL ÚLTIMO VIKINGO de Anders Thomas Jensen
2026-03-21 20:06:56,543 - INFO - Comenzando extracción de información del post
2026-03-21 20:06:56,543 - INFO - Post ya existente, saltando: SCARLET de Mamoru Hosoda
2026-03-21 20:06:56,543 - INFO - Comenzando extracción de información del post
2026-03-21 20:06:56,543 - INFO - Post ya existente, saltando: SORRY BABY de Eva Victor
2026-03-21 20:06:56,543 - INFO - Proceso completado. Posts nuevos guardados: 3
