2025-05-29 20:06:26,722 - INFO - Iniciando proceso de scraping
2025-05-29 20:06:26,724 - INFO - Posts existentes encontrados: 2400
2025-05-29 20:06:26,724 - INFO - Intentando obtener posts desde: https://ghostintheblog.com/
2025-05-29 20:06:28,883 - INFO - Se encontraron 10 posts
2025-05-29 20:06:28,883 - INFO - Comenzando extracción de información del post
2025-05-29 20:06:28,884 - INFO - Post ya existente, saltando: EL BUEN PADRE de Ronan Tronchot
2025-05-29 20:06:28,884 - INFO - Comenzando extracción de información del post
2025-05-29 20:06:28,884 - INFO - Título del post: ESTOCOLMO: EL REY TIRANO 1520 de Mikael Håfström
2025-05-29 20:06:28,884 - INFO - Fecha del post: 2025-05-24T18:20:03+02:00
2025-05-29 20:06:28,884 - INFO - Obteniendo contenido completo de: https://ghostintheblog.com/2025/05/estocolmo-1520-critica-analisis-historico.html
2025-05-29 20:06:30,512 - INFO - Contenido extraído y estructurado (2752 caracteres)
2025-05-29 20:06:30,512 - INFO - Guardando post en: posts/ESTOCOLMO:_EL_REY_TIRANO_1520_2025-05-24.json
2025-05-29 20:06:30,512 - INFO - Post guardado exitosamente
2025-05-29 20:06:30,513 - INFO - Actualizando índice de películas
2025-05-29 20:06:30,513 - INFO - Archivo de índice: /home/runner/work/scrapingcines/scrapingcines/index.json
2025-05-29 20:06:30,517 - INFO - Índice existente cargado con 2499 películas
2025-05-29 20:06:30,517 - INFO - La película ya existe en el índice: ESTOCOLMO: EL REY TIRANO 1520
2025-05-29 20:06:30,517 - INFO - Nuevo post guardado: ESTOCOLMO: EL REY TIRANO 1520 de Mikael Håfström
2025-05-29 20:06:30,517 - INFO - Comenzando extracción de información del post
2025-05-29 20:06:30,517 - INFO - Post ya existente, saltando: TRAS EL VERANO de Yolanda Centeno
2025-05-29 20:06:30,517 - INFO - Comenzando extracción de información del post
2025-05-29 20:06:30,518 - INFO - Post ya existente, saltando: ENEMIGOS de David Valero
2025-05-29 20:06:30,518 - INFO - Comenzando extracción de información del post
2025-05-29 20:06:30,518 - INFO - Post ya existente, saltando: UNA QUINTA PORTUGUESA de Avelina Prat
2025-05-29 20:06:30,518 - INFO - Comenzando extracción de información del post
2025-05-29 20:06:30,518 - INFO - Post ya existente, saltando: LO QUE QUEDA DE TI
2025-05-29 20:06:30,518 - INFO - Comenzando extracción de información del post
2025-05-29 20:06:30,519 - INFO - Post ya existente, saltando: PRESUNCIÓN DE INOCENCIA de Daniel Auteuil
2025-05-29 20:06:30,519 - INFO - Comenzando extracción de información del post
2025-05-29 20:06:30,519 - INFO - Post ya existente, saltando: LA HISTORIA DE SOULEYMANE de Boris Lojkine
2025-05-29 20:06:30,519 - INFO - Comenzando extracción de información del post
2025-05-29 20:06:30,519 - INFO - Post ya existente, saltando: ERREPLIKA de Pello Gutiérrez Peñalba
2025-05-29 20:06:30,519 - INFO - Comenzando extracción de información del post
2025-05-29 20:06:30,519 - INFO - Post ya existente, saltando: LA BUENA LETRA de Celia Rico Clavellino
2025-05-29 20:06:30,519 - INFO - Proceso completado. Posts nuevos guardados: 1
