2025-05-27 10:02:09,401 - INFO - Iniciando proceso de scraping
2025-05-27 10:02:09,403 - INFO - Posts existentes encontrados: 2401
2025-05-27 10:02:09,403 - INFO - Intentando obtener posts desde: https://ghostintheblog.com/
2025-05-27 10:02:11,771 - INFO - Se encontraron 10 posts
2025-05-27 10:02:11,771 - INFO - Comenzando extracción de información del post
2025-05-27 10:02:11,772 - INFO - Post ya existente, saltando: EL BUEN PADRE de Ronan Tronchot
2025-05-27 10:02:11,772 - INFO - Comenzando extracción de información del post
2025-05-27 10:02:11,772 - INFO - Post ya existente, saltando: ESTOCOLMO: EL REY TIRANO 1520 de Mikael Håfström
2025-05-27 10:02:11,772 - INFO - Comenzando extracción de información del post
2025-05-27 10:02:11,772 - INFO - Post ya existente, saltando: TRAS EL VERANO de Yolanda Centeno
2025-05-27 10:02:11,772 - INFO - Comenzando extracción de información del post
2025-05-27 10:02:11,772 - INFO - Post ya existente, saltando: ENEMIGOS de David Valero
2025-05-27 10:02:11,772 - INFO - Comenzando extracción de información del post
2025-05-27 10:02:11,773 - INFO - Post ya existente, saltando: UNA QUINTA PORTUGUESA de Avelina Prat
2025-05-27 10:02:11,773 - INFO - Comenzando extracción de información del post
2025-05-27 10:02:11,773 - INFO - Post ya existente, saltando: LO QUE QUEDA DE TI
2025-05-27 10:02:11,773 - INFO - Comenzando extracción de información del post
2025-05-27 10:02:11,773 - INFO - Post ya existente, saltando: PRESUNCIÓN DE INOCENCIA de Daniel Auteuil
2025-05-27 10:02:11,773 - INFO - Comenzando extracción de información del post
2025-05-27 10:02:11,774 - INFO - Post ya existente, saltando: LA HISTORIA DE SOULEYMANE de Boris Lojkine
2025-05-27 10:02:11,774 - INFO - Comenzando extracción de información del post
2025-05-27 10:02:11,774 - INFO - Post ya existente, saltando: ERREPLIKA de Pello Gutiérrez Peñalba
2025-05-27 10:02:11,774 - INFO - Comenzando extracción de información del post
2025-05-27 10:02:11,774 - INFO - Post ya existente, saltando: LA BUENA LETRA de Celia Rico Clavellino
2025-05-27 10:02:11,774 - INFO - Proceso completado. Posts nuevos guardados: 0
