2025-05-08 22:02:41,950 - INFO - Iniciando proceso de scraping
2025-05-08 22:02:41,952 - INFO - Posts existentes encontrados: 2392
2025-05-08 22:02:41,952 - INFO - Intentando obtener posts desde: https://ghostintheblog.com/
2025-05-08 22:02:43,741 - INFO - Se encontraron 10 posts
2025-05-08 22:02:43,741 - INFO - Comenzando extracción de información del post
2025-05-08 22:02:43,742 - INFO - Post ya existente, saltando: LA BUENA LETRA de Celia Rico Clavellino
2025-05-08 22:02:43,742 - INFO - Comenzando extracción de información del post
2025-05-08 22:02:43,742 - INFO - Post ya existente, saltando: SUJO de Fernanda Valadez, Astrid Rondero
2025-05-08 22:02:43,742 - INFO - Comenzando extracción de información del post
2025-05-08 22:02:43,742 - INFO - Post ya existente, saltando: LA ISLA DE LOS FAISANES de Asier Urbieta
2025-05-08 22:02:43,742 - INFO - Comenzando extracción de información del post
2025-05-08 22:02:43,743 - INFO - Post ya existente, saltando: THE END de Joshua Oppenheimer
2025-05-08 22:02:43,743 - INFO - Comenzando extracción de información del post
2025-05-08 22:02:43,743 - INFO - Post ya existente, saltando: EL ÚLTIMO SUSPIRO de Costa-Gavras
2025-05-08 22:02:43,743 - INFO - Comenzando extracción de información del post
2025-05-08 22:02:43,743 - INFO - Post ya existente, saltando: EL CASOPLÓN de Joaquín Mazón
2025-05-08 22:02:43,743 - INFO - Comenzando extracción de información del post
2025-05-08 22:02:43,743 - INFO - Post ya existente, saltando: LA VIAJERA de Hong Sangsoo
2025-05-08 22:02:43,743 - INFO - Comenzando extracción de información del post
2025-05-08 22:02:43,744 - INFO - Post ya existente, saltando: AMATEUR de James Hawes
2025-05-08 22:02:43,744 - INFO - Comenzando extracción de información del post
2025-05-08 22:02:43,744 - INFO - Post ya existente, saltando: MUY LEJOS de Gerard Oms
2025-05-08 22:02:43,744 - INFO - Comenzando extracción de información del post
2025-05-08 22:02:43,744 - INFO - Post ya existente, saltando: LA NIÑA DE LA CABRA de Ana Asensio
2025-05-08 22:02:43,744 - INFO - Proceso completado. Posts nuevos guardados: 0
