2025-11-13 16:08:24,332 - INFO - Iniciando proceso de scraping
2025-11-13 16:08:24,334 - INFO - Posts existentes encontrados: 2467
2025-11-13 16:08:24,334 - INFO - Intentando obtener posts desde: https://ghostintheblog.com/
2025-11-13 16:08:25,864 - INFO - Se encontraron 10 posts
2025-11-13 16:08:25,865 - INFO - Comenzando extracción de información del post
2025-11-13 16:08:25,865 - INFO - Post ya existente, saltando: THE MASTERMIND de Kelly Reichardt
2025-11-13 16:08:25,865 - INFO - Comenzando extracción de información del post
2025-11-13 16:08:25,866 - INFO - Post ya existente, saltando: RECIÉN NACIDAS de Jean-Pierre  y Luc Dardenne
2025-11-13 16:08:25,866 - INFO - Comenzando extracción de información del post
2025-11-13 16:08:25,866 - INFO - Post ya existente, saltando: LOS TIGRES de Alberto Rodríguez
2025-11-13 16:08:25,866 - INFO - Comenzando extracción de información del post
2025-11-13 16:08:25,866 - INFO - Post ya existente, saltando: FRANKENSTEIN de Guillermo del Toro
2025-11-13 16:08:25,866 - INFO - Comenzando extracción de información del post
2025-11-13 16:08:25,866 - INFO - Post ya existente, saltando: ESA COSA CON ALAS de Dylan Southern
2025-11-13 16:08:25,866 - INFO - Comenzando extracción de información del post
2025-11-13 16:08:25,866 - INFO - Post ya existente, saltando: LA CENA de Manuel Gómez Pereira
2025-11-13 16:08:25,866 - INFO - Comenzando extracción de información del post
2025-11-13 16:08:25,867 - INFO - Post ya existente, saltando: LOS DOMINGOS de Alauda Ruiz de Azúa
2025-11-13 16:08:25,867 - INFO - Comenzando extracción de información del post
2025-11-13 16:08:25,867 - INFO - Post ya existente, saltando: UN SIMPLE ACCIDENTE de Jafar Panahi
2025-11-13 16:08:25,867 - INFO - Comenzando extracción de información del post
2025-11-13 16:08:25,867 - INFO - Post ya existente, saltando: CAZA DE BRUJAS de Luca Guadagnino
2025-11-13 16:08:25,867 - INFO - Comenzando extracción de información del post
2025-11-13 16:08:25,867 - INFO - Post ya existente, saltando: BALA PERDIDA de Darren Aronofsky
2025-11-13 16:08:25,867 - INFO - Proceso completado. Posts nuevos guardados: 0
