2025-08-21 00:17:26,127 - INFO - Iniciando proceso de scraping
2025-08-21 00:17:26,129 - INFO - Posts existentes encontrados: 2431
2025-08-21 00:17:26,129 - INFO - Intentando obtener posts desde: https://ghostintheblog.com/
2025-08-21 00:17:27,578 - INFO - Se encontraron 10 posts
2025-08-21 00:17:27,579 - INFO - Comenzando extracción de información del post
2025-08-21 00:17:27,579 - INFO - Post ya existente, saltando: MI POSTRE FAVORITO de Maryam Moghadam y Behtash Sanaeeha
2025-08-21 00:17:27,580 - INFO - Comenzando extracción de información del post
2025-08-21 00:17:27,580 - INFO - Post ya existente, saltando: AQUÉL VERANO EN PARÍS de Valentine Cadic
2025-08-21 00:17:27,580 - INFO - Comenzando extracción de información del post
2025-08-21 00:17:27,580 - INFO - Post ya existente, saltando: MR. NADIE de Miguel Ángel Calvo Buttini
2025-08-21 00:17:27,580 - INFO - Comenzando extracción de información del post
2025-08-21 00:17:27,580 - INFO - Post ya existente, saltando: NUNCA MÁS de Klaus Härö
2025-08-21 00:17:27,580 - INFO - Comenzando extracción de información del post
2025-08-21 00:17:27,580 - INFO - Post ya existente, saltando: DEVUÉLVEMELA de Danny y Michael Philippou
2025-08-21 00:17:27,580 - INFO - Comenzando extracción de información del post
2025-08-21 00:17:27,581 - INFO - Post ya existente, saltando: MISTERIOSO ASESINATO EN LA MONTAÑA de Franck Dubosc
2025-08-21 00:17:27,581 - INFO - Comenzando extracción de información del post
2025-08-21 00:17:27,581 - INFO - Post ya existente, saltando: BAJA POR PATERNIDAD de Alissa Jung
2025-08-21 00:17:27,581 - INFO - Comenzando extracción de información del post
2025-08-21 00:17:27,581 - INFO - Post ya existente, saltando: LEER «LOLITA» EN TEHERÁN de Eran Riklis
2025-08-21 00:17:27,581 - INFO - Comenzando extracción de información del post
2025-08-21 00:17:27,581 - INFO - Post ya existente, saltando: CONDENADOS de Gustav Möller
2025-08-21 00:17:27,581 - INFO - Comenzando extracción de información del post
2025-08-21 00:17:27,581 - INFO - Post ya existente, saltando: UN «LIKE» DE BOB TREVINO de Tracie Laymon
2025-08-21 00:17:27,581 - INFO - Proceso completado. Posts nuevos guardados: 0
