2026-02-26 08:17:11,642 - INFO - Iniciando proceso de scraping
2026-02-26 08:17:11,644 - INFO - Posts existentes encontrados: 2512
2026-02-26 08:17:11,645 - INFO - Intentando obtener posts desde: https://ghostintheblog.com/
2026-02-26 08:17:16,387 - INFO - Se encontraron 10 posts
2026-02-26 08:17:16,388 - INFO - Comenzando extracción de información del post
2026-02-26 08:17:16,388 - INFO - Post ya existente, saltando: EL AGENTE SECRETO de Kleber Mendonça Filho
2026-02-26 08:17:16,388 - INFO - Comenzando extracción de información del post
2026-02-26 08:17:16,388 - INFO - Post ya existente, saltando: CUMBRES BORRASCOSAS de Emerald Fennell
2026-02-26 08:17:16,388 - INFO - Comenzando extracción de información del post
2026-02-26 08:17:16,389 - INFO - Post ya existente, saltando: NO HAY OTRA OPCIÓN de Park Chan-wook
2026-02-26 08:17:16,389 - INFO - Comenzando extracción de información del post
2026-02-26 08:17:16,389 - INFO - Post ya existente, saltando: HISTORIAS DEL BUEN VALLE de José Luis Guerín
2026-02-26 08:17:16,389 - INFO - Comenzando extracción de información del post
2026-02-26 08:17:16,389 - INFO - Post ya existente, saltando: LA FIERA de Salvador Calvo
2026-02-26 08:17:16,389 - INFO - Comenzando extracción de información del post
2026-02-26 08:17:16,389 - INFO - Post ya existente, saltando: TRES ADIOSES de Isabel Coixet
2026-02-26 08:17:16,389 - INFO - Comenzando extracción de información del post
2026-02-26 08:17:16,390 - INFO - Post ya existente, saltando: LA TARTA DEL PRESIDENTE de Hasan Hadi
2026-02-26 08:17:16,390 - INFO - Comenzando extracción de información del post
2026-02-26 08:17:16,390 - INFO - Post ya existente, saltando: MARTY SUPREME de Joshua Safdie
2026-02-26 08:17:16,390 - INFO - Comenzando extracción de información del post
2026-02-26 08:17:16,390 - INFO - Post ya existente, saltando: LA CHICA ZURDA de Shih-Ching Tsou
2026-02-26 08:17:16,390 - INFO - Comenzando extracción de información del post
2026-02-26 08:17:16,390 - INFO - Post ya existente, saltando: HAMNET de Chloé Zhao
2026-02-26 08:17:16,390 - INFO - Proceso completado. Posts nuevos guardados: 0
