2026-07-04 20:22:25,082 - INFO - Iniciando proceso de scraping
2026-07-04 20:22:25,085 - INFO - Posts existentes encontrados: 2568
2026-07-04 20:22:25,085 - INFO - Intentando obtener posts desde: https://ghostintheblog.com/
2026-07-04 20:22:27,968 - INFO - Se encontraron 10 posts
2026-07-04 20:22:27,969 - INFO - Comenzando extracción de información del post
2026-07-04 20:22:27,969 - INFO - Post ya existente, saltando: LA MUJER SIN NOMBRE de Haifaa Al-Mansour
2026-07-04 20:22:27,970 - INFO - Comenzando extracción de información del post
2026-07-04 20:22:27,970 - INFO - Post ya existente, saltando: VIVA de Aina Clotet
2026-07-04 20:22:27,970 - INFO - Comenzando extracción de información del post
2026-07-04 20:22:27,970 - INFO - Post ya existente, saltando: DREAMS de Michel Franco
2026-07-04 20:22:27,970 - INFO - Comenzando extracción de información del post
2026-07-04 20:22:27,970 - INFO - Post ya existente, saltando: EL DÍA DE LA REVELACIÓN de Steven Spielberg
2026-07-04 20:22:27,970 - INFO - Comenzando extracción de información del post
2026-07-04 20:22:27,970 - INFO - Post ya existente, saltando: UN TALENTO ÚNICO de Daniel Roher
2026-07-04 20:22:27,970 - INFO - Comenzando extracción de información del post
2026-07-04 20:22:27,971 - INFO - Post ya existente, saltando: IVÁN & HADOUM de Ian de la Rosa
2026-07-04 20:22:27,971 - INFO - Comenzando extracción de información del post
2026-07-04 20:22:27,971 - INFO - Post ya existente, saltando: ELEONORA DUSE, LA DIVINA de Pietro Marcello
2026-07-04 20:22:27,971 - INFO - Comenzando extracción de información del post
2026-07-04 20:22:27,971 - INFO - Post ya existente, saltando: SOLOMAMMA de Janicke Askevold
2026-07-04 20:22:27,971 - INFO - Comenzando extracción de información del post
2026-07-04 20:22:27,971 - INFO - Post ya existente, saltando: LA LUZ de Fernando Franco
2026-07-04 20:22:27,971 - INFO - Comenzando extracción de información del post
2026-07-04 20:22:27,971 - INFO - Post ya existente, saltando: EL DRAMA de Kristoffer Borgli
2026-07-04 20:22:27,971 - INFO - Proceso completado. Posts nuevos guardados: 0
