2026-06-05 16:50:56,733 - INFO - Iniciando proceso de scraping
2026-06-05 16:50:56,736 - INFO - Posts existentes encontrados: 2553
2026-06-05 16:50:56,736 - INFO - Intentando obtener posts desde: https://ghostintheblog.com/
2026-06-05 16:50:58,074 - INFO - Se encontraron 10 posts
2026-06-05 16:50:58,074 - INFO - Comenzando extracción de información del post
2026-06-05 16:50:58,075 - INFO - Post ya existente, saltando: LOVE ME TENDER de  Anna Cazenave Cambet
2026-06-05 16:50:58,075 - INFO - Comenzando extracción de información del post
2026-06-05 16:50:58,075 - INFO - Post ya existente, saltando: PIZZA MOVIES de Carlo Padial
2026-06-05 16:50:58,075 - INFO - Comenzando extracción de información del post
2026-06-05 16:50:58,075 - INFO - Post ya existente, saltando: LA CHICA DEL CORO de Urška Djukić
2026-06-05 16:50:58,075 - INFO - Comenzando extracción de información del post
2026-06-05 16:50:58,076 - INFO - Post ya existente, saltando: YO NO MORIRÉ DE AMOR de Marta Matute
2026-06-05 16:50:58,076 - INFO - Comenzando extracción de información del post
2026-06-05 16:50:58,076 - INFO - Post ya existente, saltando: HANGAR ROJO de Juan Pablo Sallato
2026-06-05 16:50:58,076 - INFO - Comenzando extracción de información del post
2026-06-05 16:50:58,076 - INFO - Post ya existente, saltando: RECREACIÓN DE UN ASESINATO de  Jim Sheridan y David Merriman
2026-06-05 16:50:58,076 - INFO - Comenzando extracción de información del post
2026-06-05 16:50:58,076 - INFO - Post ya existente, saltando: RESURRECTION de Bi Gan
2026-06-05 16:50:58,076 - INFO - Comenzando extracción de información del post
2026-06-05 16:50:58,076 - INFO - Post ya existente, saltando: ALTA COSTURA de Alice Winocour
2026-06-05 16:50:58,077 - INFO - Comenzando extracción de información del post
2026-06-05 16:50:58,077 - INFO - Post ya existente, saltando: LA ISLA DE AMRUM de Fatih Akin
2026-06-05 16:50:58,077 - INFO - Comenzando extracción de información del post
2026-06-05 16:50:58,077 - INFO - Post ya existente, saltando: TODO LO QUE FUIMOS de Cherien Dabis
2026-06-05 16:50:58,077 - INFO - Proceso completado. Posts nuevos guardados: 0
