2026-02-12 12:16:27,823 - INFO - Iniciando proceso de scraping
2026-02-12 12:16:27,825 - INFO - Posts existentes encontrados: 2506
2026-02-12 12:16:27,825 - INFO - Intentando obtener posts desde: https://ghostintheblog.com/
2026-02-12 12:16:29,645 - INFO - Se encontraron 10 posts
2026-02-12 12:16:29,646 - INFO - Comenzando extracción de información del post
2026-02-12 12:16:29,646 - INFO - Post ya existente, saltando: LA TARTA DEL PRESIDENTE de Hasan Hadi
2026-02-12 12:16:29,646 - INFO - Comenzando extracción de información del post
2026-02-12 12:16:29,646 - INFO - Post ya existente, saltando: MARTY SUPREME de Joshua Safdie
2026-02-12 12:16:29,646 - INFO - Comenzando extracción de información del post
2026-02-12 12:16:29,647 - INFO - Post ya existente, saltando: LA CHICA ZURDA de Shih-Ching Tsou
2026-02-12 12:16:29,647 - INFO - Comenzando extracción de información del post
2026-02-12 12:16:29,647 - INFO - Post ya existente, saltando: HAMNET de Chloé Zhao
2026-02-12 12:16:29,647 - INFO - Comenzando extracción de información del post
2026-02-12 12:16:29,647 - INFO - Post ya existente, saltando: YUNAN de Ameer Fakher Eldin
2026-02-12 12:16:29,647 - INFO - Comenzando extracción de información del post
2026-02-12 12:16:29,647 - INFO - Post ya existente, saltando: LA LEYENDA DE OCHI de Isaiah Saxon
2026-02-12 12:16:29,647 - INFO - Comenzando extracción de información del post
2026-02-12 12:16:29,647 - INFO - Post ya existente, saltando: ARCO de Ugo Bienvenu
2026-02-12 12:16:29,647 - INFO - Comenzando extracción de información del post
2026-02-12 12:16:29,648 - INFO - Post ya existente, saltando: SI PUDIERA TE DARÍA UNA PATADA de Mary Bronstein
2026-02-12 12:16:29,648 - INFO - Comenzando extracción de información del post
2026-02-12 12:16:29,648 - INFO - Post ya existente, saltando: LA MISTERIOSA MIRADA DE FLAMENCO de Diego Céspedes
2026-02-12 12:16:29,648 - INFO - Comenzando extracción de información del post
2026-02-12 12:16:29,648 - INFO - Post ya existente, saltando: NOUVELLE VAGUE de Richard Linklater
2026-02-12 12:16:29,648 - INFO - Proceso completado. Posts nuevos guardados: 0
