2025-08-23 08:05:39,622 - INFO - Iniciando proceso de scraping
2025-08-23 08:05:39,624 - INFO - Posts existentes encontrados: 2431
2025-08-23 08:05:39,624 - INFO - Intentando obtener posts desde: https://ghostintheblog.com/
2025-08-23 08:05:41,022 - INFO - Se encontraron 10 posts
2025-08-23 08:05:41,023 - INFO - Comenzando extracción de información del post
2025-08-23 08:05:41,023 - INFO - Post ya existente, saltando: MI POSTRE FAVORITO de Maryam Moghadam y Behtash Sanaeeha
2025-08-23 08:05:41,023 - INFO - Comenzando extracción de información del post
2025-08-23 08:05:41,023 - INFO - Post ya existente, saltando: AQUÉL VERANO EN PARÍS de Valentine Cadic
2025-08-23 08:05:41,023 - INFO - Comenzando extracción de información del post
2025-08-23 08:05:41,023 - INFO - Post ya existente, saltando: MR. NADIE de Miguel Ángel Calvo Buttini
2025-08-23 08:05:41,023 - INFO - Comenzando extracción de información del post
2025-08-23 08:05:41,024 - INFO - Post ya existente, saltando: NUNCA MÁS de Klaus Härö
2025-08-23 08:05:41,024 - INFO - Comenzando extracción de información del post
2025-08-23 08:05:41,024 - INFO - Post ya existente, saltando: DEVUÉLVEMELA de Danny y Michael Philippou
2025-08-23 08:05:41,024 - INFO - Comenzando extracción de información del post
2025-08-23 08:05:41,024 - INFO - Post ya existente, saltando: MISTERIOSO ASESINATO EN LA MONTAÑA de Franck Dubosc
2025-08-23 08:05:41,024 - INFO - Comenzando extracción de información del post
2025-08-23 08:05:41,024 - INFO - Post ya existente, saltando: BAJA POR PATERNIDAD de Alissa Jung
2025-08-23 08:05:41,024 - INFO - Comenzando extracción de información del post
2025-08-23 08:05:41,024 - INFO - Post ya existente, saltando: LEER «LOLITA» EN TEHERÁN de Eran Riklis
2025-08-23 08:05:41,024 - INFO - Comenzando extracción de información del post
2025-08-23 08:05:41,024 - INFO - Post ya existente, saltando: CONDENADOS de Gustav Möller
2025-08-23 08:05:41,025 - INFO - Comenzando extracción de información del post
2025-08-23 08:05:41,025 - INFO - Post ya existente, saltando: UN «LIKE» DE BOB TREVINO de Tracie Laymon
2025-08-23 08:05:41,025 - INFO - Proceso completado. Posts nuevos guardados: 0
