2025-05-05 22:03:03,280 - INFO - Iniciando proceso de scraping
2025-05-05 22:03:03,282 - INFO - Posts existentes encontrados: 2392
2025-05-05 22:03:03,282 - INFO - Intentando obtener posts desde: https://ghostintheblog.com/
2025-05-05 22:03:05,885 - INFO - Se encontraron 10 posts
2025-05-05 22:03:05,886 - INFO - Comenzando extracción de información del post
2025-05-05 22:03:05,886 - INFO - Post ya existente, saltando: LA BUENA LETRA de Celia Rico Clavellino
2025-05-05 22:03:05,886 - INFO - Comenzando extracción de información del post
2025-05-05 22:03:05,886 - INFO - Post ya existente, saltando: SUJO de Fernanda Valadez, Astrid Rondero
2025-05-05 22:03:05,886 - INFO - Comenzando extracción de información del post
2025-05-05 22:03:05,886 - INFO - Post ya existente, saltando: LA ISLA DE LOS FAISANES de Asier Urbieta
2025-05-05 22:03:05,886 - INFO - Comenzando extracción de información del post
2025-05-05 22:03:05,887 - INFO - Post ya existente, saltando: THE END de Joshua Oppenheimer
2025-05-05 22:03:05,887 - INFO - Comenzando extracción de información del post
2025-05-05 22:03:05,887 - INFO - Post ya existente, saltando: EL ÚLTIMO SUSPIRO de Costa-Gavras
2025-05-05 22:03:05,887 - INFO - Comenzando extracción de información del post
2025-05-05 22:03:05,887 - INFO - Post ya existente, saltando: EL CASOPLÓN de Joaquín Mazón
2025-05-05 22:03:05,887 - INFO - Comenzando extracción de información del post
2025-05-05 22:03:05,887 - INFO - Post ya existente, saltando: LA VIAJERA de Hong Sangsoo
2025-05-05 22:03:05,887 - INFO - Comenzando extracción de información del post
2025-05-05 22:03:05,887 - INFO - Post ya existente, saltando: AMATEUR de James Hawes
2025-05-05 22:03:05,888 - INFO - Comenzando extracción de información del post
2025-05-05 22:03:05,888 - INFO - Post ya existente, saltando: MUY LEJOS de Gerard Oms
2025-05-05 22:03:05,888 - INFO - Comenzando extracción de información del post
2025-05-05 22:03:05,888 - INFO - Post ya existente, saltando: LA NIÑA DE LA CABRA de Ana Asensio
2025-05-05 22:03:05,888 - INFO - Proceso completado. Posts nuevos guardados: 0
