2025-08-20 22:02:14,380 - INFO - Iniciando proceso de scraping
2025-08-20 22:02:14,382 - INFO - Posts existentes encontrados: 2431
2025-08-20 22:02:14,382 - INFO - Intentando obtener posts desde: https://ghostintheblog.com/
2025-08-20 22:02:15,749 - INFO - Se encontraron 10 posts
2025-08-20 22:02:15,750 - INFO - Comenzando extracción de información del post
2025-08-20 22:02:15,750 - INFO - Post ya existente, saltando: MI POSTRE FAVORITO de Maryam Moghadam y Behtash Sanaeeha
2025-08-20 22:02:15,751 - INFO - Comenzando extracción de información del post
2025-08-20 22:02:15,751 - INFO - Post ya existente, saltando: AQUÉL VERANO EN PARÍS de Valentine Cadic
2025-08-20 22:02:15,751 - INFO - Comenzando extracción de información del post
2025-08-20 22:02:15,751 - INFO - Post ya existente, saltando: MR. NADIE de Miguel Ángel Calvo Buttini
2025-08-20 22:02:15,751 - INFO - Comenzando extracción de información del post
2025-08-20 22:02:15,751 - INFO - Post ya existente, saltando: NUNCA MÁS de Klaus Härö
2025-08-20 22:02:15,751 - INFO - Comenzando extracción de información del post
2025-08-20 22:02:15,751 - INFO - Post ya existente, saltando: DEVUÉLVEMELA de Danny y Michael Philippou
2025-08-20 22:02:15,751 - INFO - Comenzando extracción de información del post
2025-08-20 22:02:15,752 - INFO - Post ya existente, saltando: MISTERIOSO ASESINATO EN LA MONTAÑA de Franck Dubosc
2025-08-20 22:02:15,752 - INFO - Comenzando extracción de información del post
2025-08-20 22:02:15,752 - INFO - Post ya existente, saltando: BAJA POR PATERNIDAD de Alissa Jung
2025-08-20 22:02:15,752 - INFO - Comenzando extracción de información del post
2025-08-20 22:02:15,752 - INFO - Post ya existente, saltando: LEER «LOLITA» EN TEHERÁN de Eran Riklis
2025-08-20 22:02:15,752 - INFO - Comenzando extracción de información del post
2025-08-20 22:02:15,752 - INFO - Post ya existente, saltando: CONDENADOS de Gustav Möller
2025-08-20 22:02:15,752 - INFO - Comenzando extracción de información del post
2025-08-20 22:02:15,752 - INFO - Post ya existente, saltando: UN «LIKE» DE BOB TREVINO de Tracie Laymon
2025-08-20 22:02:15,753 - INFO - Proceso completado. Posts nuevos guardados: 0
