2026-02-27 12:13:21,276 - INFO - Iniciando proceso de scraping
2026-02-27 12:13:21,278 - INFO - Posts existentes encontrados: 2512
2026-02-27 12:13:21,278 - INFO - Intentando obtener posts desde: https://ghostintheblog.com/
2026-02-27 12:13:22,562 - INFO - Se encontraron 10 posts
2026-02-27 12:13:22,563 - INFO - Comenzando extracción de información del post
2026-02-27 12:13:22,563 - INFO - Post ya existente, saltando: EL AGENTE SECRETO de Kleber Mendonça Filho
2026-02-27 12:13:22,563 - INFO - Comenzando extracción de información del post
2026-02-27 12:13:22,564 - INFO - Post ya existente, saltando: CUMBRES BORRASCOSAS de Emerald Fennell
2026-02-27 12:13:22,564 - INFO - Comenzando extracción de información del post
2026-02-27 12:13:22,564 - INFO - Post ya existente, saltando: NO HAY OTRA OPCIÓN de Park Chan-wook
2026-02-27 12:13:22,564 - INFO - Comenzando extracción de información del post
2026-02-27 12:13:22,564 - INFO - Post ya existente, saltando: HISTORIAS DEL BUEN VALLE de José Luis Guerín
2026-02-27 12:13:22,564 - INFO - Comenzando extracción de información del post
2026-02-27 12:13:22,564 - INFO - Post ya existente, saltando: LA FIERA de Salvador Calvo
2026-02-27 12:13:22,564 - INFO - Comenzando extracción de información del post
2026-02-27 12:13:22,564 - INFO - Post ya existente, saltando: TRES ADIOSES de Isabel Coixet
2026-02-27 12:13:22,565 - INFO - Comenzando extracción de información del post
2026-02-27 12:13:22,565 - INFO - Post ya existente, saltando: LA TARTA DEL PRESIDENTE de Hasan Hadi
2026-02-27 12:13:22,565 - INFO - Comenzando extracción de información del post
2026-02-27 12:13:22,565 - INFO - Post ya existente, saltando: MARTY SUPREME de Joshua Safdie
2026-02-27 12:13:22,565 - INFO - Comenzando extracción de información del post
2026-02-27 12:13:22,565 - INFO - Post ya existente, saltando: LA CHICA ZURDA de Shih-Ching Tsou
2026-02-27 12:13:22,565 - INFO - Comenzando extracción de información del post
2026-02-27 12:13:22,565 - INFO - Post ya existente, saltando: HAMNET de Chloé Zhao
2026-02-27 12:13:22,565 - INFO - Proceso completado. Posts nuevos guardados: 0
