2025-03-15 12:06:56,564 - INFO - Iniciando proceso de scraping
2025-03-15 12:06:56,564 - INFO - Posts existentes encontrados: 10
2025-03-15 12:06:56,564 - INFO - Intentando obtener posts desde: https://ghostintheblog.com/
2025-03-15 12:06:58,317 - INFO - Se encontraron 10 posts
2025-03-15 12:06:58,317 - INFO - Comenzando extracción de información del post
2025-03-15 12:06:58,317 - INFO - Título del post: TARDES DE SOLEDAD de Albert Serra
2025-03-15 12:06:58,317 - INFO - Fecha del post: 2025-03-15T00:23:46+01:00
2025-03-15 12:06:58,317 - INFO - Obteniendo contenido completo de: https://ghostintheblog.com/2025/03/tardes-de-soledad-albert-serra-toreo-tauromaquia.html
2025-03-15 12:06:59,554 - INFO - Contenido extraído y estructurado (4837 caracteres)
2025-03-15 12:06:59,554 - INFO - Comenzando extracción de información del post
2025-03-15 12:06:59,554 - INFO - Título del post: MICKEY 17 de Bong Joon-ho
2025-03-15 12:06:59,554 - INFO - Fecha del post: 2025-03-15T00:11:27+01:00
2025-03-15 12:06:59,554 - INFO - Obteniendo contenido completo de: https://ghostintheblog.com/2025/03/mickey-17-bong-joon-ho-prescindibles-y-critica-al-poder.html
2025-03-15 12:07:00,754 - INFO - Contenido extraído y estructurado (2882 caracteres)
2025-03-15 12:07:00,755 - INFO - Comenzando extracción de información del post
2025-03-15 12:07:00,755 - INFO - Título del post: LEE MILLER de Ellen Kuras
2025-03-15 12:07:00,755 - INFO - Fecha del post: 2025-03-14T23:52:25+01:00
2025-03-15 12:07:00,755 - INFO - Obteniendo contenido completo de: https://ghostintheblog.com/2025/03/lee-la-pelicula-de-ellen-kuras-un-retrato-frio-y-sin-alma.html
2025-03-15 12:07:01,906 - INFO - Contenido extraído y estructurado (2635 caracteres)
2025-03-15 12:07:01,906 - INFO - Comenzando extracción de información del post
2025-03-15 12:07:01,906 - INFO - Título del post: GRAND TOUR de Miguel Gomes
2025-03-15 12:07:01,907 - INFO - Fecha del post: 2025-03-09T01:07:10+01:00
2025-03-15 12:07:01,907 - INFO - Obteniendo contenido completo de: https://ghostintheblog.com/2025/03/grand-tour-miguel-gomes-cine-viaje-sombras.html
2025-03-15 12:07:03,217 - INFO - Contenido extraído y estructurado (4805 caracteres)
2025-03-15 12:07:03,217 - INFO - Comenzando extracción de información del post
2025-03-15 12:07:03,217 - INFO - Título del post: A COMPLETE UNKNOWN de James Mangold
2025-03-15 12:07:03,217 - INFO - Fecha del post: 2025-03-09T00:51:50+01:00
2025-03-15 12:07:03,217 - INFO - Obteniendo contenido completo de: https://ghostintheblog.com/2025/03/a-complete-unknown-mangold-dylan-cine.html
2025-03-15 12:07:04,461 - INFO - Contenido extraído y estructurado (2716 caracteres)
2025-03-15 12:07:04,461 - INFO - Comenzando extracción de información del post
2025-03-15 12:07:04,461 - INFO - Título del post: MI ÚNICA FAMILIA de Mike Leigh
2025-03-15 12:07:04,461 - INFO - Fecha del post: 2025-03-09T00:29:20+01:00
2025-03-15 12:07:04,461 - INFO - Obteniendo contenido completo de: https://ghostintheblog.com/2025/03/mi-unica-familia-mike-leigh-realismo-depresion-narrativa-claustrofobica.html
2025-03-15 12:07:05,555 - INFO - Contenido extraído y estructurado (2697 caracteres)
2025-03-15 12:07:05,555 - INFO - Comenzando extracción de información del post
2025-03-15 12:07:05,555 - INFO - Título del post: LOS OSCAR 2025
2025-03-15 12:07:05,555 - INFO - Fecha del post: 2025-03-04T09:39:04+01:00
2025-03-15 12:07:05,556 - WARNING - No se pudo extraer director del título: LOS OSCAR 2025
2025-03-15 12:07:05,556 - INFO - Obteniendo contenido completo de: https://ghostintheblog.com/2025/03/ganadores-oscar-2025-critica.html
2025-03-15 12:07:06,780 - WARNING - No se encontró 'Título Original' en el contenido
2025-03-15 12:07:06,780 - INFO - Usando contenido completo como respaldo
2025-03-15 12:07:06,780 - INFO - Comenzando extracción de información del post
2025-03-15 12:07:06,781 - INFO - Título del post: NOSOTROS de Helena Taberna
2025-03-15 12:07:06,781 - INFO - Fecha del post: 2025-03-02T00:02:52+01:00
2025-03-15 12:07:06,781 - INFO - Obteniendo contenido completo de: https://ghostintheblog.com/2025/03/nosotros-de-helena-taberna.html
2025-03-15 12:07:07,877 - INFO - Contenido extraído y estructurado (4808 caracteres)
2025-03-15 12:07:07,877 - INFO - Comenzando extracción de información del post
2025-03-15 12:07:07,878 - INFO - Título del post: AÚN ESTOY AQUÍ
2025-03-15 12:07:07,878 - INFO - Fecha del post: 2025-03-01T11:13:30+01:00
2025-03-15 12:07:07,878 - WARNING - No se pudo extraer director del título: AÚN ESTOY AQUÍ
2025-03-15 12:07:07,878 - INFO - Obteniendo contenido completo de: https://ghostintheblog.com/2025/03/ainda-estou-aqui-walter-salles-2024.html
2025-03-15 12:07:09,091 - INFO - Contenido extraído y estructurado (2687 caracteres)
2025-03-15 12:07:09,091 - INFO - Comenzando extracción de información del post
2025-03-15 12:07:09,091 - INFO - Título del post: LA ÚLTIMA REINA de Karim Aïnouz
2025-03-15 12:07:09,091 - INFO - Fecha del post: 2025-03-01T11:05:31+01:00
2025-03-15 12:07:09,091 - INFO - Obteniendo contenido completo de: https://ghostintheblog.com/2025/03/firebrand-catalina-parr-karim-ainouz.html
2025-03-15 12:07:10,315 - INFO - Contenido extraído y estructurado (2737 caracteres)
2025-03-15 12:07:10,315 - INFO - Proceso completado. Posts nuevos guardados: 0
