2025-12-29 08:08:31,915 - INFO - Iniciando proceso de scraping
2025-12-29 08:08:31,917 - INFO - Posts existentes encontrados: 2488
2025-12-29 08:08:31,917 - INFO - Intentando obtener posts desde: https://ghostintheblog.com/
2025-12-29 08:08:33,588 - INFO - Se encontraron 10 posts
2025-12-29 08:08:33,589 - INFO - Comenzando extracción de información del post
2025-12-29 08:08:33,590 - INFO - Post ya existente, saltando: FATHER MOTHER SISTER BROTHER de Jim Jarmusch
2025-12-29 08:08:33,590 - INFO - Comenzando extracción de información del post
2025-12-29 08:08:33,590 - INFO - Post ya existente, saltando: VIDA PRIVADA de Rebecca Zlotowski
2025-12-29 08:08:33,590 - INFO - Comenzando extracción de información del post
2025-12-29 08:08:33,590 - INFO - Post ya existente, saltando: ART SPIEGELMAN: EL DESASTRE ES MI MUSA de Molly Bernstein y Philip Dolin
2025-12-29 08:08:33,590 - INFO - Comenzando extracción de información del post
2025-12-29 08:08:33,590 - INFO - Post ya existente, saltando: EL EXTRANJERO de François Ozon
2025-12-29 08:08:33,590 - INFO - Comenzando extracción de información del post
2025-12-29 08:08:33,591 - INFO - Post ya existente, saltando: LA VIDA FUERA de Mario Martone
2025-12-29 08:08:33,591 - INFO - Comenzando extracción de información del post
2025-12-29 08:08:33,591 - INFO - Post ya existente, saltando: FRONTERA de Judith Colell
2025-12-29 08:08:33,591 - INFO - Comenzando extracción de información del post
2025-12-29 08:08:33,591 - INFO - Post ya existente, saltando: ARO BERRIA de Irati Gorostidi Agirretxe
2025-12-29 08:08:33,591 - INFO - Comenzando extracción de información del post
2025-12-29 08:08:33,591 - INFO - Post ya existente, saltando: GOLPES de Rafael Cobos
2025-12-29 08:08:33,591 - INFO - Comenzando extracción de información del post
2025-12-29 08:08:33,591 - INFO - Post ya existente, saltando: SINGULAR de Alberto Gastesi
2025-12-29 08:08:33,591 - INFO - Comenzando extracción de información del post
2025-12-29 08:08:33,592 - INFO - Post ya existente, saltando: VALOR SENTIMENTAL de Joachim Trier
2025-12-29 08:08:33,592 - INFO - Proceso completado. Posts nuevos guardados: 0
