2026-02-22 00:25:33,982 - INFO - Iniciando proceso de scraping
2026-02-22 00:25:33,985 - INFO - Posts existentes encontrados: 2509
2026-02-22 00:25:33,985 - INFO - Intentando obtener posts desde: https://ghostintheblog.com/
2026-02-22 00:25:35,700 - INFO - Se encontraron 10 posts
2026-02-22 00:25:35,701 - INFO - Comenzando extracción de información del post
2026-02-22 00:25:35,702 - INFO - Post ya existente, saltando: HISTORIAS DEL BUEN VALLE de José Luis Guerín
2026-02-22 00:25:35,702 - INFO - Comenzando extracción de información del post
2026-02-22 00:25:35,702 - INFO - Post ya existente, saltando: LA FIERA de Salvador Calvo
2026-02-22 00:25:35,702 - INFO - Comenzando extracción de información del post
2026-02-22 00:25:35,702 - INFO - Post ya existente, saltando: TRES ADIOSES de Isabel Coixet
2026-02-22 00:25:35,702 - INFO - Comenzando extracción de información del post
2026-02-22 00:25:35,703 - INFO - Post ya existente, saltando: LA TARTA DEL PRESIDENTE de Hasan Hadi
2026-02-22 00:25:35,703 - INFO - Comenzando extracción de información del post
2026-02-22 00:25:35,703 - INFO - Post ya existente, saltando: MARTY SUPREME de Joshua Safdie
2026-02-22 00:25:35,703 - INFO - Comenzando extracción de información del post
2026-02-22 00:25:35,703 - INFO - Post ya existente, saltando: LA CHICA ZURDA de Shih-Ching Tsou
2026-02-22 00:25:35,703 - INFO - Comenzando extracción de información del post
2026-02-22 00:25:35,703 - INFO - Post ya existente, saltando: HAMNET de Chloé Zhao
2026-02-22 00:25:35,703 - INFO - Comenzando extracción de información del post
2026-02-22 00:25:35,703 - INFO - Post ya existente, saltando: YUNAN de Ameer Fakher Eldin
2026-02-22 00:25:35,703 - INFO - Comenzando extracción de información del post
2026-02-22 00:25:35,704 - INFO - Post ya existente, saltando: LA LEYENDA DE OCHI de Isaiah Saxon
2026-02-22 00:25:35,704 - INFO - Comenzando extracción de información del post
2026-02-22 00:25:35,704 - INFO - Post ya existente, saltando: ARCO de Ugo Bienvenu
2026-02-22 00:25:35,704 - INFO - Proceso completado. Posts nuevos guardados: 0
