2025-06-17 04:11:03,822 - INFO - Iniciando proceso de scraping
2025-06-17 04:11:03,825 - INFO - Posts existentes encontrados: 2409
2025-06-17 04:11:03,825 - INFO - Intentando obtener posts desde: https://ghostintheblog.com/
2025-06-17 04:11:07,581 - INFO - Se encontraron 10 posts
2025-06-17 04:11:07,582 - INFO - Comenzando extracción de información del post
2025-06-17 04:11:07,582 - INFO - Post ya existente, saltando: TODO SALDRÁ BIEN de Ray Yeung
2025-06-17 04:11:07,582 - INFO - Comenzando extracción de información del post
2025-06-17 04:11:07,582 - INFO - Post ya existente, saltando: CUATRO PAREDES de Ibon Cormenzana
2025-06-17 04:11:07,582 - INFO - Comenzando extracción de información del post
2025-06-17 04:11:07,582 - INFO - Post ya existente, saltando: LA BUENA SUERTE de Gracia Querejeta
2025-06-17 04:11:07,583 - INFO - Comenzando extracción de información del post
2025-06-17 04:11:07,583 - INFO - Post ya existente, saltando: SIRAT de Oliver Laxe
2025-06-17 04:11:07,583 - INFO - Comenzando extracción de información del post
2025-06-17 04:11:07,583 - INFO - Post ya existente, saltando: EL JOCKEY de Luis Ortega
2025-06-17 04:11:07,583 - INFO - Comenzando extracción de información del post
2025-06-17 04:11:07,583 - INFO - Post ya existente, saltando: LA TRAMA FENICIA de Wes Anderson
2025-06-17 04:11:07,583 - INFO - Comenzando extracción de información del post
2025-06-17 04:11:07,584 - INFO - Post ya existente, saltando: SI YO PUDIERA HIBERNAR de Zoljargal Purevdash
2025-06-17 04:11:07,584 - INFO - Comenzando extracción de información del post
2025-06-17 04:11:07,584 - INFO - Post ya existente, saltando: LOS TORTUGA de Belén Funes
2025-06-17 04:11:07,584 - INFO - Comenzando extracción de información del post
2025-06-17 04:11:07,584 - INFO - Post ya existente, saltando: MISIÓN IMPOSIBLE: SENTENCIA FINAL de Christopher McQuarrie
2025-06-17 04:11:07,584 - INFO - Comenzando extracción de información del post
2025-06-17 04:11:07,584 - INFO - Post ya existente, saltando: EL BUEN PADRE de Ronan Tronchot
2025-06-17 04:11:07,584 - INFO - Proceso completado. Posts nuevos guardados: 0
