2026-03-15 20:07:39,640 - INFO - Iniciando proceso de scraping
2026-03-15 20:07:39,643 - INFO - Posts existentes encontrados: 2522
2026-03-15 20:07:39,643 - INFO - Intentando obtener posts desde: https://ghostintheblog.com/
2026-03-15 20:07:40,998 - INFO - Se encontraron 10 posts
2026-03-15 20:07:40,999 - INFO - Comenzando extracción de información del post
2026-03-15 20:07:41,000 - INFO - Post ya existente, saltando: ¡LA NOVIA! de Maggie Gyllenhaal
2026-03-15 20:07:41,000 - INFO - Comenzando extracción de información del post
2026-03-15 20:07:41,000 - INFO - Post ya existente, saltando: PILLION de Harry Lighton
2026-03-15 20:07:41,000 - INFO - Comenzando extracción de información del post
2026-03-15 20:07:41,000 - INFO - Post ya existente, saltando: EL MAGO DEL KREMLIN de Olivier Assayas
2026-03-15 20:07:41,000 - INFO - Comenzando extracción de información del post
2026-03-15 20:07:41,000 - INFO - Post ya existente, saltando: EL ÚLTIMO VIKINGO de Anders Thomas Jensen
2026-03-15 20:07:41,001 - INFO - Comenzando extracción de información del post
2026-03-15 20:07:41,001 - INFO - Post ya existente, saltando: SCARLET de Mamoru Hosoda
2026-03-15 20:07:41,001 - INFO - Comenzando extracción de información del post
2026-03-15 20:07:41,001 - INFO - Post ya existente, saltando: SORRY BABY de Eva Victor
2026-03-15 20:07:41,001 - INFO - Comenzando extracción de información del post
2026-03-15 20:07:41,001 - INFO - Post ya existente, saltando: LOS GOYA 2026
2026-03-15 20:07:41,001 - INFO - Comenzando extracción de información del post
2026-03-15 20:07:41,001 - INFO - Post ya existente, saltando: LITTLE AMÉLIE de Mailys Vallade y Liane-Cho Han Jin Kuang
2026-03-15 20:07:41,001 - INFO - Comenzando extracción de información del post
2026-03-15 20:07:41,001 - INFO - Post ya existente, saltando: LA MALDICIÓN DE SHELBY OAKS de Chris Stuckmann
2026-03-15 20:07:41,001 - INFO - Comenzando extracción de información del post
2026-03-15 20:07:41,002 - INFO - Post ya existente, saltando: SIN CONEXIÓN de Bradley Cooper
2026-03-15 20:07:41,002 - INFO - Proceso completado. Posts nuevos guardados: 0
