2025-04-05 12:07:03,532 - INFO - Iniciando proceso de scraping
2025-04-05 12:07:03,534 - INFO - Posts existentes encontrados: 2377
2025-04-05 12:07:03,534 - INFO - Intentando obtener posts desde: https://ghostintheblog.com/
2025-04-05 12:07:06,143 - INFO - Se encontraron 10 posts
2025-04-05 12:07:06,144 - INFO - Comenzando extracción de información del post
2025-04-05 12:07:06,144 - INFO - Título del post: SORDA de Eva Libertad
2025-04-05 12:07:06,144 - INFO - Fecha del post: 2025-04-05T11:18:59+02:00
2025-04-05 12:07:06,144 - INFO - Obteniendo contenido completo de: https://ghostintheblog.com/2025/04/sorda-2025-critica-cine.html
2025-04-05 12:07:07,760 - INFO - Contenido extraído y estructurado (4457 caracteres)
2025-04-05 12:07:07,760 - INFO - Guardando post en: posts/SORDA_2025-04-05.json
2025-04-05 12:07:07,760 - INFO - Post guardado exitosamente
2025-04-05 12:07:07,760 - INFO - Actualizando índice de películas
2025-04-05 12:07:07,760 - INFO - Archivo de índice: /home/runner/work/scrapingcines/scrapingcines/index.json
2025-04-05 12:07:07,764 - INFO - Índice existente cargado con 2475 películas
2025-04-05 12:07:07,778 - INFO - Película agregada al índice: SORDA
2025-04-05 12:07:07,779 - INFO - Nuevo post guardado: SORDA de Eva Libertad
2025-04-05 12:07:07,779 - INFO - Comenzando extracción de información del post
2025-04-05 12:07:07,779 - INFO - Título del post: UNA BALLENA de Pablo Hernando Esquisabel
2025-04-05 12:07:07,779 - INFO - Fecha del post: 2025-04-05T11:08:07+02:00
2025-04-05 12:07:07,779 - INFO - Obteniendo contenido completo de: https://ghostintheblog.com/2025/04/una-ballena-2025-critica-cine.html
2025-04-05 12:07:09,151 - INFO - Contenido extraído y estructurado (2477 caracteres)
2025-04-05 12:07:09,152 - INFO - Guardando post en: posts/UNA_BALLENA_2025-04-05.json
2025-04-05 12:07:09,152 - INFO - Post guardado exitosamente
2025-04-05 12:07:09,152 - INFO - Actualizando índice de películas
2025-04-05 12:07:09,152 - INFO - Archivo de índice: /home/runner/work/scrapingcines/scrapingcines/index.json
2025-04-05 12:07:09,156 - INFO - Índice existente cargado con 2476 películas
2025-04-05 12:07:09,170 - INFO - Película agregada al índice: UNA BALLENA
2025-04-05 12:07:09,171 - INFO - Nuevo post guardado: UNA BALLENA de Pablo Hernando Esquisabel
2025-04-05 12:07:09,171 - INFO - Comenzando extracción de información del post
2025-04-05 12:07:09,171 - INFO - Título del post: LA FURIA de Gemma Blasco
2025-04-05 12:07:09,171 - INFO - Fecha del post: 2025-04-05T10:53:41+02:00
2025-04-05 12:07:09,171 - INFO - Obteniendo contenido completo de: https://ghostintheblog.com/2025/04/la-furia-2025-critica-cine.html
2025-04-05 12:07:10,581 - INFO - Contenido extraído y estructurado (2513 caracteres)
2025-04-05 12:07:10,581 - INFO - Guardando post en: posts/LA_FURIA_2025-04-05.json
2025-04-05 12:07:10,582 - INFO - Post guardado exitosamente
2025-04-05 12:07:10,582 - INFO - Actualizando índice de películas
2025-04-05 12:07:10,582 - INFO - Archivo de índice: /home/runner/work/scrapingcines/scrapingcines/index.json
2025-04-05 12:07:10,585 - INFO - Índice existente cargado con 2477 películas
2025-04-05 12:07:10,600 - INFO - Película agregada al índice: LA FURIA
2025-04-05 12:07:10,600 - INFO - Nuevo post guardado: LA FURIA de Gemma Blasco
2025-04-05 12:07:10,600 - INFO - Comenzando extracción de información del post
2025-04-05 12:07:10,600 - INFO - Post ya existente, saltando: GHOSTLIGHT de Kelly O’Sullivan y Alex Thompson
2025-04-05 12:07:10,600 - INFO - Comenzando extracción de información del post
2025-04-05 12:07:10,600 - INFO - Post ya existente, saltando: 8 de Julio Medem
2025-04-05 12:07:10,600 - INFO - Comenzando extracción de información del post
2025-04-05 12:07:10,601 - INFO - Post ya existente, saltando: LA CHICA DE LA AGUJA de Magnus von Horn
2025-04-05 12:07:10,601 - INFO - Comenzando extracción de información del post
2025-04-05 12:07:10,601 - INFO - Post ya existente, saltando: MISERICORDIA de Alain Guiraudie
2025-04-05 12:07:10,601 - INFO - Comenzando extracción de información del post
2025-04-05 12:07:10,601 - INFO - Post ya existente, saltando: LOS AITAS de Borja Cobeaga
2025-04-05 12:07:10,601 - INFO - Comenzando extracción de información del post
2025-04-05 12:07:10,601 - INFO - Post ya existente, saltando: MORLAIX de Jaime Rosales
2025-04-05 12:07:10,601 - INFO - Comenzando extracción de información del post
2025-04-05 12:07:10,602 - INFO - Post ya existente, saltando: TARDES DE SOLEDAD de Albert Serra
2025-04-05 12:07:10,602 - INFO - Proceso completado. Posts nuevos guardados: 3
