2025-04-02 16:06:48,729 - INFO - Iniciando proceso de scraping
2025-04-02 16:06:48,731 - INFO - Posts existentes encontrados: 2377
2025-04-02 16:06:48,731 - INFO - Intentando obtener posts desde: https://ghostintheblog.com/
2025-04-02 16:06:51,155 - INFO - Se encontraron 10 posts
2025-04-02 16:06:51,155 - INFO - Comenzando extracción de información del post
2025-04-02 16:06:51,156 - INFO - Post ya existente, saltando: GHOSTLIGHT de Kelly O’Sullivan y Alex Thompson
2025-04-02 16:06:51,156 - INFO - Comenzando extracción de información del post
2025-04-02 16:06:51,156 - INFO - Post ya existente, saltando: 8 de Julio Medem
2025-04-02 16:06:51,156 - INFO - Comenzando extracción de información del post
2025-04-02 16:06:51,156 - INFO - Post ya existente, saltando: LA CHICA DE LA AGUJA de Magnus von Horn
2025-04-02 16:06:51,156 - INFO - Comenzando extracción de información del post
2025-04-02 16:06:51,156 - INFO - Post ya existente, saltando: MISERICORDIA de Alain Guiraudie
2025-04-02 16:06:51,156 - INFO - Comenzando extracción de información del post
2025-04-02 16:06:51,157 - INFO - Post ya existente, saltando: LOS AITAS de Borja Cobeaga
2025-04-02 16:06:51,157 - INFO - Comenzando extracción de información del post
2025-04-02 16:06:51,157 - INFO - Post ya existente, saltando: MORLAIX de Jaime Rosales
2025-04-02 16:06:51,157 - INFO - Comenzando extracción de información del post
2025-04-02 16:06:51,157 - INFO - Post ya existente, saltando: TARDES DE SOLEDAD de Albert Serra
2025-04-02 16:06:51,157 - INFO - Comenzando extracción de información del post
2025-04-02 16:06:51,157 - INFO - Post ya existente, saltando: MICKEY 17 de Bong Joon-ho
2025-04-02 16:06:51,158 - INFO - Comenzando extracción de información del post
2025-04-02 16:06:51,158 - INFO - Post ya existente, saltando: LEE MILLER de Ellen Kuras
2025-04-02 16:06:51,158 - INFO - Comenzando extracción de información del post
2025-04-02 16:06:51,158 - INFO - Post ya existente, saltando: GRAND TOUR de Miguel Gomes
2025-04-02 16:06:51,158 - INFO - Proceso completado. Posts nuevos guardados: 0
