2026-07-20 16:31:50,702 - INFO - Iniciando proceso de scraping
2026-07-20 16:31:50,704 - INFO - Posts existentes encontrados: 2577
2026-07-20 16:31:50,704 - INFO - Intentando obtener posts desde: https://ghostintheblog.com/
2026-07-20 16:31:52,928 - INFO - Se encontraron 10 posts
2026-07-20 16:31:52,929 - INFO - Comenzando extracción de información del post
2026-07-20 16:31:52,929 - INFO - Post ya existente, saltando: OMAHA de Cole Webley
2026-07-20 16:31:52,929 - INFO - Comenzando extracción de información del post
2026-07-20 16:31:52,929 - INFO - Post ya existente, saltando: MAGALLANES de Lav Diaz
2026-07-20 16:31:52,929 - INFO - Comenzando extracción de información del post
2026-07-20 16:31:52,930 - INFO - Post ya existente, saltando: EN EL CAMINO de David Pablos
2026-07-20 16:31:52,930 - INFO - Comenzando extracción de información del post
2026-07-20 16:31:52,930 - INFO - Post ya existente, saltando: LA MUERTE DE ROBIN HOOD de Michael Sarnoski
2026-07-20 16:31:52,930 - INFO - Comenzando extracción de información del post
2026-07-20 16:31:52,930 - INFO - Post ya existente, saltando: LOS MÚSICOS de Grégory Magne
2026-07-20 16:31:52,930 - INFO - Comenzando extracción de información del post
2026-07-20 16:31:52,930 - INFO - Post ya existente, saltando: EL CONVENTO de Luis Galindo y Ángel M. Chivite
2026-07-20 16:31:52,930 - INFO - Comenzando extracción de información del post
2026-07-20 16:31:52,930 - INFO - Post ya existente, saltando: OBSESSION de Curry Barker
2026-07-20 16:31:52,930 - INFO - Comenzando extracción de información del post
2026-07-20 16:31:52,931 - INFO - Post ya existente, saltando: LO ÚLTIMOS DÍAS DE MARIA ANTONIETA de Gianluca Jodice
2026-07-20 16:31:52,931 - INFO - Comenzando extracción de información del post
2026-07-20 16:31:52,931 - INFO - Post ya existente, saltando: SUPERGIRL de Craig Gillespie
2026-07-20 16:31:52,931 - INFO - Comenzando extracción de información del post
2026-07-20 16:31:52,931 - INFO - Post ya existente, saltando: LA MUJER SIN NOMBRE de Haifaa Al-Mansour
2026-07-20 16:31:52,931 - INFO - Proceso completado. Posts nuevos guardados: 0
