2026-03-04 12:12:55,190 - INFO - Iniciando proceso de scraping
2026-03-04 12:12:55,192 - INFO - Posts existentes encontrados: 2516
2026-03-04 12:12:55,193 - INFO - Intentando obtener posts desde: https://ghostintheblog.com/
2026-03-04 12:12:56,812 - INFO - Se encontraron 10 posts
2026-03-04 12:12:56,813 - INFO - Comenzando extracción de información del post
2026-03-04 12:12:56,814 - INFO - Post ya existente, saltando: LOS GOYA 2026
2026-03-04 12:12:56,814 - INFO - Comenzando extracción de información del post
2026-03-04 12:12:56,814 - INFO - Post ya existente, saltando: LITTLE AMÉLIE de Mailys Vallade y Liane-Cho Han Jin Kuang
2026-03-04 12:12:56,814 - INFO - Comenzando extracción de información del post
2026-03-04 12:12:56,814 - INFO - Post ya existente, saltando: LA MALDICIÓN DE SHELBY OAKS de Chris Stuckmann
2026-03-04 12:12:56,814 - INFO - Comenzando extracción de información del post
2026-03-04 12:12:56,814 - INFO - Post ya existente, saltando: SIN CONEXIÓN de Bradley Cooper
2026-03-04 12:12:56,815 - INFO - Comenzando extracción de información del post
2026-03-04 12:12:56,815 - INFO - Post ya existente, saltando: EL AGENTE SECRETO de Kleber Mendonça Filho
2026-03-04 12:12:56,815 - INFO - Comenzando extracción de información del post
2026-03-04 12:12:56,815 - INFO - Post ya existente, saltando: CUMBRES BORRASCOSAS de Emerald Fennell
2026-03-04 12:12:56,815 - INFO - Comenzando extracción de información del post
2026-03-04 12:12:56,815 - INFO - Post ya existente, saltando: NO HAY OTRA OPCIÓN de Park Chan-wook
2026-03-04 12:12:56,815 - INFO - Comenzando extracción de información del post
2026-03-04 12:12:56,815 - INFO - Post ya existente, saltando: HISTORIAS DEL BUEN VALLE de José Luis Guerín
2026-03-04 12:12:56,815 - INFO - Comenzando extracción de información del post
2026-03-04 12:12:56,816 - INFO - Post ya existente, saltando: LA FIERA de Salvador Calvo
2026-03-04 12:12:56,816 - INFO - Comenzando extracción de información del post
2026-03-04 12:12:56,816 - INFO - Post ya existente, saltando: TRES ADIOSES de Isabel Coixet
2026-03-04 12:12:56,816 - INFO - Proceso completado. Posts nuevos guardados: 0
