2025-11-08 00:19:32,748 - INFO - Iniciando proceso de scraping
2025-11-08 00:19:32,750 - INFO - Posts existentes encontrados: 2464
2025-11-08 00:19:32,750 - INFO - Intentando obtener posts desde: https://ghostintheblog.com/
2025-11-08 00:19:34,163 - INFO - Se encontraron 10 posts
2025-11-08 00:19:34,164 - INFO - Comenzando extracción de información del post
2025-11-08 00:19:34,164 - INFO - Post ya existente, saltando: FRANKENSTEIN de Guillermo del Toro
2025-11-08 00:19:34,165 - INFO - Comenzando extracción de información del post
2025-11-08 00:19:34,165 - INFO - Post ya existente, saltando: ESA COSA CON ALAS de Dylan Southern
2025-11-08 00:19:34,165 - INFO - Comenzando extracción de información del post
2025-11-08 00:19:34,165 - INFO - Post ya existente, saltando: LA CENA de Manuel Gómez Pereira
2025-11-08 00:19:34,165 - INFO - Comenzando extracción de información del post
2025-11-08 00:19:34,165 - INFO - Post ya existente, saltando: LOS DOMINGOS de Alauda Ruiz de Azúa
2025-11-08 00:19:34,165 - INFO - Comenzando extracción de información del post
2025-11-08 00:19:34,165 - INFO - Post ya existente, saltando: UN SIMPLE ACCIDENTE de Jafar Panahi
2025-11-08 00:19:34,165 - INFO - Comenzando extracción de información del post
2025-11-08 00:19:34,166 - INFO - Post ya existente, saltando: CAZA DE BRUJAS de Luca Guadagnino
2025-11-08 00:19:34,166 - INFO - Comenzando extracción de información del post
2025-11-08 00:19:34,166 - INFO - Post ya existente, saltando: BALA PERDIDA de Darren Aronofsky
2025-11-08 00:19:34,166 - INFO - Comenzando extracción de información del post
2025-11-08 00:19:34,166 - INFO - Post ya existente, saltando: KARMELE de Asier Altuna
2025-11-08 00:19:34,166 - INFO - Comenzando extracción de información del post
2025-11-08 00:19:34,166 - INFO - Post ya existente, saltando: JUGAR CON FUEGO de Delphine y Muriel Coulin
2025-11-08 00:19:34,166 - INFO - Comenzando extracción de información del post
2025-11-08 00:19:34,166 - INFO - Post ya existente, saltando: LA SOSPECHA DE SOFÍA de Imanol Uribe
2025-11-08 00:19:34,167 - INFO - Proceso completado. Posts nuevos guardados: 0
