2025-08-01 00:23:05,349 - INFO - Iniciando proceso de scraping
2025-08-01 00:23:05,351 - INFO - Posts existentes encontrados: 2423
2025-08-01 00:23:05,351 - INFO - Intentando obtener posts desde: https://ghostintheblog.com/
2025-08-01 00:23:07,249 - INFO - Se encontraron 10 posts
2025-08-01 00:23:07,250 - INFO - Comenzando extracción de información del post
2025-08-01 00:23:07,250 - INFO - Post ya existente, saltando: UN «LIKE» DE BOB TREVINO de Tracie Laymon
2025-08-01 00:23:07,250 - INFO - Comenzando extracción de información del post
2025-08-01 00:23:07,250 - INFO - Post ya existente, saltando: PORCO ROSSO de Hayao Miyazaki
2025-08-01 00:23:07,250 - INFO - Comenzando extracción de información del post
2025-08-01 00:23:07,250 - INFO - Post ya existente, saltando: SUPERMAN de James Gunn
2025-08-01 00:23:07,251 - INFO - Comenzando extracción de información del post
2025-08-01 00:23:07,251 - INFO - Post ya existente, saltando: BREVE HISTORIA DE UNA FAMILIA de Lin Jianjie
2025-08-01 00:23:07,251 - INFO - Comenzando extracción de información del post
2025-08-01 00:23:07,251 - INFO - Post ya existente, saltando: LA MERCANCÍA MÁS PRECIOSA de Michel Hazanavicius
2025-08-01 00:23:07,251 - INFO - Comenzando extracción de información del post
2025-08-01 00:23:07,251 - INFO - Post ya existente, saltando: TRES AMIGAS de Emmanuel Mouret
2025-08-01 00:23:07,251 - INFO - Comenzando extracción de información del post
2025-08-01 00:23:07,251 - INFO - Post ya existente, saltando: BLACK DOG de Guan Hu
2025-08-01 00:23:07,251 - INFO - Comenzando extracción de información del post
2025-08-01 00:23:07,252 - INFO - Post ya existente, saltando: F1: LA PELÍCULA de Joseph Kosinski
2025-08-01 00:23:07,252 - INFO - Comenzando extracción de información del post
2025-08-01 00:23:07,252 - INFO - Post ya existente, saltando: VOLVER A TI de Jeanette Nordahl
2025-08-01 00:23:07,252 - INFO - Comenzando extracción de información del post
2025-08-01 00:23:07,252 - INFO - Post ya existente, saltando: THE LAST SHOWGIRL de Gia Coppola
2025-08-01 00:23:07,252 - INFO - Proceso completado. Posts nuevos guardados: 0
