2026-01-25 12:09:16,795 - INFO - Iniciando proceso de scraping
2026-01-25 12:09:16,797 - INFO - Posts existentes encontrados: 2497
2026-01-25 12:09:16,797 - INFO - Intentando obtener posts desde: https://ghostintheblog.com/
2026-01-25 12:09:18,563 - INFO - Se encontraron 10 posts
2026-01-25 12:09:18,564 - INFO - Comenzando extracción de información del post
2026-01-25 12:09:18,564 - INFO - Título del post: ARCO de Ugo Bienvenu
2026-01-25 12:09:18,564 - INFO - Fecha del post: 2026-01-25T11:29:31+01:00
2026-01-25 12:09:18,564 - INFO - Obteniendo contenido completo de: https://ghostintheblog.com/2026/01/critica-de-arco-de-ugo-bienvenu.html
2026-01-25 12:09:21,120 - INFO - Contenido extraído y estructurado (4528 caracteres)
2026-01-25 12:09:21,121 - INFO - Guardando post en: posts/ARCO_2026-01-25.json
2026-01-25 12:09:21,121 - INFO - Post guardado exitosamente
2026-01-25 12:09:21,121 - INFO - Actualizando índice de películas
2026-01-25 12:09:21,121 - INFO - Archivo de índice: /home/runner/work/scrapingcines/scrapingcines/index.json
2026-01-25 12:09:21,125 - INFO - Índice existente cargado con 2597 películas
2026-01-25 12:09:21,137 - INFO - Película agregada al índice: ARCO
2026-01-25 12:09:21,137 - INFO - Nuevo post guardado: ARCO de Ugo Bienvenu
2026-01-25 12:09:21,137 - INFO - Comenzando extracción de información del post
2026-01-25 12:09:21,138 - INFO - Título del post: SI PUDIERA TE DARÍA UNA PATADA de Mary Bronstein
2026-01-25 12:09:21,138 - INFO - Fecha del post: 2026-01-25T11:19:16+01:00
2026-01-25 12:09:21,138 - INFO - Obteniendo contenido completo de: https://ghostintheblog.com/2026/01/critica-de-si-pudiera-te-daria-una-patada-de-mary-bronstein-sitename.html
2026-01-25 12:09:22,804 - INFO - Contenido extraído y estructurado (2678 caracteres)
2026-01-25 12:09:22,805 - INFO - Guardando post en: posts/SI_PUDIERA_TE_DARÍA_UNA_PATADA_2026-01-25.json
2026-01-25 12:09:22,805 - INFO - Post guardado exitosamente
2026-01-25 12:09:22,805 - INFO - Actualizando índice de películas
2026-01-25 12:09:22,805 - INFO - Archivo de índice: /home/runner/work/scrapingcines/scrapingcines/index.json
2026-01-25 12:09:22,809 - INFO - Índice existente cargado con 2598 películas
2026-01-25 12:09:22,820 - INFO - Película agregada al índice: SI PUDIERA TE DARÍA UNA PATADA
2026-01-25 12:09:22,821 - INFO - Nuevo post guardado: SI PUDIERA TE DARÍA UNA PATADA de Mary Bronstein
2026-01-25 12:09:22,821 - INFO - Comenzando extracción de información del post
2026-01-25 12:09:22,821 - INFO - Título del post: LA MISTERIOSA MIRADA DE FLAMENCO de Diego Céspedes
2026-01-25 12:09:22,821 - INFO - Fecha del post: 2026-01-25T11:10:30+01:00
2026-01-25 12:09:22,821 - INFO - Obteniendo contenido completo de: https://ghostintheblog.com/2026/01/critica-de-la-misteriosa-mirada-de-flamenco-de-diego-cespedes.html
2026-01-25 12:09:24,506 - INFO - Contenido extraído y estructurado (2723 caracteres)
2026-01-25 12:09:24,507 - INFO - Guardando post en: posts/LA_MISTERIOSA_MIRADA_DE_FLAMENCO_2026-01-25.json
2026-01-25 12:09:24,508 - INFO - Post guardado exitosamente
2026-01-25 12:09:24,508 - INFO - Actualizando índice de películas
2026-01-25 12:09:24,508 - INFO - Archivo de índice: /home/runner/work/scrapingcines/scrapingcines/index.json
2026-01-25 12:09:24,512 - INFO - Índice existente cargado con 2599 películas
2026-01-25 12:09:24,523 - INFO - Película agregada al índice: LA MISTERIOSA MIRADA DE FLAMENCO
2026-01-25 12:09:24,524 - INFO - Nuevo post guardado: LA MISTERIOSA MIRADA DE FLAMENCO de Diego Céspedes
2026-01-25 12:09:24,524 - INFO - Comenzando extracción de información del post
2026-01-25 12:09:24,524 - INFO - Post ya existente, saltando: NOUVELLE VAGUE de Richard Linklater
2026-01-25 12:09:24,524 - INFO - Comenzando extracción de información del post
2026-01-25 12:09:24,524 - INFO - Post ya existente, saltando: RENTAL FAMILY de Hikari
2026-01-25 12:09:24,524 - INFO - Comenzando extracción de información del post
2026-01-25 12:09:24,524 - INFO - Post ya existente, saltando: TURNO DE GUARDIA de Petra Biondina Volpe
2026-01-25 12:09:24,524 - INFO - Comenzando extracción de información del post
2026-01-25 12:09:24,525 - INFO - Post ya existente, saltando: LA ASISTENTA de Rebecca Sonnenshine
2026-01-25 12:09:24,525 - INFO - Comenzando extracción de información del post
2026-01-25 12:09:24,525 - INFO - Post ya existente, saltando: RONDALLAS de Daniel Sánchez Arévalo
2026-01-25 12:09:24,525 - INFO - Comenzando extracción de información del post
2026-01-25 12:09:24,525 - INFO - Post ya existente, saltando: EL MÉDICO 2 de Philipp Stölzl
2026-01-25 12:09:24,525 - INFO - Comenzando extracción de información del post
2026-01-25 12:09:24,525 - INFO - Post ya existente, saltando: AVATAR: FUEGO Y CENIZAS de James Cameron
2026-01-25 12:09:24,525 - INFO - Proceso completado. Posts nuevos guardados: 3
