2025-05-09 12:08:30,912 - INFO - Iniciando proceso de scraping
2025-05-09 12:08:30,914 - INFO - Posts existentes encontrados: 2392
2025-05-09 12:08:30,914 - INFO - Intentando obtener posts desde: https://ghostintheblog.com/
2025-05-09 12:08:33,148 - INFO - Se encontraron 10 posts
2025-05-09 12:08:33,148 - INFO - Comenzando extracción de información del post
2025-05-09 12:08:33,149 - INFO - Post ya existente, saltando: LA BUENA LETRA de Celia Rico Clavellino
2025-05-09 12:08:33,149 - INFO - Comenzando extracción de información del post
2025-05-09 12:08:33,149 - INFO - Post ya existente, saltando: SUJO de Fernanda Valadez, Astrid Rondero
2025-05-09 12:08:33,149 - INFO - Comenzando extracción de información del post
2025-05-09 12:08:33,149 - INFO - Post ya existente, saltando: LA ISLA DE LOS FAISANES de Asier Urbieta
2025-05-09 12:08:33,149 - INFO - Comenzando extracción de información del post
2025-05-09 12:08:33,149 - INFO - Post ya existente, saltando: THE END de Joshua Oppenheimer
2025-05-09 12:08:33,150 - INFO - Comenzando extracción de información del post
2025-05-09 12:08:33,150 - INFO - Post ya existente, saltando: EL ÚLTIMO SUSPIRO de Costa-Gavras
2025-05-09 12:08:33,150 - INFO - Comenzando extracción de información del post
2025-05-09 12:08:33,150 - INFO - Post ya existente, saltando: EL CASOPLÓN de Joaquín Mazón
2025-05-09 12:08:33,150 - INFO - Comenzando extracción de información del post
2025-05-09 12:08:33,150 - INFO - Post ya existente, saltando: LA VIAJERA de Hong Sangsoo
2025-05-09 12:08:33,150 - INFO - Comenzando extracción de información del post
2025-05-09 12:08:33,151 - INFO - Post ya existente, saltando: AMATEUR de James Hawes
2025-05-09 12:08:33,151 - INFO - Comenzando extracción de información del post
2025-05-09 12:08:33,151 - INFO - Post ya existente, saltando: MUY LEJOS de Gerard Oms
2025-05-09 12:08:33,151 - INFO - Comenzando extracción de información del post
2025-05-09 12:08:33,151 - INFO - Post ya existente, saltando: LA NIÑA DE LA CABRA de Ana Asensio
2025-05-09 12:08:33,151 - INFO - Proceso completado. Posts nuevos guardados: 0
