2026-03-28 22:05:09,888 - INFO - Iniciando proceso de scraping
2026-03-28 22:05:09,890 - INFO - Posts existentes encontrados: 2527
2026-03-28 22:05:09,890 - INFO - Intentando obtener posts desde: https://ghostintheblog.com/
2026-03-28 22:05:11,356 - INFO - Se encontraron 10 posts
2026-03-28 22:05:11,357 - INFO - Comenzando extracción de información del post
2026-03-28 22:05:11,358 - INFO - Post ya existente, saltando: YO TE CREO de Charlotte Devillers y Arnaud Dufeys
2026-03-28 22:05:11,358 - INFO - Comenzando extracción de información del post
2026-03-28 22:05:11,358 - INFO - Post ya existente, saltando: EL TESTAMENTO DE ANN LEE de Mona Fastvold
2026-03-28 22:05:11,358 - INFO - Comenzando extracción de información del post
2026-03-28 22:05:11,358 - INFO - Post ya existente, saltando: ÁGUILAS DE EL CAIRO de Tarik Saleh
2026-03-28 22:05:11,358 - INFO - Comenzando extracción de información del post
2026-03-28 22:05:11,358 - INFO - Post ya existente, saltando: TORRENTE PRESIDENTE de Santiago Segura
2026-03-28 22:05:11,359 - INFO - Comenzando extracción de información del post
2026-03-28 22:05:11,359 - INFO - Post ya existente, saltando: LOS OSCAR 2026
2026-03-28 22:05:11,359 - INFO - Comenzando extracción de información del post
2026-03-28 22:05:11,359 - INFO - Post ya existente, saltando: ¡LA NOVIA! de Maggie Gyllenhaal
2026-03-28 22:05:11,359 - INFO - Comenzando extracción de información del post
2026-03-28 22:05:11,359 - INFO - Post ya existente, saltando: PILLION de Harry Lighton
2026-03-28 22:05:11,359 - INFO - Comenzando extracción de información del post
2026-03-28 22:05:11,359 - INFO - Post ya existente, saltando: EL MAGO DEL KREMLIN de Olivier Assayas
2026-03-28 22:05:11,359 - INFO - Comenzando extracción de información del post
2026-03-28 22:05:11,359 - INFO - Post ya existente, saltando: EL ÚLTIMO VIKINGO de Anders Thomas Jensen
2026-03-28 22:05:11,360 - INFO - Comenzando extracción de información del post
2026-03-28 22:05:11,360 - INFO - Post ya existente, saltando: SCARLET de Mamoru Hosoda
2026-03-28 22:05:11,360 - INFO - Proceso completado. Posts nuevos guardados: 0
