2026-05-05 08:49:02,144 - INFO - Iniciando proceso de scraping
2026-05-05 08:49:02,147 - INFO - Posts existentes encontrados: 2544
2026-05-05 08:49:02,147 - INFO - Intentando obtener posts desde: https://ghostintheblog.com/
2026-05-05 08:49:03,650 - INFO - Se encontraron 10 posts
2026-05-05 08:49:03,651 - INFO - Comenzando extracción de información del post
2026-05-05 08:49:03,652 - INFO - Post ya existente, saltando: TODO LO QUE FUIMOS de Cherien Dabis
2026-05-05 08:49:03,652 - INFO - Comenzando extracción de información del post
2026-05-05 08:49:03,652 - INFO - Post ya existente, saltando: MICHAEL de Antoine Fuqua
2026-05-05 08:49:03,652 - INFO - Comenzando extracción de información del post
2026-05-05 08:49:03,652 - INFO - Post ya existente, saltando: ENZO de Robin Campillo
2026-05-05 08:49:03,652 - INFO - Comenzando extracción de información del post
2026-05-05 08:49:03,652 - INFO - Post ya existente, saltando: MI QUERIDA SEÑORITA de Fernando González Molina
2026-05-05 08:49:03,652 - INFO - Comenzando extracción de información del post
2026-05-05 08:49:03,653 - INFO - Post ya existente, saltando: EL SONIDO DE LA CAIDA de Mascha Schilinski
2026-05-05 08:49:03,653 - INFO - Comenzando extracción de información del post
2026-05-05 08:49:03,653 - INFO - Post ya existente, saltando: PRIME CRIME: A TRUE STORY de Gus Van Sant
2026-05-05 08:49:03,653 - INFO - Comenzando extracción de información del post
2026-05-05 08:49:03,653 - INFO - Post ya existente, saltando: UN POETA de Simón Mesa
2026-05-05 08:49:03,653 - INFO - Comenzando extracción de información del post
2026-05-05 08:49:03,653 - INFO - Post ya existente, saltando: LA BUENA HIJA de Júlia de Paz Solvas
2026-05-05 08:49:03,653 - INFO - Comenzando extracción de información del post
2026-05-05 08:49:03,653 - INFO - Post ya existente, saltando: ATRAPANDO A UN MONSTRUO de Bryan Fuller
2026-05-05 08:49:03,653 - INFO - Comenzando extracción de información del post
2026-05-05 08:49:03,653 - INFO - Post ya existente, saltando: LA GRAZIA de Paolo Sorrentino
2026-05-05 08:49:03,654 - INFO - Proceso completado. Posts nuevos guardados: 0
