2026-02-18 12:15:29,656 - INFO - Iniciando proceso de scraping
2026-02-18 12:15:29,658 - INFO - Posts existentes encontrados: 2509
2026-02-18 12:15:29,658 - INFO - Intentando obtener posts desde: https://ghostintheblog.com/
2026-02-18 12:15:31,737 - INFO - Se encontraron 10 posts
2026-02-18 12:15:31,738 - INFO - Comenzando extracción de información del post
2026-02-18 12:15:31,739 - INFO - Post ya existente, saltando: HISTORIAS DEL BUEN VALLE de José Luis Guerín
2026-02-18 12:15:31,739 - INFO - Comenzando extracción de información del post
2026-02-18 12:15:31,739 - INFO - Post ya existente, saltando: LA FIERA de Salvador Calvo
2026-02-18 12:15:31,739 - INFO - Comenzando extracción de información del post
2026-02-18 12:15:31,739 - INFO - Post ya existente, saltando: TRES ADIOSES de Isabel Coixet
2026-02-18 12:15:31,739 - INFO - Comenzando extracción de información del post
2026-02-18 12:15:31,739 - INFO - Post ya existente, saltando: LA TARTA DEL PRESIDENTE de Hasan Hadi
2026-02-18 12:15:31,739 - INFO - Comenzando extracción de información del post
2026-02-18 12:15:31,740 - INFO - Post ya existente, saltando: MARTY SUPREME de Joshua Safdie
2026-02-18 12:15:31,740 - INFO - Comenzando extracción de información del post
2026-02-18 12:15:31,740 - INFO - Post ya existente, saltando: LA CHICA ZURDA de Shih-Ching Tsou
2026-02-18 12:15:31,740 - INFO - Comenzando extracción de información del post
2026-02-18 12:15:31,740 - INFO - Post ya existente, saltando: HAMNET de Chloé Zhao
2026-02-18 12:15:31,740 - INFO - Comenzando extracción de información del post
2026-02-18 12:15:31,740 - INFO - Post ya existente, saltando: YUNAN de Ameer Fakher Eldin
2026-02-18 12:15:31,740 - INFO - Comenzando extracción de información del post
2026-02-18 12:15:31,740 - INFO - Post ya existente, saltando: LA LEYENDA DE OCHI de Isaiah Saxon
2026-02-18 12:15:31,740 - INFO - Comenzando extracción de información del post
2026-02-18 12:15:31,741 - INFO - Post ya existente, saltando: ARCO de Ugo Bienvenu
2026-02-18 12:15:31,741 - INFO - Proceso completado. Posts nuevos guardados: 0
