2026-05-08 10:30:19,179 - INFO - Iniciando proceso de scraping
2026-05-08 10:30:19,180 - INFO - Posts existentes encontrados: 2544
2026-05-08 10:30:19,180 - INFO - Intentando obtener posts desde: https://ghostintheblog.com/
2026-05-08 10:30:20,853 - INFO - Se encontraron 10 posts
2026-05-08 10:30:20,854 - INFO - Comenzando extracción de información del post
2026-05-08 10:30:20,854 - INFO - Post ya existente, saltando: TODO LO QUE FUIMOS de Cherien Dabis
2026-05-08 10:30:20,854 - INFO - Comenzando extracción de información del post
2026-05-08 10:30:20,854 - INFO - Post ya existente, saltando: MICHAEL de Antoine Fuqua
2026-05-08 10:30:20,854 - INFO - Comenzando extracción de información del post
2026-05-08 10:30:20,855 - INFO - Post ya existente, saltando: ENZO de Robin Campillo
2026-05-08 10:30:20,855 - INFO - Comenzando extracción de información del post
2026-05-08 10:30:20,855 - INFO - Post ya existente, saltando: MI QUERIDA SEÑORITA de Fernando González Molina
2026-05-08 10:30:20,855 - INFO - Comenzando extracción de información del post
2026-05-08 10:30:20,855 - INFO - Post ya existente, saltando: EL SONIDO DE LA CAIDA de Mascha Schilinski
2026-05-08 10:30:20,855 - INFO - Comenzando extracción de información del post
2026-05-08 10:30:20,855 - INFO - Post ya existente, saltando: PRIME CRIME: A TRUE STORY de Gus Van Sant
2026-05-08 10:30:20,855 - INFO - Comenzando extracción de información del post
2026-05-08 10:30:20,855 - INFO - Post ya existente, saltando: UN POETA de Simón Mesa
2026-05-08 10:30:20,855 - INFO - Comenzando extracción de información del post
2026-05-08 10:30:20,855 - INFO - Post ya existente, saltando: LA BUENA HIJA de Júlia de Paz Solvas
2026-05-08 10:30:20,855 - INFO - Comenzando extracción de información del post
2026-05-08 10:30:20,855 - INFO - Post ya existente, saltando: ATRAPANDO A UN MONSTRUO de Bryan Fuller
2026-05-08 10:30:20,855 - INFO - Comenzando extracción de información del post
2026-05-08 10:30:20,855 - INFO - Post ya existente, saltando: LA GRAZIA de Paolo Sorrentino
2026-05-08 10:30:20,855 - INFO - Proceso completado. Posts nuevos guardados: 0
