2025-04-03 00:18:05,930 - INFO - Iniciando proceso de scraping
2025-04-03 00:18:05,932 - INFO - Posts existentes encontrados: 2377
2025-04-03 00:18:05,932 - INFO - Intentando obtener posts desde: https://ghostintheblog.com/
2025-04-03 00:18:08,021 - INFO - Se encontraron 10 posts
2025-04-03 00:18:08,022 - INFO - Comenzando extracción de información del post
2025-04-03 00:18:08,022 - INFO - Post ya existente, saltando: GHOSTLIGHT de Kelly O’Sullivan y Alex Thompson
2025-04-03 00:18:08,022 - INFO - Comenzando extracción de información del post
2025-04-03 00:18:08,022 - INFO - Post ya existente, saltando: 8 de Julio Medem
2025-04-03 00:18:08,022 - INFO - Comenzando extracción de información del post
2025-04-03 00:18:08,023 - INFO - Post ya existente, saltando: LA CHICA DE LA AGUJA de Magnus von Horn
2025-04-03 00:18:08,023 - INFO - Comenzando extracción de información del post
2025-04-03 00:18:08,023 - INFO - Post ya existente, saltando: MISERICORDIA de Alain Guiraudie
2025-04-03 00:18:08,023 - INFO - Comenzando extracción de información del post
2025-04-03 00:18:08,023 - INFO - Post ya existente, saltando: LOS AITAS de Borja Cobeaga
2025-04-03 00:18:08,023 - INFO - Comenzando extracción de información del post
2025-04-03 00:18:08,023 - INFO - Post ya existente, saltando: MORLAIX de Jaime Rosales
2025-04-03 00:18:08,023 - INFO - Comenzando extracción de información del post
2025-04-03 00:18:08,024 - INFO - Post ya existente, saltando: TARDES DE SOLEDAD de Albert Serra
2025-04-03 00:18:08,024 - INFO - Comenzando extracción de información del post
2025-04-03 00:18:08,024 - INFO - Post ya existente, saltando: MICKEY 17 de Bong Joon-ho
2025-04-03 00:18:08,024 - INFO - Comenzando extracción de información del post
2025-04-03 00:18:08,024 - INFO - Post ya existente, saltando: LEE MILLER de Ellen Kuras
2025-04-03 00:18:08,024 - INFO - Comenzando extracción de información del post
2025-04-03 00:18:08,024 - INFO - Post ya existente, saltando: GRAND TOUR de Miguel Gomes
2025-04-03 00:18:08,024 - INFO - Proceso completado. Posts nuevos guardados: 0
