2025-05-09 08:07:20,605 - INFO - Iniciando proceso de scraping
2025-05-09 08:07:20,607 - INFO - Posts existentes encontrados: 2392
2025-05-09 08:07:20,607 - INFO - Intentando obtener posts desde: https://ghostintheblog.com/
2025-05-09 08:07:25,257 - INFO - Se encontraron 10 posts
2025-05-09 08:07:25,258 - INFO - Comenzando extracción de información del post
2025-05-09 08:07:25,258 - INFO - Post ya existente, saltando: LA BUENA LETRA de Celia Rico Clavellino
2025-05-09 08:07:25,258 - INFO - Comenzando extracción de información del post
2025-05-09 08:07:25,258 - INFO - Post ya existente, saltando: SUJO de Fernanda Valadez, Astrid Rondero
2025-05-09 08:07:25,258 - INFO - Comenzando extracción de información del post
2025-05-09 08:07:25,258 - INFO - Post ya existente, saltando: LA ISLA DE LOS FAISANES de Asier Urbieta
2025-05-09 08:07:25,258 - INFO - Comenzando extracción de información del post
2025-05-09 08:07:25,258 - INFO - Post ya existente, saltando: THE END de Joshua Oppenheimer
2025-05-09 08:07:25,259 - INFO - Comenzando extracción de información del post
2025-05-09 08:07:25,259 - INFO - Post ya existente, saltando: EL ÚLTIMO SUSPIRO de Costa-Gavras
2025-05-09 08:07:25,259 - INFO - Comenzando extracción de información del post
2025-05-09 08:07:25,259 - INFO - Post ya existente, saltando: EL CASOPLÓN de Joaquín Mazón
2025-05-09 08:07:25,259 - INFO - Comenzando extracción de información del post
2025-05-09 08:07:25,259 - INFO - Post ya existente, saltando: LA VIAJERA de Hong Sangsoo
2025-05-09 08:07:25,259 - INFO - Comenzando extracción de información del post
2025-05-09 08:07:25,259 - INFO - Post ya existente, saltando: AMATEUR de James Hawes
2025-05-09 08:07:25,259 - INFO - Comenzando extracción de información del post
2025-05-09 08:07:25,260 - INFO - Post ya existente, saltando: MUY LEJOS de Gerard Oms
2025-05-09 08:07:25,260 - INFO - Comenzando extracción de información del post
2025-05-09 08:07:25,260 - INFO - Post ya existente, saltando: LA NIÑA DE LA CABRA de Ana Asensio
2025-05-09 08:07:25,260 - INFO - Proceso completado. Posts nuevos guardados: 0
