2025-06-22 08:06:30,513 - INFO - Iniciando proceso de scraping
2025-06-22 08:06:30,515 - INFO - Posts existentes encontrados: 2409
2025-06-22 08:06:30,515 - INFO - Intentando obtener posts desde: https://ghostintheblog.com/
2025-06-22 08:06:32,523 - INFO - Se encontraron 10 posts
2025-06-22 08:06:32,523 - INFO - Comenzando extracción de información del post
2025-06-22 08:06:32,524 - INFO - Título del post: VOTEMOS de Santiago Requejo
2025-06-22 08:06:32,524 - INFO - Fecha del post: 2025-06-22T10:03:52+02:00
2025-06-22 08:06:32,524 - INFO - Obteniendo contenido completo de: https://ghostintheblog.com/2025/06/critica-de-votemos-de-santiago-requejo.html
2025-06-22 08:06:33,890 - INFO - Contenido extraído y estructurado (2652 caracteres)
2025-06-22 08:06:33,890 - INFO - Guardando post en: posts/VOTEMOS_2025-06-22.json
2025-06-22 08:06:33,890 - INFO - Post guardado exitosamente
2025-06-22 08:06:33,890 - INFO - Actualizando índice de películas
2025-06-22 08:06:33,890 - INFO - Archivo de índice: /home/runner/work/scrapingcines/scrapingcines/index.json
2025-06-22 08:06:33,894 - INFO - Índice existente cargado con 2509 películas
2025-06-22 08:06:33,905 - INFO - Película agregada al índice: VOTEMOS
2025-06-22 08:06:33,906 - INFO - Nuevo post guardado: VOTEMOS de Santiago Requejo
2025-06-22 08:06:33,906 - INFO - Comenzando extracción de información del post
2025-06-22 08:06:33,906 - INFO - Post ya existente, saltando: TRES KILÓMETROS AL FIN DEL MUNDO de Emanuel Pârvu
2025-06-22 08:06:33,906 - INFO - Comenzando extracción de información del post
2025-06-22 08:06:33,906 - INFO - Post ya existente, saltando: TODO SALDRÁ BIEN de Ray Yeung
2025-06-22 08:06:33,906 - INFO - Comenzando extracción de información del post
2025-06-22 08:06:33,906 - INFO - Post ya existente, saltando: CUATRO PAREDES de Ibon Cormenzana
2025-06-22 08:06:33,906 - INFO - Comenzando extracción de información del post
2025-06-22 08:06:33,906 - INFO - Post ya existente, saltando: LA BUENA SUERTE de Gracia Querejeta
2025-06-22 08:06:33,906 - INFO - Comenzando extracción de información del post
2025-06-22 08:06:33,907 - INFO - Post ya existente, saltando: SIRAT de Oliver Laxe
2025-06-22 08:06:33,907 - INFO - Comenzando extracción de información del post
2025-06-22 08:06:33,907 - INFO - Post ya existente, saltando: EL JOCKEY de Luis Ortega
2025-06-22 08:06:33,907 - INFO - Comenzando extracción de información del post
2025-06-22 08:06:33,907 - INFO - Post ya existente, saltando: LA TRAMA FENICIA de Wes Anderson
2025-06-22 08:06:33,907 - INFO - Comenzando extracción de información del post
2025-06-22 08:06:33,907 - INFO - Post ya existente, saltando: SI YO PUDIERA HIBERNAR de Zoljargal Purevdash
2025-06-22 08:06:33,907 - INFO - Comenzando extracción de información del post
2025-06-22 08:06:33,907 - INFO - Post ya existente, saltando: LOS TORTUGA de Belén Funes
2025-06-22 08:06:33,907 - INFO - Proceso completado. Posts nuevos guardados: 1
