2025-06-30 10:02:55,003 - INFO - Iniciando proceso de scraping
2025-06-30 10:02:55,005 - INFO - Posts existentes encontrados: 2411
2025-06-30 10:02:55,005 - INFO - Intentando obtener posts desde: https://ghostintheblog.com/
2025-06-30 10:03:00,030 - INFO - Se encontraron 10 posts
2025-06-30 10:03:00,030 - INFO - Comenzando extracción de información del post
2025-06-30 10:03:00,031 - INFO - Título del post: THE LAST SHOWGIRL de Gia Coppola
2025-06-30 10:03:00,031 - INFO - Fecha del post: 2025-06-30T10:36:35+02:00
2025-06-30 10:03:00,031 - INFO - Obteniendo contenido completo de: https://ghostintheblog.com/2025/06/critica-de-the-last-showgirl-de-gia-coppola.html
2025-06-30 10:03:01,594 - INFO - Contenido extraído y estructurado (4638 caracteres)
2025-06-30 10:03:01,595 - INFO - Guardando post en: posts/THE_LAST_SHOWGIRL_2025-06-30.json
2025-06-30 10:03:01,595 - INFO - Post guardado exitosamente
2025-06-30 10:03:01,595 - INFO - Actualizando índice de películas
2025-06-30 10:03:01,595 - INFO - Archivo de índice: /home/runner/work/scrapingcines/scrapingcines/index.json
2025-06-30 10:03:01,599 - INFO - Índice existente cargado con 2511 películas
2025-06-30 10:03:01,610 - INFO - Película agregada al índice: THE LAST SHOWGIRL
2025-06-30 10:03:01,611 - INFO - Nuevo post guardado: THE LAST SHOWGIRL de Gia Coppola
2025-06-30 10:03:01,611 - INFO - Comenzando extracción de información del post
2025-06-30 10:03:01,611 - INFO - Título del post: JULIETTE EN PRIMAVERA de Blandine Lenoir
2025-06-30 10:03:01,611 - INFO - Fecha del post: 2025-06-30T10:24:05+02:00
2025-06-30 10:03:01,611 - INFO - Obteniendo contenido completo de: https://ghostintheblog.com/2025/06/critica-de-juliette-en-primavera-de-blandine-lenoir.html
2025-06-30 10:03:03,315 - INFO - Contenido extraído y estructurado (2408 caracteres)
2025-06-30 10:03:03,315 - INFO - Guardando post en: posts/JULIETTE_EN_PRIMAVERA_2025-06-30.json
2025-06-30 10:03:03,315 - INFO - Post guardado exitosamente
2025-06-30 10:03:03,315 - INFO - Actualizando índice de películas
2025-06-30 10:03:03,315 - INFO - Archivo de índice: /home/runner/work/scrapingcines/scrapingcines/index.json
2025-06-30 10:03:03,319 - INFO - Índice existente cargado con 2512 películas
2025-06-30 10:03:03,331 - INFO - Película agregada al índice: JULIETTE EN PRIMAVERA
2025-06-30 10:03:03,331 - INFO - Nuevo post guardado: JULIETTE EN PRIMAVERA de Blandine Lenoir
2025-06-30 10:03:03,331 - INFO - Comenzando extracción de información del post
2025-06-30 10:03:03,331 - INFO - Título del post: RAMÓN Y RAMÓN de Salvador del Solar
2025-06-30 10:03:03,331 - INFO - Fecha del post: 2025-06-30T10:14:55+02:00
2025-06-30 10:03:03,331 - INFO - Obteniendo contenido completo de: https://ghostintheblog.com/2025/06/critica-de-ramon-y-ramon-de-salvador-del-solar.html
2025-06-30 10:03:04,932 - INFO - Contenido extraído y estructurado (2621 caracteres)
2025-06-30 10:03:04,933 - INFO - Guardando post en: posts/RAMÓN_Y_RAMÓN_2025-06-30.json
2025-06-30 10:03:04,933 - INFO - Post guardado exitosamente
2025-06-30 10:03:04,933 - INFO - Actualizando índice de películas
2025-06-30 10:03:04,933 - INFO - Archivo de índice: /home/runner/work/scrapingcines/scrapingcines/index.json
2025-06-30 10:03:04,936 - INFO - Índice existente cargado con 2513 películas
2025-06-30 10:03:04,947 - INFO - Película agregada al índice: RAMÓN Y RAMÓN
2025-06-30 10:03:04,948 - INFO - Nuevo post guardado: RAMÓN Y RAMÓN de Salvador del Solar
2025-06-30 10:03:04,948 - INFO - Comenzando extracción de información del post
2025-06-30 10:03:04,948 - INFO - Post ya existente, saltando: A LA DERIVA de Jia Zhangke
2025-06-30 10:03:04,948 - INFO - Comenzando extracción de información del post
2025-06-30 10:03:04,948 - INFO - Post ya existente, saltando: VOTEMOS de Santiago Requejo
2025-06-30 10:03:04,948 - INFO - Comenzando extracción de información del post
2025-06-30 10:03:04,948 - INFO - Post ya existente, saltando: TRES KILÓMETROS AL FIN DEL MUNDO de Emanuel Pârvu
2025-06-30 10:03:04,948 - INFO - Comenzando extracción de información del post
2025-06-30 10:03:04,949 - INFO - Post ya existente, saltando: TODO SALDRÁ BIEN de Ray Yeung
2025-06-30 10:03:04,949 - INFO - Comenzando extracción de información del post
2025-06-30 10:03:04,949 - INFO - Post ya existente, saltando: CUATRO PAREDES de Ibon Cormenzana
2025-06-30 10:03:04,949 - INFO - Comenzando extracción de información del post
2025-06-30 10:03:04,949 - INFO - Post ya existente, saltando: LA BUENA SUERTE de Gracia Querejeta
2025-06-30 10:03:04,949 - INFO - Comenzando extracción de información del post
2025-06-30 10:03:04,949 - INFO - Post ya existente, saltando: SIRAT de Oliver Laxe
2025-06-30 10:03:04,949 - INFO - Proceso completado. Posts nuevos guardados: 3
