2025-08-23 10:02:13,400 - INFO - Iniciando proceso de scraping
2025-08-23 10:02:13,402 - INFO - Posts existentes encontrados: 2431
2025-08-23 10:02:13,402 - INFO - Intentando obtener posts desde: https://ghostintheblog.com/
2025-08-23 10:02:15,166 - INFO - Se encontraron 10 posts
2025-08-23 10:02:15,167 - INFO - Comenzando extracción de información del post
2025-08-23 10:02:15,168 - INFO - Título del post: BLUE SUN PALACE de Constance Sang
2025-08-23 10:02:15,168 - INFO - Fecha del post: 2025-08-23T11:06:25+02:00
2025-08-23 10:02:15,168 - INFO - Obteniendo contenido completo de: https://ghostintheblog.com/2025/08/critica-de-bluesunpalace-de-constance-tsang.html
2025-08-23 10:02:16,741 - INFO - Contenido extraído y estructurado (4493 caracteres)
2025-08-23 10:02:16,743 - INFO - Guardando post en: posts/BLUE_SUN_PALACE_2025-08-23.json
2025-08-23 10:02:16,743 - INFO - Post guardado exitosamente
2025-08-23 10:02:16,743 - INFO - Actualizando índice de películas
2025-08-23 10:02:16,743 - INFO - Archivo de índice: /home/runner/work/scrapingcines/scrapingcines/index.json
2025-08-23 10:02:16,747 - INFO - Índice existente cargado con 2532 películas
2025-08-23 10:02:16,758 - INFO - Película agregada al índice: BLUE SUN PALACE
2025-08-23 10:02:16,759 - INFO - Nuevo post guardado: BLUE SUN PALACE de Constance Sang
2025-08-23 10:02:16,759 - INFO - Comenzando extracción de información del post
2025-08-23 10:02:16,759 - INFO - Título del post: MATERIALISTAS de Celine Song
2025-08-23 10:02:16,759 - INFO - Fecha del post: 2025-08-23T10:55:38+02:00
2025-08-23 10:02:16,759 - INFO - Obteniendo contenido completo de: https://ghostintheblog.com/2025/08/critica-de-materialistas-de-celine-song.html
2025-08-23 10:02:18,395 - INFO - Contenido extraído y estructurado (2530 caracteres)
2025-08-23 10:02:18,396 - INFO - Guardando post en: posts/MATERIALISTAS_2025-08-23.json
2025-08-23 10:02:18,396 - INFO - Post guardado exitosamente
2025-08-23 10:02:18,397 - INFO - Actualizando índice de películas
2025-08-23 10:02:18,397 - INFO - Archivo de índice: /home/runner/work/scrapingcines/scrapingcines/index.json
2025-08-23 10:02:18,400 - INFO - Índice existente cargado con 2533 películas
2025-08-23 10:02:18,412 - INFO - Película agregada al índice: MATERIALISTAS
2025-08-23 10:02:18,412 - INFO - Nuevo post guardado: MATERIALISTAS de Celine Song
2025-08-23 10:02:18,412 - INFO - Comenzando extracción de información del post
2025-08-23 10:02:18,412 - INFO - Título del post: WEAPONS de Zach Cregger
2025-08-23 10:02:18,412 - INFO - Fecha del post: 2025-08-23T10:44:16+02:00
2025-08-23 10:02:18,412 - INFO - Obteniendo contenido completo de: https://ghostintheblog.com/2025/08/critica-de-weapons-de-zach-cregger.html
2025-08-23 10:02:20,217 - INFO - Contenido extraído y estructurado (2075 caracteres)
2025-08-23 10:02:20,218 - INFO - Guardando post en: posts/WEAPONS_2025-08-23.json
2025-08-23 10:02:20,219 - INFO - Post guardado exitosamente
2025-08-23 10:02:20,219 - INFO - Actualizando índice de películas
2025-08-23 10:02:20,219 - INFO - Archivo de índice: /home/runner/work/scrapingcines/scrapingcines/index.json
2025-08-23 10:02:20,222 - INFO - Índice existente cargado con 2534 películas
2025-08-23 10:02:20,234 - INFO - Película agregada al índice: WEAPONS
2025-08-23 10:02:20,234 - INFO - Nuevo post guardado: WEAPONS de Zach Cregger
2025-08-23 10:02:20,234 - INFO - Comenzando extracción de información del post
2025-08-23 10:02:20,234 - INFO - Post ya existente, saltando: MI POSTRE FAVORITO de Maryam Moghadam y Behtash Sanaeeha
2025-08-23 10:02:20,234 - INFO - Comenzando extracción de información del post
2025-08-23 10:02:20,234 - INFO - Post ya existente, saltando: AQUÉL VERANO EN PARÍS de Valentine Cadic
2025-08-23 10:02:20,235 - INFO - Comenzando extracción de información del post
2025-08-23 10:02:20,235 - INFO - Post ya existente, saltando: MR. NADIE de Miguel Ángel Calvo Buttini
2025-08-23 10:02:20,235 - INFO - Comenzando extracción de información del post
2025-08-23 10:02:20,235 - INFO - Post ya existente, saltando: NUNCA MÁS de Klaus Härö
2025-08-23 10:02:20,235 - INFO - Comenzando extracción de información del post
2025-08-23 10:02:20,235 - INFO - Post ya existente, saltando: DEVUÉLVEMELA de Danny y Michael Philippou
2025-08-23 10:02:20,235 - INFO - Comenzando extracción de información del post
2025-08-23 10:02:20,235 - INFO - Post ya existente, saltando: MISTERIOSO ASESINATO EN LA MONTAÑA de Franck Dubosc
2025-08-23 10:02:20,235 - INFO - Comenzando extracción de información del post
2025-08-23 10:02:20,235 - INFO - Post ya existente, saltando: BAJA POR PATERNIDAD de Alissa Jung
2025-08-23 10:02:20,235 - INFO - Proceso completado. Posts nuevos guardados: 3
