2026-01-26 00:22:46,079 - INFO - Iniciando proceso de scraping
2026-01-26 00:22:46,081 - INFO - Posts existentes encontrados: 2500
2026-01-26 00:22:46,081 - INFO - Intentando obtener posts desde: https://ghostintheblog.com/
2026-01-26 00:22:48,462 - INFO - Se encontraron 10 posts
2026-01-26 00:22:48,463 - INFO - Comenzando extracción de información del post
2026-01-26 00:22:48,463 - INFO - Post ya existente, saltando: ARCO de Ugo Bienvenu
2026-01-26 00:22:48,463 - INFO - Comenzando extracción de información del post
2026-01-26 00:22:48,463 - INFO - Post ya existente, saltando: SI PUDIERA TE DARÍA UNA PATADA de Mary Bronstein
2026-01-26 00:22:48,464 - INFO - Comenzando extracción de información del post
2026-01-26 00:22:48,464 - INFO - Post ya existente, saltando: LA MISTERIOSA MIRADA DE FLAMENCO de Diego Céspedes
2026-01-26 00:22:48,464 - INFO - Comenzando extracción de información del post
2026-01-26 00:22:48,464 - INFO - Post ya existente, saltando: NOUVELLE VAGUE de Richard Linklater
2026-01-26 00:22:48,464 - INFO - Comenzando extracción de información del post
2026-01-26 00:22:48,464 - INFO - Post ya existente, saltando: RENTAL FAMILY de Hikari
2026-01-26 00:22:48,464 - INFO - Comenzando extracción de información del post
2026-01-26 00:22:48,464 - INFO - Post ya existente, saltando: TURNO DE GUARDIA de Petra Biondina Volpe
2026-01-26 00:22:48,464 - INFO - Comenzando extracción de información del post
2026-01-26 00:22:48,465 - INFO - Post ya existente, saltando: LA ASISTENTA de Rebecca Sonnenshine
2026-01-26 00:22:48,465 - INFO - Comenzando extracción de información del post
2026-01-26 00:22:48,465 - INFO - Post ya existente, saltando: RONDALLAS de Daniel Sánchez Arévalo
2026-01-26 00:22:48,465 - INFO - Comenzando extracción de información del post
2026-01-26 00:22:48,465 - INFO - Post ya existente, saltando: EL MÉDICO 2 de Philipp Stölzl
2026-01-26 00:22:48,465 - INFO - Comenzando extracción de información del post
2026-01-26 00:22:48,465 - INFO - Post ya existente, saltando: AVATAR: FUEGO Y CENIZAS de James Cameron
2026-01-26 00:22:48,465 - INFO - Proceso completado. Posts nuevos guardados: 0
