2025-03-31 08:07:44,835 - INFO - Iniciando proceso de scraping
2025-03-31 08:07:44,837 - INFO - Posts existentes encontrados: 2377
2025-03-31 08:07:44,837 - INFO - Intentando obtener posts desde: https://ghostintheblog.com/
2025-03-31 08:07:46,816 - INFO - Se encontraron 10 posts
2025-03-31 08:07:46,816 - INFO - Comenzando extracción de información del post
2025-03-31 08:07:46,816 - INFO - Post ya existente, saltando: GHOSTLIGHT de Kelly O’Sullivan y Alex Thompson
2025-03-31 08:07:46,817 - INFO - Comenzando extracción de información del post
2025-03-31 08:07:46,817 - INFO - Post ya existente, saltando: 8 de Julio Medem
2025-03-31 08:07:46,817 - INFO - Comenzando extracción de información del post
2025-03-31 08:07:46,817 - INFO - Post ya existente, saltando: LA CHICA DE LA AGUJA de Magnus von Horn
2025-03-31 08:07:46,817 - INFO - Comenzando extracción de información del post
2025-03-31 08:07:46,817 - INFO - Post ya existente, saltando: MISERICORDIA de Alain Guiraudie
2025-03-31 08:07:46,817 - INFO - Comenzando extracción de información del post
2025-03-31 08:07:46,818 - INFO - Post ya existente, saltando: LOS AITAS de Borja Cobeaga
2025-03-31 08:07:46,818 - INFO - Comenzando extracción de información del post
2025-03-31 08:07:46,818 - INFO - Post ya existente, saltando: MORLAIX de Jaime Rosales
2025-03-31 08:07:46,818 - INFO - Comenzando extracción de información del post
2025-03-31 08:07:46,818 - INFO - Post ya existente, saltando: TARDES DE SOLEDAD de Albert Serra
2025-03-31 08:07:46,818 - INFO - Comenzando extracción de información del post
2025-03-31 08:07:46,818 - INFO - Post ya existente, saltando: MICKEY 17 de Bong Joon-ho
2025-03-31 08:07:46,818 - INFO - Comenzando extracción de información del post
2025-03-31 08:07:46,819 - INFO - Post ya existente, saltando: LEE MILLER de Ellen Kuras
2025-03-31 08:07:46,819 - INFO - Comenzando extracción de información del post
2025-03-31 08:07:46,819 - INFO - Post ya existente, saltando: GRAND TOUR de Miguel Gomes
2025-03-31 08:07:46,819 - INFO - Proceso completado. Posts nuevos guardados: 0
