2025-09-30 16:06:44,903 - INFO - Iniciando proceso de scraping
2025-09-30 16:06:44,905 - INFO - Posts existentes encontrados: 2446
2025-09-30 16:06:44,905 - INFO - Intentando obtener posts desde: https://ghostintheblog.com/
2025-09-30 16:06:46,513 - INFO - Se encontraron 10 posts
2025-09-30 16:06:46,514 - INFO - Comenzando extracción de información del post
2025-09-30 16:06:46,514 - INFO - Post ya existente, saltando: EL CAUTIVO de Alejandro Amenábar
2025-09-30 16:06:46,515 - INFO - Comenzando extracción de información del post
2025-09-30 16:06:46,515 - INFO - Post ya existente, saltando: EDDINGTON de Ari Aster
2025-09-30 16:06:46,515 - INFO - Comenzando extracción de información del post
2025-09-30 16:06:46,515 - INFO - Post ya existente, saltando: JONE, A VECES de Sara Fantoya
2025-09-30 16:06:46,515 - INFO - Comenzando extracción de información del post
2025-09-30 16:06:46,515 - INFO - Post ya existente, saltando: LA LEY DE JENNY PEN de James Ashcroft
2025-09-30 16:06:46,515 - INFO - Comenzando extracción de información del post
2025-09-30 16:06:46,515 - INFO - Post ya existente, saltando: APRIL de Dea Kulumbegashvilis
2025-09-30 16:06:46,515 - INFO - Comenzando extracción de información del post
2025-09-30 16:06:46,516 - INFO - Post ya existente, saltando: 13 DÍAS, 13 NOCHES de Martin Bourboulon
2025-09-30 16:06:46,516 - INFO - Comenzando extracción de información del post
2025-09-30 16:06:46,516 - INFO - Post ya existente, saltando: ROMERÍA de Carla Simón
2025-09-30 16:06:46,516 - INFO - Comenzando extracción de información del post
2025-09-30 16:06:46,516 - INFO - Post ya existente, saltando: LA TIERRA NEGRA de Alberto Morais
2025-09-30 16:06:46,516 - INFO - Comenzando extracción de información del post
2025-09-30 16:06:46,516 - INFO - Post ya existente, saltando: AMOR EN CUATRO LETRAS de Polly Steele
2025-09-30 16:06:46,516 - INFO - Comenzando extracción de información del post
2025-09-30 16:06:46,516 - INFO - Post ya existente, saltando: EL VOLCÁN de Damian Kocur
2025-09-30 16:06:46,517 - INFO - Proceso completado. Posts nuevos guardados: 0
