2026-01-01 04:24:54,740 - INFO - Iniciando proceso de scraping
2026-01-01 04:24:54,742 - INFO - Posts existentes encontrados: 2488
2026-01-01 04:24:54,742 - INFO - Intentando obtener posts desde: https://ghostintheblog.com/
2026-01-01 04:24:56,094 - INFO - Se encontraron 10 posts
2026-01-01 04:24:56,095 - INFO - Comenzando extracción de información del post
2026-01-01 04:24:56,095 - INFO - Post ya existente, saltando: FATHER MOTHER SISTER BROTHER de Jim Jarmusch
2026-01-01 04:24:56,095 - INFO - Comenzando extracción de información del post
2026-01-01 04:24:56,096 - INFO - Post ya existente, saltando: VIDA PRIVADA de Rebecca Zlotowski
2026-01-01 04:24:56,096 - INFO - Comenzando extracción de información del post
2026-01-01 04:24:56,096 - INFO - Post ya existente, saltando: ART SPIEGELMAN: EL DESASTRE ES MI MUSA de Molly Bernstein y Philip Dolin
2026-01-01 04:24:56,096 - INFO - Comenzando extracción de información del post
2026-01-01 04:24:56,096 - INFO - Post ya existente, saltando: EL EXTRANJERO de François Ozon
2026-01-01 04:24:56,096 - INFO - Comenzando extracción de información del post
2026-01-01 04:24:56,096 - INFO - Post ya existente, saltando: LA VIDA FUERA de Mario Martone
2026-01-01 04:24:56,096 - INFO - Comenzando extracción de información del post
2026-01-01 04:24:56,096 - INFO - Post ya existente, saltando: FRONTERA de Judith Colell
2026-01-01 04:24:56,096 - INFO - Comenzando extracción de información del post
2026-01-01 04:24:56,096 - INFO - Post ya existente, saltando: ARO BERRIA de Irati Gorostidi Agirretxe
2026-01-01 04:24:56,097 - INFO - Comenzando extracción de información del post
2026-01-01 04:24:56,097 - INFO - Post ya existente, saltando: GOLPES de Rafael Cobos
2026-01-01 04:24:56,097 - INFO - Comenzando extracción de información del post
2026-01-01 04:24:56,097 - INFO - Post ya existente, saltando: SINGULAR de Alberto Gastesi
2026-01-01 04:24:56,097 - INFO - Comenzando extracción de información del post
2026-01-01 04:24:56,097 - INFO - Post ya existente, saltando: VALOR SENTIMENTAL de Joachim Trier
2026-01-01 04:24:56,097 - INFO - Proceso completado. Posts nuevos guardados: 0
