2025-06-18 08:07:30,885 - INFO - Iniciando proceso de scraping
2025-06-18 08:07:30,887 - INFO - Posts existentes encontrados: 2409
2025-06-18 08:07:30,887 - INFO - Intentando obtener posts desde: https://ghostintheblog.com/
2025-06-18 08:07:33,952 - INFO - Se encontraron 10 posts
2025-06-18 08:07:33,952 - INFO - Comenzando extracción de información del post
2025-06-18 08:07:33,953 - INFO - Post ya existente, saltando: TODO SALDRÁ BIEN de Ray Yeung
2025-06-18 08:07:33,953 - INFO - Comenzando extracción de información del post
2025-06-18 08:07:33,953 - INFO - Post ya existente, saltando: CUATRO PAREDES de Ibon Cormenzana
2025-06-18 08:07:33,953 - INFO - Comenzando extracción de información del post
2025-06-18 08:07:33,953 - INFO - Post ya existente, saltando: LA BUENA SUERTE de Gracia Querejeta
2025-06-18 08:07:33,953 - INFO - Comenzando extracción de información del post
2025-06-18 08:07:33,953 - INFO - Post ya existente, saltando: SIRAT de Oliver Laxe
2025-06-18 08:07:33,953 - INFO - Comenzando extracción de información del post
2025-06-18 08:07:33,954 - INFO - Post ya existente, saltando: EL JOCKEY de Luis Ortega
2025-06-18 08:07:33,954 - INFO - Comenzando extracción de información del post
2025-06-18 08:07:33,954 - INFO - Post ya existente, saltando: LA TRAMA FENICIA de Wes Anderson
2025-06-18 08:07:33,954 - INFO - Comenzando extracción de información del post
2025-06-18 08:07:33,954 - INFO - Post ya existente, saltando: SI YO PUDIERA HIBERNAR de Zoljargal Purevdash
2025-06-18 08:07:33,954 - INFO - Comenzando extracción de información del post
2025-06-18 08:07:33,954 - INFO - Post ya existente, saltando: LOS TORTUGA de Belén Funes
2025-06-18 08:07:33,954 - INFO - Comenzando extracción de información del post
2025-06-18 08:07:33,954 - INFO - Post ya existente, saltando: MISIÓN IMPOSIBLE: SENTENCIA FINAL de Christopher McQuarrie
2025-06-18 08:07:33,955 - INFO - Comenzando extracción de información del post
2025-06-18 08:07:33,955 - INFO - Post ya existente, saltando: EL BUEN PADRE de Ronan Tronchot
2025-06-18 08:07:33,955 - INFO - Proceso completado. Posts nuevos guardados: 0
