2026-07-11 22:15:49,100 - INFO - Iniciando proceso de scraping
2026-07-11 22:15:49,102 - INFO - Posts existentes encontrados: 2571
2026-07-11 22:15:49,103 - INFO - Intentando obtener posts desde: https://ghostintheblog.com/
2026-07-11 22:15:50,668 - INFO - Se encontraron 10 posts
2026-07-11 22:15:50,669 - INFO - Comenzando extracción de información del post
2026-07-11 22:15:50,669 - INFO - Post ya existente, saltando: OBSESSION de Curry Barker
2026-07-11 22:15:50,669 - INFO - Comenzando extracción de información del post
2026-07-11 22:15:50,670 - INFO - Post ya existente, saltando: LO ÚLTIMOS DÍAS DE MARIA ANTONIETA de Gianluca Jodice
2026-07-11 22:15:50,670 - INFO - Comenzando extracción de información del post
2026-07-11 22:15:50,670 - INFO - Post ya existente, saltando: SUPERGIRL de Craig Gillespie
2026-07-11 22:15:50,670 - INFO - Comenzando extracción de información del post
2026-07-11 22:15:50,670 - INFO - Post ya existente, saltando: LA MUJER SIN NOMBRE de Haifaa Al-Mansour
2026-07-11 22:15:50,670 - INFO - Comenzando extracción de información del post
2026-07-11 22:15:50,670 - INFO - Post ya existente, saltando: VIVA de Aina Clotet
2026-07-11 22:15:50,670 - INFO - Comenzando extracción de información del post
2026-07-11 22:15:50,671 - INFO - Post ya existente, saltando: DREAMS de Michel Franco
2026-07-11 22:15:50,671 - INFO - Comenzando extracción de información del post
2026-07-11 22:15:50,671 - INFO - Post ya existente, saltando: EL DÍA DE LA REVELACIÓN de Steven Spielberg
2026-07-11 22:15:50,671 - INFO - Comenzando extracción de información del post
2026-07-11 22:15:50,671 - INFO - Post ya existente, saltando: UN TALENTO ÚNICO de Daniel Roher
2026-07-11 22:15:50,671 - INFO - Comenzando extracción de información del post
2026-07-11 22:15:50,671 - INFO - Post ya existente, saltando: IVÁN & HADOUM de Ian de la Rosa
2026-07-11 22:15:50,671 - INFO - Comenzando extracción de información del post
2026-07-11 22:15:50,671 - INFO - Post ya existente, saltando: ELEONORA DUSE, LA DIVINA de Pietro Marcello
2026-07-11 22:15:50,671 - INFO - Proceso completado. Posts nuevos guardados: 0
