2026-07-09 22:29:44,140 - INFO - Iniciando proceso de scraping
2026-07-09 22:29:44,142 - INFO - Posts existentes encontrados: 2571
2026-07-09 22:29:44,142 - INFO - Intentando obtener posts desde: https://ghostintheblog.com/
2026-07-09 22:29:47,243 - INFO - Se encontraron 10 posts
2026-07-09 22:29:47,244 - INFO - Comenzando extracción de información del post
2026-07-09 22:29:47,245 - INFO - Post ya existente, saltando: OBSESSION de Curry Barker
2026-07-09 22:29:47,245 - INFO - Comenzando extracción de información del post
2026-07-09 22:29:47,245 - INFO - Post ya existente, saltando: LO ÚLTIMOS DÍAS DE MARIA ANTONIETA de Gianluca Jodice
2026-07-09 22:29:47,245 - INFO - Comenzando extracción de información del post
2026-07-09 22:29:47,245 - INFO - Post ya existente, saltando: SUPERGIRL de Craig Gillespie
2026-07-09 22:29:47,245 - INFO - Comenzando extracción de información del post
2026-07-09 22:29:47,245 - INFO - Post ya existente, saltando: LA MUJER SIN NOMBRE de Haifaa Al-Mansour
2026-07-09 22:29:47,245 - INFO - Comenzando extracción de información del post
2026-07-09 22:29:47,245 - INFO - Post ya existente, saltando: VIVA de Aina Clotet
2026-07-09 22:29:47,245 - INFO - Comenzando extracción de información del post
2026-07-09 22:29:47,245 - INFO - Post ya existente, saltando: DREAMS de Michel Franco
2026-07-09 22:29:47,245 - INFO - Comenzando extracción de información del post
2026-07-09 22:29:47,245 - INFO - Post ya existente, saltando: EL DÍA DE LA REVELACIÓN de Steven Spielberg
2026-07-09 22:29:47,245 - INFO - Comenzando extracción de información del post
2026-07-09 22:29:47,246 - INFO - Post ya existente, saltando: UN TALENTO ÚNICO de Daniel Roher
2026-07-09 22:29:47,246 - INFO - Comenzando extracción de información del post
2026-07-09 22:29:47,246 - INFO - Post ya existente, saltando: IVÁN & HADOUM de Ian de la Rosa
2026-07-09 22:29:47,246 - INFO - Comenzando extracción de información del post
2026-07-09 22:29:47,246 - INFO - Post ya existente, saltando: ELEONORA DUSE, LA DIVINA de Pietro Marcello
2026-07-09 22:29:47,246 - INFO - Proceso completado. Posts nuevos guardados: 0
