2026-07-15 00:28:36,544 - INFO - Iniciando proceso de scraping
2026-07-15 00:28:36,546 - INFO - Posts existentes encontrados: 2574
2026-07-15 00:28:36,546 - INFO - Intentando obtener posts desde: https://ghostintheblog.com/
2026-07-15 00:28:38,619 - INFO - Se encontraron 10 posts
2026-07-15 00:28:38,620 - INFO - Comenzando extracción de información del post
2026-07-15 00:28:38,620 - INFO - Post ya existente, saltando: LA MUERTE DE ROBIN HOOD de Michael Sarnoski
2026-07-15 00:28:38,621 - INFO - Comenzando extracción de información del post
2026-07-15 00:28:38,621 - INFO - Post ya existente, saltando: LOS MÚSICOS de Grégory Magne
2026-07-15 00:28:38,621 - INFO - Comenzando extracción de información del post
2026-07-15 00:28:38,621 - INFO - Post ya existente, saltando: EL CONVENTO de Luis Galindo y Ángel M. Chivite
2026-07-15 00:28:38,621 - INFO - Comenzando extracción de información del post
2026-07-15 00:28:38,621 - INFO - Post ya existente, saltando: OBSESSION de Curry Barker
2026-07-15 00:28:38,621 - INFO - Comenzando extracción de información del post
2026-07-15 00:28:38,621 - INFO - Post ya existente, saltando: LO ÚLTIMOS DÍAS DE MARIA ANTONIETA de Gianluca Jodice
2026-07-15 00:28:38,621 - INFO - Comenzando extracción de información del post
2026-07-15 00:28:38,622 - INFO - Post ya existente, saltando: SUPERGIRL de Craig Gillespie
2026-07-15 00:28:38,622 - INFO - Comenzando extracción de información del post
2026-07-15 00:28:38,622 - INFO - Post ya existente, saltando: LA MUJER SIN NOMBRE de Haifaa Al-Mansour
2026-07-15 00:28:38,622 - INFO - Comenzando extracción de información del post
2026-07-15 00:28:38,622 - INFO - Post ya existente, saltando: VIVA de Aina Clotet
2026-07-15 00:28:38,622 - INFO - Comenzando extracción de información del post
2026-07-15 00:28:38,622 - INFO - Post ya existente, saltando: DREAMS de Michel Franco
2026-07-15 00:28:38,622 - INFO - Comenzando extracción de información del post
2026-07-15 00:28:38,622 - INFO - Post ya existente, saltando: EL DÍA DE LA REVELACIÓN de Steven Spielberg
2026-07-15 00:28:38,622 - INFO - Proceso completado. Posts nuevos guardados: 0
