2025-03-15 17:48:38,285 - INFO - Iniciando proceso de scraping
2025-03-15 17:48:38,285 - INFO - Posts existentes encontrados: 0
2025-03-15 17:48:38,286 - INFO - Intentando obtener posts desde: https://ghostintheblog.com/
2025-03-15 17:48:39,295 - INFO - Se encontraron 10 posts
2025-03-15 17:48:39,297 - INFO - Comenzando extracción de información del post
2025-03-15 17:48:39,298 - INFO - Título del post: TARDES DE SOLEDAD de Albert Serra
2025-03-15 17:48:39,298 - INFO - Fecha del post: 2025-03-15T00:23:46+01:00
2025-03-15 17:48:39,299 - INFO - Obteniendo contenido completo de: https://ghostintheblog.com/2025/03/tardes-de-soledad-albert-serra-toreo-tauromaquia.html
2025-03-15 17:48:40,468 - INFO - Contenido extraído y estructurado (4824 caracteres)
2025-03-15 17:48:40,470 - INFO - Guardando post en: posts/TARDES_DE_SOLEDAD_2025-03-15.json
2025-03-15 17:48:40,471 - INFO - Post guardado exitosamente
2025-03-15 17:48:40,471 - INFO - Actualizando índice de películas
2025-03-15 17:48:40,471 - INFO - Archivo de índice: C:\Trabajos\scrapingcines\index.json
2025-03-15 17:48:40,472 - INFO - Índice existente cargado con 10 películas
2025-03-15 17:48:40,472 - INFO - La película ya existe en el índice: TARDES DE SOLEDAD
2025-03-15 17:48:40,472 - INFO - Nuevo post guardado: TARDES DE SOLEDAD de Albert Serra
2025-03-15 17:48:40,472 - INFO - Comenzando extracción de información del post
2025-03-15 17:48:40,472 - INFO - Título del post: MICKEY 17 de Bong Joon-ho
2025-03-15 17:48:40,473 - INFO - Fecha del post: 2025-03-15T00:11:27+01:00
2025-03-15 17:48:40,473 - INFO - Obteniendo contenido completo de: https://ghostintheblog.com/2025/03/mickey-17-bong-joon-ho-prescindibles-y-critica-al-poder.html
2025-03-15 17:48:41,409 - INFO - Contenido extraído y estructurado (2878 caracteres)
2025-03-15 17:48:41,409 - INFO - Guardando post en: posts/MICKEY_17_2025-03-15.json
2025-03-15 17:48:41,411 - INFO - Post guardado exitosamente
2025-03-15 17:48:41,411 - INFO - Actualizando índice de películas
2025-03-15 17:48:41,411 - INFO - Archivo de índice: C:\Trabajos\scrapingcines\index.json
2025-03-15 17:48:41,411 - INFO - Índice existente cargado con 10 películas
2025-03-15 17:48:41,412 - INFO - La película ya existe en el índice: MICKEY 17
2025-03-15 17:48:41,412 - INFO - Nuevo post guardado: MICKEY 17 de Bong Joon-ho
2025-03-15 17:48:41,412 - INFO - Comenzando extracción de información del post
2025-03-15 17:48:41,412 - INFO - Título del post: LEE MILLER de Ellen Kuras
2025-03-15 17:48:41,412 - INFO - Fecha del post: 2025-03-14T23:52:25+01:00
2025-03-15 17:48:41,412 - INFO - Obteniendo contenido completo de: https://ghostintheblog.com/2025/03/lee-la-pelicula-de-ellen-kuras-un-retrato-frio-y-sin-alma.html
2025-03-15 17:48:42,350 - INFO - Contenido extraído y estructurado (2630 caracteres)
2025-03-15 17:48:42,350 - INFO - Guardando post en: posts/LEE_MILLER_2025-03-14.json
2025-03-15 17:48:42,351 - INFO - Post guardado exitosamente
2025-03-15 17:48:42,351 - INFO - Actualizando índice de películas
2025-03-15 17:48:42,351 - INFO - Archivo de índice: C:\Trabajos\scrapingcines\index.json
2025-03-15 17:48:42,351 - INFO - Índice existente cargado con 10 películas
2025-03-15 17:48:42,352 - INFO - La película ya existe en el índice: LEE MILLER
2025-03-15 17:48:42,352 - INFO - Nuevo post guardado: LEE MILLER de Ellen Kuras
2025-03-15 17:48:42,352 - INFO - Comenzando extracción de información del post
2025-03-15 17:48:42,352 - INFO - Título del post: GRAND TOUR de Miguel Gomes
2025-03-15 17:48:42,352 - INFO - Fecha del post: 2025-03-09T01:07:10+01:00
2025-03-15 17:48:42,352 - INFO - Obteniendo contenido completo de: https://ghostintheblog.com/2025/03/grand-tour-miguel-gomes-cine-viaje-sombras.html
2025-03-15 17:48:43,312 - INFO - Contenido extraído y estructurado (4790 caracteres)
2025-03-15 17:48:43,313 - INFO - Guardando post en: posts/GRAND_TOUR_2025-03-09.json
2025-03-15 17:48:43,314 - INFO - Post guardado exitosamente
2025-03-15 17:48:43,314 - INFO - Actualizando índice de películas
2025-03-15 17:48:43,314 - INFO - Archivo de índice: C:\Trabajos\scrapingcines\index.json
2025-03-15 17:48:43,314 - INFO - Índice existente cargado con 10 películas
2025-03-15 17:48:43,314 - INFO - La película ya existe en el índice: GRAND TOUR
2025-03-15 17:48:43,315 - INFO - Nuevo post guardado: GRAND TOUR de Miguel Gomes
2025-03-15 17:48:43,315 - INFO - Comenzando extracción de información del post
2025-03-15 17:48:43,315 - INFO - Título del post: A COMPLETE UNKNOWN de James Mangold
2025-03-15 17:48:43,315 - INFO - Fecha del post: 2025-03-09T00:51:50+01:00
2025-03-15 17:48:43,315 - INFO - Obteniendo contenido completo de: https://ghostintheblog.com/2025/03/a-complete-unknown-mangold-dylan-cine.html
2025-03-15 17:48:44,231 - INFO - Contenido extraído y estructurado (2702 caracteres)
2025-03-15 17:48:44,232 - INFO - Guardando post en: posts/A_COMPLETE_UNKNOWN_2025-03-09.json
2025-03-15 17:48:44,233 - INFO - Post guardado exitosamente
2025-03-15 17:48:44,233 - INFO - Actualizando índice de películas
2025-03-15 17:48:44,233 - INFO - Archivo de índice: C:\Trabajos\scrapingcines\index.json
2025-03-15 17:48:44,233 - INFO - Índice existente cargado con 10 películas
2025-03-15 17:48:44,234 - INFO - La película ya existe en el índice: A COMPLETE UNKNOWN
2025-03-15 17:48:44,234 - INFO - Nuevo post guardado: A COMPLETE UNKNOWN de James Mangold
2025-03-15 17:48:44,234 - INFO - Comenzando extracción de información del post
2025-03-15 17:48:44,234 - INFO - Título del post: MI ÚNICA FAMILIA de Mike Leigh
2025-03-15 17:48:44,234 - INFO - Fecha del post: 2025-03-09T00:29:20+01:00
2025-03-15 17:48:44,234 - INFO - Obteniendo contenido completo de: https://ghostintheblog.com/2025/03/mi-unica-familia-mike-leigh-realismo-depresion-narrativa-claustrofobica.html
2025-03-15 17:48:45,189 - INFO - Contenido extraído y estructurado (2690 caracteres)
2025-03-15 17:48:45,189 - INFO - Guardando post en: posts/MI_ÚNICA_FAMILIA_2025-03-09.json
2025-03-15 17:48:45,190 - INFO - Post guardado exitosamente
2025-03-15 17:48:45,190 - INFO - Actualizando índice de películas
2025-03-15 17:48:45,190 - INFO - Archivo de índice: C:\Trabajos\scrapingcines\index.json
2025-03-15 17:48:45,190 - INFO - Índice existente cargado con 10 películas
2025-03-15 17:48:45,190 - INFO - La película ya existe en el índice: MI ÚNICA FAMILIA
2025-03-15 17:48:45,191 - INFO - Nuevo post guardado: MI ÚNICA FAMILIA de Mike Leigh
2025-03-15 17:48:45,191 - INFO - Comenzando extracción de información del post
2025-03-15 17:48:45,191 - INFO - Título del post: LOS OSCAR 2025
2025-03-15 17:48:45,191 - INFO - Fecha del post: 2025-03-04T09:39:04+01:00
2025-03-15 17:48:45,192 - WARNING - No se pudo extraer director del título: LOS OSCAR 2025
2025-03-15 17:48:45,192 - INFO - Obteniendo contenido completo de: https://ghostintheblog.com/2025/03/ganadores-oscar-2025-critica.html
2025-03-15 17:48:46,137 - WARNING - No se encontró 'Título Original' en el contenido
2025-03-15 17:48:46,138 - INFO - Usando contenido completo como respaldo
2025-03-15 17:48:46,139 - INFO - Guardando post en: posts/LOS_OSCAR_2025_2025-03-04.json
2025-03-15 17:48:46,139 - INFO - Post guardado exitosamente
2025-03-15 17:48:46,139 - INFO - Actualizando índice de películas
2025-03-15 17:48:46,139 - INFO - Archivo de índice: C:\Trabajos\scrapingcines\index.json
2025-03-15 17:48:46,140 - INFO - Índice existente cargado con 10 películas
2025-03-15 17:48:46,140 - INFO - La película ya existe en el índice: LOS OSCAR 2025
2025-03-15 17:48:46,140 - INFO - Nuevo post guardado: LOS OSCAR 2025
2025-03-15 17:48:46,140 - INFO - Comenzando extracción de información del post
2025-03-15 17:48:46,140 - INFO - Título del post: NOSOTROS de Helena Taberna
2025-03-15 17:48:46,141 - INFO - Fecha del post: 2025-03-02T00:02:52+01:00
2025-03-15 17:48:46,141 - INFO - Obteniendo contenido completo de: https://ghostintheblog.com/2025/03/nosotros-de-helena-taberna.html
2025-03-15 17:48:47,119 - INFO - Contenido extraído y estructurado (4780 caracteres)
2025-03-15 17:48:47,119 - INFO - Guardando post en: posts/NOSOTROS_2025-03-02.json
2025-03-15 17:48:47,120 - INFO - Post guardado exitosamente
2025-03-15 17:48:47,120 - INFO - Actualizando índice de películas
2025-03-15 17:48:47,120 - INFO - Archivo de índice: C:\Trabajos\scrapingcines\index.json
2025-03-15 17:48:47,121 - INFO - Índice existente cargado con 10 películas
2025-03-15 17:48:47,121 - INFO - La película ya existe en el índice: NOSOTROS
2025-03-15 17:48:47,121 - INFO - Nuevo post guardado: NOSOTROS de Helena Taberna
2025-03-15 17:48:47,121 - INFO - Comenzando extracción de información del post
2025-03-15 17:48:47,121 - INFO - Título del post: AÚN ESTOY AQUÍ
2025-03-15 17:48:47,122 - INFO - Fecha del post: 2025-03-01T11:13:30+01:00
2025-03-15 17:48:47,122 - WARNING - No se pudo extraer director del título: AÚN ESTOY AQUÍ
2025-03-15 17:48:47,122 - INFO - Obteniendo contenido completo de: https://ghostintheblog.com/2025/03/ainda-estou-aqui-walter-salles-2024.html
2025-03-15 17:48:48,030 - INFO - Contenido extraído y estructurado (2669 caracteres)
2025-03-15 17:48:48,031 - INFO - Guardando post en: posts/AÚN_ESTOY_AQUÍ_2025-03-01.json
2025-03-15 17:48:48,032 - INFO - Post guardado exitosamente
2025-03-15 17:48:48,032 - INFO - Actualizando índice de películas
2025-03-15 17:48:48,033 - INFO - Archivo de índice: C:\Trabajos\scrapingcines\index.json
2025-03-15 17:48:48,033 - INFO - Índice existente cargado con 10 películas
2025-03-15 17:48:48,033 - INFO - La película ya existe en el índice: AÚN ESTOY AQUÍ
2025-03-15 17:48:48,034 - INFO - Nuevo post guardado: AÚN ESTOY AQUÍ
2025-03-15 17:48:48,034 - INFO - Comenzando extracción de información del post
2025-03-15 17:48:48,034 - INFO - Título del post: LA ÚLTIMA REINA de Karim Aïnouz
2025-03-15 17:48:48,034 - INFO - Fecha del post: 2025-03-01T11:05:31+01:00
2025-03-15 17:48:48,034 - INFO - Obteniendo contenido completo de: https://ghostintheblog.com/2025/03/firebrand-catalina-parr-karim-ainouz.html
2025-03-15 17:48:48,938 - INFO - Contenido extraído y estructurado (2729 caracteres)
2025-03-15 17:48:48,938 - INFO - Guardando post en: posts/LA_ÚLTIMA_REINA_2025-03-01.json
2025-03-15 17:48:48,939 - INFO - Post guardado exitosamente
2025-03-15 17:48:48,939 - INFO - Actualizando índice de películas
2025-03-15 17:48:48,939 - INFO - Archivo de índice: C:\Trabajos\scrapingcines\index.json
2025-03-15 17:48:48,939 - INFO - Índice existente cargado con 10 películas
2025-03-15 17:48:48,939 - INFO - La película ya existe en el índice: LA ÚLTIMA REINA
2025-03-15 17:48:48,939 - INFO - Nuevo post guardado: LA ÚLTIMA REINA de Karim Aïnouz
2025-03-15 17:48:48,940 - INFO - Proceso completado. Posts nuevos guardados: 10
