2026-02-23 00:26:25,251 - INFO - Iniciando proceso de scraping
2026-02-23 00:26:25,253 - INFO - Posts existentes encontrados: 2509
2026-02-23 00:26:25,253 - INFO - Intentando obtener posts desde: https://ghostintheblog.com/
2026-02-23 00:26:27,860 - INFO - Se encontraron 10 posts
2026-02-23 00:26:27,861 - INFO - Comenzando extracción de información del post
2026-02-23 00:26:27,861 - INFO - Título del post: EL AGENTE SECRETO de Kleber Mendonça Filho
2026-02-23 00:26:27,861 - INFO - Fecha del post: 2026-02-22T23:59:51+01:00
2026-02-23 00:26:27,861 - INFO - Obteniendo contenido completo de: https://ghostintheblog.com/2026/02/critica-de-el-agente-secreto-de-kleber-mendonca-filho.html
2026-02-23 00:26:29,773 - INFO - Contenido extraído y estructurado (4700 caracteres)
2026-02-23 00:26:29,774 - INFO - Guardando post en: posts/EL_AGENTE_SECRETO_2026-02-22.json
2026-02-23 00:26:29,775 - INFO - Post guardado exitosamente
2026-02-23 00:26:29,775 - INFO - Actualizando índice de películas
2026-02-23 00:26:29,775 - INFO - Archivo de índice: /home/runner/work/scrapingcines/scrapingcines/index.json
2026-02-23 00:26:29,779 - INFO - Índice existente cargado con 2609 películas
2026-02-23 00:26:29,790 - INFO - Película agregada al índice: EL AGENTE SECRETO
2026-02-23 00:26:29,791 - INFO - Nuevo post guardado: EL AGENTE SECRETO de Kleber Mendonça Filho
2026-02-23 00:26:29,791 - INFO - Comenzando extracción de información del post
2026-02-23 00:26:29,791 - INFO - Título del post: CUMBRES BORRASCOSAS de Emerald Fennell
2026-02-23 00:26:29,791 - INFO - Fecha del post: 2026-02-22T23:49:51+01:00
2026-02-23 00:26:29,791 - INFO - Obteniendo contenido completo de: https://ghostintheblog.com/2026/02/critica-de-cumbres-borrascosas-de-emerald-fennell.html
2026-02-23 00:26:31,511 - INFO - Contenido extraído y estructurado (2777 caracteres)
2026-02-23 00:26:31,512 - INFO - Guardando post en: posts/CUMBRES_BORRASCOSAS_2026-02-22.json
2026-02-23 00:26:31,513 - INFO - Post guardado exitosamente
2026-02-23 00:26:31,513 - INFO - Actualizando índice de películas
2026-02-23 00:26:31,513 - INFO - Archivo de índice: /home/runner/work/scrapingcines/scrapingcines/index.json
2026-02-23 00:26:31,516 - INFO - Índice existente cargado con 2610 películas
2026-02-23 00:26:31,528 - INFO - Película agregada al índice: CUMBRES BORRASCOSAS
2026-02-23 00:26:31,528 - INFO - Nuevo post guardado: CUMBRES BORRASCOSAS de Emerald Fennell
2026-02-23 00:26:31,528 - INFO - Comenzando extracción de información del post
2026-02-23 00:26:31,529 - INFO - Título del post: NO HAY OTRA OPCIÓN de Park Chan-wook
2026-02-23 00:26:31,529 - INFO - Fecha del post: 2026-02-22T23:39:13+01:00
2026-02-23 00:26:31,529 - INFO - Obteniendo contenido completo de: https://ghostintheblog.com/2026/02/critica-de-no-hay-otra-opcion-de-park-chan-wook.html
2026-02-23 00:26:33,381 - INFO - Contenido extraído y estructurado (2752 caracteres)
2026-02-23 00:26:33,382 - INFO - Guardando post en: posts/NO_HAY_OTRA_OPCIÓN_2026-02-22.json
2026-02-23 00:26:33,383 - INFO - Post guardado exitosamente
2026-02-23 00:26:33,383 - INFO - Actualizando índice de películas
2026-02-23 00:26:33,383 - INFO - Archivo de índice: /home/runner/work/scrapingcines/scrapingcines/index.json
2026-02-23 00:26:33,387 - INFO - Índice existente cargado con 2611 películas
2026-02-23 00:26:33,398 - INFO - Película agregada al índice: NO HAY OTRA OPCIÓN
2026-02-23 00:26:33,398 - INFO - Nuevo post guardado: NO HAY OTRA OPCIÓN de Park Chan-wook
2026-02-23 00:26:33,399 - INFO - Comenzando extracción de información del post
2026-02-23 00:26:33,399 - INFO - Post ya existente, saltando: HISTORIAS DEL BUEN VALLE de José Luis Guerín
2026-02-23 00:26:33,399 - INFO - Comenzando extracción de información del post
2026-02-23 00:26:33,399 - INFO - Post ya existente, saltando: LA FIERA de Salvador Calvo
2026-02-23 00:26:33,399 - INFO - Comenzando extracción de información del post
2026-02-23 00:26:33,399 - INFO - Post ya existente, saltando: TRES ADIOSES de Isabel Coixet
2026-02-23 00:26:33,399 - INFO - Comenzando extracción de información del post
2026-02-23 00:26:33,399 - INFO - Post ya existente, saltando: LA TARTA DEL PRESIDENTE de Hasan Hadi
2026-02-23 00:26:33,399 - INFO - Comenzando extracción de información del post
2026-02-23 00:26:33,400 - INFO - Post ya existente, saltando: MARTY SUPREME de Joshua Safdie
2026-02-23 00:26:33,400 - INFO - Comenzando extracción de información del post
2026-02-23 00:26:33,400 - INFO - Post ya existente, saltando: LA CHICA ZURDA de Shih-Ching Tsou
2026-02-23 00:26:33,400 - INFO - Comenzando extracción de información del post
2026-02-23 00:26:33,400 - INFO - Post ya existente, saltando: HAMNET de Chloé Zhao
2026-02-23 00:26:33,400 - INFO - Proceso completado. Posts nuevos guardados: 3
