2025-11-15 10:02:56,858 - INFO - Iniciando proceso de scraping
2025-11-15 10:02:56,860 - INFO - Posts existentes encontrados: 2467
2025-11-15 10:02:56,861 - INFO - Intentando obtener posts desde: https://ghostintheblog.com/
2025-11-15 10:02:58,325 - INFO - Se encontraron 10 posts
2025-11-15 10:02:58,326 - INFO - Comenzando extracción de información del post
2025-11-15 10:02:58,326 - INFO - Título del post: SUBSUELO de Fernando Franco
2025-11-15 10:02:58,326 - INFO - Fecha del post: 2025-11-15T10:58:54+01:00
2025-11-15 10:02:58,326 - INFO - Obteniendo contenido completo de: https://ghostintheblog.com/2025/11/critica-de-subsuelo-de-fernando-franco.html
2025-11-15 10:02:59,695 - INFO - Contenido extraído y estructurado (2661 caracteres)
2025-11-15 10:02:59,696 - INFO - Guardando post en: posts/SUBSUELO_2025-11-15.json
2025-11-15 10:02:59,696 - INFO - Post guardado exitosamente
2025-11-15 10:02:59,696 - INFO - Actualizando índice de películas
2025-11-15 10:02:59,696 - INFO - Archivo de índice: /home/runner/work/scrapingcines/scrapingcines/index.json
2025-11-15 10:02:59,700 - INFO - Índice existente cargado con 2568 películas
2025-11-15 10:02:59,712 - INFO - Película agregada al índice: SUBSUELO
2025-11-15 10:02:59,712 - INFO - Nuevo post guardado: SUBSUELO de Fernando Franco
2025-11-15 10:02:59,712 - INFO - Comenzando extracción de información del post
2025-11-15 10:02:59,712 - INFO - Título del post: SIEMPRE ES INVIERNO de David Trueba
2025-11-15 10:02:59,713 - INFO - Fecha del post: 2025-11-15T10:49:20+01:00
2025-11-15 10:02:59,713 - INFO - Obteniendo contenido completo de: https://ghostintheblog.com/2025/11/critica-de-siempre-es-invierno-de-david-trueba.html
2025-11-15 10:03:01,307 - INFO - Contenido extraído y estructurado (2854 caracteres)
2025-11-15 10:03:01,308 - INFO - Guardando post en: posts/SIEMPRE_ES_INVIERNO_2025-11-15.json
2025-11-15 10:03:01,309 - INFO - Post guardado exitosamente
2025-11-15 10:03:01,309 - INFO - Actualizando índice de películas
2025-11-15 10:03:01,309 - INFO - Archivo de índice: /home/runner/work/scrapingcines/scrapingcines/index.json
2025-11-15 10:03:01,312 - INFO - Índice existente cargado con 2569 películas
2025-11-15 10:03:01,324 - INFO - Película agregada al índice: SIEMPRE ES INVIERNO
2025-11-15 10:03:01,325 - INFO - Nuevo post guardado: SIEMPRE ES INVIERNO de David Trueba
2025-11-15 10:03:01,325 - INFO - Comenzando extracción de información del post
2025-11-15 10:03:01,325 - INFO - Post ya existente, saltando: THE MASTERMIND de Kelly Reichardt
2025-11-15 10:03:01,325 - INFO - Comenzando extracción de información del post
2025-11-15 10:03:01,325 - INFO - Post ya existente, saltando: RECIÉN NACIDAS de Jean-Pierre  y Luc Dardenne
2025-11-15 10:03:01,325 - INFO - Comenzando extracción de información del post
2025-11-15 10:03:01,325 - INFO - Post ya existente, saltando: LOS TIGRES de Alberto Rodríguez
2025-11-15 10:03:01,325 - INFO - Comenzando extracción de información del post
2025-11-15 10:03:01,326 - INFO - Post ya existente, saltando: FRANKENSTEIN de Guillermo del Toro
2025-11-15 10:03:01,326 - INFO - Comenzando extracción de información del post
2025-11-15 10:03:01,326 - INFO - Post ya existente, saltando: ESA COSA CON ALAS de Dylan Southern
2025-11-15 10:03:01,326 - INFO - Comenzando extracción de información del post
2025-11-15 10:03:01,326 - INFO - Post ya existente, saltando: LA CENA de Manuel Gómez Pereira
2025-11-15 10:03:01,326 - INFO - Comenzando extracción de información del post
2025-11-15 10:03:01,326 - INFO - Post ya existente, saltando: LOS DOMINGOS de Alauda Ruiz de Azúa
2025-11-15 10:03:01,326 - INFO - Comenzando extracción de información del post
2025-11-15 10:03:01,327 - INFO - Post ya existente, saltando: UN SIMPLE ACCIDENTE de Jafar Panahi
2025-11-15 10:03:01,327 - INFO - Proceso completado. Posts nuevos guardados: 2
