2026-07-19 10:30:01,188 - INFO - Iniciando proceso de scraping
2026-07-19 10:30:01,191 - INFO - Posts existentes encontrados: 2577
2026-07-19 10:30:01,191 - INFO - Intentando obtener posts desde: https://ghostintheblog.com/
2026-07-19 10:30:03,279 - INFO - Se encontraron 10 posts
2026-07-19 10:30:03,280 - INFO - Comenzando extracción de información del post
2026-07-19 10:30:03,280 - INFO - Post ya existente, saltando: OMAHA de Cole Webley
2026-07-19 10:30:03,280 - INFO - Comenzando extracción de información del post
2026-07-19 10:30:03,281 - INFO - Post ya existente, saltando: MAGALLANES de Lav Diaz
2026-07-19 10:30:03,281 - INFO - Comenzando extracción de información del post
2026-07-19 10:30:03,281 - INFO - Post ya existente, saltando: EN EL CAMINO de David Pablos
2026-07-19 10:30:03,281 - INFO - Comenzando extracción de información del post
2026-07-19 10:30:03,281 - INFO - Post ya existente, saltando: LA MUERTE DE ROBIN HOOD de Michael Sarnoski
2026-07-19 10:30:03,281 - INFO - Comenzando extracción de información del post
2026-07-19 10:30:03,281 - INFO - Post ya existente, saltando: LOS MÚSICOS de Grégory Magne
2026-07-19 10:30:03,281 - INFO - Comenzando extracción de información del post
2026-07-19 10:30:03,281 - INFO - Post ya existente, saltando: EL CONVENTO de Luis Galindo y Ángel M. Chivite
2026-07-19 10:30:03,282 - INFO - Comenzando extracción de información del post
2026-07-19 10:30:03,282 - INFO - Post ya existente, saltando: OBSESSION de Curry Barker
2026-07-19 10:30:03,282 - INFO - Comenzando extracción de información del post
2026-07-19 10:30:03,282 - INFO - Post ya existente, saltando: LO ÚLTIMOS DÍAS DE MARIA ANTONIETA de Gianluca Jodice
2026-07-19 10:30:03,282 - INFO - Comenzando extracción de información del post
2026-07-19 10:30:03,282 - INFO - Post ya existente, saltando: SUPERGIRL de Craig Gillespie
2026-07-19 10:30:03,282 - INFO - Comenzando extracción de información del post
2026-07-19 10:30:03,282 - INFO - Post ya existente, saltando: LA MUJER SIN NOMBRE de Haifaa Al-Mansour
2026-07-19 10:30:03,282 - INFO - Proceso completado. Posts nuevos guardados: 0
