2025-03-24 20:05:16,389 - INFO - Iniciando proceso de scraping
2025-03-24 20:05:16,389 - INFO - Posts existentes encontrados: 13
2025-03-24 20:05:16,389 - INFO - Intentando obtener posts desde: https://ghostintheblog.com/
2025-03-24 20:05:18,490 - INFO - Se encontraron 10 posts
2025-03-24 20:05:18,490 - INFO - Comenzando extracción de información del post
2025-03-24 20:05:18,490 - INFO - Post ya existente, saltando: MISERICORDIA de Alain Guiraudie
2025-03-24 20:05:18,490 - INFO - Comenzando extracción de información del post
2025-03-24 20:05:18,490 - INFO - Post ya existente, saltando: LOS AITAS de Borja Cobeaga
2025-03-24 20:05:18,490 - INFO - Comenzando extracción de información del post
2025-03-24 20:05:18,491 - INFO - Post ya existente, saltando: MORLAIX de Jaime Rosales
2025-03-24 20:05:18,491 - INFO - Comenzando extracción de información del post
2025-03-24 20:05:18,491 - INFO - Post ya existente, saltando: TARDES DE SOLEDAD de Albert Serra
2025-03-24 20:05:18,491 - INFO - Comenzando extracción de información del post
2025-03-24 20:05:18,491 - INFO - Post ya existente, saltando: MICKEY 17 de Bong Joon-ho
2025-03-24 20:05:18,491 - INFO - Comenzando extracción de información del post
2025-03-24 20:05:18,491 - INFO - Post ya existente, saltando: LEE MILLER de Ellen Kuras
2025-03-24 20:05:18,491 - INFO - Comenzando extracción de información del post
2025-03-24 20:05:18,491 - INFO - Post ya existente, saltando: GRAND TOUR de Miguel Gomes
2025-03-24 20:05:18,492 - INFO - Comenzando extracción de información del post
2025-03-24 20:05:18,492 - INFO - Post ya existente, saltando: A COMPLETE UNKNOWN de James Mangold
2025-03-24 20:05:18,492 - INFO - Comenzando extracción de información del post
2025-03-24 20:05:18,492 - INFO - Post ya existente, saltando: MI ÚNICA FAMILIA de Mike Leigh
2025-03-24 20:05:18,492 - INFO - Comenzando extracción de información del post
2025-03-24 20:05:18,492 - INFO - Post ya existente, saltando: LOS OSCAR 2025
2025-03-24 20:05:18,492 - INFO - Proceso completado. Posts nuevos guardados: 0
