2026-02-19 22:05:38,243 - INFO - Iniciando proceso de scraping
2026-02-19 22:05:38,245 - INFO - Posts existentes encontrados: 2509
2026-02-19 22:05:38,245 - INFO - Intentando obtener posts desde: https://ghostintheblog.com/
2026-02-19 22:05:39,721 - INFO - Se encontraron 10 posts
2026-02-19 22:05:39,722 - INFO - Comenzando extracción de información del post
2026-02-19 22:05:39,722 - INFO - Post ya existente, saltando: HISTORIAS DEL BUEN VALLE de José Luis Guerín
2026-02-19 22:05:39,722 - INFO - Comenzando extracción de información del post
2026-02-19 22:05:39,723 - INFO - Post ya existente, saltando: LA FIERA de Salvador Calvo
2026-02-19 22:05:39,723 - INFO - Comenzando extracción de información del post
2026-02-19 22:05:39,723 - INFO - Post ya existente, saltando: TRES ADIOSES de Isabel Coixet
2026-02-19 22:05:39,723 - INFO - Comenzando extracción de información del post
2026-02-19 22:05:39,723 - INFO - Post ya existente, saltando: LA TARTA DEL PRESIDENTE de Hasan Hadi
2026-02-19 22:05:39,723 - INFO - Comenzando extracción de información del post
2026-02-19 22:05:39,723 - INFO - Post ya existente, saltando: MARTY SUPREME de Joshua Safdie
2026-02-19 22:05:39,723 - INFO - Comenzando extracción de información del post
2026-02-19 22:05:39,723 - INFO - Post ya existente, saltando: LA CHICA ZURDA de Shih-Ching Tsou
2026-02-19 22:05:39,724 - INFO - Comenzando extracción de información del post
2026-02-19 22:05:39,724 - INFO - Post ya existente, saltando: HAMNET de Chloé Zhao
2026-02-19 22:05:39,724 - INFO - Comenzando extracción de información del post
2026-02-19 22:05:39,724 - INFO - Post ya existente, saltando: YUNAN de Ameer Fakher Eldin
2026-02-19 22:05:39,724 - INFO - Comenzando extracción de información del post
2026-02-19 22:05:39,724 - INFO - Post ya existente, saltando: LA LEYENDA DE OCHI de Isaiah Saxon
2026-02-19 22:05:39,724 - INFO - Comenzando extracción de información del post
2026-02-19 22:05:39,724 - INFO - Post ya existente, saltando: ARCO de Ugo Bienvenu
2026-02-19 22:05:39,724 - INFO - Proceso completado. Posts nuevos guardados: 0
