2025-06-11 10:02:43,609 - INFO - Iniciando proceso de scraping
2025-06-11 10:02:43,611 - INFO - Posts existentes encontrados: 2406
2025-06-11 10:02:43,612 - INFO - Intentando obtener posts desde: https://ghostintheblog.com/
2025-06-11 10:02:45,852 - INFO - Se encontraron 10 posts
2025-06-11 10:02:45,852 - INFO - Comenzando extracción de información del post
2025-06-11 10:02:45,852 - INFO - Post ya existente, saltando: SIRAT de Oliver Laxe
2025-06-11 10:02:45,852 - INFO - Comenzando extracción de información del post
2025-06-11 10:02:45,853 - INFO - Post ya existente, saltando: EL JOCKEY de Luis Ortega
2025-06-11 10:02:45,853 - INFO - Comenzando extracción de información del post
2025-06-11 10:02:45,853 - INFO - Post ya existente, saltando: LA TRAMA FENICIA de Wes Anderson
2025-06-11 10:02:45,853 - INFO - Comenzando extracción de información del post
2025-06-11 10:02:45,853 - INFO - Post ya existente, saltando: SI YO PUDIERA HIBERNAR de Zoljargal Purevdash
2025-06-11 10:02:45,853 - INFO - Comenzando extracción de información del post
2025-06-11 10:02:45,853 - INFO - Post ya existente, saltando: LOS TORTUGA de Belén Funes
2025-06-11 10:02:45,853 - INFO - Comenzando extracción de información del post
2025-06-11 10:02:45,853 - INFO - Post ya existente, saltando: MISIÓN IMPOSIBLE: SENTENCIA FINAL de Christopher McQuarrie
2025-06-11 10:02:45,854 - INFO - Comenzando extracción de información del post
2025-06-11 10:02:45,854 - INFO - Post ya existente, saltando: EL BUEN PADRE de Ronan Tronchot
2025-06-11 10:02:45,854 - INFO - Comenzando extracción de información del post
2025-06-11 10:02:45,854 - INFO - Título del post: ESTOCOLMO: EL REY TIRANO 1520 de Mikael Håfström
2025-06-11 10:02:45,854 - INFO - Fecha del post: 2025-05-24T18:20:03+02:00
2025-06-11 10:02:45,854 - INFO - Obteniendo contenido completo de: https://ghostintheblog.com/2025/05/estocolmo-1520-critica-analisis-historico.html
2025-06-11 10:02:47,405 - INFO - Contenido extraído y estructurado (2752 caracteres)
2025-06-11 10:02:47,405 - INFO - Guardando post en: posts/ESTOCOLMO:_EL_REY_TIRANO_1520_2025-05-24.json
2025-06-11 10:02:47,405 - INFO - Post guardado exitosamente
2025-06-11 10:02:47,405 - INFO - Actualizando índice de películas
2025-06-11 10:02:47,405 - INFO - Archivo de índice: /home/runner/work/scrapingcines/scrapingcines/index.json
2025-06-11 10:02:47,409 - INFO - Índice existente cargado con 2505 películas
2025-06-11 10:02:47,410 - INFO - La película ya existe en el índice: ESTOCOLMO: EL REY TIRANO 1520
2025-06-11 10:02:47,410 - INFO - Nuevo post guardado: ESTOCOLMO: EL REY TIRANO 1520 de Mikael Håfström
2025-06-11 10:02:47,410 - INFO - Comenzando extracción de información del post
2025-06-11 10:02:47,410 - INFO - Post ya existente, saltando: TRAS EL VERANO de Yolanda Centeno
2025-06-11 10:02:47,410 - INFO - Comenzando extracción de información del post
2025-06-11 10:02:47,410 - INFO - Post ya existente, saltando: ENEMIGOS de David Valero
2025-06-11 10:02:47,410 - INFO - Proceso completado. Posts nuevos guardados: 1
