2026-01-27 08:08:18,518 - INFO - Iniciando proceso de scraping
2026-01-27 08:08:18,520 - INFO - Posts existentes encontrados: 2500
2026-01-27 08:08:18,520 - INFO - Intentando obtener posts desde: https://ghostintheblog.com/
2026-01-27 08:08:20,813 - INFO - Se encontraron 10 posts
2026-01-27 08:08:20,814 - INFO - Comenzando extracción de información del post
2026-01-27 08:08:20,815 - INFO - Post ya existente, saltando: ARCO de Ugo Bienvenu
2026-01-27 08:08:20,815 - INFO - Comenzando extracción de información del post
2026-01-27 08:08:20,815 - INFO - Post ya existente, saltando: SI PUDIERA TE DARÍA UNA PATADA de Mary Bronstein
2026-01-27 08:08:20,815 - INFO - Comenzando extracción de información del post
2026-01-27 08:08:20,815 - INFO - Post ya existente, saltando: LA MISTERIOSA MIRADA DE FLAMENCO de Diego Céspedes
2026-01-27 08:08:20,815 - INFO - Comenzando extracción de información del post
2026-01-27 08:08:20,815 - INFO - Post ya existente, saltando: NOUVELLE VAGUE de Richard Linklater
2026-01-27 08:08:20,815 - INFO - Comenzando extracción de información del post
2026-01-27 08:08:20,816 - INFO - Post ya existente, saltando: RENTAL FAMILY de Hikari
2026-01-27 08:08:20,816 - INFO - Comenzando extracción de información del post
2026-01-27 08:08:20,816 - INFO - Post ya existente, saltando: TURNO DE GUARDIA de Petra Biondina Volpe
2026-01-27 08:08:20,816 - INFO - Comenzando extracción de información del post
2026-01-27 08:08:20,816 - INFO - Post ya existente, saltando: LA ASISTENTA de Rebecca Sonnenshine
2026-01-27 08:08:20,816 - INFO - Comenzando extracción de información del post
2026-01-27 08:08:20,816 - INFO - Post ya existente, saltando: RONDALLAS de Daniel Sánchez Arévalo
2026-01-27 08:08:20,816 - INFO - Comenzando extracción de información del post
2026-01-27 08:08:20,816 - INFO - Post ya existente, saltando: EL MÉDICO 2 de Philipp Stölzl
2026-01-27 08:08:20,816 - INFO - Comenzando extracción de información del post
2026-01-27 08:08:20,816 - INFO - Post ya existente, saltando: AVATAR: FUEGO Y CENIZAS de James Cameron
2026-01-27 08:08:20,816 - INFO - Proceso completado. Posts nuevos guardados: 0
