2025-08-02 22:02:20,329 - INFO - Iniciando proceso de scraping
2025-08-02 22:02:20,331 - INFO - Posts existentes encontrados: 2426
2025-08-02 22:02:20,331 - INFO - Intentando obtener posts desde: https://ghostintheblog.com/
2025-08-02 22:02:21,784 - INFO - Se encontraron 10 posts
2025-08-02 22:02:21,785 - INFO - Comenzando extracción de información del post
2025-08-02 22:02:21,785 - INFO - Post ya existente, saltando: BAJA POR PATERNIDAD de Alissa Jung
2025-08-02 22:02:21,785 - INFO - Comenzando extracción de información del post
2025-08-02 22:02:21,785 - INFO - Post ya existente, saltando: LEER «LOLITA» EN TEHERÁN de Eran Riklis
2025-08-02 22:02:21,785 - INFO - Comenzando extracción de información del post
2025-08-02 22:02:21,785 - INFO - Post ya existente, saltando: CONDENADOS de Gustav Möller
2025-08-02 22:02:21,785 - INFO - Comenzando extracción de información del post
2025-08-02 22:02:21,785 - INFO - Post ya existente, saltando: UN «LIKE» DE BOB TREVINO de Tracie Laymon
2025-08-02 22:02:21,786 - INFO - Comenzando extracción de información del post
2025-08-02 22:02:21,786 - INFO - Post ya existente, saltando: PORCO ROSSO de Hayao Miyazaki
2025-08-02 22:02:21,786 - INFO - Comenzando extracción de información del post
2025-08-02 22:02:21,786 - INFO - Post ya existente, saltando: SUPERMAN de James Gunn
2025-08-02 22:02:21,786 - INFO - Comenzando extracción de información del post
2025-08-02 22:02:21,786 - INFO - Post ya existente, saltando: BREVE HISTORIA DE UNA FAMILIA de Lin Jianjie
2025-08-02 22:02:21,786 - INFO - Comenzando extracción de información del post
2025-08-02 22:02:21,786 - INFO - Post ya existente, saltando: LA MERCANCÍA MÁS PRECIOSA de Michel Hazanavicius
2025-08-02 22:02:21,786 - INFO - Comenzando extracción de información del post
2025-08-02 22:02:21,787 - INFO - Post ya existente, saltando: TRES AMIGAS de Emmanuel Mouret
2025-08-02 22:02:21,787 - INFO - Comenzando extracción de información del post
2025-08-02 22:02:21,787 - INFO - Post ya existente, saltando: BLACK DOG de Guan Hu
2025-08-02 22:02:21,787 - INFO - Proceso completado. Posts nuevos guardados: 0
