2025-05-10 20:05:28,156 - INFO - Iniciando proceso de scraping
2025-05-10 20:05:28,158 - INFO - Posts existentes encontrados: 2394
2025-05-10 20:05:28,158 - INFO - Intentando obtener posts desde: https://ghostintheblog.com/
2025-05-10 20:05:31,732 - INFO - Se encontraron 10 posts
2025-05-10 20:05:31,732 - INFO - Comenzando extracción de información del post
2025-05-10 20:05:31,733 - INFO - Título del post: PRESUNCIÓN DE INOCENCIA de Daniel Auteuil
2025-05-10 20:05:31,733 - INFO - Fecha del post: 2025-05-10T18:08:55+02:00
2025-05-10 20:05:31,733 - INFO - Obteniendo contenido completo de: https://ghostintheblog.com/2025/05/presuncion-de-inocencia-critica-daniel-auteuil-cine-judicial.html
2025-05-10 20:05:33,280 - INFO - Contenido extraído y estructurado (4645 caracteres)
2025-05-10 20:05:33,280 - INFO - Guardando post en: posts/PRESUNCIÓN_DE_INOCENCIA_2025-05-10.json
2025-05-10 20:05:33,280 - INFO - Post guardado exitosamente
2025-05-10 20:05:33,281 - INFO - Actualizando índice de películas
2025-05-10 20:05:33,281 - INFO - Archivo de índice: /home/runner/work/scrapingcines/scrapingcines/index.json
2025-05-10 20:05:33,284 - INFO - Índice existente cargado con 2492 películas
2025-05-10 20:05:33,299 - INFO - Película agregada al índice: PRESUNCIÓN DE INOCENCIA
2025-05-10 20:05:33,299 - INFO - Nuevo post guardado: PRESUNCIÓN DE INOCENCIA de Daniel Auteuil
2025-05-10 20:05:33,299 - INFO - Comenzando extracción de información del post
2025-05-10 20:05:33,299 - INFO - Post ya existente, saltando: LA HISTORIA DE SOULEYMANE de Boris Lojkine
2025-05-10 20:05:33,299 - INFO - Comenzando extracción de información del post
2025-05-10 20:05:33,300 - INFO - Post ya existente, saltando: ERREPLIKA de Pello Gutiérrez Peñalba
2025-05-10 20:05:33,300 - INFO - Comenzando extracción de información del post
2025-05-10 20:05:33,300 - INFO - Post ya existente, saltando: LA BUENA LETRA de Celia Rico Clavellino
2025-05-10 20:05:33,300 - INFO - Comenzando extracción de información del post
2025-05-10 20:05:33,300 - INFO - Post ya existente, saltando: SUJO de Fernanda Valadez, Astrid Rondero
2025-05-10 20:05:33,300 - INFO - Comenzando extracción de información del post
2025-05-10 20:05:33,300 - INFO - Post ya existente, saltando: LA ISLA DE LOS FAISANES de Asier Urbieta
2025-05-10 20:05:33,300 - INFO - Comenzando extracción de información del post
2025-05-10 20:05:33,301 - INFO - Post ya existente, saltando: THE END de Joshua Oppenheimer
2025-05-10 20:05:33,301 - INFO - Comenzando extracción de información del post
2025-05-10 20:05:33,301 - INFO - Post ya existente, saltando: EL ÚLTIMO SUSPIRO de Costa-Gavras
2025-05-10 20:05:33,301 - INFO - Comenzando extracción de información del post
2025-05-10 20:05:33,301 - INFO - Post ya existente, saltando: EL CASOPLÓN de Joaquín Mazón
2025-05-10 20:05:33,301 - INFO - Comenzando extracción de información del post
2025-05-10 20:05:33,301 - INFO - Post ya existente, saltando: LA VIAJERA de Hong Sangsoo
2025-05-10 20:05:33,301 - INFO - Proceso completado. Posts nuevos guardados: 1
