2025-05-28 04:07:50,058 - INFO - Iniciando proceso de scraping
2025-05-28 04:07:50,060 - INFO - Posts existentes encontrados: 2401
2025-05-28 04:07:50,061 - INFO - Intentando obtener posts desde: https://ghostintheblog.com/
2025-05-28 04:07:54,012 - INFO - Se encontraron 10 posts
2025-05-28 04:07:54,012 - INFO - Comenzando extracción de información del post
2025-05-28 04:07:54,013 - INFO - Post ya existente, saltando: EL BUEN PADRE de Ronan Tronchot
2025-05-28 04:07:54,013 - INFO - Comenzando extracción de información del post
2025-05-28 04:07:54,013 - INFO - Post ya existente, saltando: ESTOCOLMO: EL REY TIRANO 1520 de Mikael Håfström
2025-05-28 04:07:54,013 - INFO - Comenzando extracción de información del post
2025-05-28 04:07:54,013 - INFO - Post ya existente, saltando: TRAS EL VERANO de Yolanda Centeno
2025-05-28 04:07:54,013 - INFO - Comenzando extracción de información del post
2025-05-28 04:07:54,013 - INFO - Post ya existente, saltando: ENEMIGOS de David Valero
2025-05-28 04:07:54,013 - INFO - Comenzando extracción de información del post
2025-05-28 04:07:54,014 - INFO - Post ya existente, saltando: UNA QUINTA PORTUGUESA de Avelina Prat
2025-05-28 04:07:54,014 - INFO - Comenzando extracción de información del post
2025-05-28 04:07:54,014 - INFO - Post ya existente, saltando: LO QUE QUEDA DE TI
2025-05-28 04:07:54,014 - INFO - Comenzando extracción de información del post
2025-05-28 04:07:54,014 - INFO - Post ya existente, saltando: PRESUNCIÓN DE INOCENCIA de Daniel Auteuil
2025-05-28 04:07:54,014 - INFO - Comenzando extracción de información del post
2025-05-28 04:07:54,014 - INFO - Post ya existente, saltando: LA HISTORIA DE SOULEYMANE de Boris Lojkine
2025-05-28 04:07:54,014 - INFO - Comenzando extracción de información del post
2025-05-28 04:07:54,014 - INFO - Post ya existente, saltando: ERREPLIKA de Pello Gutiérrez Peñalba
2025-05-28 04:07:54,015 - INFO - Comenzando extracción de información del post
2025-05-28 04:07:54,015 - INFO - Post ya existente, saltando: LA BUENA LETRA de Celia Rico Clavellino
2025-05-28 04:07:54,015 - INFO - Proceso completado. Posts nuevos guardados: 0
