2025-12-20 12:07:40,528 - INFO - Iniciando proceso de scraping
2025-12-20 12:07:40,530 - INFO - Posts existentes encontrados: 2476
2025-12-20 12:07:40,530 - INFO - Intentando obtener posts desde: https://ghostintheblog.com/
2025-12-20 12:07:41,954 - INFO - Se encontraron 10 posts
2025-12-20 12:07:41,955 - INFO - Comenzando extracción de información del post
2025-12-20 12:07:41,955 - INFO - Post ya existente, saltando: DRÁCULA de Luc Besson
2025-12-20 12:07:41,956 - INFO - Comenzando extracción de información del post
2025-12-20 12:07:41,956 - INFO - Post ya existente, saltando: ALPHA de Julia  Ducournau
2025-12-20 12:07:41,956 - INFO - Comenzando extracción de información del post
2025-12-20 12:07:41,956 - INFO - Post ya existente, saltando: CRIMSON GOLD de Jafar Panahi
2025-12-20 12:07:41,956 - INFO - Comenzando extracción de información del post
2025-12-20 12:07:41,956 - INFO - Post ya existente, saltando: GAUA de Paul Urkijo
2025-12-20 12:07:41,956 - INFO - Comenzando extracción de información del post
2025-12-20 12:07:41,956 - INFO - Post ya existente, saltando: URCHIN de Harris Dickinson
2025-12-20 12:07:41,956 - INFO - Comenzando extracción de información del post
2025-12-20 12:07:41,956 - INFO - Post ya existente, saltando: CIUDAD SIN SUEÑO de Guillermo Galoe
2025-12-20 12:07:41,956 - INFO - Comenzando extracción de información del post
2025-12-20 12:07:41,957 - INFO - Post ya existente, saltando: BUGONIA de Yorgos Lanthimos
2025-12-20 12:07:41,957 - INFO - Comenzando extracción de información del post
2025-12-20 12:07:41,957 - INFO - Post ya existente, saltando: SUBSUELO de Fernando Franco
2025-12-20 12:07:41,957 - INFO - Comenzando extracción de información del post
2025-12-20 12:07:41,957 - INFO - Post ya existente, saltando: SIEMPRE ES INVIERNO de David Trueba
2025-12-20 12:07:41,957 - INFO - Comenzando extracción de información del post
2025-12-20 12:07:41,957 - INFO - Post ya existente, saltando: THE MASTERMIND de Kelly Reichardt
2025-12-20 12:07:41,957 - INFO - Proceso completado. Posts nuevos guardados: 0
