2025-08-31 22:03:01,878 - INFO - Iniciando proceso de scraping
2025-08-31 22:03:01,880 - INFO - Posts existentes encontrados: 2434
2025-08-31 22:03:01,880 - INFO - Intentando obtener posts desde: https://ghostintheblog.com/
2025-08-31 22:03:04,044 - INFO - Se encontraron 10 posts
2025-08-31 22:03:04,045 - INFO - Comenzando extracción de información del post
2025-08-31 22:03:04,046 - INFO - Post ya existente, saltando: BLUE SUN PALACE de Constance Sang
2025-08-31 22:03:04,046 - INFO - Comenzando extracción de información del post
2025-08-31 22:03:04,046 - INFO - Post ya existente, saltando: MATERIALISTAS de Celine Song
2025-08-31 22:03:04,046 - INFO - Comenzando extracción de información del post
2025-08-31 22:03:04,046 - INFO - Post ya existente, saltando: WEAPONS de Zach Cregger
2025-08-31 22:03:04,046 - INFO - Comenzando extracción de información del post
2025-08-31 22:03:04,046 - INFO - Post ya existente, saltando: MI POSTRE FAVORITO de Maryam Moghadam y Behtash Sanaeeha
2025-08-31 22:03:04,046 - INFO - Comenzando extracción de información del post
2025-08-31 22:03:04,047 - INFO - Post ya existente, saltando: AQUÉL VERANO EN PARÍS de Valentine Cadic
2025-08-31 22:03:04,047 - INFO - Comenzando extracción de información del post
2025-08-31 22:03:04,047 - INFO - Post ya existente, saltando: MR. NADIE de Miguel Ángel Calvo Buttini
2025-08-31 22:03:04,047 - INFO - Comenzando extracción de información del post
2025-08-31 22:03:04,047 - INFO - Post ya existente, saltando: NUNCA MÁS de Klaus Härö
2025-08-31 22:03:04,047 - INFO - Comenzando extracción de información del post
2025-08-31 22:03:04,047 - INFO - Post ya existente, saltando: DEVUÉLVEMELA de Danny y Michael Philippou
2025-08-31 22:03:04,047 - INFO - Comenzando extracción de información del post
2025-08-31 22:03:04,047 - INFO - Post ya existente, saltando: MISTERIOSO ASESINATO EN LA MONTAÑA de Franck Dubosc
2025-08-31 22:03:04,047 - INFO - Comenzando extracción de información del post
2025-08-31 22:03:04,048 - INFO - Post ya existente, saltando: BAJA POR PATERNIDAD de Alissa Jung
2025-08-31 22:03:04,048 - INFO - Proceso completado. Posts nuevos guardados: 0
