2025-04-18 20:05:34,400 - INFO - Iniciando proceso de scraping
2025-04-18 20:05:34,402 - INFO - Posts existentes encontrados: 2383
2025-04-18 20:05:34,402 - INFO - Intentando obtener posts desde: https://ghostintheblog.com/
2025-04-18 20:05:37,394 - INFO - Se encontraron 10 posts
2025-04-18 20:05:37,394 - INFO - Comenzando extracción de información del post
2025-04-18 20:05:37,395 - INFO - Título del post: LA VIAJERA de Hong Sangsoo
2025-04-18 20:05:37,395 - INFO - Fecha del post: 2025-04-18T19:30:00+02:00
2025-04-18 20:05:37,395 - INFO - Obteniendo contenido completo de: https://ghostintheblog.com/2025/04/la-viajera-hong-sangsoo-isabelle-huppert.html
2025-04-18 20:05:39,051 - INFO - Contenido extraído y estructurado (4232 caracteres)
2025-04-18 20:05:39,051 - INFO - Guardando post en: posts/LA_VIAJERA_2025-04-18.json
2025-04-18 20:05:39,051 - INFO - Post guardado exitosamente
2025-04-18 20:05:39,051 - INFO - Actualizando índice de películas
2025-04-18 20:05:39,051 - INFO - Archivo de índice: /home/runner/work/scrapingcines/scrapingcines/index.json
2025-04-18 20:05:39,055 - INFO - Índice existente cargado con 2481 películas
2025-04-18 20:05:39,069 - INFO - Película agregada al índice: LA VIAJERA
2025-04-18 20:05:39,070 - INFO - Nuevo post guardado: LA VIAJERA de Hong Sangsoo
2025-04-18 20:05:39,070 - INFO - Comenzando extracción de información del post
2025-04-18 20:05:39,070 - INFO - Título del post: AMATEUR de James Hawes
2025-04-18 20:05:39,070 - INFO - Fecha del post: 2025-04-18T18:45:00+02:00
2025-04-18 20:05:39,070 - INFO - Obteniendo contenido completo de: https://ghostintheblog.com/2025/04/amateur-james-hawes-rami-malek.html
2025-04-18 20:05:40,576 - INFO - Contenido extraído y estructurado (2494 caracteres)
2025-04-18 20:05:40,577 - INFO - Guardando post en: posts/AMATEUR_2025-04-18.json
2025-04-18 20:05:40,577 - INFO - Post guardado exitosamente
2025-04-18 20:05:40,577 - INFO - Actualizando índice de películas
2025-04-18 20:05:40,577 - INFO - Archivo de índice: /home/runner/work/scrapingcines/scrapingcines/index.json
2025-04-18 20:05:40,581 - INFO - Índice existente cargado con 2482 películas
2025-04-18 20:05:40,595 - INFO - Película agregada al índice: AMATEUR
2025-04-18 20:05:40,595 - INFO - Nuevo post guardado: AMATEUR de James Hawes
2025-04-18 20:05:40,595 - INFO - Comenzando extracción de información del post
2025-04-18 20:05:40,596 - INFO - Título del post: MUY LEJOS de Gerard Oms
2025-04-18 20:05:40,596 - INFO - Fecha del post: 2025-04-18T18:30:00+02:00
2025-04-18 20:05:40,596 - INFO - Obteniendo contenido completo de: https://ghostintheblog.com/2025/04/muy-lejos-gerard-oms-mario-casas.html
2025-04-18 20:05:41,973 - INFO - Contenido extraído y estructurado (2434 caracteres)
2025-04-18 20:05:41,973 - INFO - Guardando post en: posts/MUY_LEJOS_2025-04-18.json
2025-04-18 20:05:41,974 - INFO - Post guardado exitosamente
2025-04-18 20:05:41,974 - INFO - Actualizando índice de películas
2025-04-18 20:05:41,974 - INFO - Archivo de índice: /home/runner/work/scrapingcines/scrapingcines/index.json
2025-04-18 20:05:41,977 - INFO - Índice existente cargado con 2483 películas
2025-04-18 20:05:41,991 - INFO - Película agregada al índice: MUY LEJOS
2025-04-18 20:05:41,991 - INFO - Nuevo post guardado: MUY LEJOS de Gerard Oms
2025-04-18 20:05:41,992 - INFO - Comenzando extracción de información del post
2025-04-18 20:05:41,992 - INFO - Post ya existente, saltando: LA NIÑA DE LA CABRA de Ana Asensio
2025-04-18 20:05:41,992 - INFO - Comenzando extracción de información del post
2025-04-18 20:05:41,992 - INFO - Post ya existente, saltando: VIDA EN PAUSA de Alexandros Avranas
2025-04-18 20:05:41,992 - INFO - Comenzando extracción de información del post
2025-04-18 20:05:41,992 - INFO - Post ya existente, saltando: GUILLERMO TELL de Nick Hamm
2025-04-18 20:05:41,992 - INFO - Comenzando extracción de información del post
2025-04-18 20:05:41,993 - INFO - Post ya existente, saltando: SORDA de Eva Libertad
2025-04-18 20:05:41,993 - INFO - Comenzando extracción de información del post
2025-04-18 20:05:41,993 - INFO - Post ya existente, saltando: UNA BALLENA de Pablo Hernando Esquisabel
2025-04-18 20:05:41,993 - INFO - Comenzando extracción de información del post
2025-04-18 20:05:41,993 - INFO - Post ya existente, saltando: LA FURIA de Gemma Blasco
2025-04-18 20:05:41,993 - INFO - Comenzando extracción de información del post
2025-04-18 20:05:41,993 - INFO - Post ya existente, saltando: GHOSTLIGHT de Kelly O’Sullivan y Alex Thompson
2025-04-18 20:05:41,993 - INFO - Proceso completado. Posts nuevos guardados: 3
