2026-02-23 04:44:04,949 - INFO - Iniciando proceso de scraping
2026-02-23 04:44:04,951 - INFO - Posts existentes encontrados: 2512
2026-02-23 04:44:04,951 - INFO - Intentando obtener posts desde: https://ghostintheblog.com/
2026-02-23 04:44:07,027 - INFO - Se encontraron 10 posts
2026-02-23 04:44:07,028 - INFO - Comenzando extracción de información del post
2026-02-23 04:44:07,029 - INFO - Post ya existente, saltando: EL AGENTE SECRETO de Kleber Mendonça Filho
2026-02-23 04:44:07,029 - INFO - Comenzando extracción de información del post
2026-02-23 04:44:07,029 - INFO - Post ya existente, saltando: CUMBRES BORRASCOSAS de Emerald Fennell
2026-02-23 04:44:07,029 - INFO - Comenzando extracción de información del post
2026-02-23 04:44:07,029 - INFO - Post ya existente, saltando: NO HAY OTRA OPCIÓN de Park Chan-wook
2026-02-23 04:44:07,029 - INFO - Comenzando extracción de información del post
2026-02-23 04:44:07,029 - INFO - Post ya existente, saltando: HISTORIAS DEL BUEN VALLE de José Luis Guerín
2026-02-23 04:44:07,030 - INFO - Comenzando extracción de información del post
2026-02-23 04:44:07,030 - INFO - Post ya existente, saltando: LA FIERA de Salvador Calvo
2026-02-23 04:44:07,030 - INFO - Comenzando extracción de información del post
2026-02-23 04:44:07,030 - INFO - Post ya existente, saltando: TRES ADIOSES de Isabel Coixet
2026-02-23 04:44:07,030 - INFO - Comenzando extracción de información del post
2026-02-23 04:44:07,030 - INFO - Post ya existente, saltando: LA TARTA DEL PRESIDENTE de Hasan Hadi
2026-02-23 04:44:07,030 - INFO - Comenzando extracción de información del post
2026-02-23 04:44:07,030 - INFO - Post ya existente, saltando: MARTY SUPREME de Joshua Safdie
2026-02-23 04:44:07,030 - INFO - Comenzando extracción de información del post
2026-02-23 04:44:07,030 - INFO - Post ya existente, saltando: LA CHICA ZURDA de Shih-Ching Tsou
2026-02-23 04:44:07,030 - INFO - Comenzando extracción de información del post
2026-02-23 04:44:07,031 - INFO - Post ya existente, saltando: HAMNET de Chloé Zhao
2026-02-23 04:44:07,031 - INFO - Proceso completado. Posts nuevos guardados: 0
