2025-11-17 20:07:00,080 - INFO - Iniciando proceso de scraping
2025-11-17 20:07:00,082 - INFO - Posts existentes encontrados: 2470
2025-11-17 20:07:00,082 - INFO - Intentando obtener posts desde: https://ghostintheblog.com/
2025-11-17 20:07:01,566 - INFO - Se encontraron 10 posts
2025-11-17 20:07:01,567 - INFO - Comenzando extracción de información del post
2025-11-17 20:07:01,567 - INFO - Post ya existente, saltando: BUGONIA de Yorgos Lanthimos
2025-11-17 20:07:01,567 - INFO - Comenzando extracción de información del post
2025-11-17 20:07:01,567 - INFO - Post ya existente, saltando: SUBSUELO de Fernando Franco
2025-11-17 20:07:01,567 - INFO - Comenzando extracción de información del post
2025-11-17 20:07:01,568 - INFO - Post ya existente, saltando: SIEMPRE ES INVIERNO de David Trueba
2025-11-17 20:07:01,568 - INFO - Comenzando extracción de información del post
2025-11-17 20:07:01,568 - INFO - Post ya existente, saltando: THE MASTERMIND de Kelly Reichardt
2025-11-17 20:07:01,568 - INFO - Comenzando extracción de información del post
2025-11-17 20:07:01,568 - INFO - Post ya existente, saltando: RECIÉN NACIDAS de Jean-Pierre  y Luc Dardenne
2025-11-17 20:07:01,568 - INFO - Comenzando extracción de información del post
2025-11-17 20:07:01,568 - INFO - Post ya existente, saltando: LOS TIGRES de Alberto Rodríguez
2025-11-17 20:07:01,568 - INFO - Comenzando extracción de información del post
2025-11-17 20:07:01,568 - INFO - Post ya existente, saltando: FRANKENSTEIN de Guillermo del Toro
2025-11-17 20:07:01,568 - INFO - Comenzando extracción de información del post
2025-11-17 20:07:01,569 - INFO - Post ya existente, saltando: ESA COSA CON ALAS de Dylan Southern
2025-11-17 20:07:01,569 - INFO - Comenzando extracción de información del post
2025-11-17 20:07:01,569 - INFO - Post ya existente, saltando: LA CENA de Manuel Gómez Pereira
2025-11-17 20:07:01,569 - INFO - Comenzando extracción de información del post
2025-11-17 20:07:01,569 - INFO - Post ya existente, saltando: LOS DOMINGOS de Alauda Ruiz de Azúa
2025-11-17 20:07:01,569 - INFO - Proceso completado. Posts nuevos guardados: 0
