2026-03-29 08:14:06,110 - INFO - Iniciando proceso de scraping
2026-03-29 08:14:06,112 - INFO - Posts existentes encontrados: 2527
2026-03-29 08:14:06,112 - INFO - Intentando obtener posts desde: https://ghostintheblog.com/
2026-03-29 08:14:07,710 - INFO - Se encontraron 10 posts
2026-03-29 08:14:07,711 - INFO - Comenzando extracción de información del post
2026-03-29 08:14:07,712 - INFO - Post ya existente, saltando: YO TE CREO de Charlotte Devillers y Arnaud Dufeys
2026-03-29 08:14:07,712 - INFO - Comenzando extracción de información del post
2026-03-29 08:14:07,712 - INFO - Post ya existente, saltando: EL TESTAMENTO DE ANN LEE de Mona Fastvold
2026-03-29 08:14:07,712 - INFO - Comenzando extracción de información del post
2026-03-29 08:14:07,712 - INFO - Post ya existente, saltando: ÁGUILAS DE EL CAIRO de Tarik Saleh
2026-03-29 08:14:07,712 - INFO - Comenzando extracción de información del post
2026-03-29 08:14:07,712 - INFO - Post ya existente, saltando: TORRENTE PRESIDENTE de Santiago Segura
2026-03-29 08:14:07,713 - INFO - Comenzando extracción de información del post
2026-03-29 08:14:07,713 - INFO - Post ya existente, saltando: LOS OSCAR 2026
2026-03-29 08:14:07,713 - INFO - Comenzando extracción de información del post
2026-03-29 08:14:07,713 - INFO - Post ya existente, saltando: ¡LA NOVIA! de Maggie Gyllenhaal
2026-03-29 08:14:07,713 - INFO - Comenzando extracción de información del post
2026-03-29 08:14:07,713 - INFO - Post ya existente, saltando: PILLION de Harry Lighton
2026-03-29 08:14:07,713 - INFO - Comenzando extracción de información del post
2026-03-29 08:14:07,713 - INFO - Post ya existente, saltando: EL MAGO DEL KREMLIN de Olivier Assayas
2026-03-29 08:14:07,713 - INFO - Comenzando extracción de información del post
2026-03-29 08:14:07,713 - INFO - Post ya existente, saltando: EL ÚLTIMO VIKINGO de Anders Thomas Jensen
2026-03-29 08:14:07,714 - INFO - Comenzando extracción de información del post
2026-03-29 08:14:07,714 - INFO - Post ya existente, saltando: SCARLET de Mamoru Hosoda
2026-03-29 08:14:07,714 - INFO - Proceso completado. Posts nuevos guardados: 0
