2025-03-28 20:05:52,507 - INFO - Iniciando proceso de scraping
2025-03-28 20:05:52,509 - INFO - Posts existentes encontrados: 2374
2025-03-28 20:05:52,509 - INFO - Intentando obtener posts desde: https://ghostintheblog.com/
2025-03-28 20:05:53,750 - INFO - Se encontraron 10 posts
2025-03-28 20:05:53,750 - INFO - Comenzando extracción de información del post
2025-03-28 20:05:53,751 - INFO - Título del post: GHOSTLIGHT de Kelly O’Sullivan y Alex Thompson
2025-03-28 20:05:53,751 - INFO - Fecha del post: 2025-03-28T19:30:00+01:00
2025-03-28 20:05:53,751 - INFO - Obteniendo contenido completo de: https://ghostintheblog.com/2025/03/ghostlight-kelly-osullivan-teatro-familia-amor-pelicula-2024.html
2025-03-28 20:05:55,365 - INFO - Contenido extraído y estructurado (4606 caracteres)
2025-03-28 20:05:55,365 - INFO - Guardando post en: posts/GHOSTLIGHT_2025-03-28.json
2025-03-28 20:05:55,366 - INFO - Post guardado exitosamente
2025-03-28 20:05:55,366 - INFO - Actualizando índice de películas
2025-03-28 20:05:55,366 - INFO - Archivo de índice: /home/runner/work/scrapingcines/scrapingcines/index.json
2025-03-28 20:05:55,370 - INFO - Índice existente cargado con 2472 películas
2025-03-28 20:05:55,384 - INFO - Película agregada al índice: GHOSTLIGHT
2025-03-28 20:05:55,384 - INFO - Nuevo post guardado: GHOSTLIGHT de Kelly O’Sullivan y Alex Thompson
2025-03-28 20:05:55,384 - INFO - Comenzando extracción de información del post
2025-03-28 20:05:55,385 - INFO - Título del post: 8 de Julio Medem
2025-03-28 20:05:55,385 - INFO - Fecha del post: 2025-03-28T18:30:00+01:00
2025-03-28 20:05:55,385 - INFO - Obteniendo contenido completo de: https://ghostintheblog.com/2025/03/8-julio-medem-pelicula-espana-2025-cronica-guerra-civil.html
2025-03-28 20:05:56,702 - INFO - Contenido extraído y estructurado (2507 caracteres)
2025-03-28 20:05:56,703 - INFO - Guardando post en: posts/8_2025-03-28.json
2025-03-28 20:05:56,703 - INFO - Post guardado exitosamente
2025-03-28 20:05:56,703 - INFO - Actualizando índice de películas
2025-03-28 20:05:56,703 - INFO - Archivo de índice: /home/runner/work/scrapingcines/scrapingcines/index.json
2025-03-28 20:05:56,707 - INFO - Índice existente cargado con 2473 películas
2025-03-28 20:05:56,721 - INFO - Película agregada al índice: 8
2025-03-28 20:05:56,722 - INFO - Nuevo post guardado: 8 de Julio Medem
2025-03-28 20:05:56,722 - INFO - Comenzando extracción de información del post
2025-03-28 20:05:56,722 - INFO - Título del post: LA CHICA DE LA AGUJA de Magnus von Horn
2025-03-28 20:05:56,722 - INFO - Fecha del post: 2025-03-28T18:00:00+01:00
2025-03-28 20:05:56,722 - INFO - Obteniendo contenido completo de: https://ghostintheblog.com/2025/03/la-chica-de-la-aguja-magnus-von-horn-asesina-bebes-cine-negro.html
2025-03-28 20:05:57,941 - INFO - Contenido extraído y estructurado (2597 caracteres)
2025-03-28 20:05:57,941 - INFO - Guardando post en: posts/LA_CHICA_DE_LA_AGUJA_2025-03-28.json
2025-03-28 20:05:57,942 - INFO - Post guardado exitosamente
2025-03-28 20:05:57,942 - INFO - Actualizando índice de películas
2025-03-28 20:05:57,942 - INFO - Archivo de índice: /home/runner/work/scrapingcines/scrapingcines/index.json
2025-03-28 20:05:57,945 - INFO - Índice existente cargado con 2474 películas
2025-03-28 20:05:57,960 - INFO - Película agregada al índice: LA CHICA DE LA AGUJA
2025-03-28 20:05:57,960 - INFO - Nuevo post guardado: LA CHICA DE LA AGUJA de Magnus von Horn
2025-03-28 20:05:57,960 - INFO - Comenzando extracción de información del post
2025-03-28 20:05:57,960 - INFO - Post ya existente, saltando: MISERICORDIA de Alain Guiraudie
2025-03-28 20:05:57,960 - INFO - Comenzando extracción de información del post
2025-03-28 20:05:57,960 - INFO - Post ya existente, saltando: LOS AITAS de Borja Cobeaga
2025-03-28 20:05:57,960 - INFO - Comenzando extracción de información del post
2025-03-28 20:05:57,961 - INFO - Post ya existente, saltando: MORLAIX de Jaime Rosales
2025-03-28 20:05:57,961 - INFO - Comenzando extracción de información del post
2025-03-28 20:05:57,961 - INFO - Post ya existente, saltando: TARDES DE SOLEDAD de Albert Serra
2025-03-28 20:05:57,961 - INFO - Comenzando extracción de información del post
2025-03-28 20:05:57,961 - INFO - Post ya existente, saltando: MICKEY 17 de Bong Joon-ho
2025-03-28 20:05:57,961 - INFO - Comenzando extracción de información del post
2025-03-28 20:05:57,961 - INFO - Post ya existente, saltando: LEE MILLER de Ellen Kuras
2025-03-28 20:05:57,961 - INFO - Comenzando extracción de información del post
2025-03-28 20:05:57,962 - INFO - Post ya existente, saltando: GRAND TOUR de Miguel Gomes
2025-03-28 20:05:57,962 - INFO - Proceso completado. Posts nuevos guardados: 3
