2025-07-30 08:07:03,379 - INFO - Iniciando proceso de scraping
2025-07-30 08:07:03,381 - INFO - Posts existentes encontrados: 2423
2025-07-30 08:07:03,381 - INFO - Intentando obtener posts desde: https://ghostintheblog.com/
2025-07-30 08:07:08,541 - INFO - Se encontraron 10 posts
2025-07-30 08:07:08,541 - INFO - Comenzando extracción de información del post
2025-07-30 08:07:08,542 - INFO - Post ya existente, saltando: UN «LIKE» DE BOB TREVINO de Tracie Laymon
2025-07-30 08:07:08,542 - INFO - Comenzando extracción de información del post
2025-07-30 08:07:08,542 - INFO - Post ya existente, saltando: PORCO ROSSO de Hayao Miyazaki
2025-07-30 08:07:08,542 - INFO - Comenzando extracción de información del post
2025-07-30 08:07:08,542 - INFO - Post ya existente, saltando: SUPERMAN de James Gunn
2025-07-30 08:07:08,542 - INFO - Comenzando extracción de información del post
2025-07-30 08:07:08,542 - INFO - Post ya existente, saltando: BREVE HISTORIA DE UNA FAMILIA de Lin Jianjie
2025-07-30 08:07:08,542 - INFO - Comenzando extracción de información del post
2025-07-30 08:07:08,543 - INFO - Post ya existente, saltando: LA MERCANCÍA MÁS PRECIOSA de Michel Hazanavicius
2025-07-30 08:07:08,543 - INFO - Comenzando extracción de información del post
2025-07-30 08:07:08,543 - INFO - Post ya existente, saltando: TRES AMIGAS de Emmanuel Mouret
2025-07-30 08:07:08,543 - INFO - Comenzando extracción de información del post
2025-07-30 08:07:08,543 - INFO - Post ya existente, saltando: BLACK DOG de Guan Hu
2025-07-30 08:07:08,543 - INFO - Comenzando extracción de información del post
2025-07-30 08:07:08,543 - INFO - Post ya existente, saltando: F1: LA PELÍCULA de Joseph Kosinski
2025-07-30 08:07:08,543 - INFO - Comenzando extracción de información del post
2025-07-30 08:07:08,543 - INFO - Post ya existente, saltando: VOLVER A TI de Jeanette Nordahl
2025-07-30 08:07:08,543 - INFO - Comenzando extracción de información del post
2025-07-30 08:07:08,544 - INFO - Post ya existente, saltando: THE LAST SHOWGIRL de Gia Coppola
2025-07-30 08:07:08,544 - INFO - Proceso completado. Posts nuevos guardados: 0
