2025-08-17 12:07:37,166 - INFO - Iniciando proceso de scraping
2025-08-17 12:07:37,168 - INFO - Posts existentes encontrados: 2428
2025-08-17 12:07:37,168 - INFO - Intentando obtener posts desde: https://ghostintheblog.com/
2025-08-17 12:07:41,068 - INFO - Se encontraron 10 posts
2025-08-17 12:07:41,068 - INFO - Comenzando extracción de información del post
2025-08-17 12:07:41,069 - INFO - Título del post: MI POSTRE FAVORITO de Maryam Moghadam y Behtash Sanaeeha
2025-08-17 12:07:41,069 - INFO - Fecha del post: 2025-08-17T13:24:20+02:00
2025-08-17 12:07:41,069 - INFO - Obteniendo contenido completo de: https://ghostintheblog.com/2025/08/critica-de-mi-postre-favorito-de-maryam-moghadam-y-behtash-sanaeeha.html
2025-08-17 12:07:42,584 - INFO - Contenido extraído y estructurado (4247 caracteres)
2025-08-17 12:07:42,584 - INFO - Guardando post en: posts/MI_POSTRE_FAVORITO_2025-08-17.json
2025-08-17 12:07:42,585 - INFO - Post guardado exitosamente
2025-08-17 12:07:42,585 - INFO - Actualizando índice de películas
2025-08-17 12:07:42,585 - INFO - Archivo de índice: /home/runner/work/scrapingcines/scrapingcines/index.json
2025-08-17 12:07:42,589 - INFO - Índice existente cargado con 2529 películas
2025-08-17 12:07:42,600 - INFO - Película agregada al índice: MI POSTRE FAVORITO
2025-08-17 12:07:42,600 - INFO - Nuevo post guardado: MI POSTRE FAVORITO de Maryam Moghadam y Behtash Sanaeeha
2025-08-17 12:07:42,600 - INFO - Comenzando extracción de información del post
2025-08-17 12:07:42,601 - INFO - Título del post: AQUÉL VERANO EN PARÍS de Valentine Cadic
2025-08-17 12:07:42,601 - INFO - Fecha del post: 2025-08-17T13:15:54+02:00
2025-08-17 12:07:42,601 - INFO - Obteniendo contenido completo de: https://ghostintheblog.com/2025/08/critica-de-aquel-verano-en-paris-de-valentine-cadic.html
2025-08-17 12:07:44,073 - INFO - Contenido extraído y estructurado (1556 caracteres)
2025-08-17 12:07:44,073 - INFO - Guardando post en: posts/AQUÉL_VERANO_EN_PARÍS_2025-08-17.json
2025-08-17 12:07:44,074 - INFO - Post guardado exitosamente
2025-08-17 12:07:44,074 - INFO - Actualizando índice de películas
2025-08-17 12:07:44,074 - INFO - Archivo de índice: /home/runner/work/scrapingcines/scrapingcines/index.json
2025-08-17 12:07:44,077 - INFO - Índice existente cargado con 2530 películas
2025-08-17 12:07:44,088 - INFO - Película agregada al índice: AQUÉL VERANO EN PARÍS
2025-08-17 12:07:44,089 - INFO - Nuevo post guardado: AQUÉL VERANO EN PARÍS de Valentine Cadic
2025-08-17 12:07:44,089 - INFO - Comenzando extracción de información del post
2025-08-17 12:07:44,089 - INFO - Título del post: MR. NADIE de Miguel Ángel Calvo Buttini
2025-08-17 12:07:44,089 - INFO - Fecha del post: 2025-08-17T13:07:50+02:00
2025-08-17 12:07:44,089 - INFO - Obteniendo contenido completo de: https://ghostintheblog.com/2025/08/critica-de-mr-nadie-de-miguel-angel-calvo-buttini.html
2025-08-17 12:07:45,855 - INFO - Contenido extraído y estructurado (2730 caracteres)
2025-08-17 12:07:45,855 - INFO - Guardando post en: posts/MR._NADIE_2025-08-17.json
2025-08-17 12:07:45,856 - INFO - Post guardado exitosamente
2025-08-17 12:07:45,856 - INFO - Actualizando índice de películas
2025-08-17 12:07:45,856 - INFO - Archivo de índice: /home/runner/work/scrapingcines/scrapingcines/index.json
2025-08-17 12:07:45,859 - INFO - Índice existente cargado con 2531 películas
2025-08-17 12:07:45,871 - INFO - Película agregada al índice: MR. NADIE
2025-08-17 12:07:45,871 - INFO - Nuevo post guardado: MR. NADIE de Miguel Ángel Calvo Buttini
2025-08-17 12:07:45,871 - INFO - Comenzando extracción de información del post
2025-08-17 12:07:45,871 - INFO - Post ya existente, saltando: NUNCA MÁS de Klaus Härö
2025-08-17 12:07:45,871 - INFO - Comenzando extracción de información del post
2025-08-17 12:07:45,872 - INFO - Post ya existente, saltando: DEVUÉLVEMELA de Danny y Michael Philippou
2025-08-17 12:07:45,872 - INFO - Comenzando extracción de información del post
2025-08-17 12:07:45,872 - INFO - Post ya existente, saltando: MISTERIOSO ASESINATO EN LA MONTAÑA de Franck Dubosc
2025-08-17 12:07:45,872 - INFO - Comenzando extracción de información del post
2025-08-17 12:07:45,872 - INFO - Post ya existente, saltando: BAJA POR PATERNIDAD de Alissa Jung
2025-08-17 12:07:45,872 - INFO - Comenzando extracción de información del post
2025-08-17 12:07:45,872 - INFO - Post ya existente, saltando: LEER «LOLITA» EN TEHERÁN de Eran Riklis
2025-08-17 12:07:45,872 - INFO - Comenzando extracción de información del post
2025-08-17 12:07:45,872 - INFO - Post ya existente, saltando: CONDENADOS de Gustav Möller
2025-08-17 12:07:45,872 - INFO - Comenzando extracción de información del post
2025-08-17 12:07:45,873 - INFO - Post ya existente, saltando: UN «LIKE» DE BOB TREVINO de Tracie Laymon
2025-08-17 12:07:45,873 - INFO - Proceso completado. Posts nuevos guardados: 3
