2025-08-19 22:02:44,360 - INFO - Iniciando proceso de scraping
2025-08-19 22:02:44,362 - INFO - Posts existentes encontrados: 2431
2025-08-19 22:02:44,362 - INFO - Intentando obtener posts desde: https://ghostintheblog.com/
2025-08-19 22:02:45,831 - INFO - Se encontraron 10 posts
2025-08-19 22:02:45,832 - INFO - Comenzando extracción de información del post
2025-08-19 22:02:45,832 - INFO - Post ya existente, saltando: MI POSTRE FAVORITO de Maryam Moghadam y Behtash Sanaeeha
2025-08-19 22:02:45,832 - INFO - Comenzando extracción de información del post
2025-08-19 22:02:45,833 - INFO - Post ya existente, saltando: AQUÉL VERANO EN PARÍS de Valentine Cadic
2025-08-19 22:02:45,833 - INFO - Comenzando extracción de información del post
2025-08-19 22:02:45,833 - INFO - Post ya existente, saltando: MR. NADIE de Miguel Ángel Calvo Buttini
2025-08-19 22:02:45,833 - INFO - Comenzando extracción de información del post
2025-08-19 22:02:45,833 - INFO - Post ya existente, saltando: NUNCA MÁS de Klaus Härö
2025-08-19 22:02:45,833 - INFO - Comenzando extracción de información del post
2025-08-19 22:02:45,833 - INFO - Post ya existente, saltando: DEVUÉLVEMELA de Danny y Michael Philippou
2025-08-19 22:02:45,833 - INFO - Comenzando extracción de información del post
2025-08-19 22:02:45,833 - INFO - Post ya existente, saltando: MISTERIOSO ASESINATO EN LA MONTAÑA de Franck Dubosc
2025-08-19 22:02:45,834 - INFO - Comenzando extracción de información del post
2025-08-19 22:02:45,834 - INFO - Post ya existente, saltando: BAJA POR PATERNIDAD de Alissa Jung
2025-08-19 22:02:45,834 - INFO - Comenzando extracción de información del post
2025-08-19 22:02:45,834 - INFO - Post ya existente, saltando: LEER «LOLITA» EN TEHERÁN de Eran Riklis
2025-08-19 22:02:45,834 - INFO - Comenzando extracción de información del post
2025-08-19 22:02:45,834 - INFO - Post ya existente, saltando: CONDENADOS de Gustav Möller
2025-08-19 22:02:45,834 - INFO - Comenzando extracción de información del post
2025-08-19 22:02:45,834 - INFO - Post ya existente, saltando: UN «LIKE» DE BOB TREVINO de Tracie Laymon
2025-08-19 22:02:45,834 - INFO - Proceso completado. Posts nuevos guardados: 0
