2025-07-06 10:02:13,263 - INFO - Iniciando proceso de scraping
2025-07-06 10:02:13,265 - INFO - Posts existentes encontrados: 2417
2025-07-06 10:02:13,265 - INFO - Intentando obtener posts desde: https://ghostintheblog.com/
2025-07-06 10:02:15,256 - INFO - Se encontraron 10 posts
2025-07-06 10:02:15,256 - INFO - Comenzando extracción de información del post
2025-07-06 10:02:15,257 - INFO - Post ya existente, saltando: BLACK DOG de Guan Hu
2025-07-06 10:02:15,257 - INFO - Comenzando extracción de información del post
2025-07-06 10:02:15,257 - INFO - Post ya existente, saltando: F1: LA PELÍCULA de Joseph Kosinski
2025-07-06 10:02:15,257 - INFO - Comenzando extracción de información del post
2025-07-06 10:02:15,257 - INFO - Post ya existente, saltando: VOLVER A TI de Jeanette Nordahl
2025-07-06 10:02:15,257 - INFO - Comenzando extracción de información del post
2025-07-06 10:02:15,257 - INFO - Post ya existente, saltando: THE LAST SHOWGIRL de Gia Coppola
2025-07-06 10:02:15,257 - INFO - Comenzando extracción de información del post
2025-07-06 10:02:15,258 - INFO - Post ya existente, saltando: JULIETTE EN PRIMAVERA de Blandine Lenoir
2025-07-06 10:02:15,258 - INFO - Comenzando extracción de información del post
2025-07-06 10:02:15,258 - INFO - Post ya existente, saltando: RAMÓN Y RAMÓN de Salvador del Solar
2025-07-06 10:02:15,258 - INFO - Comenzando extracción de información del post
2025-07-06 10:02:15,258 - INFO - Post ya existente, saltando: A LA DERIVA de Jia Zhangke
2025-07-06 10:02:15,258 - INFO - Comenzando extracción de información del post
2025-07-06 10:02:15,258 - INFO - Post ya existente, saltando: VOTEMOS de Santiago Requejo
2025-07-06 10:02:15,258 - INFO - Comenzando extracción de información del post
2025-07-06 10:02:15,258 - INFO - Post ya existente, saltando: TRES KILÓMETROS AL FIN DEL MUNDO de Emanuel Pârvu
2025-07-06 10:02:15,259 - INFO - Comenzando extracción de información del post
2025-07-06 10:02:15,259 - INFO - Post ya existente, saltando: TODO SALDRÁ BIEN de Ray Yeung
2025-07-06 10:02:15,259 - INFO - Proceso completado. Posts nuevos guardados: 0
