2026-01-03 12:08:39,950 - INFO - Iniciando proceso de scraping
2026-01-03 12:08:39,952 - INFO - Posts existentes encontrados: 2488
2026-01-03 12:08:39,952 - INFO - Intentando obtener posts desde: https://ghostintheblog.com/
2026-01-03 12:08:41,226 - INFO - Se encontraron 10 posts
2026-01-03 12:08:41,227 - INFO - Comenzando extracción de información del post
2026-01-03 12:08:41,228 - INFO - Título del post: AVATAR: FUEGO Y CENIZAS de James Cameron
2026-01-03 12:08:41,228 - INFO - Fecha del post: 2026-01-03T11:43:55+01:00
2026-01-03 12:08:41,228 - INFO - Obteniendo contenido completo de: https://ghostintheblog.com/2026/01/critica-de-avatar-fuego-y-cenizas-de-james-cameron.html
2026-01-03 12:08:42,517 - INFO - Contenido extraído y estructurado (4591 caracteres)
2026-01-03 12:08:42,518 - INFO - Guardando post en: posts/AVATAR:_FUEGO_Y_CENIZAS_2026-01-03.json
2026-01-03 12:08:42,518 - INFO - Post guardado exitosamente
2026-01-03 12:08:42,518 - INFO - Actualizando índice de películas
2026-01-03 12:08:42,518 - INFO - Archivo de índice: /home/runner/work/scrapingcines/scrapingcines/index.json
2026-01-03 12:08:42,522 - INFO - Índice existente cargado con 2588 películas
2026-01-03 12:08:42,533 - INFO - Película agregada al índice: AVATAR: FUEGO Y CENIZAS
2026-01-03 12:08:42,533 - INFO - Nuevo post guardado: AVATAR: FUEGO Y CENIZAS de James Cameron
2026-01-03 12:08:42,533 - INFO - Comenzando extracción de información del post
2026-01-03 12:08:42,533 - INFO - Título del post: HOMO ARGENTUM de Mariano Cohn y Gastón Duprat
2026-01-03 12:08:42,533 - INFO - Fecha del post: 2026-01-03T11:32:23+01:00
2026-01-03 12:08:42,533 - INFO - Obteniendo contenido completo de: https://ghostintheblog.com/2026/01/critica-de-homo-argentum-de-mariano-cohn-y-gaston-duprat.html
2026-01-03 12:08:43,633 - INFO - Contenido extraído y estructurado (2721 caracteres)
2026-01-03 12:08:43,634 - INFO - Guardando post en: posts/HOMO_ARGENTUM_2026-01-03.json
2026-01-03 12:08:43,634 - INFO - Post guardado exitosamente
2026-01-03 12:08:43,634 - INFO - Actualizando índice de películas
2026-01-03 12:08:43,634 - INFO - Archivo de índice: /home/runner/work/scrapingcines/scrapingcines/index.json
2026-01-03 12:08:43,638 - INFO - Índice existente cargado con 2589 películas
2026-01-03 12:08:43,649 - INFO - Película agregada al índice: HOMO ARGENTUM
2026-01-03 12:08:43,649 - INFO - Nuevo post guardado: HOMO ARGENTUM de Mariano Cohn y Gastón Duprat
2026-01-03 12:08:43,649 - INFO - Comenzando extracción de información del post
2026-01-03 12:08:43,649 - INFO - Título del post: ZODIAC KILLER PROJECT de Charlie Shackleton
2026-01-03 12:08:43,649 - INFO - Fecha del post: 2026-01-03T11:20:20+01:00
2026-01-03 12:08:43,649 - INFO - Obteniendo contenido completo de: https://ghostintheblog.com/2026/01/critica-de-zodiac-killer-project-de-charlie-shackleton.html
2026-01-03 12:08:44,777 - INFO - Contenido extraído y estructurado (2678 caracteres)
2026-01-03 12:08:44,778 - INFO - Guardando post en: posts/ZODIAC_KILLER_PROJECT_2026-01-03.json
2026-01-03 12:08:44,778 - INFO - Post guardado exitosamente
2026-01-03 12:08:44,778 - INFO - Actualizando índice de películas
2026-01-03 12:08:44,779 - INFO - Archivo de índice: /home/runner/work/scrapingcines/scrapingcines/index.json
2026-01-03 12:08:44,782 - INFO - Índice existente cargado con 2590 películas
2026-01-03 12:08:44,793 - INFO - Película agregada al índice: ZODIAC KILLER PROJECT
2026-01-03 12:08:44,793 - INFO - Nuevo post guardado: ZODIAC KILLER PROJECT de Charlie Shackleton
2026-01-03 12:08:44,793 - INFO - Comenzando extracción de información del post
2026-01-03 12:08:44,794 - INFO - Post ya existente, saltando: FATHER MOTHER SISTER BROTHER de Jim Jarmusch
2026-01-03 12:08:44,794 - INFO - Comenzando extracción de información del post
2026-01-03 12:08:44,794 - INFO - Post ya existente, saltando: VIDA PRIVADA de Rebecca Zlotowski
2026-01-03 12:08:44,794 - INFO - Comenzando extracción de información del post
2026-01-03 12:08:44,794 - INFO - Post ya existente, saltando: ART SPIEGELMAN: EL DESASTRE ES MI MUSA de Molly Bernstein y Philip Dolin
2026-01-03 12:08:44,794 - INFO - Comenzando extracción de información del post
2026-01-03 12:08:44,794 - INFO - Post ya existente, saltando: EL EXTRANJERO de François Ozon
2026-01-03 12:08:44,794 - INFO - Comenzando extracción de información del post
2026-01-03 12:08:44,794 - INFO - Post ya existente, saltando: LA VIDA FUERA de Mario Martone
2026-01-03 12:08:44,794 - INFO - Comenzando extracción de información del post
2026-01-03 12:08:44,794 - INFO - Post ya existente, saltando: FRONTERA de Judith Colell
2026-01-03 12:08:44,795 - INFO - Comenzando extracción de información del post
2026-01-03 12:08:44,795 - INFO - Post ya existente, saltando: ARO BERRIA de Irati Gorostidi Agirretxe
2026-01-03 12:08:44,795 - INFO - Proceso completado. Posts nuevos guardados: 3
