2025-06-07 20:05:46,239 - INFO - Iniciando proceso de scraping
2025-06-07 20:05:46,241 - INFO - Posts existentes encontrados: 2403
2025-06-07 20:05:46,241 - INFO - Intentando obtener posts desde: https://ghostintheblog.com/
2025-06-07 20:05:49,891 - INFO - Se encontraron 10 posts
2025-06-07 20:05:49,892 - INFO - Comenzando extracción de información del post
2025-06-07 20:05:49,892 - INFO - Título del post: SIRAT de Oliver Laxe
2025-06-07 20:05:49,892 - INFO - Fecha del post: 2025-06-07T18:52:01+02:00
2025-06-07 20:05:49,892 - INFO - Obteniendo contenido completo de: https://ghostintheblog.com/2025/06/critica-de-sirat-de-oliver-laxe-angustia-y-arena.html
2025-06-07 20:05:51,544 - INFO - Contenido extraído y estructurado (4693 caracteres)
2025-06-07 20:05:51,544 - INFO - Guardando post en: posts/SIRAT_2025-06-07.json
2025-06-07 20:05:51,545 - INFO - Post guardado exitosamente
2025-06-07 20:05:51,545 - INFO - Actualizando índice de películas
2025-06-07 20:05:51,545 - INFO - Archivo de índice: /home/runner/work/scrapingcines/scrapingcines/index.json
2025-06-07 20:05:51,549 - INFO - Índice existente cargado con 2502 películas
2025-06-07 20:05:51,563 - INFO - Película agregada al índice: SIRAT
2025-06-07 20:05:51,564 - INFO - Nuevo post guardado: SIRAT de Oliver Laxe
2025-06-07 20:05:51,564 - INFO - Comenzando extracción de información del post
2025-06-07 20:05:51,564 - INFO - Título del post: EL JOCKEY de Luis Ortega
2025-06-07 20:05:51,564 - INFO - Fecha del post: 2025-06-07T18:43:07+02:00
2025-06-07 20:05:51,564 - INFO - Obteniendo contenido completo de: https://ghostintheblog.com/2025/06/el-jockey-de-luis-ortega-la-carrera-loca.html
2025-06-07 20:05:53,083 - INFO - Contenido extraído y estructurado (2740 caracteres)
2025-06-07 20:05:53,083 - INFO - Guardando post en: posts/EL_JOCKEY_2025-06-07.json
2025-06-07 20:05:53,084 - INFO - Post guardado exitosamente
2025-06-07 20:05:53,084 - INFO - Actualizando índice de películas
2025-06-07 20:05:53,084 - INFO - Archivo de índice: /home/runner/work/scrapingcines/scrapingcines/index.json
2025-06-07 20:05:53,088 - INFO - Índice existente cargado con 2503 películas
2025-06-07 20:05:53,102 - INFO - Película agregada al índice: EL JOCKEY
2025-06-07 20:05:53,103 - INFO - Nuevo post guardado: EL JOCKEY de Luis Ortega
2025-06-07 20:05:53,103 - INFO - Comenzando extracción de información del post
2025-06-07 20:05:53,103 - INFO - Título del post: LA TRAMA FENICIA de Wes Anderson
2025-06-07 20:05:53,103 - INFO - Fecha del post: 2025-06-07T18:36:08+02:00
2025-06-07 20:05:53,103 - INFO - Obteniendo contenido completo de: https://ghostintheblog.com/2025/06/la-trama-fenicia-de-wes-anderson-el-buen-canalla.html
2025-06-07 20:05:54,622 - INFO - Contenido extraído y estructurado (2856 caracteres)
2025-06-07 20:05:54,622 - INFO - Guardando post en: posts/LA_TRAMA_FENICIA_2025-06-07.json
2025-06-07 20:05:54,623 - INFO - Post guardado exitosamente
2025-06-07 20:05:54,623 - INFO - Actualizando índice de películas
2025-06-07 20:05:54,623 - INFO - Archivo de índice: /home/runner/work/scrapingcines/scrapingcines/index.json
2025-06-07 20:05:54,626 - INFO - Índice existente cargado con 2504 películas
2025-06-07 20:05:54,640 - INFO - Película agregada al índice: LA TRAMA FENICIA
2025-06-07 20:05:54,641 - INFO - Nuevo post guardado: LA TRAMA FENICIA de Wes Anderson
2025-06-07 20:05:54,641 - INFO - Comenzando extracción de información del post
2025-06-07 20:05:54,641 - INFO - Post ya existente, saltando: SI YO PUDIERA HIBERNAR de Zoljargal Purevdash
2025-06-07 20:05:54,641 - INFO - Comenzando extracción de información del post
2025-06-07 20:05:54,641 - INFO - Post ya existente, saltando: LOS TORTUGA de Belén Funes
2025-06-07 20:05:54,641 - INFO - Comenzando extracción de información del post
2025-06-07 20:05:54,641 - INFO - Post ya existente, saltando: MISIÓN IMPOSIBLE: SENTENCIA FINAL de Christopher McQuarrie
2025-06-07 20:05:54,641 - INFO - Comenzando extracción de información del post
2025-06-07 20:05:54,642 - INFO - Post ya existente, saltando: EL BUEN PADRE de Ronan Tronchot
2025-06-07 20:05:54,642 - INFO - Comenzando extracción de información del post
2025-06-07 20:05:54,642 - INFO - Título del post: ESTOCOLMO: EL REY TIRANO 1520 de Mikael Håfström
2025-06-07 20:05:54,642 - INFO - Fecha del post: 2025-05-24T18:20:03+02:00
2025-06-07 20:05:54,642 - INFO - Obteniendo contenido completo de: https://ghostintheblog.com/2025/05/estocolmo-1520-critica-analisis-historico.html
2025-06-07 20:05:56,091 - INFO - Contenido extraído y estructurado (2752 caracteres)
2025-06-07 20:05:56,091 - INFO - Guardando post en: posts/ESTOCOLMO:_EL_REY_TIRANO_1520_2025-05-24.json
2025-06-07 20:05:56,092 - INFO - Post guardado exitosamente
2025-06-07 20:05:56,092 - INFO - Actualizando índice de películas
2025-06-07 20:05:56,092 - INFO - Archivo de índice: /home/runner/work/scrapingcines/scrapingcines/index.json
2025-06-07 20:05:56,095 - INFO - Índice existente cargado con 2505 películas
2025-06-07 20:05:56,095 - INFO - La película ya existe en el índice: ESTOCOLMO: EL REY TIRANO 1520
2025-06-07 20:05:56,096 - INFO - Nuevo post guardado: ESTOCOLMO: EL REY TIRANO 1520 de Mikael Håfström
2025-06-07 20:05:56,096 - INFO - Comenzando extracción de información del post
2025-06-07 20:05:56,096 - INFO - Post ya existente, saltando: TRAS EL VERANO de Yolanda Centeno
2025-06-07 20:05:56,096 - INFO - Comenzando extracción de información del post
2025-06-07 20:05:56,096 - INFO - Post ya existente, saltando: ENEMIGOS de David Valero
2025-06-07 20:05:56,096 - INFO - Proceso completado. Posts nuevos guardados: 4
