2026-04-29 22:18:27,178 - INFO - Iniciando proceso de scraping
2026-04-29 22:18:27,180 - INFO - Posts existentes encontrados: 2541
2026-04-29 22:18:27,180 - INFO - Intentando obtener posts desde: https://ghostintheblog.com/
2026-04-29 22:18:29,465 - INFO - Se encontraron 10 posts
2026-04-29 22:18:29,466 - INFO - Comenzando extracción de información del post
2026-04-29 22:18:29,466 - INFO - Post ya existente, saltando: MI QUERIDA SEÑORITA de Fernando González Molina
2026-04-29 22:18:29,466 - INFO - Comenzando extracción de información del post
2026-04-29 22:18:29,466 - INFO - Post ya existente, saltando: EL SONIDO DE LA CAIDA de Mascha Schilinski
2026-04-29 22:18:29,467 - INFO - Comenzando extracción de información del post
2026-04-29 22:18:29,467 - INFO - Post ya existente, saltando: PRIME CRIME: A TRUE STORY de Gus Van Sant
2026-04-29 22:18:29,467 - INFO - Comenzando extracción de información del post
2026-04-29 22:18:29,467 - INFO - Post ya existente, saltando: UN POETA de Simón Mesa
2026-04-29 22:18:29,467 - INFO - Comenzando extracción de información del post
2026-04-29 22:18:29,467 - INFO - Post ya existente, saltando: LA BUENA HIJA de Júlia de Paz Solvas
2026-04-29 22:18:29,467 - INFO - Comenzando extracción de información del post
2026-04-29 22:18:29,467 - INFO - Post ya existente, saltando: ATRAPANDO A UN MONSTRUO de Bryan Fuller
2026-04-29 22:18:29,467 - INFO - Comenzando extracción de información del post
2026-04-29 22:18:29,467 - INFO - Post ya existente, saltando: LA GRAZIA de Paolo Sorrentino
2026-04-29 22:18:29,467 - INFO - Comenzando extracción de información del post
2026-04-29 22:18:29,467 - INFO - Post ya existente, saltando: ALTAS CAPACIDADES de Víctor García León
2026-04-29 22:18:29,467 - INFO - Comenzando extracción de información del post
2026-04-29 22:18:29,468 - INFO - Post ya existente, saltando: LAPÖNIA de David Serrano
2026-04-29 22:18:29,468 - INFO - Comenzando extracción de información del post
2026-04-29 22:18:29,468 - INFO - Post ya existente, saltando: PROYECTO SALVACIÓN de Phil Lord y Christopher Miller
2026-04-29 22:18:29,468 - INFO - Proceso completado. Posts nuevos guardados: 0
