2025-10-16 16:07:11,042 - INFO - Iniciando proceso de scraping
2025-10-16 16:07:11,044 - INFO - Posts existentes encontrados: 2455
2025-10-16 16:07:11,045 - INFO - Intentando obtener posts desde: https://ghostintheblog.com/
2025-10-16 16:07:12,493 - INFO - Se encontraron 10 posts
2025-10-16 16:07:12,494 - INFO - Comenzando extracción de información del post
2025-10-16 16:07:12,495 - INFO - Post ya existente, saltando: LA SOSPECHA DE SOFÍA de Imanol Uribe
2025-10-16 16:07:12,495 - INFO - Comenzando extracción de información del post
2025-10-16 16:07:12,495 - INFO - Post ya existente, saltando: EXTRAÑO RÍO de Jaume Claret Muxart
2025-10-16 16:07:12,495 - INFO - Comenzando extracción de información del post
2025-10-16 16:07:12,495 - INFO - Post ya existente, saltando: ADORABLE de Lilja Ingolfsdottir
2025-10-16 16:07:12,495 - INFO - Comenzando extracción de información del post
2025-10-16 16:07:12,495 - INFO - Post ya existente, saltando: UNA BATALLA TRAS OTRA de Paul Thomas Anderson
2025-10-16 16:07:12,495 - INFO - Comenzando extracción de información del post
2025-10-16 16:07:12,495 - INFO - Post ya existente, saltando: MÜNTER Y EL AMOR DE KANDINSKY de Marcus O. Rosenmüller
2025-10-16 16:07:12,496 - INFO - Comenzando extracción de información del post
2025-10-16 16:07:12,496 - INFO - Post ya existente, saltando: LOS LAZOS QUE NOS UNEN de Carine Tardieu
2025-10-16 16:07:12,496 - INFO - Comenzando extracción de información del post
2025-10-16 16:07:12,496 - INFO - Post ya existente, saltando: MASPALOMAS de Aitor Arregi y José Mari Goenaga (Los Moriarti)
2025-10-16 16:07:12,496 - INFO - Comenzando extracción de información del post
2025-10-16 16:07:12,496 - INFO - Post ya existente, saltando: MI AMIGA EVA de Cesc Gay
2025-10-16 16:07:12,496 - INFO - Comenzando extracción de información del post
2025-10-16 16:07:12,496 - INFO - Post ya existente, saltando: UN GRAN VIAJE ATREVIDO Y MARAVILLOSO de Kogonada
2025-10-16 16:07:12,496 - INFO - Comenzando extracción de información del post
2025-10-16 16:07:12,496 - INFO - Post ya existente, saltando: EL CAUTIVO de Alejandro Amenábar
2025-10-16 16:07:12,497 - INFO - Proceso completado. Posts nuevos guardados: 0
