2025-10-21 08:07:47,913 - INFO - Iniciando proceso de scraping
2025-10-21 08:07:47,915 - INFO - Posts existentes encontrados: 2458
2025-10-21 08:07:47,915 - INFO - Intentando obtener posts desde: https://ghostintheblog.com/
2025-10-21 08:07:49,654 - INFO - Se encontraron 10 posts
2025-10-21 08:07:49,655 - INFO - Comenzando extracción de información del post
2025-10-21 08:07:49,656 - INFO - Post ya existente, saltando: BALA PERDIDA de Darren Aronofsky
2025-10-21 08:07:49,656 - INFO - Comenzando extracción de información del post
2025-10-21 08:07:49,656 - INFO - Post ya existente, saltando: KARMELE de Asier Altuna
2025-10-21 08:07:49,656 - INFO - Comenzando extracción de información del post
2025-10-21 08:07:49,656 - INFO - Post ya existente, saltando: JUGAR CON FUEGO de Delphine y Muriel Coulin
2025-10-21 08:07:49,656 - INFO - Comenzando extracción de información del post
2025-10-21 08:07:49,657 - INFO - Post ya existente, saltando: LA SOSPECHA DE SOFÍA de Imanol Uribe
2025-10-21 08:07:49,657 - INFO - Comenzando extracción de información del post
2025-10-21 08:07:49,657 - INFO - Post ya existente, saltando: EXTRAÑO RÍO de Jaume Claret Muxart
2025-10-21 08:07:49,657 - INFO - Comenzando extracción de información del post
2025-10-21 08:07:49,657 - INFO - Post ya existente, saltando: ADORABLE de Lilja Ingolfsdottir
2025-10-21 08:07:49,657 - INFO - Comenzando extracción de información del post
2025-10-21 08:07:49,657 - INFO - Post ya existente, saltando: UNA BATALLA TRAS OTRA de Paul Thomas Anderson
2025-10-21 08:07:49,657 - INFO - Comenzando extracción de información del post
2025-10-21 08:07:49,657 - INFO - Post ya existente, saltando: MÜNTER Y EL AMOR DE KANDINSKY de Marcus O. Rosenmüller
2025-10-21 08:07:49,657 - INFO - Comenzando extracción de información del post
2025-10-21 08:07:49,658 - INFO - Post ya existente, saltando: LOS LAZOS QUE NOS UNEN de Carine Tardieu
2025-10-21 08:07:49,658 - INFO - Comenzando extracción de información del post
2025-10-21 08:07:49,658 - INFO - Post ya existente, saltando: MASPALOMAS de Aitor Arregi y José Mari Goenaga (Los Moriarti)
2025-10-21 08:07:49,658 - INFO - Proceso completado. Posts nuevos guardados: 0
