2026-05-16 12:24:51,719 - INFO - Iniciando proceso de scraping
2026-05-16 12:24:51,722 - INFO - Posts existentes encontrados: 2547
2026-05-16 12:24:51,722 - INFO - Intentando obtener posts desde: https://ghostintheblog.com/
2026-05-16 12:24:52,916 - INFO - Se encontraron 10 posts
2026-05-16 12:24:52,917 - INFO - Comenzando extracción de información del post
2026-05-16 12:24:52,917 - INFO - Post ya existente, saltando: RESURRECTION de Bi Gan
2026-05-16 12:24:52,917 - INFO - Comenzando extracción de información del post
2026-05-16 12:24:52,918 - INFO - Post ya existente, saltando: ALTA COSTURA de Alice Winocour
2026-05-16 12:24:52,918 - INFO - Comenzando extracción de información del post
2026-05-16 12:24:52,918 - INFO - Post ya existente, saltando: LA ISLA DE AMRUM de Fatih Akin
2026-05-16 12:24:52,918 - INFO - Comenzando extracción de información del post
2026-05-16 12:24:52,918 - INFO - Post ya existente, saltando: TODO LO QUE FUIMOS de Cherien Dabis
2026-05-16 12:24:52,918 - INFO - Comenzando extracción de información del post
2026-05-16 12:24:52,918 - INFO - Post ya existente, saltando: MICHAEL de Antoine Fuqua
2026-05-16 12:24:52,918 - INFO - Comenzando extracción de información del post
2026-05-16 12:24:52,918 - INFO - Post ya existente, saltando: ENZO de Robin Campillo
2026-05-16 12:24:52,918 - INFO - Comenzando extracción de información del post
2026-05-16 12:24:52,919 - INFO - Post ya existente, saltando: MI QUERIDA SEÑORITA de Fernando González Molina
2026-05-16 12:24:52,919 - INFO - Comenzando extracción de información del post
2026-05-16 12:24:52,919 - INFO - Post ya existente, saltando: EL SONIDO DE LA CAIDA de Mascha Schilinski
2026-05-16 12:24:52,919 - INFO - Comenzando extracción de información del post
2026-05-16 12:24:52,919 - INFO - Post ya existente, saltando: PRIME CRIME: A TRUE STORY de Gus Van Sant
2026-05-16 12:24:52,919 - INFO - Comenzando extracción de información del post
2026-05-16 12:24:52,919 - INFO - Post ya existente, saltando: UN POETA de Simón Mesa
2026-05-16 12:24:52,919 - INFO - Proceso completado. Posts nuevos guardados: 0
