2026-03-29 10:07:39,483 - INFO - Iniciando proceso de scraping
2026-03-29 10:07:39,485 - INFO - Posts existentes encontrados: 2527
2026-03-29 10:07:39,485 - INFO - Intentando obtener posts desde: https://ghostintheblog.com/
2026-03-29 10:07:40,573 - INFO - Se encontraron 10 posts
2026-03-29 10:07:40,574 - INFO - Comenzando extracción de información del post
2026-03-29 10:07:40,574 - INFO - Título del post: AMARGA NAVIDAD de Pedro Almodóvar
2026-03-29 10:07:40,574 - INFO - Fecha del post: 2026-03-29T10:59:32+02:00
2026-03-29 10:07:40,574 - INFO - Obteniendo contenido completo de: https://ghostintheblog.com/2026/03/critica-de-amarga-navidad-de-pedro-almodovar.html
2026-03-29 10:07:41,837 - INFO - Contenido extraído y estructurado (4439 caracteres)
2026-03-29 10:07:41,838 - INFO - Guardando post en: posts/AMARGA_NAVIDAD_2026-03-29.json
2026-03-29 10:07:41,839 - INFO - Post guardado exitosamente
2026-03-29 10:07:41,839 - INFO - Actualizando índice de películas
2026-03-29 10:07:41,839 - INFO - Archivo de índice: /home/runner/work/scrapingcines/scrapingcines/index.json
2026-03-29 10:07:41,843 - INFO - Índice existente cargado con 2626 películas
2026-03-29 10:07:41,855 - INFO - Película agregada al índice: AMARGA NAVIDAD
2026-03-29 10:07:41,855 - INFO - Nuevo post guardado: AMARGA NAVIDAD de Pedro Almodóvar
2026-03-29 10:07:41,855 - INFO - Comenzando extracción de información del post
2026-03-29 10:07:41,855 - INFO - Título del post: LA HIJA PEQUEÑA de Hafsia Herzi
2026-03-29 10:07:41,855 - INFO - Fecha del post: 2026-03-29T10:46:29+02:00
2026-03-29 10:07:41,855 - INFO - Obteniendo contenido completo de: https://ghostintheblog.com/2026/03/critica-de-la-hija-pequena-de-hafsia-herzi.html
2026-03-29 10:07:43,117 - INFO - Contenido extraído y estructurado (2709 caracteres)
2026-03-29 10:07:43,118 - INFO - Guardando post en: posts/LA_HIJA_PEQUEÑA_2026-03-29.json
2026-03-29 10:07:43,118 - INFO - Post guardado exitosamente
2026-03-29 10:07:43,118 - INFO - Actualizando índice de películas
2026-03-29 10:07:43,118 - INFO - Archivo de índice: /home/runner/work/scrapingcines/scrapingcines/index.json
2026-03-29 10:07:43,122 - INFO - Índice existente cargado con 2627 películas
2026-03-29 10:07:43,134 - INFO - Película agregada al índice: LA HIJA PEQUEÑA
2026-03-29 10:07:43,135 - INFO - Nuevo post guardado: LA HIJA PEQUEÑA de Hafsia Herzi
2026-03-29 10:07:43,135 - INFO - Comenzando extracción de información del post
2026-03-29 10:07:43,135 - INFO - Post ya existente, saltando: YO TE CREO de Charlotte Devillers y Arnaud Dufeys
2026-03-29 10:07:43,135 - INFO - Comenzando extracción de información del post
2026-03-29 10:07:43,135 - INFO - Post ya existente, saltando: EL TESTAMENTO DE ANN LEE de Mona Fastvold
2026-03-29 10:07:43,135 - INFO - Comenzando extracción de información del post
2026-03-29 10:07:43,135 - INFO - Post ya existente, saltando: ÁGUILAS DE EL CAIRO de Tarik Saleh
2026-03-29 10:07:43,135 - INFO - Comenzando extracción de información del post
2026-03-29 10:07:43,135 - INFO - Post ya existente, saltando: TORRENTE PRESIDENTE de Santiago Segura
2026-03-29 10:07:43,136 - INFO - Comenzando extracción de información del post
2026-03-29 10:07:43,136 - INFO - Post ya existente, saltando: LOS OSCAR 2026
2026-03-29 10:07:43,136 - INFO - Comenzando extracción de información del post
2026-03-29 10:07:43,136 - INFO - Post ya existente, saltando: ¡LA NOVIA! de Maggie Gyllenhaal
2026-03-29 10:07:43,136 - INFO - Comenzando extracción de información del post
2026-03-29 10:07:43,136 - INFO - Post ya existente, saltando: PILLION de Harry Lighton
2026-03-29 10:07:43,136 - INFO - Comenzando extracción de información del post
2026-03-29 10:07:43,136 - INFO - Post ya existente, saltando: EL MAGO DEL KREMLIN de Olivier Assayas
2026-03-29 10:07:43,136 - INFO - Proceso completado. Posts nuevos guardados: 2
