2025-04-21 20:05:40,149 - INFO - Iniciando proceso de scraping
2025-04-21 20:05:40,152 - INFO - Posts existentes encontrados: 2386
2025-04-21 20:05:40,152 - INFO - Intentando obtener posts desde: https://ghostintheblog.com/
2025-04-21 20:05:42,093 - INFO - Se encontraron 10 posts
2025-04-21 20:05:42,093 - INFO - Comenzando extracción de información del post
2025-04-21 20:05:42,093 - INFO - Post ya existente, saltando: LA VIAJERA de Hong Sangsoo
2025-04-21 20:05:42,094 - INFO - Comenzando extracción de información del post
2025-04-21 20:05:42,094 - INFO - Post ya existente, saltando: AMATEUR de James Hawes
2025-04-21 20:05:42,094 - INFO - Comenzando extracción de información del post
2025-04-21 20:05:42,094 - INFO - Post ya existente, saltando: MUY LEJOS de Gerard Oms
2025-04-21 20:05:42,094 - INFO - Comenzando extracción de información del post
2025-04-21 20:05:42,094 - INFO - Post ya existente, saltando: LA NIÑA DE LA CABRA de Ana Asensio
2025-04-21 20:05:42,094 - INFO - Comenzando extracción de información del post
2025-04-21 20:05:42,095 - INFO - Post ya existente, saltando: VIDA EN PAUSA de Alexandros Avranas
2025-04-21 20:05:42,095 - INFO - Comenzando extracción de información del post
2025-04-21 20:05:42,095 - INFO - Post ya existente, saltando: GUILLERMO TELL de Nick Hamm
2025-04-21 20:05:42,095 - INFO - Comenzando extracción de información del post
2025-04-21 20:05:42,095 - INFO - Post ya existente, saltando: SORDA de Eva Libertad
2025-04-21 20:05:42,095 - INFO - Comenzando extracción de información del post
2025-04-21 20:05:42,095 - INFO - Post ya existente, saltando: UNA BALLENA de Pablo Hernando Esquisabel
2025-04-21 20:05:42,095 - INFO - Comenzando extracción de información del post
2025-04-21 20:05:42,096 - INFO - Post ya existente, saltando: LA FURIA de Gemma Blasco
2025-04-21 20:05:42,096 - INFO - Comenzando extracción de información del post
2025-04-21 20:05:42,096 - INFO - Post ya existente, saltando: GHOSTLIGHT de Kelly O’Sullivan y Alex Thompson
2025-04-21 20:05:42,096 - INFO - Proceso completado. Posts nuevos guardados: 0
