2026-02-14 22:02:38,486 - INFO - Iniciando proceso de scraping
2026-02-14 22:02:38,488 - INFO - Posts existentes encontrados: 2506
2026-02-14 22:02:38,489 - INFO - Intentando obtener posts desde: https://ghostintheblog.com/
2026-02-14 22:02:39,767 - INFO - Se encontraron 10 posts
2026-02-14 22:02:39,768 - INFO - Comenzando extracción de información del post
2026-02-14 22:02:39,768 - INFO - Post ya existente, saltando: LA TARTA DEL PRESIDENTE de Hasan Hadi
2026-02-14 22:02:39,768 - INFO - Comenzando extracción de información del post
2026-02-14 22:02:39,768 - INFO - Post ya existente, saltando: MARTY SUPREME de Joshua Safdie
2026-02-14 22:02:39,769 - INFO - Comenzando extracción de información del post
2026-02-14 22:02:39,769 - INFO - Post ya existente, saltando: LA CHICA ZURDA de Shih-Ching Tsou
2026-02-14 22:02:39,769 - INFO - Comenzando extracción de información del post
2026-02-14 22:02:39,769 - INFO - Post ya existente, saltando: HAMNET de Chloé Zhao
2026-02-14 22:02:39,769 - INFO - Comenzando extracción de información del post
2026-02-14 22:02:39,769 - INFO - Post ya existente, saltando: YUNAN de Ameer Fakher Eldin
2026-02-14 22:02:39,769 - INFO - Comenzando extracción de información del post
2026-02-14 22:02:39,769 - INFO - Post ya existente, saltando: LA LEYENDA DE OCHI de Isaiah Saxon
2026-02-14 22:02:39,769 - INFO - Comenzando extracción de información del post
2026-02-14 22:02:39,770 - INFO - Post ya existente, saltando: ARCO de Ugo Bienvenu
2026-02-14 22:02:39,770 - INFO - Comenzando extracción de información del post
2026-02-14 22:02:39,770 - INFO - Post ya existente, saltando: SI PUDIERA TE DARÍA UNA PATADA de Mary Bronstein
2026-02-14 22:02:39,770 - INFO - Comenzando extracción de información del post
2026-02-14 22:02:39,770 - INFO - Post ya existente, saltando: LA MISTERIOSA MIRADA DE FLAMENCO de Diego Céspedes
2026-02-14 22:02:39,770 - INFO - Comenzando extracción de información del post
2026-02-14 22:02:39,770 - INFO - Post ya existente, saltando: NOUVELLE VAGUE de Richard Linklater
2026-02-14 22:02:39,770 - INFO - Proceso completado. Posts nuevos guardados: 0
