2026-04-09 22:12:42,218 - INFO - Iniciando proceso de scraping
2026-04-09 22:12:42,219 - INFO - Posts existentes encontrados: 2529
2026-04-09 22:12:42,219 - INFO - Intentando obtener posts desde: https://ghostintheblog.com/
2026-04-09 22:12:43,607 - INFO - Se encontraron 10 posts
2026-04-09 22:12:43,607 - INFO - Comenzando extracción de información del post
2026-04-09 22:12:43,608 - INFO - Post ya existente, saltando: AMARGA NAVIDAD de Pedro Almodóvar
2026-04-09 22:12:43,608 - INFO - Comenzando extracción de información del post
2026-04-09 22:12:43,608 - INFO - Post ya existente, saltando: LA HIJA PEQUEÑA de Hafsia Herzi
2026-04-09 22:12:43,608 - INFO - Comenzando extracción de información del post
2026-04-09 22:12:43,608 - INFO - Post ya existente, saltando: YO TE CREO de Charlotte Devillers y Arnaud Dufeys
2026-04-09 22:12:43,608 - INFO - Comenzando extracción de información del post
2026-04-09 22:12:43,609 - INFO - Post ya existente, saltando: EL TESTAMENTO DE ANN LEE de Mona Fastvold
2026-04-09 22:12:43,609 - INFO - Comenzando extracción de información del post
2026-04-09 22:12:43,609 - INFO - Post ya existente, saltando: ÁGUILAS DE EL CAIRO de Tarik Saleh
2026-04-09 22:12:43,609 - INFO - Comenzando extracción de información del post
2026-04-09 22:12:43,609 - INFO - Post ya existente, saltando: TORRENTE PRESIDENTE de Santiago Segura
2026-04-09 22:12:43,609 - INFO - Comenzando extracción de información del post
2026-04-09 22:12:43,609 - INFO - Post ya existente, saltando: LOS OSCAR 2026
2026-04-09 22:12:43,609 - INFO - Comenzando extracción de información del post
2026-04-09 22:12:43,609 - INFO - Post ya existente, saltando: ¡LA NOVIA! de Maggie Gyllenhaal
2026-04-09 22:12:43,609 - INFO - Comenzando extracción de información del post
2026-04-09 22:12:43,610 - INFO - Post ya existente, saltando: PILLION de Harry Lighton
2026-04-09 22:12:43,610 - INFO - Comenzando extracción de información del post
2026-04-09 22:12:43,610 - INFO - Post ya existente, saltando: EL MAGO DEL KREMLIN de Olivier Assayas
2026-04-09 22:12:43,610 - INFO - Proceso completado. Posts nuevos guardados: 0
