2025-12-04 22:03:04,133 - INFO - Iniciando proceso de scraping
2025-12-04 22:03:04,135 - INFO - Posts existentes encontrados: 2476
2025-12-04 22:03:04,135 - INFO - Intentando obtener posts desde: https://ghostintheblog.com/
2025-12-04 22:03:05,766 - INFO - Se encontraron 10 posts
2025-12-04 22:03:05,767 - INFO - Comenzando extracción de información del post
2025-12-04 22:03:05,767 - INFO - Post ya existente, saltando: DRÁCULA de Luc Besson
2025-12-04 22:03:05,767 - INFO - Comenzando extracción de información del post
2025-12-04 22:03:05,767 - INFO - Post ya existente, saltando: ALPHA de Julia  Ducournau
2025-12-04 22:03:05,767 - INFO - Comenzando extracción de información del post
2025-12-04 22:03:05,768 - INFO - Post ya existente, saltando: CRIMSON GOLD de Jafar Panahi
2025-12-04 22:03:05,768 - INFO - Comenzando extracción de información del post
2025-12-04 22:03:05,768 - INFO - Post ya existente, saltando: GAUA de Paul Urkijo
2025-12-04 22:03:05,768 - INFO - Comenzando extracción de información del post
2025-12-04 22:03:05,768 - INFO - Post ya existente, saltando: URCHIN de Harris Dickinson
2025-12-04 22:03:05,768 - INFO - Comenzando extracción de información del post
2025-12-04 22:03:05,768 - INFO - Post ya existente, saltando: CIUDAD SIN SUEÑO de Guillermo Galoe
2025-12-04 22:03:05,768 - INFO - Comenzando extracción de información del post
2025-12-04 22:03:05,768 - INFO - Post ya existente, saltando: BUGONIA de Yorgos Lanthimos
2025-12-04 22:03:05,768 - INFO - Comenzando extracción de información del post
2025-12-04 22:03:05,769 - INFO - Post ya existente, saltando: SUBSUELO de Fernando Franco
2025-12-04 22:03:05,769 - INFO - Comenzando extracción de información del post
2025-12-04 22:03:05,769 - INFO - Post ya existente, saltando: SIEMPRE ES INVIERNO de David Trueba
2025-12-04 22:03:05,769 - INFO - Comenzando extracción de información del post
2025-12-04 22:03:05,769 - INFO - Post ya existente, saltando: THE MASTERMIND de Kelly Reichardt
2025-12-04 22:03:05,769 - INFO - Proceso completado. Posts nuevos guardados: 0
