2026-06-06 22:21:16,084 - INFO - Iniciando proceso de scraping
2026-06-06 22:21:16,086 - INFO - Posts existentes encontrados: 2553
2026-06-06 22:21:16,086 - INFO - Intentando obtener posts desde: https://ghostintheblog.com/
2026-06-06 22:21:17,401 - INFO - Se encontraron 10 posts
2026-06-06 22:21:17,402 - INFO - Comenzando extracción de información del post
2026-06-06 22:21:17,402 - INFO - Título del post: LA IRONÍA DEL AMOR de Hong Sang-soo
2026-06-06 22:21:17,402 - INFO - Fecha del post: 2026-06-07T00:08:06+02:00
2026-06-06 22:21:17,402 - INFO - Obteniendo contenido completo de: https://ghostintheblog.com/critica-de-la-ironia-del-amor-de-hong-sang-soo/
2026-06-06 22:21:18,737 - INFO - Contenido extraído y estructurado (2869 caracteres)
2026-06-06 22:21:18,738 - INFO - Guardando post en: posts/LA_IRONÍA_DEL_AMOR_2026-06-07.json
2026-06-06 22:21:18,738 - INFO - Post guardado exitosamente
2026-06-06 22:21:18,738 - INFO - Actualizando índice de películas
2026-06-06 22:21:18,738 - INFO - Archivo de índice: /home/runner/work/scrapingcines/scrapingcines/index.json
2026-06-06 22:21:18,742 - INFO - Índice existente cargado con 2651 películas
2026-06-06 22:21:18,755 - INFO - Película agregada al índice: LA IRONÍA DEL AMOR
2026-06-06 22:21:18,755 - INFO - Nuevo post guardado: LA IRONÍA DEL AMOR de Hong Sang-soo
2026-06-06 22:21:18,755 - INFO - Comenzando extracción de información del post
2026-06-06 22:21:18,755 - INFO - Post ya existente, saltando: LA IRONÍA DEL AMOR de Chandler Levack
2026-06-06 22:21:18,755 - INFO - Comenzando extracción de información del post
2026-06-06 22:21:18,755 - INFO - Título del post: UN MUNDO FRÁGIL Y MARAVILLOSO de Cyril Aris
2026-06-06 22:21:18,755 - INFO - Fecha del post: 2026-06-06T23:54:54+02:00
2026-06-06 22:21:18,756 - INFO - Obteniendo contenido completo de: https://ghostintheblog.com/critica-de-un-mundo-fragil-y-maravilloso-de-cyril-aris/
2026-06-06 22:21:20,186 - INFO - Contenido extraído y estructurado (4569 caracteres)
2026-06-06 22:21:20,187 - INFO - Guardando post en: posts/UN_MUNDO_FRÁGIL_Y_MARAVILLOSO_2026-06-06.json
2026-06-06 22:21:20,187 - INFO - Post guardado exitosamente
2026-06-06 22:21:20,188 - INFO - Actualizando índice de películas
2026-06-06 22:21:20,188 - INFO - Archivo de índice: /home/runner/work/scrapingcines/scrapingcines/index.json
2026-06-06 22:21:20,192 - INFO - Índice existente cargado con 2652 películas
2026-06-06 22:21:20,204 - INFO - Película agregada al índice: UN MUNDO FRÁGIL Y MARAVILLOSO
2026-06-06 22:21:20,204 - INFO - Nuevo post guardado: UN MUNDO FRÁGIL Y MARAVILLOSO de Cyril Aris
2026-06-06 22:21:20,204 - INFO - Comenzando extracción de información del post
2026-06-06 22:21:20,205 - INFO - Título del post: ASESINATO EN LA 3ª PLANTA de Rémi Bezançon
2026-06-06 22:21:20,205 - INFO - Fecha del post: 2026-06-06T23:46:28+02:00
2026-06-06 22:21:20,205 - INFO - Obteniendo contenido completo de: https://ghostintheblog.com/critica-de-asesinato-en-la-3a-planta-de-remi-bezancon/
2026-06-06 22:21:21,617 - INFO - Contenido extraído y estructurado (2640 caracteres)
2026-06-06 22:21:21,618 - INFO - Guardando post en: posts/ASESINATO_EN_LA_3ª_PLANTA_2026-06-06.json
2026-06-06 22:21:21,618 - INFO - Post guardado exitosamente
2026-06-06 22:21:21,619 - INFO - Actualizando índice de películas
2026-06-06 22:21:21,619 - INFO - Archivo de índice: /home/runner/work/scrapingcines/scrapingcines/index.json
2026-06-06 22:21:21,622 - INFO - Índice existente cargado con 2653 películas
2026-06-06 22:21:21,634 - INFO - Película agregada al índice: ASESINATO EN LA 3ª PLANTA
2026-06-06 22:21:21,635 - INFO - Nuevo post guardado: ASESINATO EN LA 3ª PLANTA de Rémi Bezançon
2026-06-06 22:21:21,635 - INFO - Comenzando extracción de información del post
2026-06-06 22:21:21,635 - INFO - Título del post: A LA CARA de Javier Marco
2026-06-06 22:21:21,635 - INFO - Fecha del post: 2026-06-06T23:36:56+02:00
2026-06-06 22:21:21,635 - INFO - Obteniendo contenido completo de: https://ghostintheblog.com/critica-de-a-la-cara-de-javier-marco/
2026-06-06 22:21:22,892 - INFO - Contenido extraído y estructurado (2661 caracteres)
2026-06-06 22:21:22,893 - INFO - Guardando post en: posts/A_LA_CARA_2026-06-06.json
2026-06-06 22:21:22,893 - INFO - Post guardado exitosamente
2026-06-06 22:21:22,893 - INFO - Actualizando índice de películas
2026-06-06 22:21:22,893 - INFO - Archivo de índice: /home/runner/work/scrapingcines/scrapingcines/index.json
2026-06-06 22:21:22,898 - INFO - Índice existente cargado con 2654 películas
2026-06-06 22:21:22,910 - INFO - Película agregada al índice: A LA CARA
2026-06-06 22:21:22,910 - INFO - Nuevo post guardado: A LA CARA de Javier Marco
2026-06-06 22:21:22,910 - INFO - Comenzando extracción de información del post
2026-06-06 22:21:22,910 - INFO - Post ya existente, saltando: LOVE ME TENDER de  Anna Cazenave Cambet
2026-06-06 22:21:22,910 - INFO - Comenzando extracción de información del post
2026-06-06 22:21:22,911 - INFO - Post ya existente, saltando: PIZZA MOVIES de Carlo Padial
2026-06-06 22:21:22,911 - INFO - Comenzando extracción de información del post
2026-06-06 22:21:22,911 - INFO - Post ya existente, saltando: LA CHICA DEL CORO de Urška Djukić
2026-06-06 22:21:22,911 - INFO - Comenzando extracción de información del post
2026-06-06 22:21:22,911 - INFO - Post ya existente, saltando: YO NO MORIRÉ DE AMOR de Marta Matute
2026-06-06 22:21:22,911 - INFO - Comenzando extracción de información del post
2026-06-06 22:21:22,911 - INFO - Post ya existente, saltando: HANGAR ROJO de Juan Pablo Sallato
2026-06-06 22:21:22,911 - INFO - Proceso completado. Posts nuevos guardados: 4
