2026-05-09 08:36:28,689 - INFO - Iniciando proceso de scraping
2026-05-09 08:36:28,691 - INFO - Posts existentes encontrados: 2544
2026-05-09 08:36:28,691 - INFO - Intentando obtener posts desde: https://ghostintheblog.com/
2026-05-09 08:36:30,286 - INFO - Se encontraron 10 posts
2026-05-09 08:36:30,287 - INFO - Comenzando extracción de información del post
2026-05-09 08:36:30,287 - INFO - Título del post: LA ISLA DE AMRUM de Fatih Akin
2026-05-09 08:36:30,287 - INFO - Fecha del post: 2026-05-09T10:32:22+02:00
2026-05-09 08:36:30,287 - INFO - Obteniendo contenido completo de: https://ghostintheblog.com/2026/05/critica-de-la-isla-de-amrum-de-fatih-akin.html
2026-05-09 08:36:32,000 - INFO - Contenido extraído y estructurado (2618 caracteres)
2026-05-09 08:36:32,001 - INFO - Guardando post en: posts/LA_ISLA_DE_AMRUM_2026-05-09.json
2026-05-09 08:36:32,001 - INFO - Post guardado exitosamente
2026-05-09 08:36:32,001 - INFO - Actualizando índice de películas
2026-05-09 08:36:32,001 - INFO - Archivo de índice: /home/runner/work/scrapingcines/scrapingcines/index.json
2026-05-09 08:36:32,005 - INFO - Índice existente cargado con 2643 películas
2026-05-09 08:36:32,017 - INFO - Película agregada al índice: LA ISLA DE AMRUM
2026-05-09 08:36:32,017 - INFO - Nuevo post guardado: LA ISLA DE AMRUM de Fatih Akin
2026-05-09 08:36:32,017 - INFO - Comenzando extracción de información del post
2026-05-09 08:36:32,018 - INFO - Post ya existente, saltando: TODO LO QUE FUIMOS de Cherien Dabis
2026-05-09 08:36:32,018 - INFO - Comenzando extracción de información del post
2026-05-09 08:36:32,018 - INFO - Post ya existente, saltando: MICHAEL de Antoine Fuqua
2026-05-09 08:36:32,018 - INFO - Comenzando extracción de información del post
2026-05-09 08:36:32,018 - INFO - Post ya existente, saltando: ENZO de Robin Campillo
2026-05-09 08:36:32,018 - INFO - Comenzando extracción de información del post
2026-05-09 08:36:32,018 - INFO - Post ya existente, saltando: MI QUERIDA SEÑORITA de Fernando González Molina
2026-05-09 08:36:32,018 - INFO - Comenzando extracción de información del post
2026-05-09 08:36:32,018 - INFO - Post ya existente, saltando: EL SONIDO DE LA CAIDA de Mascha Schilinski
2026-05-09 08:36:32,018 - INFO - Comenzando extracción de información del post
2026-05-09 08:36:32,019 - INFO - Post ya existente, saltando: PRIME CRIME: A TRUE STORY de Gus Van Sant
2026-05-09 08:36:32,019 - INFO - Comenzando extracción de información del post
2026-05-09 08:36:32,019 - INFO - Post ya existente, saltando: UN POETA de Simón Mesa
2026-05-09 08:36:32,019 - INFO - Comenzando extracción de información del post
2026-05-09 08:36:32,019 - INFO - Post ya existente, saltando: LA BUENA HIJA de Júlia de Paz Solvas
2026-05-09 08:36:32,019 - INFO - Comenzando extracción de información del post
2026-05-09 08:36:32,019 - INFO - Post ya existente, saltando: ATRAPANDO A UN MONSTRUO de Bryan Fuller
2026-05-09 08:36:32,019 - INFO - Proceso completado. Posts nuevos guardados: 1
