2025-04-03 20:06:06,567 - INFO - Iniciando proceso de scraping
2025-04-03 20:06:06,569 - INFO - Posts existentes encontrados: 2377
2025-04-03 20:06:06,570 - INFO - Intentando obtener posts desde: https://ghostintheblog.com/
2025-04-03 20:06:08,379 - INFO - Se encontraron 10 posts
2025-04-03 20:06:08,379 - INFO - Comenzando extracción de información del post
2025-04-03 20:06:08,379 - INFO - Post ya existente, saltando: GHOSTLIGHT de Kelly O’Sullivan y Alex Thompson
2025-04-03 20:06:08,379 - INFO - Comenzando extracción de información del post
2025-04-03 20:06:08,379 - INFO - Post ya existente, saltando: 8 de Julio Medem
2025-04-03 20:06:08,379 - INFO - Comenzando extracción de información del post
2025-04-03 20:06:08,380 - INFO - Post ya existente, saltando: LA CHICA DE LA AGUJA de Magnus von Horn
2025-04-03 20:06:08,380 - INFO - Comenzando extracción de información del post
2025-04-03 20:06:08,380 - INFO - Post ya existente, saltando: MISERICORDIA de Alain Guiraudie
2025-04-03 20:06:08,380 - INFO - Comenzando extracción de información del post
2025-04-03 20:06:08,380 - INFO - Post ya existente, saltando: LOS AITAS de Borja Cobeaga
2025-04-03 20:06:08,380 - INFO - Comenzando extracción de información del post
2025-04-03 20:06:08,380 - INFO - Post ya existente, saltando: MORLAIX de Jaime Rosales
2025-04-03 20:06:08,380 - INFO - Comenzando extracción de información del post
2025-04-03 20:06:08,380 - INFO - Post ya existente, saltando: TARDES DE SOLEDAD de Albert Serra
2025-04-03 20:06:08,380 - INFO - Comenzando extracción de información del post
2025-04-03 20:06:08,381 - INFO - Post ya existente, saltando: MICKEY 17 de Bong Joon-ho
2025-04-03 20:06:08,381 - INFO - Comenzando extracción de información del post
2025-04-03 20:06:08,381 - INFO - Post ya existente, saltando: LEE MILLER de Ellen Kuras
2025-04-03 20:06:08,381 - INFO - Comenzando extracción de información del post
2025-04-03 20:06:08,381 - INFO - Post ya existente, saltando: GRAND TOUR de Miguel Gomes
2025-04-03 20:06:08,381 - INFO - Proceso completado. Posts nuevos guardados: 0
