2026-01-02 20:06:42,599 - INFO - Iniciando proceso de scraping
2026-01-02 20:06:42,601 - INFO - Posts existentes encontrados: 2488
2026-01-02 20:06:42,601 - INFO - Intentando obtener posts desde: https://ghostintheblog.com/
2026-01-02 20:06:43,862 - INFO - Se encontraron 10 posts
2026-01-02 20:06:43,864 - INFO - Comenzando extracción de información del post
2026-01-02 20:06:43,864 - INFO - Post ya existente, saltando: FATHER MOTHER SISTER BROTHER de Jim Jarmusch
2026-01-02 20:06:43,864 - INFO - Comenzando extracción de información del post
2026-01-02 20:06:43,864 - INFO - Post ya existente, saltando: VIDA PRIVADA de Rebecca Zlotowski
2026-01-02 20:06:43,864 - INFO - Comenzando extracción de información del post
2026-01-02 20:06:43,864 - INFO - Post ya existente, saltando: ART SPIEGELMAN: EL DESASTRE ES MI MUSA de Molly Bernstein y Philip Dolin
2026-01-02 20:06:43,865 - INFO - Comenzando extracción de información del post
2026-01-02 20:06:43,865 - INFO - Post ya existente, saltando: EL EXTRANJERO de François Ozon
2026-01-02 20:06:43,865 - INFO - Comenzando extracción de información del post
2026-01-02 20:06:43,865 - INFO - Post ya existente, saltando: LA VIDA FUERA de Mario Martone
2026-01-02 20:06:43,865 - INFO - Comenzando extracción de información del post
2026-01-02 20:06:43,865 - INFO - Post ya existente, saltando: FRONTERA de Judith Colell
2026-01-02 20:06:43,865 - INFO - Comenzando extracción de información del post
2026-01-02 20:06:43,865 - INFO - Post ya existente, saltando: ARO BERRIA de Irati Gorostidi Agirretxe
2026-01-02 20:06:43,865 - INFO - Comenzando extracción de información del post
2026-01-02 20:06:43,866 - INFO - Post ya existente, saltando: GOLPES de Rafael Cobos
2026-01-02 20:06:43,866 - INFO - Comenzando extracción de información del post
2026-01-02 20:06:43,866 - INFO - Post ya existente, saltando: SINGULAR de Alberto Gastesi
2026-01-02 20:06:43,866 - INFO - Comenzando extracción de información del post
2026-01-02 20:06:43,866 - INFO - Post ya existente, saltando: VALOR SENTIMENTAL de Joachim Trier
2026-01-02 20:06:43,866 - INFO - Proceso completado. Posts nuevos guardados: 0
