2026-01-05 12:10:11,662 - INFO - Iniciando proceso de scraping
2026-01-05 12:10:11,664 - INFO - Posts existentes encontrados: 2491
2026-01-05 12:10:11,664 - INFO - Intentando obtener posts desde: https://ghostintheblog.com/
2026-01-05 12:10:12,818 - INFO - Se encontraron 10 posts
2026-01-05 12:10:12,819 - INFO - Comenzando extracción de información del post
2026-01-05 12:10:12,820 - INFO - Post ya existente, saltando: AVATAR: FUEGO Y CENIZAS de James Cameron
2026-01-05 12:10:12,820 - INFO - Comenzando extracción de información del post
2026-01-05 12:10:12,820 - INFO - Post ya existente, saltando: HOMO ARGENTUM de Mariano Cohn y Gastón Duprat
2026-01-05 12:10:12,820 - INFO - Comenzando extracción de información del post
2026-01-05 12:10:12,820 - INFO - Post ya existente, saltando: ZODIAC KILLER PROJECT de Charlie Shackleton
2026-01-05 12:10:12,820 - INFO - Comenzando extracción de información del post
2026-01-05 12:10:12,820 - INFO - Post ya existente, saltando: FATHER MOTHER SISTER BROTHER de Jim Jarmusch
2026-01-05 12:10:12,821 - INFO - Comenzando extracción de información del post
2026-01-05 12:10:12,821 - INFO - Post ya existente, saltando: VIDA PRIVADA de Rebecca Zlotowski
2026-01-05 12:10:12,821 - INFO - Comenzando extracción de información del post
2026-01-05 12:10:12,821 - INFO - Post ya existente, saltando: ART SPIEGELMAN: EL DESASTRE ES MI MUSA de Molly Bernstein y Philip Dolin
2026-01-05 12:10:12,821 - INFO - Comenzando extracción de información del post
2026-01-05 12:10:12,821 - INFO - Post ya existente, saltando: EL EXTRANJERO de François Ozon
2026-01-05 12:10:12,821 - INFO - Comenzando extracción de información del post
2026-01-05 12:10:12,821 - INFO - Post ya existente, saltando: LA VIDA FUERA de Mario Martone
2026-01-05 12:10:12,821 - INFO - Comenzando extracción de información del post
2026-01-05 12:10:12,822 - INFO - Post ya existente, saltando: FRONTERA de Judith Colell
2026-01-05 12:10:12,822 - INFO - Comenzando extracción de información del post
2026-01-05 12:10:12,822 - INFO - Post ya existente, saltando: ARO BERRIA de Irati Gorostidi Agirretxe
2026-01-05 12:10:12,822 - INFO - Proceso completado. Posts nuevos guardados: 0
