2025-07-26 10:01:58,282 - INFO - Iniciando proceso de scraping
2025-07-26 10:01:58,284 - INFO - Posts existentes encontrados: 2420
2025-07-26 10:01:58,284 - INFO - Intentando obtener posts desde: https://ghostintheblog.com/
2025-07-26 10:02:01,195 - INFO - Se encontraron 10 posts
2025-07-26 10:02:01,196 - INFO - Comenzando extracción de información del post
2025-07-26 10:02:01,196 - INFO - Post ya existente, saltando: BREVE HISTORIA DE UNA FAMILIA de Lin Jianjie
2025-07-26 10:02:01,196 - INFO - Comenzando extracción de información del post
2025-07-26 10:02:01,196 - INFO - Post ya existente, saltando: LA MERCANCÍA MÁS PRECIOSA de Michel Hazanavicius
2025-07-26 10:02:01,196 - INFO - Comenzando extracción de información del post
2025-07-26 10:02:01,196 - INFO - Post ya existente, saltando: TRES AMIGAS de Emmanuel Mouret
2025-07-26 10:02:01,196 - INFO - Comenzando extracción de información del post
2025-07-26 10:02:01,197 - INFO - Post ya existente, saltando: BLACK DOG de Guan Hu
2025-07-26 10:02:01,197 - INFO - Comenzando extracción de información del post
2025-07-26 10:02:01,197 - INFO - Post ya existente, saltando: F1: LA PELÍCULA de Joseph Kosinski
2025-07-26 10:02:01,197 - INFO - Comenzando extracción de información del post
2025-07-26 10:02:01,197 - INFO - Post ya existente, saltando: VOLVER A TI de Jeanette Nordahl
2025-07-26 10:02:01,197 - INFO - Comenzando extracción de información del post
2025-07-26 10:02:01,197 - INFO - Post ya existente, saltando: THE LAST SHOWGIRL de Gia Coppola
2025-07-26 10:02:01,197 - INFO - Comenzando extracción de información del post
2025-07-26 10:02:01,198 - INFO - Post ya existente, saltando: JULIETTE EN PRIMAVERA de Blandine Lenoir
2025-07-26 10:02:01,198 - INFO - Comenzando extracción de información del post
2025-07-26 10:02:01,198 - INFO - Post ya existente, saltando: RAMÓN Y RAMÓN de Salvador del Solar
2025-07-26 10:02:01,198 - INFO - Comenzando extracción de información del post
2025-07-26 10:02:01,198 - INFO - Post ya existente, saltando: A LA DERIVA de Jia Zhangke
2025-07-26 10:02:01,198 - INFO - Proceso completado. Posts nuevos guardados: 0
