2025-05-06 08:07:11,555 - INFO - Iniciando proceso de scraping
2025-05-06 08:07:11,557 - INFO - Posts existentes encontrados: 2392
2025-05-06 08:07:11,557 - INFO - Intentando obtener posts desde: https://ghostintheblog.com/
2025-05-06 08:07:14,766 - INFO - Se encontraron 10 posts
2025-05-06 08:07:14,766 - INFO - Comenzando extracción de información del post
2025-05-06 08:07:14,767 - INFO - Post ya existente, saltando: LA BUENA LETRA de Celia Rico Clavellino
2025-05-06 08:07:14,767 - INFO - Comenzando extracción de información del post
2025-05-06 08:07:14,767 - INFO - Post ya existente, saltando: SUJO de Fernanda Valadez, Astrid Rondero
2025-05-06 08:07:14,767 - INFO - Comenzando extracción de información del post
2025-05-06 08:07:14,767 - INFO - Post ya existente, saltando: LA ISLA DE LOS FAISANES de Asier Urbieta
2025-05-06 08:07:14,767 - INFO - Comenzando extracción de información del post
2025-05-06 08:07:14,768 - INFO - Post ya existente, saltando: THE END de Joshua Oppenheimer
2025-05-06 08:07:14,768 - INFO - Comenzando extracción de información del post
2025-05-06 08:07:14,768 - INFO - Post ya existente, saltando: EL ÚLTIMO SUSPIRO de Costa-Gavras
2025-05-06 08:07:14,768 - INFO - Comenzando extracción de información del post
2025-05-06 08:07:14,768 - INFO - Post ya existente, saltando: EL CASOPLÓN de Joaquín Mazón
2025-05-06 08:07:14,768 - INFO - Comenzando extracción de información del post
2025-05-06 08:07:14,768 - INFO - Post ya existente, saltando: LA VIAJERA de Hong Sangsoo
2025-05-06 08:07:14,768 - INFO - Comenzando extracción de información del post
2025-05-06 08:07:14,769 - INFO - Post ya existente, saltando: AMATEUR de James Hawes
2025-05-06 08:07:14,769 - INFO - Comenzando extracción de información del post
2025-05-06 08:07:14,769 - INFO - Post ya existente, saltando: MUY LEJOS de Gerard Oms
2025-05-06 08:07:14,769 - INFO - Comenzando extracción de información del post
2025-05-06 08:07:14,769 - INFO - Post ya existente, saltando: LA NIÑA DE LA CABRA de Ana Asensio
2025-05-06 08:07:14,769 - INFO - Proceso completado. Posts nuevos guardados: 0
