2026-04-17 16:22:59,904 - INFO - Iniciando proceso de scraping
2026-04-17 16:22:59,906 - INFO - Posts existentes encontrados: 2535
2026-04-17 16:22:59,907 - INFO - Intentando obtener posts desde: https://ghostintheblog.com/
2026-04-17 16:23:02,940 - INFO - Se encontraron 10 posts
2026-04-17 16:23:02,941 - INFO - Comenzando extracción de información del post
2026-04-17 16:23:02,942 - INFO - Post ya existente, saltando: LA GRAZIA de Paolo Sorrentino
2026-04-17 16:23:02,942 - INFO - Comenzando extracción de información del post
2026-04-17 16:23:02,942 - INFO - Post ya existente, saltando: ALTAS CAPACIDADES de Víctor García León
2026-04-17 16:23:02,942 - INFO - Comenzando extracción de información del post
2026-04-17 16:23:02,942 - INFO - Post ya existente, saltando: LAPÖNIA de David Serrano
2026-04-17 16:23:02,942 - INFO - Comenzando extracción de información del post
2026-04-17 16:23:02,942 - INFO - Post ya existente, saltando: PROYECTO SALVACIÓN de Phil Lord y Christopher Miller
2026-04-17 16:23:02,942 - INFO - Comenzando extracción de información del post
2026-04-17 16:23:02,943 - INFO - Post ya existente, saltando: DOS FISCALES de Serguéi  Loznitsa
2026-04-17 16:23:02,943 - INFO - Comenzando extracción de información del post
2026-04-17 16:23:02,943 - INFO - Post ya existente, saltando: MAIGRET Y LA MUERTE DEL EMBAJADOR de Pascal Bonitzer
2026-04-17 16:23:02,943 - INFO - Comenzando extracción de información del post
2026-04-17 16:23:02,943 - INFO - Post ya existente, saltando: AMARGA NAVIDAD de Pedro Almodóvar
2026-04-17 16:23:02,943 - INFO - Comenzando extracción de información del post
2026-04-17 16:23:02,943 - INFO - Post ya existente, saltando: LA HIJA PEQUEÑA de Hafsia Herzi
2026-04-17 16:23:02,943 - INFO - Comenzando extracción de información del post
2026-04-17 16:23:02,943 - INFO - Post ya existente, saltando: YO TE CREO de Charlotte Devillers y Arnaud Dufeys
2026-04-17 16:23:02,943 - INFO - Comenzando extracción de información del post
2026-04-17 16:23:02,943 - INFO - Post ya existente, saltando: EL TESTAMENTO DE ANN LEE de Mona Fastvold
2026-04-17 16:23:02,943 - INFO - Proceso completado. Posts nuevos guardados: 0
