2025-11-21 10:02:31,934 - INFO - Iniciando proceso de scraping
2025-11-21 10:02:31,936 - INFO - Posts existentes encontrados: 2470
2025-11-21 10:02:31,936 - INFO - Intentando obtener posts desde: https://ghostintheblog.com/
2025-11-21 10:02:35,202 - INFO - Se encontraron 10 posts
2025-11-21 10:02:35,203 - INFO - Comenzando extracción de información del post
2025-11-21 10:02:35,203 - INFO - Post ya existente, saltando: BUGONIA de Yorgos Lanthimos
2025-11-21 10:02:35,203 - INFO - Comenzando extracción de información del post
2025-11-21 10:02:35,203 - INFO - Post ya existente, saltando: SUBSUELO de Fernando Franco
2025-11-21 10:02:35,203 - INFO - Comenzando extracción de información del post
2025-11-21 10:02:35,204 - INFO - Post ya existente, saltando: SIEMPRE ES INVIERNO de David Trueba
2025-11-21 10:02:35,204 - INFO - Comenzando extracción de información del post
2025-11-21 10:02:35,204 - INFO - Post ya existente, saltando: THE MASTERMIND de Kelly Reichardt
2025-11-21 10:02:35,204 - INFO - Comenzando extracción de información del post
2025-11-21 10:02:35,204 - INFO - Post ya existente, saltando: RECIÉN NACIDAS de Jean-Pierre  y Luc Dardenne
2025-11-21 10:02:35,204 - INFO - Comenzando extracción de información del post
2025-11-21 10:02:35,204 - INFO - Post ya existente, saltando: LOS TIGRES de Alberto Rodríguez
2025-11-21 10:02:35,204 - INFO - Comenzando extracción de información del post
2025-11-21 10:02:35,204 - INFO - Post ya existente, saltando: FRANKENSTEIN de Guillermo del Toro
2025-11-21 10:02:35,204 - INFO - Comenzando extracción de información del post
2025-11-21 10:02:35,205 - INFO - Post ya existente, saltando: ESA COSA CON ALAS de Dylan Southern
2025-11-21 10:02:35,205 - INFO - Comenzando extracción de información del post
2025-11-21 10:02:35,205 - INFO - Post ya existente, saltando: LA CENA de Manuel Gómez Pereira
2025-11-21 10:02:35,205 - INFO - Comenzando extracción de información del post
2025-11-21 10:02:35,205 - INFO - Post ya existente, saltando: LOS DOMINGOS de Alauda Ruiz de Azúa
2025-11-21 10:02:35,205 - INFO - Proceso completado. Posts nuevos guardados: 0
