2025-04-28 16:05:55,605 - INFO - Iniciando proceso de scraping
2025-04-28 16:05:55,607 - INFO - Posts existentes encontrados: 2389
2025-04-28 16:05:55,607 - INFO - Intentando obtener posts desde: https://ghostintheblog.com/
2025-04-28 16:05:57,364 - INFO - Se encontraron 10 posts
2025-04-28 16:05:57,364 - INFO - Comenzando extracción de información del post
2025-04-28 16:05:57,365 - INFO - Post ya existente, saltando: THE END de Joshua Oppenheimer
2025-04-28 16:05:57,365 - INFO - Comenzando extracción de información del post
2025-04-28 16:05:57,365 - INFO - Post ya existente, saltando: EL ÚLTIMO SUSPIRO de Costa-Gavras
2025-04-28 16:05:57,365 - INFO - Comenzando extracción de información del post
2025-04-28 16:05:57,365 - INFO - Post ya existente, saltando: EL CASOPLÓN de Joaquín Mazón
2025-04-28 16:05:57,365 - INFO - Comenzando extracción de información del post
2025-04-28 16:05:57,365 - INFO - Post ya existente, saltando: LA VIAJERA de Hong Sangsoo
2025-04-28 16:05:57,366 - INFO - Comenzando extracción de información del post
2025-04-28 16:05:57,366 - INFO - Post ya existente, saltando: AMATEUR de James Hawes
2025-04-28 16:05:57,366 - INFO - Comenzando extracción de información del post
2025-04-28 16:05:57,366 - INFO - Post ya existente, saltando: MUY LEJOS de Gerard Oms
2025-04-28 16:05:57,366 - INFO - Comenzando extracción de información del post
2025-04-28 16:05:57,366 - INFO - Post ya existente, saltando: LA NIÑA DE LA CABRA de Ana Asensio
2025-04-28 16:05:57,366 - INFO - Comenzando extracción de información del post
2025-04-28 16:05:57,366 - INFO - Post ya existente, saltando: VIDA EN PAUSA de Alexandros Avranas
2025-04-28 16:05:57,367 - INFO - Comenzando extracción de información del post
2025-04-28 16:05:57,367 - INFO - Post ya existente, saltando: GUILLERMO TELL de Nick Hamm
2025-04-28 16:05:57,367 - INFO - Comenzando extracción de información del post
2025-04-28 16:05:57,367 - INFO - Post ya existente, saltando: SORDA de Eva Libertad
2025-04-28 16:05:57,367 - INFO - Proceso completado. Posts nuevos guardados: 0
