2025-04-23 16:06:42,321 - INFO - Iniciando proceso de scraping
2025-04-23 16:06:42,323 - INFO - Posts existentes encontrados: 2386
2025-04-23 16:06:42,323 - INFO - Intentando obtener posts desde: https://ghostintheblog.com/
2025-04-23 16:06:44,773 - INFO - Se encontraron 10 posts
2025-04-23 16:06:44,774 - INFO - Comenzando extracción de información del post
2025-04-23 16:06:44,774 - INFO - Post ya existente, saltando: LA VIAJERA de Hong Sangsoo
2025-04-23 16:06:44,774 - INFO - Comenzando extracción de información del post
2025-04-23 16:06:44,774 - INFO - Post ya existente, saltando: AMATEUR de James Hawes
2025-04-23 16:06:44,774 - INFO - Comenzando extracción de información del post
2025-04-23 16:06:44,775 - INFO - Post ya existente, saltando: MUY LEJOS de Gerard Oms
2025-04-23 16:06:44,775 - INFO - Comenzando extracción de información del post
2025-04-23 16:06:44,775 - INFO - Post ya existente, saltando: LA NIÑA DE LA CABRA de Ana Asensio
2025-04-23 16:06:44,775 - INFO - Comenzando extracción de información del post
2025-04-23 16:06:44,775 - INFO - Post ya existente, saltando: VIDA EN PAUSA de Alexandros Avranas
2025-04-23 16:06:44,775 - INFO - Comenzando extracción de información del post
2025-04-23 16:06:44,775 - INFO - Post ya existente, saltando: GUILLERMO TELL de Nick Hamm
2025-04-23 16:06:44,775 - INFO - Comenzando extracción de información del post
2025-04-23 16:06:44,776 - INFO - Post ya existente, saltando: SORDA de Eva Libertad
2025-04-23 16:06:44,776 - INFO - Comenzando extracción de información del post
2025-04-23 16:06:44,776 - INFO - Post ya existente, saltando: UNA BALLENA de Pablo Hernando Esquisabel
2025-04-23 16:06:44,776 - INFO - Comenzando extracción de información del post
2025-04-23 16:06:44,776 - INFO - Post ya existente, saltando: LA FURIA de Gemma Blasco
2025-04-23 16:06:44,776 - INFO - Comenzando extracción de información del post
2025-04-23 16:06:44,776 - INFO - Post ya existente, saltando: GHOSTLIGHT de Kelly O’Sullivan y Alex Thompson
2025-04-23 16:06:44,777 - INFO - Proceso completado. Posts nuevos guardados: 0
