2026-03-01 10:03:47,545 - INFO - Iniciando proceso de scraping
2026-03-01 10:03:47,547 - INFO - Posts existentes encontrados: 2515
2026-03-01 10:03:47,547 - INFO - Intentando obtener posts desde: https://ghostintheblog.com/
2026-03-01 10:03:49,983 - INFO - Se encontraron 10 posts
2026-03-01 10:03:49,984 - INFO - Comenzando extracción de información del post
2026-03-01 10:03:49,984 - INFO - Post ya existente, saltando: LITTLE AMÉLIE de Mailys Vallade y Liane-Cho Han Jin Kuang
2026-03-01 10:03:49,984 - INFO - Comenzando extracción de información del post
2026-03-01 10:03:49,984 - INFO - Post ya existente, saltando: LA MALDICIÓN DE SHELBY OAKS de Chris Stuckmann
2026-03-01 10:03:49,984 - INFO - Comenzando extracción de información del post
2026-03-01 10:03:49,985 - INFO - Post ya existente, saltando: SIN CONEXIÓN de Bradley Cooper
2026-03-01 10:03:49,985 - INFO - Comenzando extracción de información del post
2026-03-01 10:03:49,985 - INFO - Post ya existente, saltando: EL AGENTE SECRETO de Kleber Mendonça Filho
2026-03-01 10:03:49,985 - INFO - Comenzando extracción de información del post
2026-03-01 10:03:49,985 - INFO - Post ya existente, saltando: CUMBRES BORRASCOSAS de Emerald Fennell
2026-03-01 10:03:49,985 - INFO - Comenzando extracción de información del post
2026-03-01 10:03:49,985 - INFO - Post ya existente, saltando: NO HAY OTRA OPCIÓN de Park Chan-wook
2026-03-01 10:03:49,985 - INFO - Comenzando extracción de información del post
2026-03-01 10:03:49,986 - INFO - Post ya existente, saltando: HISTORIAS DEL BUEN VALLE de José Luis Guerín
2026-03-01 10:03:49,986 - INFO - Comenzando extracción de información del post
2026-03-01 10:03:49,986 - INFO - Post ya existente, saltando: LA FIERA de Salvador Calvo
2026-03-01 10:03:49,986 - INFO - Comenzando extracción de información del post
2026-03-01 10:03:49,986 - INFO - Post ya existente, saltando: TRES ADIOSES de Isabel Coixet
2026-03-01 10:03:49,986 - INFO - Comenzando extracción de información del post
2026-03-01 10:03:49,986 - INFO - Post ya existente, saltando: LA TARTA DEL PRESIDENTE de Hasan Hadi
2026-03-01 10:03:49,986 - INFO - Proceso completado. Posts nuevos guardados: 0
