2025-10-11 16:06:08,098 - INFO - Iniciando proceso de scraping
2025-10-11 16:06:08,100 - INFO - Posts existentes encontrados: 2452
2025-10-11 16:06:08,100 - INFO - Intentando obtener posts desde: https://ghostintheblog.com/
2025-10-11 16:06:09,302 - INFO - Se encontraron 10 posts
2025-10-11 16:06:09,303 - INFO - Comenzando extracción de información del post
2025-10-11 16:06:09,303 - INFO - Título del post: LA SOSPECHA DE SOFÍA de Imanol Uribe
2025-10-11 16:06:09,303 - INFO - Fecha del post: 2025-10-11T17:30:41+02:00
2025-10-11 16:06:09,303 - INFO - Obteniendo contenido completo de: https://ghostintheblog.com/2025/10/critica-de-la-sospecha-de-sofia-de-imanol-uribe.html
2025-10-11 16:06:10,618 - INFO - Contenido extraído y estructurado (4494 caracteres)
2025-10-11 16:06:10,619 - INFO - Guardando post en: posts/LA_SOSPECHA_DE_SOFÍA_2025-10-11.json
2025-10-11 16:06:10,619 - INFO - Post guardado exitosamente
2025-10-11 16:06:10,619 - INFO - Actualizando índice de películas
2025-10-11 16:06:10,619 - INFO - Archivo de índice: /home/runner/work/scrapingcines/scrapingcines/index.json
2025-10-11 16:06:10,623 - INFO - Índice existente cargado con 2553 películas
2025-10-11 16:06:10,635 - INFO - Película agregada al índice: LA SOSPECHA DE SOFÍA
2025-10-11 16:06:10,635 - INFO - Nuevo post guardado: LA SOSPECHA DE SOFÍA de Imanol Uribe
2025-10-11 16:06:10,635 - INFO - Comenzando extracción de información del post
2025-10-11 16:06:10,636 - INFO - Título del post: EXTRAÑO RÍO de Jaume Claret Muxart
2025-10-11 16:06:10,636 - INFO - Fecha del post: 2025-10-11T17:09:42+02:00
2025-10-11 16:06:10,636 - INFO - Obteniendo contenido completo de: https://ghostintheblog.com/2025/10/critica-de-extrano-rio-de-jaume-claret-muxart.html
2025-10-11 16:06:11,955 - INFO - Contenido extraído y estructurado (2670 caracteres)
2025-10-11 16:06:11,956 - INFO - Guardando post en: posts/EXTRAÑO_RÍO_2025-10-11.json
2025-10-11 16:06:11,956 - INFO - Post guardado exitosamente
2025-10-11 16:06:11,956 - INFO - Actualizando índice de películas
2025-10-11 16:06:11,956 - INFO - Archivo de índice: /home/runner/work/scrapingcines/scrapingcines/index.json
2025-10-11 16:06:11,960 - INFO - Índice existente cargado con 2554 películas
2025-10-11 16:06:11,972 - INFO - Película agregada al índice: EXTRAÑO RÍO
2025-10-11 16:06:11,972 - INFO - Nuevo post guardado: EXTRAÑO RÍO de Jaume Claret Muxart
2025-10-11 16:06:11,972 - INFO - Comenzando extracción de información del post
2025-10-11 16:06:11,972 - INFO - Título del post: ADORABLE de Lilja Ingolfsdottir
2025-10-11 16:06:11,972 - INFO - Fecha del post: 2025-10-11T16:55:36+02:00
2025-10-11 16:06:11,972 - INFO - Obteniendo contenido completo de: https://ghostintheblog.com/2025/10/critica-de-adorable-de-lilja-ingolfsdottir.html
2025-10-11 16:06:13,209 - INFO - Contenido extraído y estructurado (2594 caracteres)
2025-10-11 16:06:13,210 - INFO - Guardando post en: posts/ADORABLE_2025-10-11.json
2025-10-11 16:06:13,210 - INFO - Post guardado exitosamente
2025-10-11 16:06:13,211 - INFO - Actualizando índice de películas
2025-10-11 16:06:13,211 - INFO - Archivo de índice: /home/runner/work/scrapingcines/scrapingcines/index.json
2025-10-11 16:06:13,214 - INFO - Índice existente cargado con 2555 películas
2025-10-11 16:06:13,226 - INFO - Película agregada al índice: ADORABLE
2025-10-11 16:06:13,226 - INFO - Nuevo post guardado: ADORABLE de Lilja Ingolfsdottir
2025-10-11 16:06:13,226 - INFO - Comenzando extracción de información del post
2025-10-11 16:06:13,226 - INFO - Post ya existente, saltando: UNA BATALLA TRAS OTRA de Paul Thomas Anderson
2025-10-11 16:06:13,226 - INFO - Comenzando extracción de información del post
2025-10-11 16:06:13,227 - INFO - Post ya existente, saltando: MÜNTER Y EL AMOR DE KANDINSKY de Marcus O. Rosenmüller
2025-10-11 16:06:13,227 - INFO - Comenzando extracción de información del post
2025-10-11 16:06:13,227 - INFO - Post ya existente, saltando: LOS LAZOS QUE NOS UNEN de Carine Tardieu
2025-10-11 16:06:13,227 - INFO - Comenzando extracción de información del post
2025-10-11 16:06:13,227 - INFO - Post ya existente, saltando: MASPALOMAS de Aitor Arregi y José Mari Goenaga (Los Moriarti)
2025-10-11 16:06:13,227 - INFO - Comenzando extracción de información del post
2025-10-11 16:06:13,227 - INFO - Post ya existente, saltando: MI AMIGA EVA de Cesc Gay
2025-10-11 16:06:13,227 - INFO - Comenzando extracción de información del post
2025-10-11 16:06:13,227 - INFO - Post ya existente, saltando: UN GRAN VIAJE ATREVIDO Y MARAVILLOSO de Kogonada
2025-10-11 16:06:13,227 - INFO - Comenzando extracción de información del post
2025-10-11 16:06:13,228 - INFO - Post ya existente, saltando: EL CAUTIVO de Alejandro Amenábar
2025-10-11 16:06:13,228 - INFO - Proceso completado. Posts nuevos guardados: 3
