2026-07-17 20:21:52,938 - INFO - Iniciando proceso de scraping
2026-07-17 20:21:52,940 - INFO - Posts existentes encontrados: 2574
2026-07-17 20:21:52,940 - INFO - Intentando obtener posts desde: https://ghostintheblog.com/
2026-07-17 20:21:54,798 - INFO - Se encontraron 10 posts
2026-07-17 20:21:54,799 - INFO - Comenzando extracción de información del post
2026-07-17 20:21:54,799 - INFO - Título del post: OMAHA de Cole Webley
2026-07-17 20:21:54,799 - INFO - Fecha del post: 2026-07-17T19:34:00+02:00
2026-07-17 20:21:54,799 - INFO - Obteniendo contenido completo de: https://ghostintheblog.com/omaha-de-cole-webley/
2026-07-17 20:21:56,800 - INFO - Contenido extraído y estructurado (4501 caracteres)
2026-07-17 20:21:56,801 - INFO - Guardando post en: posts/OMAHA_2026-07-17.json
2026-07-17 20:21:56,801 - INFO - Post guardado exitosamente
2026-07-17 20:21:56,801 - INFO - Actualizando índice de películas
2026-07-17 20:21:56,801 - INFO - Archivo de índice: /home/runner/work/scrapingcines/scrapingcines/index.json
2026-07-17 20:21:56,806 - INFO - Índice existente cargado con 2672 películas
2026-07-17 20:21:56,818 - INFO - Película agregada al índice: OMAHA
2026-07-17 20:21:56,818 - INFO - Nuevo post guardado: OMAHA de Cole Webley
2026-07-17 20:21:56,819 - INFO - Comenzando extracción de información del post
2026-07-17 20:21:56,819 - INFO - Título del post: MAGALLANES de Lav Diaz
2026-07-17 20:21:56,819 - INFO - Fecha del post: 2026-07-17T19:20:00+02:00
2026-07-17 20:21:56,819 - INFO - Obteniendo contenido completo de: https://ghostintheblog.com/magallanes-de-lav-diaz/
2026-07-17 20:21:58,695 - INFO - Contenido extraído y estructurado (2760 caracteres)
2026-07-17 20:21:58,696 - INFO - Guardando post en: posts/MAGALLANES_2026-07-17.json
2026-07-17 20:21:58,696 - INFO - Post guardado exitosamente
2026-07-17 20:21:58,696 - INFO - Actualizando índice de películas
2026-07-17 20:21:58,696 - INFO - Archivo de índice: /home/runner/work/scrapingcines/scrapingcines/index.json
2026-07-17 20:21:58,700 - INFO - Índice existente cargado con 2673 películas
2026-07-17 20:21:58,712 - INFO - Película agregada al índice: MAGALLANES
2026-07-17 20:21:58,712 - INFO - Nuevo post guardado: MAGALLANES de Lav Diaz
2026-07-17 20:21:58,712 - INFO - Comenzando extracción de información del post
2026-07-17 20:21:58,712 - INFO - Título del post: EN EL CAMINO de David Pablos
2026-07-17 20:21:58,712 - INFO - Fecha del post: 2026-07-17T19:20:00+02:00
2026-07-17 20:21:58,713 - INFO - Obteniendo contenido completo de: https://ghostintheblog.com/en-el-camino-de-david-pablos/
2026-07-17 20:22:00,499 - INFO - Contenido extraído y estructurado (2629 caracteres)
2026-07-17 20:22:00,500 - INFO - Guardando post en: posts/EN_EL_CAMINO_2026-07-17.json
2026-07-17 20:22:00,500 - INFO - Post guardado exitosamente
2026-07-17 20:22:00,500 - INFO - Actualizando índice de películas
2026-07-17 20:22:00,501 - INFO - Archivo de índice: /home/runner/work/scrapingcines/scrapingcines/index.json
2026-07-17 20:22:00,504 - INFO - Índice existente cargado con 2674 películas
2026-07-17 20:22:00,504 - INFO - La película ya existe en el índice: EN EL CAMINO
2026-07-17 20:22:00,505 - INFO - Nuevo post guardado: EN EL CAMINO de David Pablos
2026-07-17 20:22:00,505 - INFO - Comenzando extracción de información del post
2026-07-17 20:22:00,505 - INFO - Post ya existente, saltando: LA MUERTE DE ROBIN HOOD de Michael Sarnoski
2026-07-17 20:22:00,505 - INFO - Comenzando extracción de información del post
2026-07-17 20:22:00,505 - INFO - Post ya existente, saltando: LOS MÚSICOS de Grégory Magne
2026-07-17 20:22:00,505 - INFO - Comenzando extracción de información del post
2026-07-17 20:22:00,505 - INFO - Post ya existente, saltando: EL CONVENTO de Luis Galindo y Ángel M. Chivite
2026-07-17 20:22:00,505 - INFO - Comenzando extracción de información del post
2026-07-17 20:22:00,505 - INFO - Post ya existente, saltando: OBSESSION de Curry Barker
2026-07-17 20:22:00,505 - INFO - Comenzando extracción de información del post
2026-07-17 20:22:00,506 - INFO - Post ya existente, saltando: LO ÚLTIMOS DÍAS DE MARIA ANTONIETA de Gianluca Jodice
2026-07-17 20:22:00,506 - INFO - Comenzando extracción de información del post
2026-07-17 20:22:00,506 - INFO - Post ya existente, saltando: SUPERGIRL de Craig Gillespie
2026-07-17 20:22:00,506 - INFO - Comenzando extracción de información del post
2026-07-17 20:22:00,506 - INFO - Post ya existente, saltando: LA MUJER SIN NOMBRE de Haifaa Al-Mansour
2026-07-17 20:22:00,506 - INFO - Proceso completado. Posts nuevos guardados: 3
