2025-09-13 10:02:57,353 - INFO - Iniciando proceso de scraping
2025-09-13 10:02:57,355 - INFO - Posts existentes encontrados: 2440
2025-09-13 10:02:57,355 - INFO - Intentando obtener posts desde: https://ghostintheblog.com/
2025-09-13 10:02:59,557 - INFO - Se encontraron 10 posts
2025-09-13 10:02:59,558 - INFO - Comenzando extracción de información del post
2025-09-13 10:02:59,558 - INFO - Post ya existente, saltando: ROMERÍA de Carla Simón
2025-09-13 10:02:59,558 - INFO - Comenzando extracción de información del post
2025-09-13 10:02:59,559 - INFO - Post ya existente, saltando: LA TIERRA NEGRA de Alberto Morais
2025-09-13 10:02:59,559 - INFO - Comenzando extracción de información del post
2025-09-13 10:02:59,559 - INFO - Post ya existente, saltando: AMOR EN CUATRO LETRAS de Polly Steele
2025-09-13 10:02:59,559 - INFO - Comenzando extracción de información del post
2025-09-13 10:02:59,559 - INFO - Post ya existente, saltando: EL VOLCÁN de Damian Kocur
2025-09-13 10:02:59,559 - INFO - Comenzando extracción de información del post
2025-09-13 10:02:59,559 - INFO - Post ya existente, saltando: AGÁRRALO COMO PUEDAS de Akiva Schaffer
2025-09-13 10:02:59,559 - INFO - Comenzando extracción de información del post
2025-09-13 10:02:59,560 - INFO - Post ya existente, saltando: EL REGRESO DE ULISES de Uberto Pasolini
2025-09-13 10:02:59,560 - INFO - Comenzando extracción de información del post
2025-09-13 10:02:59,560 - INFO - Post ya existente, saltando: BLUE SUN PALACE de Constance Sang
2025-09-13 10:02:59,560 - INFO - Comenzando extracción de información del post
2025-09-13 10:02:59,560 - INFO - Post ya existente, saltando: MATERIALISTAS de Celine Song
2025-09-13 10:02:59,560 - INFO - Comenzando extracción de información del post
2025-09-13 10:02:59,560 - INFO - Post ya existente, saltando: WEAPONS de Zach Cregger
2025-09-13 10:02:59,560 - INFO - Comenzando extracción de información del post
2025-09-13 10:02:59,560 - INFO - Post ya existente, saltando: MI POSTRE FAVORITO de Maryam Moghadam y Behtash Sanaeeha
2025-09-13 10:02:59,560 - INFO - Proceso completado. Posts nuevos guardados: 0
