2025-11-24 08:07:42,257 - INFO - Iniciando proceso de scraping
2025-11-24 08:07:42,259 - INFO - Posts existentes encontrados: 2473
2025-11-24 08:07:42,259 - INFO - Intentando obtener posts desde: https://ghostintheblog.com/
2025-11-24 08:08:01,236 - INFO - Se encontraron 10 posts
2025-11-24 08:08:01,237 - INFO - Comenzando extracción de información del post
2025-11-24 08:08:01,238 - INFO - Post ya existente, saltando: GAUA de Paul Urkijo
2025-11-24 08:08:01,238 - INFO - Comenzando extracción de información del post
2025-11-24 08:08:01,238 - INFO - Post ya existente, saltando: URCHIN de Harris Dickinson
2025-11-24 08:08:01,238 - INFO - Comenzando extracción de información del post
2025-11-24 08:08:01,238 - INFO - Post ya existente, saltando: CIUDAD SIN SUEÑO de Guillermo Galoe
2025-11-24 08:08:01,238 - INFO - Comenzando extracción de información del post
2025-11-24 08:08:01,238 - INFO - Post ya existente, saltando: BUGONIA de Yorgos Lanthimos
2025-11-24 08:08:01,238 - INFO - Comenzando extracción de información del post
2025-11-24 08:08:01,239 - INFO - Post ya existente, saltando: SUBSUELO de Fernando Franco
2025-11-24 08:08:01,239 - INFO - Comenzando extracción de información del post
2025-11-24 08:08:01,239 - INFO - Post ya existente, saltando: SIEMPRE ES INVIERNO de David Trueba
2025-11-24 08:08:01,239 - INFO - Comenzando extracción de información del post
2025-11-24 08:08:01,239 - INFO - Post ya existente, saltando: THE MASTERMIND de Kelly Reichardt
2025-11-24 08:08:01,239 - INFO - Comenzando extracción de información del post
2025-11-24 08:08:01,239 - INFO - Post ya existente, saltando: RECIÉN NACIDAS de Jean-Pierre  y Luc Dardenne
2025-11-24 08:08:01,239 - INFO - Comenzando extracción de información del post
2025-11-24 08:08:01,239 - INFO - Post ya existente, saltando: LOS TIGRES de Alberto Rodríguez
2025-11-24 08:08:01,239 - INFO - Comenzando extracción de información del post
2025-11-24 08:08:01,240 - INFO - Post ya existente, saltando: FRANKENSTEIN de Guillermo del Toro
2025-11-24 08:08:01,240 - INFO - Proceso completado. Posts nuevos guardados: 0
