2025-05-30 22:02:58,372 - INFO - Iniciando proceso de scraping
2025-05-30 22:02:58,374 - INFO - Posts existentes encontrados: 2400
2025-05-30 22:02:58,374 - INFO - Intentando obtener posts desde: https://ghostintheblog.com/
2025-05-30 22:03:00,409 - INFO - Se encontraron 10 posts
2025-05-30 22:03:00,409 - INFO - Comenzando extracción de información del post
2025-05-30 22:03:00,410 - INFO - Título del post: SI YO PUDIERA HIBERNAR de Zoljargal Purevdash
2025-05-30 22:03:00,410 - INFO - Fecha del post: 2025-05-30T23:42:33+02:00
2025-05-30 22:03:00,410 - INFO - Obteniendo contenido completo de: https://ghostintheblog.com/2025/05/critica-si-yo-pudiera-hibernar-2024.html
2025-05-30 22:03:02,099 - INFO - Contenido extraído y estructurado (4658 caracteres)
2025-05-30 22:03:02,100 - INFO - Guardando post en: posts/SI_YO_PUDIERA_HIBERNAR_2025-05-30.json
2025-05-30 22:03:02,100 - INFO - Post guardado exitosamente
2025-05-30 22:03:02,100 - INFO - Actualizando índice de películas
2025-05-30 22:03:02,100 - INFO - Archivo de índice: /home/runner/work/scrapingcines/scrapingcines/index.json
2025-05-30 22:03:02,104 - INFO - Índice existente cargado con 2499 películas
2025-05-30 22:03:02,118 - INFO - Película agregada al índice: SI YO PUDIERA HIBERNAR
2025-05-30 22:03:02,118 - INFO - Nuevo post guardado: SI YO PUDIERA HIBERNAR de Zoljargal Purevdash
2025-05-30 22:03:02,118 - INFO - Comenzando extracción de información del post
2025-05-30 22:03:02,119 - INFO - Título del post: LOS TORTUGA de Belén Funes
2025-05-30 22:03:02,119 - INFO - Fecha del post: 2025-05-30T23:30:02+02:00
2025-05-30 22:03:02,119 - INFO - Obteniendo contenido completo de: https://ghostintheblog.com/2025/05/critica-los-tortuga-2024.html
2025-05-30 22:03:03,681 - INFO - Contenido extraído y estructurado (2863 caracteres)
2025-05-30 22:03:03,682 - INFO - Guardando post en: posts/LOS_TORTUGA_2025-05-30.json
2025-05-30 22:03:03,682 - INFO - Post guardado exitosamente
2025-05-30 22:03:03,682 - INFO - Actualizando índice de películas
2025-05-30 22:03:03,682 - INFO - Archivo de índice: /home/runner/work/scrapingcines/scrapingcines/index.json
2025-05-30 22:03:03,686 - INFO - Índice existente cargado con 2500 películas
2025-05-30 22:03:03,700 - INFO - Película agregada al índice: LOS TORTUGA
2025-05-30 22:03:03,700 - INFO - Nuevo post guardado: LOS TORTUGA de Belén Funes
2025-05-30 22:03:03,700 - INFO - Comenzando extracción de información del post
2025-05-30 22:03:03,701 - INFO - Título del post: MISIÓN IMPOSIBLE: SENTENCIA FINAL de Christopher McQuarrie
2025-05-30 22:03:03,701 - INFO - Fecha del post: 2025-05-30T23:18:00+02:00
2025-05-30 22:03:03,701 - INFO - Obteniendo contenido completo de: https://ghostintheblog.com/2025/05/mision-imposible-sentencia-final-de-christopher-mcquarrie.html
2025-05-30 22:03:05,523 - INFO - Contenido extraído y estructurado (2920 caracteres)
2025-05-30 22:03:05,523 - INFO - Guardando post en: posts/MISIÓN_IMPOSIBLE:_SENTENCIA_FINAL_2025-05-30.json
2025-05-30 22:03:05,523 - INFO - Post guardado exitosamente
2025-05-30 22:03:05,523 - INFO - Actualizando índice de películas
2025-05-30 22:03:05,523 - INFO - Archivo de índice: /home/runner/work/scrapingcines/scrapingcines/index.json
2025-05-30 22:03:05,526 - INFO - Índice existente cargado con 2501 películas
2025-05-30 22:03:05,541 - INFO - Película agregada al índice: MISIÓN IMPOSIBLE: SENTENCIA FINAL
2025-05-30 22:03:05,541 - INFO - Nuevo post guardado: MISIÓN IMPOSIBLE: SENTENCIA FINAL de Christopher McQuarrie
2025-05-30 22:03:05,541 - INFO - Comenzando extracción de información del post
2025-05-30 22:03:05,541 - INFO - Post ya existente, saltando: EL BUEN PADRE de Ronan Tronchot
2025-05-30 22:03:05,541 - INFO - Comenzando extracción de información del post
2025-05-30 22:03:05,542 - INFO - Título del post: ESTOCOLMO: EL REY TIRANO 1520 de Mikael Håfström
2025-05-30 22:03:05,542 - INFO - Fecha del post: 2025-05-24T18:20:03+02:00
2025-05-30 22:03:05,542 - INFO - Obteniendo contenido completo de: https://ghostintheblog.com/2025/05/estocolmo-1520-critica-analisis-historico.html
2025-05-30 22:03:07,376 - INFO - Contenido extraído y estructurado (2752 caracteres)
2025-05-30 22:03:07,377 - INFO - Guardando post en: posts/ESTOCOLMO:_EL_REY_TIRANO_1520_2025-05-24.json
2025-05-30 22:03:07,377 - INFO - Post guardado exitosamente
2025-05-30 22:03:07,377 - INFO - Actualizando índice de películas
2025-05-30 22:03:07,377 - INFO - Archivo de índice: /home/runner/work/scrapingcines/scrapingcines/index.json
2025-05-30 22:03:07,381 - INFO - Índice existente cargado con 2502 películas
2025-05-30 22:03:07,381 - INFO - La película ya existe en el índice: ESTOCOLMO: EL REY TIRANO 1520
2025-05-30 22:03:07,381 - INFO - Nuevo post guardado: ESTOCOLMO: EL REY TIRANO 1520 de Mikael Håfström
2025-05-30 22:03:07,381 - INFO - Comenzando extracción de información del post
2025-05-30 22:03:07,382 - INFO - Post ya existente, saltando: TRAS EL VERANO de Yolanda Centeno
2025-05-30 22:03:07,382 - INFO - Comenzando extracción de información del post
2025-05-30 22:03:07,382 - INFO - Post ya existente, saltando: ENEMIGOS de David Valero
2025-05-30 22:03:07,382 - INFO - Comenzando extracción de información del post
2025-05-30 22:03:07,382 - INFO - Post ya existente, saltando: UNA QUINTA PORTUGUESA de Avelina Prat
2025-05-30 22:03:07,382 - INFO - Comenzando extracción de información del post
2025-05-30 22:03:07,382 - INFO - Post ya existente, saltando: LO QUE QUEDA DE TI
2025-05-30 22:03:07,382 - INFO - Comenzando extracción de información del post
2025-05-30 22:03:07,383 - INFO - Post ya existente, saltando: PRESUNCIÓN DE INOCENCIA de Daniel Auteuil
2025-05-30 22:03:07,383 - INFO - Proceso completado. Posts nuevos guardados: 4
