2025-07-22 20:05:59,481 - INFO - Iniciando proceso de scraping
2025-07-22 20:05:59,483 - INFO - Posts existentes encontrados: 2417
2025-07-22 20:05:59,483 - INFO - Intentando obtener posts desde: https://ghostintheblog.com/
2025-07-22 20:06:00,899 - INFO - Se encontraron 10 posts
2025-07-22 20:06:00,899 - INFO - Comenzando extracción de información del post
2025-07-22 20:06:00,900 - INFO - Post ya existente, saltando: BLACK DOG de Guan Hu
2025-07-22 20:06:00,900 - INFO - Comenzando extracción de información del post
2025-07-22 20:06:00,900 - INFO - Post ya existente, saltando: F1: LA PELÍCULA de Joseph Kosinski
2025-07-22 20:06:00,900 - INFO - Comenzando extracción de información del post
2025-07-22 20:06:00,900 - INFO - Post ya existente, saltando: VOLVER A TI de Jeanette Nordahl
2025-07-22 20:06:00,900 - INFO - Comenzando extracción de información del post
2025-07-22 20:06:00,900 - INFO - Post ya existente, saltando: THE LAST SHOWGIRL de Gia Coppola
2025-07-22 20:06:00,900 - INFO - Comenzando extracción de información del post
2025-07-22 20:06:00,901 - INFO - Post ya existente, saltando: JULIETTE EN PRIMAVERA de Blandine Lenoir
2025-07-22 20:06:00,901 - INFO - Comenzando extracción de información del post
2025-07-22 20:06:00,901 - INFO - Post ya existente, saltando: RAMÓN Y RAMÓN de Salvador del Solar
2025-07-22 20:06:00,901 - INFO - Comenzando extracción de información del post
2025-07-22 20:06:00,901 - INFO - Post ya existente, saltando: A LA DERIVA de Jia Zhangke
2025-07-22 20:06:00,901 - INFO - Comenzando extracción de información del post
2025-07-22 20:06:00,901 - INFO - Post ya existente, saltando: VOTEMOS de Santiago Requejo
2025-07-22 20:06:00,901 - INFO - Comenzando extracción de información del post
2025-07-22 20:06:00,901 - INFO - Post ya existente, saltando: TRES KILÓMETROS AL FIN DEL MUNDO de Emanuel Pârvu
2025-07-22 20:06:00,901 - INFO - Comenzando extracción de información del post
2025-07-22 20:06:00,902 - INFO - Post ya existente, saltando: TODO SALDRÁ BIEN de Ray Yeung
2025-07-22 20:06:00,902 - INFO - Proceso completado. Posts nuevos guardados: 0
