2025-10-26 20:05:44,017 - INFO - Iniciando proceso de scraping
2025-10-26 20:05:44,019 - INFO - Posts existentes encontrados: 2461
2025-10-26 20:05:44,019 - INFO - Intentando obtener posts desde: https://ghostintheblog.com/
2025-10-26 20:05:45,685 - INFO - Se encontraron 10 posts
2025-10-26 20:05:45,686 - INFO - Comenzando extracción de información del post
2025-10-26 20:05:45,686 - INFO - Post ya existente, saltando: LOS DOMINGOS de Alauda Ruiz de Azúa
2025-10-26 20:05:45,686 - INFO - Comenzando extracción de información del post
2025-10-26 20:05:45,687 - INFO - Post ya existente, saltando: UN SIMPLE ACCIDENTE de Jafar Panahi
2025-10-26 20:05:45,687 - INFO - Comenzando extracción de información del post
2025-10-26 20:05:45,687 - INFO - Post ya existente, saltando: CAZA DE BRUJAS de Luca Guadagnino
2025-10-26 20:05:45,687 - INFO - Comenzando extracción de información del post
2025-10-26 20:05:45,687 - INFO - Post ya existente, saltando: BALA PERDIDA de Darren Aronofsky
2025-10-26 20:05:45,687 - INFO - Comenzando extracción de información del post
2025-10-26 20:05:45,687 - INFO - Post ya existente, saltando: KARMELE de Asier Altuna
2025-10-26 20:05:45,687 - INFO - Comenzando extracción de información del post
2025-10-26 20:05:45,688 - INFO - Post ya existente, saltando: JUGAR CON FUEGO de Delphine y Muriel Coulin
2025-10-26 20:05:45,688 - INFO - Comenzando extracción de información del post
2025-10-26 20:05:45,688 - INFO - Post ya existente, saltando: LA SOSPECHA DE SOFÍA de Imanol Uribe
2025-10-26 20:05:45,688 - INFO - Comenzando extracción de información del post
2025-10-26 20:05:45,688 - INFO - Post ya existente, saltando: EXTRAÑO RÍO de Jaume Claret Muxart
2025-10-26 20:05:45,688 - INFO - Comenzando extracción de información del post
2025-10-26 20:05:45,688 - INFO - Post ya existente, saltando: ADORABLE de Lilja Ingolfsdottir
2025-10-26 20:05:45,688 - INFO - Comenzando extracción de información del post
2025-10-26 20:05:45,688 - INFO - Post ya existente, saltando: UNA BATALLA TRAS OTRA de Paul Thomas Anderson
2025-10-26 20:05:45,688 - INFO - Proceso completado. Posts nuevos guardados: 0
