2025-03-18 20:05:22,482 - INFO - Iniciando proceso de scraping
2025-03-18 20:05:22,482 - INFO - Posts existentes encontrados: 10
2025-03-18 20:05:22,483 - INFO - Intentando obtener posts desde: https://ghostintheblog.com/
2025-03-18 20:05:25,548 - INFO - Se encontraron 10 posts
2025-03-18 20:05:25,548 - INFO - Comenzando extracción de información del post
2025-03-18 20:05:25,548 - INFO - Post ya existente, saltando: TARDES DE SOLEDAD de Albert Serra
2025-03-18 20:05:25,548 - INFO - Comenzando extracción de información del post
2025-03-18 20:05:25,548 - INFO - Post ya existente, saltando: MICKEY 17 de Bong Joon-ho
2025-03-18 20:05:25,549 - INFO - Comenzando extracción de información del post
2025-03-18 20:05:25,549 - INFO - Post ya existente, saltando: LEE MILLER de Ellen Kuras
2025-03-18 20:05:25,549 - INFO - Comenzando extracción de información del post
2025-03-18 20:05:25,549 - INFO - Post ya existente, saltando: GRAND TOUR de Miguel Gomes
2025-03-18 20:05:25,549 - INFO - Comenzando extracción de información del post
2025-03-18 20:05:25,549 - INFO - Post ya existente, saltando: A COMPLETE UNKNOWN de James Mangold
2025-03-18 20:05:25,549 - INFO - Comenzando extracción de información del post
2025-03-18 20:05:25,550 - INFO - Post ya existente, saltando: MI ÚNICA FAMILIA de Mike Leigh
2025-03-18 20:05:25,550 - INFO - Comenzando extracción de información del post
2025-03-18 20:05:25,550 - INFO - Post ya existente, saltando: LOS OSCAR 2025
2025-03-18 20:05:25,550 - INFO - Comenzando extracción de información del post
2025-03-18 20:05:25,550 - INFO - Post ya existente, saltando: NOSOTROS de Helena Taberna
2025-03-18 20:05:25,550 - INFO - Comenzando extracción de información del post
2025-03-18 20:05:25,550 - INFO - Post ya existente, saltando: AÚN ESTOY AQUÍ
2025-03-18 20:05:25,550 - INFO - Comenzando extracción de información del post
2025-03-18 20:05:25,550 - INFO - Post ya existente, saltando: LA ÚLTIMA REINA de Karim Aïnouz
2025-03-18 20:05:25,551 - INFO - Proceso completado. Posts nuevos guardados: 0
