2026-04-22 20:22:19,103 - INFO - Iniciando proceso de scraping
2026-04-22 20:22:19,105 - INFO - Posts existentes encontrados: 2538
2026-04-22 20:22:19,105 - INFO - Intentando obtener posts desde: https://ghostintheblog.com/
2026-04-22 20:22:22,900 - INFO - Se encontraron 10 posts
2026-04-22 20:22:22,900 - INFO - Comenzando extracción de información del post
2026-04-22 20:22:22,901 - INFO - Post ya existente, saltando: UN POETA de Simón Mesa
2026-04-22 20:22:22,901 - INFO - Comenzando extracción de información del post
2026-04-22 20:22:22,901 - INFO - Post ya existente, saltando: LA BUENA HIJA de Júlia de Paz Solvas
2026-04-22 20:22:22,901 - INFO - Comenzando extracción de información del post
2026-04-22 20:22:22,901 - INFO - Post ya existente, saltando: ATRAPANDO A UN MONSTRUO de Bryan Fuller
2026-04-22 20:22:22,901 - INFO - Comenzando extracción de información del post
2026-04-22 20:22:22,902 - INFO - Post ya existente, saltando: LA GRAZIA de Paolo Sorrentino
2026-04-22 20:22:22,902 - INFO - Comenzando extracción de información del post
2026-04-22 20:22:22,902 - INFO - Post ya existente, saltando: ALTAS CAPACIDADES de Víctor García León
2026-04-22 20:22:22,902 - INFO - Comenzando extracción de información del post
2026-04-22 20:22:22,902 - INFO - Post ya existente, saltando: LAPÖNIA de David Serrano
2026-04-22 20:22:22,902 - INFO - Comenzando extracción de información del post
2026-04-22 20:22:22,902 - INFO - Post ya existente, saltando: PROYECTO SALVACIÓN de Phil Lord y Christopher Miller
2026-04-22 20:22:22,902 - INFO - Comenzando extracción de información del post
2026-04-22 20:22:22,902 - INFO - Post ya existente, saltando: DOS FISCALES de Serguéi  Loznitsa
2026-04-22 20:22:22,902 - INFO - Comenzando extracción de información del post
2026-04-22 20:22:22,903 - INFO - Post ya existente, saltando: MAIGRET Y LA MUERTE DEL EMBAJADOR de Pascal Bonitzer
2026-04-22 20:22:22,903 - INFO - Comenzando extracción de información del post
2026-04-22 20:22:22,903 - INFO - Post ya existente, saltando: AMARGA NAVIDAD de Pedro Almodóvar
2026-04-22 20:22:22,903 - INFO - Proceso completado. Posts nuevos guardados: 0
