2025-06-22 10:02:25,219 - INFO - Iniciando proceso de scraping
2025-06-22 10:02:25,221 - INFO - Posts existentes encontrados: 2410
2025-06-22 10:02:25,222 - INFO - Intentando obtener posts desde: https://ghostintheblog.com/
2025-06-22 10:02:27,564 - INFO - Se encontraron 10 posts
2025-06-22 10:02:27,564 - INFO - Comenzando extracción de información del post
2025-06-22 10:02:27,565 - INFO - Título del post: A LA DERIVA de Jia Zhangke
2025-06-22 10:02:27,565 - INFO - Fecha del post: 2025-06-22T10:14:14+02:00
2025-06-22 10:02:27,565 - INFO - Obteniendo contenido completo de: https://ghostintheblog.com/2025/06/a-la-deriva-de-jia-zhangke.html
2025-06-22 10:02:29,221 - INFO - Contenido extraído y estructurado (4685 caracteres)
2025-06-22 10:02:29,221 - INFO - Guardando post en: posts/A_LA_DERIVA_2025-06-22.json
2025-06-22 10:02:29,221 - INFO - Post guardado exitosamente
2025-06-22 10:02:29,221 - INFO - Actualizando índice de películas
2025-06-22 10:02:29,221 - INFO - Archivo de índice: /home/runner/work/scrapingcines/scrapingcines/index.json
2025-06-22 10:02:29,225 - INFO - Índice existente cargado con 2510 películas
2025-06-22 10:02:29,236 - INFO - Película agregada al índice: A LA DERIVA
2025-06-22 10:02:29,236 - INFO - Nuevo post guardado: A LA DERIVA de Jia Zhangke
2025-06-22 10:02:29,236 - INFO - Comenzando extracción de información del post
2025-06-22 10:02:29,237 - INFO - Post ya existente, saltando: VOTEMOS de Santiago Requejo
2025-06-22 10:02:29,237 - INFO - Comenzando extracción de información del post
2025-06-22 10:02:29,237 - INFO - Post ya existente, saltando: TRES KILÓMETROS AL FIN DEL MUNDO de Emanuel Pârvu
2025-06-22 10:02:29,237 - INFO - Comenzando extracción de información del post
2025-06-22 10:02:29,237 - INFO - Post ya existente, saltando: TODO SALDRÁ BIEN de Ray Yeung
2025-06-22 10:02:29,237 - INFO - Comenzando extracción de información del post
2025-06-22 10:02:29,237 - INFO - Post ya existente, saltando: CUATRO PAREDES de Ibon Cormenzana
2025-06-22 10:02:29,237 - INFO - Comenzando extracción de información del post
2025-06-22 10:02:29,237 - INFO - Post ya existente, saltando: LA BUENA SUERTE de Gracia Querejeta
2025-06-22 10:02:29,237 - INFO - Comenzando extracción de información del post
2025-06-22 10:02:29,237 - INFO - Post ya existente, saltando: SIRAT de Oliver Laxe
2025-06-22 10:02:29,238 - INFO - Comenzando extracción de información del post
2025-06-22 10:02:29,238 - INFO - Post ya existente, saltando: EL JOCKEY de Luis Ortega
2025-06-22 10:02:29,238 - INFO - Comenzando extracción de información del post
2025-06-22 10:02:29,238 - INFO - Post ya existente, saltando: LA TRAMA FENICIA de Wes Anderson
2025-06-22 10:02:29,238 - INFO - Comenzando extracción de información del post
2025-06-22 10:02:29,238 - INFO - Post ya existente, saltando: SI YO PUDIERA HIBERNAR de Zoljargal Purevdash
2025-06-22 10:02:29,238 - INFO - Proceso completado. Posts nuevos guardados: 1
