2026-02-07 12:10:03,224 - INFO - Iniciando proceso de scraping
2026-02-07 12:10:03,226 - INFO - Posts existentes encontrados: 2503
2026-02-07 12:10:03,226 - INFO - Intentando obtener posts desde: https://ghostintheblog.com/
2026-02-07 12:10:05,326 - INFO - Se encontraron 10 posts
2026-02-07 12:10:05,327 - INFO - Comenzando extracción de información del post
2026-02-07 12:10:05,328 - INFO - Post ya existente, saltando: HAMNET de Chloé Zhao
2026-02-07 12:10:05,328 - INFO - Comenzando extracción de información del post
2026-02-07 12:10:05,328 - INFO - Post ya existente, saltando: YUNAN de Ameer Fakher Eldin
2026-02-07 12:10:05,328 - INFO - Comenzando extracción de información del post
2026-02-07 12:10:05,328 - INFO - Post ya existente, saltando: LA LEYENDA DE OCHI de Isaiah Saxon
2026-02-07 12:10:05,328 - INFO - Comenzando extracción de información del post
2026-02-07 12:10:05,328 - INFO - Post ya existente, saltando: ARCO de Ugo Bienvenu
2026-02-07 12:10:05,328 - INFO - Comenzando extracción de información del post
2026-02-07 12:10:05,329 - INFO - Post ya existente, saltando: SI PUDIERA TE DARÍA UNA PATADA de Mary Bronstein
2026-02-07 12:10:05,329 - INFO - Comenzando extracción de información del post
2026-02-07 12:10:05,329 - INFO - Post ya existente, saltando: LA MISTERIOSA MIRADA DE FLAMENCO de Diego Céspedes
2026-02-07 12:10:05,329 - INFO - Comenzando extracción de información del post
2026-02-07 12:10:05,329 - INFO - Post ya existente, saltando: NOUVELLE VAGUE de Richard Linklater
2026-02-07 12:10:05,329 - INFO - Comenzando extracción de información del post
2026-02-07 12:10:05,329 - INFO - Post ya existente, saltando: RENTAL FAMILY de Hikari
2026-02-07 12:10:05,329 - INFO - Comenzando extracción de información del post
2026-02-07 12:10:05,329 - INFO - Post ya existente, saltando: TURNO DE GUARDIA de Petra Biondina Volpe
2026-02-07 12:10:05,330 - INFO - Comenzando extracción de información del post
2026-02-07 12:10:05,330 - INFO - Post ya existente, saltando: LA ASISTENTA de Rebecca Sonnenshine
2026-02-07 12:10:05,330 - INFO - Proceso completado. Posts nuevos guardados: 0
