2025-07-23 04:19:55,154 - INFO - Iniciando proceso de scraping
2025-07-23 04:19:55,156 - INFO - Posts existentes encontrados: 2417
2025-07-23 04:19:55,156 - INFO - Intentando obtener posts desde: https://ghostintheblog.com/
2025-07-23 04:19:57,477 - INFO - Se encontraron 10 posts
2025-07-23 04:19:57,478 - INFO - Comenzando extracción de información del post
2025-07-23 04:19:57,478 - INFO - Post ya existente, saltando: BLACK DOG de Guan Hu
2025-07-23 04:19:57,478 - INFO - Comenzando extracción de información del post
2025-07-23 04:19:57,478 - INFO - Post ya existente, saltando: F1: LA PELÍCULA de Joseph Kosinski
2025-07-23 04:19:57,478 - INFO - Comenzando extracción de información del post
2025-07-23 04:19:57,478 - INFO - Post ya existente, saltando: VOLVER A TI de Jeanette Nordahl
2025-07-23 04:19:57,478 - INFO - Comenzando extracción de información del post
2025-07-23 04:19:57,479 - INFO - Post ya existente, saltando: THE LAST SHOWGIRL de Gia Coppola
2025-07-23 04:19:57,479 - INFO - Comenzando extracción de información del post
2025-07-23 04:19:57,479 - INFO - Post ya existente, saltando: JULIETTE EN PRIMAVERA de Blandine Lenoir
2025-07-23 04:19:57,479 - INFO - Comenzando extracción de información del post
2025-07-23 04:19:57,479 - INFO - Post ya existente, saltando: RAMÓN Y RAMÓN de Salvador del Solar
2025-07-23 04:19:57,479 - INFO - Comenzando extracción de información del post
2025-07-23 04:19:57,479 - INFO - Post ya existente, saltando: A LA DERIVA de Jia Zhangke
2025-07-23 04:19:57,479 - INFO - Comenzando extracción de información del post
2025-07-23 04:19:57,479 - INFO - Post ya existente, saltando: VOTEMOS de Santiago Requejo
2025-07-23 04:19:57,479 - INFO - Comenzando extracción de información del post
2025-07-23 04:19:57,480 - INFO - Post ya existente, saltando: TRES KILÓMETROS AL FIN DEL MUNDO de Emanuel Pârvu
2025-07-23 04:19:57,480 - INFO - Comenzando extracción de información del post
2025-07-23 04:19:57,480 - INFO - Post ya existente, saltando: TODO SALDRÁ BIEN de Ray Yeung
2025-07-23 04:19:57,480 - INFO - Proceso completado. Posts nuevos guardados: 0
