2025-12-20 08:06:35,434 - INFO - Iniciando proceso de scraping
2025-12-20 08:06:35,436 - INFO - Posts existentes encontrados: 2476
2025-12-20 08:06:35,437 - INFO - Intentando obtener posts desde: https://ghostintheblog.com/
2025-12-20 08:06:37,086 - INFO - Se encontraron 10 posts
2025-12-20 08:06:37,087 - INFO - Comenzando extracción de información del post
2025-12-20 08:06:37,087 - INFO - Post ya existente, saltando: DRÁCULA de Luc Besson
2025-12-20 08:06:37,087 - INFO - Comenzando extracción de información del post
2025-12-20 08:06:37,088 - INFO - Post ya existente, saltando: ALPHA de Julia  Ducournau
2025-12-20 08:06:37,088 - INFO - Comenzando extracción de información del post
2025-12-20 08:06:37,088 - INFO - Post ya existente, saltando: CRIMSON GOLD de Jafar Panahi
2025-12-20 08:06:37,088 - INFO - Comenzando extracción de información del post
2025-12-20 08:06:37,088 - INFO - Post ya existente, saltando: GAUA de Paul Urkijo
2025-12-20 08:06:37,088 - INFO - Comenzando extracción de información del post
2025-12-20 08:06:37,088 - INFO - Post ya existente, saltando: URCHIN de Harris Dickinson
2025-12-20 08:06:37,088 - INFO - Comenzando extracción de información del post
2025-12-20 08:06:37,088 - INFO - Post ya existente, saltando: CIUDAD SIN SUEÑO de Guillermo Galoe
2025-12-20 08:06:37,088 - INFO - Comenzando extracción de información del post
2025-12-20 08:06:37,088 - INFO - Post ya existente, saltando: BUGONIA de Yorgos Lanthimos
2025-12-20 08:06:37,089 - INFO - Comenzando extracción de información del post
2025-12-20 08:06:37,089 - INFO - Post ya existente, saltando: SUBSUELO de Fernando Franco
2025-12-20 08:06:37,089 - INFO - Comenzando extracción de información del post
2025-12-20 08:06:37,089 - INFO - Post ya existente, saltando: SIEMPRE ES INVIERNO de David Trueba
2025-12-20 08:06:37,089 - INFO - Comenzando extracción de información del post
2025-12-20 08:06:37,089 - INFO - Post ya existente, saltando: THE MASTERMIND de Kelly Reichardt
2025-12-20 08:06:37,089 - INFO - Proceso completado. Posts nuevos guardados: 0
