2025-05-28 11:50:51,213 - INFO - Iniciando proceso de scraping
2025-05-28 11:50:51,215 - INFO - Posts existentes encontrados: 2401
2025-05-28 11:50:51,215 - INFO - Intentando obtener posts desde: https://ghostintheblog.com/
2025-05-28 11:50:53,513 - INFO - Se encontraron 10 posts
2025-05-28 11:50:53,514 - INFO - Comenzando extracción de información del post
2025-05-28 11:50:53,514 - INFO - Post ya existente, saltando: EL BUEN PADRE de Ronan Tronchot
2025-05-28 11:50:53,514 - INFO - Comenzando extracción de información del post
2025-05-28 11:50:53,514 - INFO - Post ya existente, saltando: ESTOCOLMO: EL REY TIRANO 1520 de Mikael Håfström
2025-05-28 11:50:53,514 - INFO - Comenzando extracción de información del post
2025-05-28 11:50:53,514 - INFO - Post ya existente, saltando: TRAS EL VERANO de Yolanda Centeno
2025-05-28 11:50:53,514 - INFO - Comenzando extracción de información del post
2025-05-28 11:50:53,515 - INFO - Post ya existente, saltando: ENEMIGOS de David Valero
2025-05-28 11:50:53,515 - INFO - Comenzando extracción de información del post
2025-05-28 11:50:53,515 - INFO - Post ya existente, saltando: UNA QUINTA PORTUGUESA de Avelina Prat
2025-05-28 11:50:53,515 - INFO - Comenzando extracción de información del post
2025-05-28 11:50:53,515 - INFO - Post ya existente, saltando: LO QUE QUEDA DE TI
2025-05-28 11:50:53,515 - INFO - Comenzando extracción de información del post
2025-05-28 11:50:53,515 - INFO - Post ya existente, saltando: PRESUNCIÓN DE INOCENCIA de Daniel Auteuil
2025-05-28 11:50:53,515 - INFO - Comenzando extracción de información del post
2025-05-28 11:50:53,516 - INFO - Post ya existente, saltando: LA HISTORIA DE SOULEYMANE de Boris Lojkine
2025-05-28 11:50:53,516 - INFO - Comenzando extracción de información del post
2025-05-28 11:50:53,516 - INFO - Post ya existente, saltando: ERREPLIKA de Pello Gutiérrez Peñalba
2025-05-28 11:50:53,516 - INFO - Comenzando extracción de información del post
2025-05-28 11:50:53,516 - INFO - Post ya existente, saltando: LA BUENA LETRA de Celia Rico Clavellino
2025-05-28 11:50:53,516 - INFO - Proceso completado. Posts nuevos guardados: 0
