2025-10-06 22:03:04,165 - INFO - Iniciando proceso de scraping
2025-10-06 22:03:04,167 - INFO - Posts existentes encontrados: 2449
2025-10-06 22:03:04,167 - INFO - Intentando obtener posts desde: https://ghostintheblog.com/
2025-10-06 22:03:07,030 - INFO - Se encontraron 10 posts
2025-10-06 22:03:07,031 - INFO - Comenzando extracción de información del post
2025-10-06 22:03:07,031 - INFO - Título del post: UNA BATALLA TRAS OTRA de Paul Thomas Anderson
2025-10-06 22:03:07,031 - INFO - Fecha del post: 2025-10-06T23:01:34+02:00
2025-10-06 22:03:07,031 - INFO - Obteniendo contenido completo de: https://ghostintheblog.com/2025/10/critica-de-una-batalla-tras-otra-de-paul-thomas-anderson.html
2025-10-06 22:03:08,494 - INFO - Contenido extraído y estructurado (2792 caracteres)
2025-10-06 22:03:08,495 - INFO - Guardando post en: posts/UNA_BATALLA_TRAS_OTRA_2025-10-06.json
2025-10-06 22:03:08,495 - INFO - Post guardado exitosamente
2025-10-06 22:03:08,495 - INFO - Actualizando índice de películas
2025-10-06 22:03:08,495 - INFO - Archivo de índice: /home/runner/work/scrapingcines/scrapingcines/index.json
2025-10-06 22:03:08,499 - INFO - Índice existente cargado con 2550 películas
2025-10-06 22:03:08,511 - INFO - Película agregada al índice: UNA BATALLA TRAS OTRA
2025-10-06 22:03:08,511 - INFO - Nuevo post guardado: UNA BATALLA TRAS OTRA de Paul Thomas Anderson
2025-10-06 22:03:08,511 - INFO - Comenzando extracción de información del post
2025-10-06 22:03:08,511 - INFO - Título del post: MÜNTER Y EL AMOR DE KANDINSKY de Marcus O. Rosenmüller
2025-10-06 22:03:08,511 - INFO - Fecha del post: 2025-10-06T22:51:43+02:00
2025-10-06 22:03:08,511 - INFO - Obteniendo contenido completo de: https://ghostintheblog.com/2025/10/critica-de-munter-y-el-amor-de-kandinsky-de-marcus-o-rosenmuller.html
2025-10-06 22:03:09,790 - INFO - Contenido extraído y estructurado (2809 caracteres)
2025-10-06 22:03:09,791 - INFO - Guardando post en: posts/MÜNTER_Y_EL_AMOR_DE_KANDINSKY_2025-10-06.json
2025-10-06 22:03:09,791 - INFO - Post guardado exitosamente
2025-10-06 22:03:09,791 - INFO - Actualizando índice de películas
2025-10-06 22:03:09,791 - INFO - Archivo de índice: /home/runner/work/scrapingcines/scrapingcines/index.json
2025-10-06 22:03:09,795 - INFO - Índice existente cargado con 2551 películas
2025-10-06 22:03:09,806 - INFO - Película agregada al índice: MÜNTER Y EL AMOR DE KANDINSKY
2025-10-06 22:03:09,806 - INFO - Nuevo post guardado: MÜNTER Y EL AMOR DE KANDINSKY de Marcus O. Rosenmüller
2025-10-06 22:03:09,806 - INFO - Comenzando extracción de información del post
2025-10-06 22:03:09,807 - INFO - Título del post: LOS LAZOS QUE NOS UNEN de Carine Tardieu
2025-10-06 22:03:09,807 - INFO - Fecha del post: 2025-10-06T22:35:25+02:00
2025-10-06 22:03:09,807 - INFO - Obteniendo contenido completo de: https://ghostintheblog.com/2025/10/critica-de-los-lazos-que-nos-unen-de-carine-tardieu.html
2025-10-06 22:03:11,273 - INFO - Contenido extraído y estructurado (2870 caracteres)
2025-10-06 22:03:11,274 - INFO - Guardando post en: posts/LOS_LAZOS_QUE_NOS_UNEN_2025-10-06.json
2025-10-06 22:03:11,274 - INFO - Post guardado exitosamente
2025-10-06 22:03:11,274 - INFO - Actualizando índice de películas
2025-10-06 22:03:11,274 - INFO - Archivo de índice: /home/runner/work/scrapingcines/scrapingcines/index.json
2025-10-06 22:03:11,278 - INFO - Índice existente cargado con 2552 películas
2025-10-06 22:03:11,289 - INFO - Película agregada al índice: LOS LAZOS QUE NOS UNEN
2025-10-06 22:03:11,289 - INFO - Nuevo post guardado: LOS LAZOS QUE NOS UNEN de Carine Tardieu
2025-10-06 22:03:11,289 - INFO - Comenzando extracción de información del post
2025-10-06 22:03:11,290 - INFO - Post ya existente, saltando: MASPALOMAS de Aitor Arregi y José Mari Goenaga (Los Moriarti)
2025-10-06 22:03:11,290 - INFO - Comenzando extracción de información del post
2025-10-06 22:03:11,290 - INFO - Post ya existente, saltando: MI AMIGA EVA de Cesc Gay
2025-10-06 22:03:11,290 - INFO - Comenzando extracción de información del post
2025-10-06 22:03:11,290 - INFO - Post ya existente, saltando: UN GRAN VIAJE ATREVIDO Y MARAVILLOSO de Kogonada
2025-10-06 22:03:11,290 - INFO - Comenzando extracción de información del post
2025-10-06 22:03:11,290 - INFO - Post ya existente, saltando: EL CAUTIVO de Alejandro Amenábar
2025-10-06 22:03:11,290 - INFO - Comenzando extracción de información del post
2025-10-06 22:03:11,290 - INFO - Post ya existente, saltando: EDDINGTON de Ari Aster
2025-10-06 22:03:11,290 - INFO - Comenzando extracción de información del post
2025-10-06 22:03:11,290 - INFO - Post ya existente, saltando: JONE, A VECES de Sara Fantoya
2025-10-06 22:03:11,290 - INFO - Comenzando extracción de información del post
2025-10-06 22:03:11,291 - INFO - Post ya existente, saltando: LA LEY DE JENNY PEN de James Ashcroft
2025-10-06 22:03:11,291 - INFO - Proceso completado. Posts nuevos guardados: 3
