2026-03-19 00:28:53,467 - INFO - Iniciando proceso de scraping
2026-03-19 00:28:53,469 - INFO - Posts existentes encontrados: 2523
2026-03-19 00:28:53,469 - INFO - Intentando obtener posts desde: https://ghostintheblog.com/
2026-03-19 00:28:56,209 - INFO - Se encontraron 10 posts
2026-03-19 00:28:56,209 - INFO - Comenzando extracción de información del post
2026-03-19 00:28:56,210 - INFO - Post ya existente, saltando: LOS OSCAR 2026
2026-03-19 00:28:56,210 - INFO - Comenzando extracción de información del post
2026-03-19 00:28:56,210 - INFO - Post ya existente, saltando: ¡LA NOVIA! de Maggie Gyllenhaal
2026-03-19 00:28:56,210 - INFO - Comenzando extracción de información del post
2026-03-19 00:28:56,210 - INFO - Post ya existente, saltando: PILLION de Harry Lighton
2026-03-19 00:28:56,210 - INFO - Comenzando extracción de información del post
2026-03-19 00:28:56,211 - INFO - Post ya existente, saltando: EL MAGO DEL KREMLIN de Olivier Assayas
2026-03-19 00:28:56,211 - INFO - Comenzando extracción de información del post
2026-03-19 00:28:56,211 - INFO - Post ya existente, saltando: EL ÚLTIMO VIKINGO de Anders Thomas Jensen
2026-03-19 00:28:56,211 - INFO - Comenzando extracción de información del post
2026-03-19 00:28:56,211 - INFO - Post ya existente, saltando: SCARLET de Mamoru Hosoda
2026-03-19 00:28:56,211 - INFO - Comenzando extracción de información del post
2026-03-19 00:28:56,211 - INFO - Post ya existente, saltando: SORRY BABY de Eva Victor
2026-03-19 00:28:56,211 - INFO - Comenzando extracción de información del post
2026-03-19 00:28:56,211 - INFO - Post ya existente, saltando: LOS GOYA 2026
2026-03-19 00:28:56,211 - INFO - Comenzando extracción de información del post
2026-03-19 00:28:56,211 - INFO - Post ya existente, saltando: LITTLE AMÉLIE de Mailys Vallade y Liane-Cho Han Jin Kuang
2026-03-19 00:28:56,211 - INFO - Comenzando extracción de información del post
2026-03-19 00:28:56,212 - INFO - Post ya existente, saltando: LA MALDICIÓN DE SHELBY OAKS de Chris Stuckmann
2026-03-19 00:28:56,212 - INFO - Proceso completado. Posts nuevos guardados: 0
