2025-12-25 20:06:25,045 - INFO - Iniciando proceso de scraping
2025-12-25 20:06:25,047 - INFO - Posts existentes encontrados: 2485
2025-12-25 20:06:25,047 - INFO - Intentando obtener posts desde: https://ghostintheblog.com/
2025-12-25 20:06:27,312 - INFO - Se encontraron 10 posts
2025-12-25 20:06:27,313 - INFO - Comenzando extracción de información del post
2025-12-25 20:06:27,314 - INFO - Post ya existente, saltando: EL EXTRANJERO de François Ozon
2025-12-25 20:06:27,314 - INFO - Comenzando extracción de información del post
2025-12-25 20:06:27,314 - INFO - Post ya existente, saltando: LA VIDA FUERA de Mario Martone
2025-12-25 20:06:27,314 - INFO - Comenzando extracción de información del post
2025-12-25 20:06:27,314 - INFO - Post ya existente, saltando: FRONTERA de Judith Colell
2025-12-25 20:06:27,314 - INFO - Comenzando extracción de información del post
2025-12-25 20:06:27,314 - INFO - Post ya existente, saltando: ARO BERRIA de Irati Gorostidi Agirretxe
2025-12-25 20:06:27,315 - INFO - Comenzando extracción de información del post
2025-12-25 20:06:27,315 - INFO - Post ya existente, saltando: GOLPES de Rafael Cobos
2025-12-25 20:06:27,315 - INFO - Comenzando extracción de información del post
2025-12-25 20:06:27,315 - INFO - Post ya existente, saltando: SINGULAR de Alberto Gastesi
2025-12-25 20:06:27,315 - INFO - Comenzando extracción de información del post
2025-12-25 20:06:27,315 - INFO - Post ya existente, saltando: VALOR SENTIMENTAL de Joachim Trier
2025-12-25 20:06:27,315 - INFO - Comenzando extracción de información del post
2025-12-25 20:06:27,315 - INFO - Post ya existente, saltando: LA VOZ DE HIND de Kaouther Ben Hania
2025-12-25 20:06:27,315 - INFO - Comenzando extracción de información del post
2025-12-25 20:06:27,316 - INFO - Post ya existente, saltando: BLUE MOON de Richard Linklater
2025-12-25 20:06:27,316 - INFO - Comenzando extracción de información del post
2025-12-25 20:06:27,316 - INFO - Post ya existente, saltando: DRÁCULA de Luc Besson
2025-12-25 20:06:27,316 - INFO - Proceso completado. Posts nuevos guardados: 0
