2025-04-01 20:06:04,822 - INFO - Iniciando proceso de scraping
2025-04-01 20:06:04,824 - INFO - Posts existentes encontrados: 2377
2025-04-01 20:06:04,824 - INFO - Intentando obtener posts desde: https://ghostintheblog.com/
2025-04-01 20:06:07,119 - INFO - Se encontraron 10 posts
2025-04-01 20:06:07,120 - INFO - Comenzando extracción de información del post
2025-04-01 20:06:07,120 - INFO - Post ya existente, saltando: GHOSTLIGHT de Kelly O’Sullivan y Alex Thompson
2025-04-01 20:06:07,120 - INFO - Comenzando extracción de información del post
2025-04-01 20:06:07,120 - INFO - Post ya existente, saltando: 8 de Julio Medem
2025-04-01 20:06:07,120 - INFO - Comenzando extracción de información del post
2025-04-01 20:06:07,121 - INFO - Post ya existente, saltando: LA CHICA DE LA AGUJA de Magnus von Horn
2025-04-01 20:06:07,121 - INFO - Comenzando extracción de información del post
2025-04-01 20:06:07,121 - INFO - Post ya existente, saltando: MISERICORDIA de Alain Guiraudie
2025-04-01 20:06:07,121 - INFO - Comenzando extracción de información del post
2025-04-01 20:06:07,121 - INFO - Post ya existente, saltando: LOS AITAS de Borja Cobeaga
2025-04-01 20:06:07,121 - INFO - Comenzando extracción de información del post
2025-04-01 20:06:07,121 - INFO - Post ya existente, saltando: MORLAIX de Jaime Rosales
2025-04-01 20:06:07,121 - INFO - Comenzando extracción de información del post
2025-04-01 20:06:07,122 - INFO - Post ya existente, saltando: TARDES DE SOLEDAD de Albert Serra
2025-04-01 20:06:07,122 - INFO - Comenzando extracción de información del post
2025-04-01 20:06:07,122 - INFO - Post ya existente, saltando: MICKEY 17 de Bong Joon-ho
2025-04-01 20:06:07,122 - INFO - Comenzando extracción de información del post
2025-04-01 20:06:07,122 - INFO - Post ya existente, saltando: LEE MILLER de Ellen Kuras
2025-04-01 20:06:07,122 - INFO - Comenzando extracción de información del post
2025-04-01 20:06:07,122 - INFO - Post ya existente, saltando: GRAND TOUR de Miguel Gomes
2025-04-01 20:06:07,122 - INFO - Proceso completado. Posts nuevos guardados: 0
