2025-10-07 22:03:43,757 - INFO - Iniciando proceso de scraping
2025-10-07 22:03:43,759 - INFO - Posts existentes encontrados: 2452
2025-10-07 22:03:43,759 - INFO - Intentando obtener posts desde: https://ghostintheblog.com/
2025-10-07 22:03:45,127 - INFO - Se encontraron 10 posts
2025-10-07 22:03:45,128 - INFO - Comenzando extracción de información del post
2025-10-07 22:03:45,129 - INFO - Post ya existente, saltando: UNA BATALLA TRAS OTRA de Paul Thomas Anderson
2025-10-07 22:03:45,129 - INFO - Comenzando extracción de información del post
2025-10-07 22:03:45,129 - INFO - Post ya existente, saltando: MÜNTER Y EL AMOR DE KANDINSKY de Marcus O. Rosenmüller
2025-10-07 22:03:45,129 - INFO - Comenzando extracción de información del post
2025-10-07 22:03:45,129 - INFO - Post ya existente, saltando: LOS LAZOS QUE NOS UNEN de Carine Tardieu
2025-10-07 22:03:45,129 - INFO - Comenzando extracción de información del post
2025-10-07 22:03:45,130 - INFO - Post ya existente, saltando: MASPALOMAS de Aitor Arregi y José Mari Goenaga (Los Moriarti)
2025-10-07 22:03:45,130 - INFO - Comenzando extracción de información del post
2025-10-07 22:03:45,130 - INFO - Post ya existente, saltando: MI AMIGA EVA de Cesc Gay
2025-10-07 22:03:45,130 - INFO - Comenzando extracción de información del post
2025-10-07 22:03:45,130 - INFO - Post ya existente, saltando: UN GRAN VIAJE ATREVIDO Y MARAVILLOSO de Kogonada
2025-10-07 22:03:45,130 - INFO - Comenzando extracción de información del post
2025-10-07 22:03:45,130 - INFO - Post ya existente, saltando: EL CAUTIVO de Alejandro Amenábar
2025-10-07 22:03:45,130 - INFO - Comenzando extracción de información del post
2025-10-07 22:03:45,130 - INFO - Post ya existente, saltando: EDDINGTON de Ari Aster
2025-10-07 22:03:45,131 - INFO - Comenzando extracción de información del post
2025-10-07 22:03:45,131 - INFO - Post ya existente, saltando: JONE, A VECES de Sara Fantoya
2025-10-07 22:03:45,131 - INFO - Comenzando extracción de información del post
2025-10-07 22:03:45,131 - INFO - Post ya existente, saltando: LA LEY DE JENNY PEN de James Ashcroft
2025-10-07 22:03:45,131 - INFO - Proceso completado. Posts nuevos guardados: 0
