2026-07-08 05:05:59,241 - INFO - Iniciando proceso de scraping
2026-07-08 05:05:59,243 - INFO - Posts existentes encontrados: 2568
2026-07-08 05:05:59,243 - INFO - Intentando obtener posts desde: https://ghostintheblog.com/
2026-07-08 05:06:00,918 - INFO - Se encontraron 10 posts
2026-07-08 05:06:00,919 - INFO - Comenzando extracción de información del post
2026-07-08 05:06:00,920 - INFO - Post ya existente, saltando: LA MUJER SIN NOMBRE de Haifaa Al-Mansour
2026-07-08 05:06:00,920 - INFO - Comenzando extracción de información del post
2026-07-08 05:06:00,920 - INFO - Post ya existente, saltando: VIVA de Aina Clotet
2026-07-08 05:06:00,920 - INFO - Comenzando extracción de información del post
2026-07-08 05:06:00,920 - INFO - Post ya existente, saltando: DREAMS de Michel Franco
2026-07-08 05:06:00,920 - INFO - Comenzando extracción de información del post
2026-07-08 05:06:00,921 - INFO - Post ya existente, saltando: EL DÍA DE LA REVELACIÓN de Steven Spielberg
2026-07-08 05:06:00,921 - INFO - Comenzando extracción de información del post
2026-07-08 05:06:00,921 - INFO - Post ya existente, saltando: UN TALENTO ÚNICO de Daniel Roher
2026-07-08 05:06:00,921 - INFO - Comenzando extracción de información del post
2026-07-08 05:06:00,921 - INFO - Post ya existente, saltando: IVÁN & HADOUM de Ian de la Rosa
2026-07-08 05:06:00,921 - INFO - Comenzando extracción de información del post
2026-07-08 05:06:00,921 - INFO - Post ya existente, saltando: ELEONORA DUSE, LA DIVINA de Pietro Marcello
2026-07-08 05:06:00,921 - INFO - Comenzando extracción de información del post
2026-07-08 05:06:00,921 - INFO - Post ya existente, saltando: SOLOMAMMA de Janicke Askevold
2026-07-08 05:06:00,921 - INFO - Comenzando extracción de información del post
2026-07-08 05:06:00,922 - INFO - Post ya existente, saltando: LA LUZ de Fernando Franco
2026-07-08 05:06:00,922 - INFO - Comenzando extracción de información del post
2026-07-08 05:06:00,922 - INFO - Post ya existente, saltando: EL DRAMA de Kristoffer Borgli
2026-07-08 05:06:00,922 - INFO - Proceso completado. Posts nuevos guardados: 0
