2026-03-15 12:11:33,554 - INFO - Iniciando proceso de scraping
2026-03-15 12:11:33,556 - INFO - Posts existentes encontrados: 2522
2026-03-15 12:11:33,556 - INFO - Intentando obtener posts desde: https://ghostintheblog.com/
2026-03-15 12:11:34,946 - INFO - Se encontraron 10 posts
2026-03-15 12:11:34,947 - INFO - Comenzando extracción de información del post
2026-03-15 12:11:34,947 - INFO - Post ya existente, saltando: ¡LA NOVIA! de Maggie Gyllenhaal
2026-03-15 12:11:34,948 - INFO - Comenzando extracción de información del post
2026-03-15 12:11:34,948 - INFO - Post ya existente, saltando: PILLION de Harry Lighton
2026-03-15 12:11:34,948 - INFO - Comenzando extracción de información del post
2026-03-15 12:11:34,948 - INFO - Post ya existente, saltando: EL MAGO DEL KREMLIN de Olivier Assayas
2026-03-15 12:11:34,948 - INFO - Comenzando extracción de información del post
2026-03-15 12:11:34,948 - INFO - Post ya existente, saltando: EL ÚLTIMO VIKINGO de Anders Thomas Jensen
2026-03-15 12:11:34,948 - INFO - Comenzando extracción de información del post
2026-03-15 12:11:34,948 - INFO - Post ya existente, saltando: SCARLET de Mamoru Hosoda
2026-03-15 12:11:34,948 - INFO - Comenzando extracción de información del post
2026-03-15 12:11:34,948 - INFO - Post ya existente, saltando: SORRY BABY de Eva Victor
2026-03-15 12:11:34,949 - INFO - Comenzando extracción de información del post
2026-03-15 12:11:34,949 - INFO - Post ya existente, saltando: LOS GOYA 2026
2026-03-15 12:11:34,949 - INFO - Comenzando extracción de información del post
2026-03-15 12:11:34,949 - INFO - Post ya existente, saltando: LITTLE AMÉLIE de Mailys Vallade y Liane-Cho Han Jin Kuang
2026-03-15 12:11:34,949 - INFO - Comenzando extracción de información del post
2026-03-15 12:11:34,949 - INFO - Post ya existente, saltando: LA MALDICIÓN DE SHELBY OAKS de Chris Stuckmann
2026-03-15 12:11:34,949 - INFO - Comenzando extracción de información del post
2026-03-15 12:11:34,949 - INFO - Post ya existente, saltando: SIN CONEXIÓN de Bradley Cooper
2026-03-15 12:11:34,949 - INFO - Proceso completado. Posts nuevos guardados: 0
