2025-03-31 12:08:15,149 - INFO - Iniciando proceso de scraping
2025-03-31 12:08:15,152 - INFO - Posts existentes encontrados: 2377
2025-03-31 12:08:15,152 - INFO - Intentando obtener posts desde: https://ghostintheblog.com/
2025-03-31 12:08:16,989 - INFO - Se encontraron 10 posts
2025-03-31 12:08:16,989 - INFO - Comenzando extracción de información del post
2025-03-31 12:08:16,990 - INFO - Post ya existente, saltando: GHOSTLIGHT de Kelly O’Sullivan y Alex Thompson
2025-03-31 12:08:16,990 - INFO - Comenzando extracción de información del post
2025-03-31 12:08:16,990 - INFO - Post ya existente, saltando: 8 de Julio Medem
2025-03-31 12:08:16,990 - INFO - Comenzando extracción de información del post
2025-03-31 12:08:16,990 - INFO - Post ya existente, saltando: LA CHICA DE LA AGUJA de Magnus von Horn
2025-03-31 12:08:16,990 - INFO - Comenzando extracción de información del post
2025-03-31 12:08:16,990 - INFO - Post ya existente, saltando: MISERICORDIA de Alain Guiraudie
2025-03-31 12:08:16,990 - INFO - Comenzando extracción de información del post
2025-03-31 12:08:16,991 - INFO - Post ya existente, saltando: LOS AITAS de Borja Cobeaga
2025-03-31 12:08:16,991 - INFO - Comenzando extracción de información del post
2025-03-31 12:08:16,991 - INFO - Post ya existente, saltando: MORLAIX de Jaime Rosales
2025-03-31 12:08:16,991 - INFO - Comenzando extracción de información del post
2025-03-31 12:08:16,991 - INFO - Post ya existente, saltando: TARDES DE SOLEDAD de Albert Serra
2025-03-31 12:08:16,991 - INFO - Comenzando extracción de información del post
2025-03-31 12:08:16,991 - INFO - Post ya existente, saltando: MICKEY 17 de Bong Joon-ho
2025-03-31 12:08:16,991 - INFO - Comenzando extracción de información del post
2025-03-31 12:08:16,992 - INFO - Post ya existente, saltando: LEE MILLER de Ellen Kuras
2025-03-31 12:08:16,992 - INFO - Comenzando extracción de información del post
2025-03-31 12:08:16,992 - INFO - Post ya existente, saltando: GRAND TOUR de Miguel Gomes
2025-03-31 12:08:16,992 - INFO - Proceso completado. Posts nuevos guardados: 0
