2025-11-25 16:06:40,845 - INFO - Iniciando proceso de scraping
2025-11-25 16:06:40,847 - INFO - Posts existentes encontrados: 2473
2025-11-25 16:06:40,847 - INFO - Intentando obtener posts desde: https://ghostintheblog.com/
2025-11-25 16:06:42,078 - INFO - Se encontraron 10 posts
2025-11-25 16:06:42,079 - INFO - Comenzando extracción de información del post
2025-11-25 16:06:42,080 - INFO - Post ya existente, saltando: GAUA de Paul Urkijo
2025-11-25 16:06:42,080 - INFO - Comenzando extracción de información del post
2025-11-25 16:06:42,080 - INFO - Post ya existente, saltando: URCHIN de Harris Dickinson
2025-11-25 16:06:42,080 - INFO - Comenzando extracción de información del post
2025-11-25 16:06:42,080 - INFO - Post ya existente, saltando: CIUDAD SIN SUEÑO de Guillermo Galoe
2025-11-25 16:06:42,080 - INFO - Comenzando extracción de información del post
2025-11-25 16:06:42,080 - INFO - Post ya existente, saltando: BUGONIA de Yorgos Lanthimos
2025-11-25 16:06:42,080 - INFO - Comenzando extracción de información del post
2025-11-25 16:06:42,081 - INFO - Post ya existente, saltando: SUBSUELO de Fernando Franco
2025-11-25 16:06:42,081 - INFO - Comenzando extracción de información del post
2025-11-25 16:06:42,081 - INFO - Post ya existente, saltando: SIEMPRE ES INVIERNO de David Trueba
2025-11-25 16:06:42,081 - INFO - Comenzando extracción de información del post
2025-11-25 16:06:42,081 - INFO - Post ya existente, saltando: THE MASTERMIND de Kelly Reichardt
2025-11-25 16:06:42,081 - INFO - Comenzando extracción de información del post
2025-11-25 16:06:42,081 - INFO - Post ya existente, saltando: RECIÉN NACIDAS de Jean-Pierre  y Luc Dardenne
2025-11-25 16:06:42,081 - INFO - Comenzando extracción de información del post
2025-11-25 16:06:42,081 - INFO - Post ya existente, saltando: LOS TIGRES de Alberto Rodríguez
2025-11-25 16:06:42,081 - INFO - Comenzando extracción de información del post
2025-11-25 16:06:42,082 - INFO - Post ya existente, saltando: FRANKENSTEIN de Guillermo del Toro
2025-11-25 16:06:42,082 - INFO - Proceso completado. Posts nuevos guardados: 0
