2026-03-09 16:24:19,551 - INFO - Iniciando proceso de scraping
2026-03-09 16:24:19,552 - INFO - Posts existentes encontrados: 2516
2026-03-09 16:24:19,553 - INFO - Intentando obtener posts desde: https://ghostintheblog.com/
2026-03-09 16:24:21,232 - INFO - Se encontraron 10 posts
2026-03-09 16:24:21,233 - INFO - Comenzando extracción de información del post
2026-03-09 16:24:21,234 - INFO - Post ya existente, saltando: LOS GOYA 2026
2026-03-09 16:24:21,234 - INFO - Comenzando extracción de información del post
2026-03-09 16:24:21,234 - INFO - Post ya existente, saltando: LITTLE AMÉLIE de Mailys Vallade y Liane-Cho Han Jin Kuang
2026-03-09 16:24:21,234 - INFO - Comenzando extracción de información del post
2026-03-09 16:24:21,235 - INFO - Post ya existente, saltando: LA MALDICIÓN DE SHELBY OAKS de Chris Stuckmann
2026-03-09 16:24:21,235 - INFO - Comenzando extracción de información del post
2026-03-09 16:24:21,235 - INFO - Post ya existente, saltando: SIN CONEXIÓN de Bradley Cooper
2026-03-09 16:24:21,235 - INFO - Comenzando extracción de información del post
2026-03-09 16:24:21,235 - INFO - Post ya existente, saltando: EL AGENTE SECRETO de Kleber Mendonça Filho
2026-03-09 16:24:21,235 - INFO - Comenzando extracción de información del post
2026-03-09 16:24:21,235 - INFO - Post ya existente, saltando: CUMBRES BORRASCOSAS de Emerald Fennell
2026-03-09 16:24:21,235 - INFO - Comenzando extracción de información del post
2026-03-09 16:24:21,235 - INFO - Post ya existente, saltando: NO HAY OTRA OPCIÓN de Park Chan-wook
2026-03-09 16:24:21,236 - INFO - Comenzando extracción de información del post
2026-03-09 16:24:21,236 - INFO - Post ya existente, saltando: HISTORIAS DEL BUEN VALLE de José Luis Guerín
2026-03-09 16:24:21,236 - INFO - Comenzando extracción de información del post
2026-03-09 16:24:21,236 - INFO - Post ya existente, saltando: LA FIERA de Salvador Calvo
2026-03-09 16:24:21,236 - INFO - Comenzando extracción de información del post
2026-03-09 16:24:21,236 - INFO - Post ya existente, saltando: TRES ADIOSES de Isabel Coixet
2026-03-09 16:24:21,236 - INFO - Proceso completado. Posts nuevos guardados: 0
