2025-05-10 00:18:00,655 - INFO - Iniciando proceso de scraping
2025-05-10 00:18:00,657 - INFO - Posts existentes encontrados: 2392
2025-05-10 00:18:00,657 - INFO - Intentando obtener posts desde: https://ghostintheblog.com/
2025-05-10 00:18:03,078 - INFO - Se encontraron 10 posts
2025-05-10 00:18:03,078 - INFO - Comenzando extracción de información del post
2025-05-10 00:18:03,079 - INFO - Post ya existente, saltando: LA BUENA LETRA de Celia Rico Clavellino
2025-05-10 00:18:03,079 - INFO - Comenzando extracción de información del post
2025-05-10 00:18:03,079 - INFO - Post ya existente, saltando: SUJO de Fernanda Valadez, Astrid Rondero
2025-05-10 00:18:03,079 - INFO - Comenzando extracción de información del post
2025-05-10 00:18:03,079 - INFO - Post ya existente, saltando: LA ISLA DE LOS FAISANES de Asier Urbieta
2025-05-10 00:18:03,079 - INFO - Comenzando extracción de información del post
2025-05-10 00:18:03,079 - INFO - Post ya existente, saltando: THE END de Joshua Oppenheimer
2025-05-10 00:18:03,080 - INFO - Comenzando extracción de información del post
2025-05-10 00:18:03,080 - INFO - Post ya existente, saltando: EL ÚLTIMO SUSPIRO de Costa-Gavras
2025-05-10 00:18:03,080 - INFO - Comenzando extracción de información del post
2025-05-10 00:18:03,080 - INFO - Post ya existente, saltando: EL CASOPLÓN de Joaquín Mazón
2025-05-10 00:18:03,080 - INFO - Comenzando extracción de información del post
2025-05-10 00:18:03,080 - INFO - Post ya existente, saltando: LA VIAJERA de Hong Sangsoo
2025-05-10 00:18:03,080 - INFO - Comenzando extracción de información del post
2025-05-10 00:18:03,080 - INFO - Post ya existente, saltando: AMATEUR de James Hawes
2025-05-10 00:18:03,080 - INFO - Comenzando extracción de información del post
2025-05-10 00:18:03,081 - INFO - Post ya existente, saltando: MUY LEJOS de Gerard Oms
2025-05-10 00:18:03,081 - INFO - Comenzando extracción de información del post
2025-05-10 00:18:03,081 - INFO - Post ya existente, saltando: LA NIÑA DE LA CABRA de Ana Asensio
2025-05-10 00:18:03,081 - INFO - Proceso completado. Posts nuevos guardados: 0
