2025-03-19 16:05:54,877 - INFO - Iniciando proceso de scraping
2025-03-19 16:05:54,878 - INFO - Posts existentes encontrados: 10
2025-03-19 16:05:54,878 - INFO - Intentando obtener posts desde: https://ghostintheblog.com/
2025-03-19 16:05:58,762 - INFO - Se encontraron 10 posts
2025-03-19 16:05:58,763 - INFO - Comenzando extracción de información del post
2025-03-19 16:05:58,763 - INFO - Post ya existente, saltando: TARDES DE SOLEDAD de Albert Serra
2025-03-19 16:05:58,763 - INFO - Comenzando extracción de información del post
2025-03-19 16:05:58,763 - INFO - Post ya existente, saltando: MICKEY 17 de Bong Joon-ho
2025-03-19 16:05:58,763 - INFO - Comenzando extracción de información del post
2025-03-19 16:05:58,763 - INFO - Post ya existente, saltando: LEE MILLER de Ellen Kuras
2025-03-19 16:05:58,763 - INFO - Comenzando extracción de información del post
2025-03-19 16:05:58,764 - INFO - Post ya existente, saltando: GRAND TOUR de Miguel Gomes
2025-03-19 16:05:58,764 - INFO - Comenzando extracción de información del post
2025-03-19 16:05:58,764 - INFO - Post ya existente, saltando: A COMPLETE UNKNOWN de James Mangold
2025-03-19 16:05:58,764 - INFO - Comenzando extracción de información del post
2025-03-19 16:05:58,764 - INFO - Post ya existente, saltando: MI ÚNICA FAMILIA de Mike Leigh
2025-03-19 16:05:58,764 - INFO - Comenzando extracción de información del post
2025-03-19 16:05:58,764 - INFO - Post ya existente, saltando: LOS OSCAR 2025
2025-03-19 16:05:58,764 - INFO - Comenzando extracción de información del post
2025-03-19 16:05:58,765 - INFO - Post ya existente, saltando: NOSOTROS de Helena Taberna
2025-03-19 16:05:58,765 - INFO - Comenzando extracción de información del post
2025-03-19 16:05:58,765 - INFO - Post ya existente, saltando: AÚN ESTOY AQUÍ
2025-03-19 16:05:58,765 - INFO - Comenzando extracción de información del post
2025-03-19 16:05:58,765 - INFO - Post ya existente, saltando: LA ÚLTIMA REINA de Karim Aïnouz
2025-03-19 16:05:58,765 - INFO - Proceso completado. Posts nuevos guardados: 0
