2026-03-28 16:10:23,375 - INFO - Iniciando proceso de scraping
2026-03-28 16:10:23,377 - INFO - Posts existentes encontrados: 2527
2026-03-28 16:10:23,377 - INFO - Intentando obtener posts desde: https://ghostintheblog.com/
2026-03-28 16:10:24,523 - INFO - Se encontraron 10 posts
2026-03-28 16:10:24,524 - INFO - Comenzando extracción de información del post
2026-03-28 16:10:24,524 - INFO - Post ya existente, saltando: YO TE CREO de Charlotte Devillers y Arnaud Dufeys
2026-03-28 16:10:24,525 - INFO - Comenzando extracción de información del post
2026-03-28 16:10:24,525 - INFO - Post ya existente, saltando: EL TESTAMENTO DE ANN LEE de Mona Fastvold
2026-03-28 16:10:24,525 - INFO - Comenzando extracción de información del post
2026-03-28 16:10:24,525 - INFO - Post ya existente, saltando: ÁGUILAS DE EL CAIRO de Tarik Saleh
2026-03-28 16:10:24,525 - INFO - Comenzando extracción de información del post
2026-03-28 16:10:24,525 - INFO - Post ya existente, saltando: TORRENTE PRESIDENTE de Santiago Segura
2026-03-28 16:10:24,525 - INFO - Comenzando extracción de información del post
2026-03-28 16:10:24,525 - INFO - Post ya existente, saltando: LOS OSCAR 2026
2026-03-28 16:10:24,526 - INFO - Comenzando extracción de información del post
2026-03-28 16:10:24,526 - INFO - Post ya existente, saltando: ¡LA NOVIA! de Maggie Gyllenhaal
2026-03-28 16:10:24,526 - INFO - Comenzando extracción de información del post
2026-03-28 16:10:24,526 - INFO - Post ya existente, saltando: PILLION de Harry Lighton
2026-03-28 16:10:24,526 - INFO - Comenzando extracción de información del post
2026-03-28 16:10:24,526 - INFO - Post ya existente, saltando: EL MAGO DEL KREMLIN de Olivier Assayas
2026-03-28 16:10:24,526 - INFO - Comenzando extracción de información del post
2026-03-28 16:10:24,526 - INFO - Post ya existente, saltando: EL ÚLTIMO VIKINGO de Anders Thomas Jensen
2026-03-28 16:10:24,526 - INFO - Comenzando extracción de información del post
2026-03-28 16:10:24,527 - INFO - Post ya existente, saltando: SCARLET de Mamoru Hosoda
2026-03-28 16:10:24,527 - INFO - Proceso completado. Posts nuevos guardados: 0
