2026-02-05 04:36:58,687 - INFO - Iniciando proceso de scraping
2026-02-05 04:36:58,689 - INFO - Posts existentes encontrados: 2503
2026-02-05 04:36:58,689 - INFO - Intentando obtener posts desde: https://ghostintheblog.com/
2026-02-05 04:37:00,168 - INFO - Se encontraron 10 posts
2026-02-05 04:37:00,169 - INFO - Comenzando extracción de información del post
2026-02-05 04:37:00,169 - INFO - Post ya existente, saltando: HAMNET de Chloé Zhao
2026-02-05 04:37:00,169 - INFO - Comenzando extracción de información del post
2026-02-05 04:37:00,169 - INFO - Post ya existente, saltando: YUNAN de Ameer Fakher Eldin
2026-02-05 04:37:00,169 - INFO - Comenzando extracción de información del post
2026-02-05 04:37:00,170 - INFO - Post ya existente, saltando: LA LEYENDA DE OCHI de Isaiah Saxon
2026-02-05 04:37:00,170 - INFO - Comenzando extracción de información del post
2026-02-05 04:37:00,170 - INFO - Post ya existente, saltando: ARCO de Ugo Bienvenu
2026-02-05 04:37:00,170 - INFO - Comenzando extracción de información del post
2026-02-05 04:37:00,170 - INFO - Post ya existente, saltando: SI PUDIERA TE DARÍA UNA PATADA de Mary Bronstein
2026-02-05 04:37:00,170 - INFO - Comenzando extracción de información del post
2026-02-05 04:37:00,170 - INFO - Post ya existente, saltando: LA MISTERIOSA MIRADA DE FLAMENCO de Diego Céspedes
2026-02-05 04:37:00,170 - INFO - Comenzando extracción de información del post
2026-02-05 04:37:00,171 - INFO - Post ya existente, saltando: NOUVELLE VAGUE de Richard Linklater
2026-02-05 04:37:00,171 - INFO - Comenzando extracción de información del post
2026-02-05 04:37:00,171 - INFO - Post ya existente, saltando: RENTAL FAMILY de Hikari
2026-02-05 04:37:00,171 - INFO - Comenzando extracción de información del post
2026-02-05 04:37:00,171 - INFO - Post ya existente, saltando: TURNO DE GUARDIA de Petra Biondina Volpe
2026-02-05 04:37:00,171 - INFO - Comenzando extracción de información del post
2026-02-05 04:37:00,171 - INFO - Post ya existente, saltando: LA ASISTENTA de Rebecca Sonnenshine
2026-02-05 04:37:00,171 - INFO - Proceso completado. Posts nuevos guardados: 0
