2025-12-18 08:07:55,589 - INFO - Iniciando proceso de scraping
2025-12-18 08:07:55,591 - INFO - Posts existentes encontrados: 2476
2025-12-18 08:07:55,591 - INFO - Intentando obtener posts desde: https://ghostintheblog.com/
2025-12-18 08:07:57,704 - INFO - Se encontraron 10 posts
2025-12-18 08:07:57,706 - INFO - Comenzando extracción de información del post
2025-12-18 08:07:57,706 - INFO - Post ya existente, saltando: DRÁCULA de Luc Besson
2025-12-18 08:07:57,706 - INFO - Comenzando extracción de información del post
2025-12-18 08:07:57,706 - INFO - Post ya existente, saltando: ALPHA de Julia  Ducournau
2025-12-18 08:07:57,706 - INFO - Comenzando extracción de información del post
2025-12-18 08:07:57,706 - INFO - Post ya existente, saltando: CRIMSON GOLD de Jafar Panahi
2025-12-18 08:07:57,707 - INFO - Comenzando extracción de información del post
2025-12-18 08:07:57,707 - INFO - Post ya existente, saltando: GAUA de Paul Urkijo
2025-12-18 08:07:57,707 - INFO - Comenzando extracción de información del post
2025-12-18 08:07:57,707 - INFO - Post ya existente, saltando: URCHIN de Harris Dickinson
2025-12-18 08:07:57,707 - INFO - Comenzando extracción de información del post
2025-12-18 08:07:57,707 - INFO - Post ya existente, saltando: CIUDAD SIN SUEÑO de Guillermo Galoe
2025-12-18 08:07:57,707 - INFO - Comenzando extracción de información del post
2025-12-18 08:07:57,707 - INFO - Post ya existente, saltando: BUGONIA de Yorgos Lanthimos
2025-12-18 08:07:57,707 - INFO - Comenzando extracción de información del post
2025-12-18 08:07:57,708 - INFO - Post ya existente, saltando: SUBSUELO de Fernando Franco
2025-12-18 08:07:57,708 - INFO - Comenzando extracción de información del post
2025-12-18 08:07:57,708 - INFO - Post ya existente, saltando: SIEMPRE ES INVIERNO de David Trueba
2025-12-18 08:07:57,708 - INFO - Comenzando extracción de información del post
2025-12-18 08:07:57,708 - INFO - Post ya existente, saltando: THE MASTERMIND de Kelly Reichardt
2025-12-18 08:07:57,708 - INFO - Proceso completado. Posts nuevos guardados: 0
