2025-05-29 22:03:09,797 - INFO - Iniciando proceso de scraping
2025-05-29 22:03:09,799 - INFO - Posts existentes encontrados: 2400
2025-05-29 22:03:09,799 - INFO - Intentando obtener posts desde: https://ghostintheblog.com/
2025-05-29 22:03:12,927 - INFO - Se encontraron 10 posts
2025-05-29 22:03:12,928 - INFO - Comenzando extracción de información del post
2025-05-29 22:03:12,928 - INFO - Post ya existente, saltando: EL BUEN PADRE de Ronan Tronchot
2025-05-29 22:03:12,928 - INFO - Comenzando extracción de información del post
2025-05-29 22:03:12,928 - INFO - Título del post: ESTOCOLMO: EL REY TIRANO 1520 de Mikael Håfström
2025-05-29 22:03:12,928 - INFO - Fecha del post: 2025-05-24T18:20:03+02:00
2025-05-29 22:03:12,928 - INFO - Obteniendo contenido completo de: https://ghostintheblog.com/2025/05/estocolmo-1520-critica-analisis-historico.html
2025-05-29 22:03:14,383 - INFO - Contenido extraído y estructurado (2752 caracteres)
2025-05-29 22:03:14,384 - INFO - Guardando post en: posts/ESTOCOLMO:_EL_REY_TIRANO_1520_2025-05-24.json
2025-05-29 22:03:14,384 - INFO - Post guardado exitosamente
2025-05-29 22:03:14,384 - INFO - Actualizando índice de películas
2025-05-29 22:03:14,384 - INFO - Archivo de índice: /home/runner/work/scrapingcines/scrapingcines/index.json
2025-05-29 22:03:14,388 - INFO - Índice existente cargado con 2499 películas
2025-05-29 22:03:14,388 - INFO - La película ya existe en el índice: ESTOCOLMO: EL REY TIRANO 1520
2025-05-29 22:03:14,389 - INFO - Nuevo post guardado: ESTOCOLMO: EL REY TIRANO 1520 de Mikael Håfström
2025-05-29 22:03:14,389 - INFO - Comenzando extracción de información del post
2025-05-29 22:03:14,389 - INFO - Post ya existente, saltando: TRAS EL VERANO de Yolanda Centeno
2025-05-29 22:03:14,389 - INFO - Comenzando extracción de información del post
2025-05-29 22:03:14,389 - INFO - Post ya existente, saltando: ENEMIGOS de David Valero
2025-05-29 22:03:14,389 - INFO - Comenzando extracción de información del post
2025-05-29 22:03:14,389 - INFO - Post ya existente, saltando: UNA QUINTA PORTUGUESA de Avelina Prat
2025-05-29 22:03:14,390 - INFO - Comenzando extracción de información del post
2025-05-29 22:03:14,390 - INFO - Post ya existente, saltando: LO QUE QUEDA DE TI
2025-05-29 22:03:14,390 - INFO - Comenzando extracción de información del post
2025-05-29 22:03:14,390 - INFO - Post ya existente, saltando: PRESUNCIÓN DE INOCENCIA de Daniel Auteuil
2025-05-29 22:03:14,390 - INFO - Comenzando extracción de información del post
2025-05-29 22:03:14,390 - INFO - Post ya existente, saltando: LA HISTORIA DE SOULEYMANE de Boris Lojkine
2025-05-29 22:03:14,390 - INFO - Comenzando extracción de información del post
2025-05-29 22:03:14,391 - INFO - Post ya existente, saltando: ERREPLIKA de Pello Gutiérrez Peñalba
2025-05-29 22:03:14,391 - INFO - Comenzando extracción de información del post
2025-05-29 22:03:14,391 - INFO - Post ya existente, saltando: LA BUENA LETRA de Celia Rico Clavellino
2025-05-29 22:03:14,391 - INFO - Proceso completado. Posts nuevos guardados: 1
