2025-03-15 18:00:08,238 - INFO - Iniciando proceso de scraping
2025-03-15 18:00:08,238 - INFO - Posts existentes encontrados: 0
2025-03-15 18:00:08,240 - INFO - Intentando obtener posts desde: https://ghostintheblog.com/
2025-03-15 18:00:09,244 - INFO - Se encontraron 10 posts
2025-03-15 18:00:09,244 - INFO - Comenzando extracción de información del post
2025-03-15 18:00:09,245 - INFO - Título del post: TARDES DE SOLEDAD de Albert Serra
2025-03-15 18:00:09,245 - INFO - Fecha del post: 2025-03-15T00:23:46+01:00
2025-03-15 18:00:09,245 - INFO - Obteniendo contenido completo de: https://ghostintheblog.com/2025/03/tardes-de-soledad-albert-serra-toreo-tauromaquia.html
2025-03-15 18:00:10,250 - INFO - Contenido extraído y estructurado (4810 caracteres)
2025-03-15 18:00:10,251 - INFO - Guardando post en: posts/TARDES_DE_SOLEDAD_2025-03-15.json
2025-03-15 18:00:10,252 - INFO - Post guardado exitosamente
2025-03-15 18:00:10,252 - INFO - Actualizando índice de películas
2025-03-15 18:00:10,252 - INFO - Archivo de índice: C:\Trabajos\scrapingcines\index.json
2025-03-15 18:00:10,252 - INFO - Creando nuevo índice
2025-03-15 18:00:10,253 - INFO - Película agregada al índice: TARDES DE SOLEDAD
2025-03-15 18:00:10,253 - INFO - Nuevo post guardado: TARDES DE SOLEDAD de Albert Serra
2025-03-15 18:00:10,253 - INFO - Comenzando extracción de información del post
2025-03-15 18:00:10,255 - INFO - Título del post: MICKEY 17 de Bong Joon-ho
2025-03-15 18:00:10,255 - INFO - Fecha del post: 2025-03-15T00:11:27+01:00
2025-03-15 18:00:10,255 - INFO - Obteniendo contenido completo de: https://ghostintheblog.com/2025/03/mickey-17-bong-joon-ho-prescindibles-y-critica-al-poder.html
2025-03-15 18:00:15,012 - INFO - Contenido extraído y estructurado (2862 caracteres)
2025-03-15 18:00:15,013 - INFO - Guardando post en: posts/MICKEY_17_2025-03-15.json
2025-03-15 18:00:15,015 - INFO - Post guardado exitosamente
2025-03-15 18:00:15,015 - INFO - Actualizando índice de películas
2025-03-15 18:00:15,015 - INFO - Archivo de índice: C:\Trabajos\scrapingcines\index.json
2025-03-15 18:00:15,015 - INFO - Índice existente cargado con 1 películas
2025-03-15 18:00:15,017 - INFO - Película agregada al índice: MICKEY 17
2025-03-15 18:00:15,017 - INFO - Nuevo post guardado: MICKEY 17 de Bong Joon-ho
2025-03-15 18:00:15,017 - INFO - Comenzando extracción de información del post
2025-03-15 18:00:15,017 - INFO - Título del post: LEE MILLER de Ellen Kuras
2025-03-15 18:00:15,017 - INFO - Fecha del post: 2025-03-14T23:52:25+01:00
2025-03-15 18:00:15,017 - INFO - Obteniendo contenido completo de: https://ghostintheblog.com/2025/03/lee-la-pelicula-de-ellen-kuras-un-retrato-frio-y-sin-alma.html
2025-03-15 18:00:16,144 - INFO - Contenido extraído y estructurado (2616 caracteres)
2025-03-15 18:00:16,145 - INFO - Guardando post en: posts/LEE_MILLER_2025-03-14.json
2025-03-15 18:00:16,146 - INFO - Post guardado exitosamente
2025-03-15 18:00:16,146 - INFO - Actualizando índice de películas
2025-03-15 18:00:16,146 - INFO - Archivo de índice: C:\Trabajos\scrapingcines\index.json
2025-03-15 18:00:16,146 - INFO - Índice existente cargado con 2 películas
2025-03-15 18:00:16,147 - INFO - Película agregada al índice: LEE MILLER
2025-03-15 18:00:16,147 - INFO - Nuevo post guardado: LEE MILLER de Ellen Kuras
2025-03-15 18:00:16,147 - INFO - Comenzando extracción de información del post
2025-03-15 18:00:16,147 - INFO - Título del post: GRAND TOUR de Miguel Gomes
2025-03-15 18:00:16,148 - INFO - Fecha del post: 2025-03-09T01:07:10+01:00
2025-03-15 18:00:16,148 - INFO - Obteniendo contenido completo de: https://ghostintheblog.com/2025/03/grand-tour-miguel-gomes-cine-viaje-sombras.html
2025-03-15 18:00:17,185 - INFO - Contenido extraído y estructurado (4776 caracteres)
2025-03-15 18:00:17,186 - INFO - Guardando post en: posts/GRAND_TOUR_2025-03-09.json
2025-03-15 18:00:17,187 - INFO - Post guardado exitosamente
2025-03-15 18:00:17,187 - INFO - Actualizando índice de películas
2025-03-15 18:00:17,187 - INFO - Archivo de índice: C:\Trabajos\scrapingcines\index.json
2025-03-15 18:00:17,188 - INFO - Índice existente cargado con 3 películas
2025-03-15 18:00:17,189 - INFO - Película agregada al índice: GRAND TOUR
2025-03-15 18:00:17,189 - INFO - Nuevo post guardado: GRAND TOUR de Miguel Gomes
2025-03-15 18:00:17,189 - INFO - Comenzando extracción de información del post
2025-03-15 18:00:17,189 - INFO - Título del post: A COMPLETE UNKNOWN de James Mangold
2025-03-15 18:00:17,190 - INFO - Fecha del post: 2025-03-09T00:51:50+01:00
2025-03-15 18:00:17,190 - INFO - Obteniendo contenido completo de: https://ghostintheblog.com/2025/03/a-complete-unknown-mangold-dylan-cine.html
2025-03-15 18:00:18,335 - INFO - Contenido extraído y estructurado (2678 caracteres)
2025-03-15 18:00:18,335 - INFO - Guardando post en: posts/A_COMPLETE_UNKNOWN_2025-03-09.json
2025-03-15 18:00:18,336 - INFO - Post guardado exitosamente
2025-03-15 18:00:18,336 - INFO - Actualizando índice de películas
2025-03-15 18:00:18,337 - INFO - Archivo de índice: C:\Trabajos\scrapingcines\index.json
2025-03-15 18:00:18,337 - INFO - Índice existente cargado con 4 películas
2025-03-15 18:00:18,337 - INFO - Película agregada al índice: A COMPLETE UNKNOWN
2025-03-15 18:00:18,338 - INFO - Nuevo post guardado: A COMPLETE UNKNOWN de James Mangold
2025-03-15 18:00:18,338 - INFO - Comenzando extracción de información del post
2025-03-15 18:00:18,338 - INFO - Título del post: MI ÚNICA FAMILIA de Mike Leigh
2025-03-15 18:00:18,338 - INFO - Fecha del post: 2025-03-09T00:29:20+01:00
2025-03-15 18:00:18,338 - INFO - Obteniendo contenido completo de: https://ghostintheblog.com/2025/03/mi-unica-familia-mike-leigh-realismo-depresion-narrativa-claustrofobica.html
2025-03-15 18:00:19,478 - INFO - Contenido extraído y estructurado (2684 caracteres)
2025-03-15 18:00:19,478 - INFO - Guardando post en: posts/MI_ÚNICA_FAMILIA_2025-03-09.json
2025-03-15 18:00:19,479 - INFO - Post guardado exitosamente
2025-03-15 18:00:19,479 - INFO - Actualizando índice de películas
2025-03-15 18:00:19,479 - INFO - Archivo de índice: C:\Trabajos\scrapingcines\index.json
2025-03-15 18:00:19,479 - INFO - Índice existente cargado con 5 películas
2025-03-15 18:00:19,480 - INFO - Película agregada al índice: MI ÚNICA FAMILIA
2025-03-15 18:00:19,480 - INFO - Nuevo post guardado: MI ÚNICA FAMILIA de Mike Leigh
2025-03-15 18:00:19,480 - INFO - Comenzando extracción de información del post
2025-03-15 18:00:19,480 - INFO - Título del post: LOS OSCAR 2025
2025-03-15 18:00:19,481 - INFO - Fecha del post: 2025-03-04T09:39:04+01:00
2025-03-15 18:00:19,481 - WARNING - No se pudo extraer director del título: LOS OSCAR 2025
2025-03-15 18:00:19,481 - INFO - Obteniendo contenido completo de: https://ghostintheblog.com/2025/03/ganadores-oscar-2025-critica.html
2025-03-15 18:00:20,493 - WARNING - No se encontró 'Título Original' en el contenido
2025-03-15 18:00:20,493 - INFO - Usando contenido completo como respaldo
2025-03-15 18:00:20,494 - INFO - Guardando post en: posts/LOS_OSCAR_2025_2025-03-04.json
2025-03-15 18:00:20,494 - INFO - Post guardado exitosamente
2025-03-15 18:00:20,495 - INFO - Actualizando índice de películas
2025-03-15 18:00:20,495 - INFO - Archivo de índice: C:\Trabajos\scrapingcines\index.json
2025-03-15 18:00:20,495 - INFO - Índice existente cargado con 6 películas
2025-03-15 18:00:20,495 - INFO - Película agregada al índice: LOS OSCAR 2025
2025-03-15 18:00:20,495 - INFO - Nuevo post guardado: LOS OSCAR 2025
2025-03-15 18:00:20,495 - INFO - Comenzando extracción de información del post
2025-03-15 18:00:20,496 - INFO - Título del post: NOSOTROS de Helena Taberna
2025-03-15 18:00:20,496 - INFO - Fecha del post: 2025-03-02T00:02:52+01:00
2025-03-15 18:00:20,496 - INFO - Obteniendo contenido completo de: https://ghostintheblog.com/2025/03/nosotros-de-helena-taberna.html
2025-03-15 18:00:21,533 - INFO - Contenido extraído y estructurado (4766 caracteres)
2025-03-15 18:00:21,533 - INFO - Guardando post en: posts/NOSOTROS_2025-03-02.json
2025-03-15 18:00:21,535 - INFO - Post guardado exitosamente
2025-03-15 18:00:21,536 - INFO - Actualizando índice de películas
2025-03-15 18:00:21,536 - INFO - Archivo de índice: C:\Trabajos\scrapingcines\index.json
2025-03-15 18:00:21,536 - INFO - Índice existente cargado con 7 películas
2025-03-15 18:00:21,537 - INFO - Película agregada al índice: NOSOTROS
2025-03-15 18:00:21,537 - INFO - Nuevo post guardado: NOSOTROS de Helena Taberna
2025-03-15 18:00:21,538 - INFO - Comenzando extracción de información del post
2025-03-15 18:00:21,538 - INFO - Título del post: AÚN ESTOY AQUÍ
2025-03-15 18:00:21,539 - INFO - Fecha del post: 2025-03-01T11:13:30+01:00
2025-03-15 18:00:21,539 - WARNING - No se pudo extraer director del título: AÚN ESTOY AQUÍ
2025-03-15 18:00:21,539 - INFO - Obteniendo contenido completo de: https://ghostintheblog.com/2025/03/ainda-estou-aqui-walter-salles-2024.html
2025-03-15 18:00:22,537 - INFO - Contenido extraído y estructurado (2658 caracteres)
2025-03-15 18:00:22,538 - INFO - Guardando post en: posts/AÚN_ESTOY_AQUÍ_2025-03-01.json
2025-03-15 18:00:22,538 - INFO - Post guardado exitosamente
2025-03-15 18:00:22,538 - INFO - Actualizando índice de películas
2025-03-15 18:00:22,539 - INFO - Archivo de índice: C:\Trabajos\scrapingcines\index.json
2025-03-15 18:00:22,539 - INFO - Índice existente cargado con 8 películas
2025-03-15 18:00:22,539 - INFO - Película agregada al índice: AÚN ESTOY AQUÍ
2025-03-15 18:00:22,539 - INFO - Nuevo post guardado: AÚN ESTOY AQUÍ
2025-03-15 18:00:22,540 - INFO - Comenzando extracción de información del post
2025-03-15 18:00:22,540 - INFO - Título del post: LA ÚLTIMA REINA de Karim Aïnouz
2025-03-15 18:00:22,540 - INFO - Fecha del post: 2025-03-01T11:05:31+01:00
2025-03-15 18:00:22,541 - INFO - Obteniendo contenido completo de: https://ghostintheblog.com/2025/03/firebrand-catalina-parr-karim-ainouz.html
2025-03-15 18:00:23,565 - INFO - Contenido extraído y estructurado (2698 caracteres)
2025-03-15 18:00:23,565 - INFO - Guardando post en: posts/LA_ÚLTIMA_REINA_2025-03-01.json
2025-03-15 18:00:23,566 - INFO - Post guardado exitosamente
2025-03-15 18:00:23,566 - INFO - Actualizando índice de películas
2025-03-15 18:00:23,566 - INFO - Archivo de índice: C:\Trabajos\scrapingcines\index.json
2025-03-15 18:00:23,567 - INFO - Índice existente cargado con 9 películas
2025-03-15 18:00:23,568 - INFO - Película agregada al índice: LA ÚLTIMA REINA
2025-03-15 18:00:23,568 - INFO - Nuevo post guardado: LA ÚLTIMA REINA de Karim Aïnouz
2025-03-15 18:00:23,569 - INFO - Proceso completado. Posts nuevos guardados: 10
