2025-05-06 12:08:51,403 - INFO - Iniciando proceso de scraping
2025-05-06 12:08:51,405 - INFO - Posts existentes encontrados: 2392
2025-05-06 12:08:51,405 - INFO - Intentando obtener posts desde: https://ghostintheblog.com/
2025-05-06 12:08:53,321 - INFO - Se encontraron 10 posts
2025-05-06 12:08:53,321 - INFO - Comenzando extracción de información del post
2025-05-06 12:08:53,321 - INFO - Post ya existente, saltando: LA BUENA LETRA de Celia Rico Clavellino
2025-05-06 12:08:53,321 - INFO - Comenzando extracción de información del post
2025-05-06 12:08:53,321 - INFO - Post ya existente, saltando: SUJO de Fernanda Valadez, Astrid Rondero
2025-05-06 12:08:53,321 - INFO - Comenzando extracción de información del post
2025-05-06 12:08:53,322 - INFO - Post ya existente, saltando: LA ISLA DE LOS FAISANES de Asier Urbieta
2025-05-06 12:08:53,322 - INFO - Comenzando extracción de información del post
2025-05-06 12:08:53,322 - INFO - Post ya existente, saltando: THE END de Joshua Oppenheimer
2025-05-06 12:08:53,322 - INFO - Comenzando extracción de información del post
2025-05-06 12:08:53,322 - INFO - Post ya existente, saltando: EL ÚLTIMO SUSPIRO de Costa-Gavras
2025-05-06 12:08:53,322 - INFO - Comenzando extracción de información del post
2025-05-06 12:08:53,322 - INFO - Post ya existente, saltando: EL CASOPLÓN de Joaquín Mazón
2025-05-06 12:08:53,322 - INFO - Comenzando extracción de información del post
2025-05-06 12:08:53,323 - INFO - Post ya existente, saltando: LA VIAJERA de Hong Sangsoo
2025-05-06 12:08:53,323 - INFO - Comenzando extracción de información del post
2025-05-06 12:08:53,323 - INFO - Post ya existente, saltando: AMATEUR de James Hawes
2025-05-06 12:08:53,323 - INFO - Comenzando extracción de información del post
2025-05-06 12:08:53,323 - INFO - Post ya existente, saltando: MUY LEJOS de Gerard Oms
2025-05-06 12:08:53,323 - INFO - Comenzando extracción de información del post
2025-05-06 12:08:53,323 - INFO - Post ya existente, saltando: LA NIÑA DE LA CABRA de Ana Asensio
2025-05-06 12:08:53,324 - INFO - Proceso completado. Posts nuevos guardados: 0
