2026-05-13 09:04:28,439 - INFO - Iniciando proceso de scraping
2026-05-13 09:04:28,441 - INFO - Posts existentes encontrados: 2547
2026-05-13 09:04:28,442 - INFO - Intentando obtener posts desde: https://ghostintheblog.com/
2026-05-13 09:04:30,020 - INFO - Se encontraron 10 posts
2026-05-13 09:04:30,021 - INFO - Comenzando extracción de información del post
2026-05-13 09:04:30,021 - INFO - Post ya existente, saltando: RESURRECTION de Bi Gan
2026-05-13 09:04:30,021 - INFO - Comenzando extracción de información del post
2026-05-13 09:04:30,021 - INFO - Post ya existente, saltando: ALTA COSTURA de Alice Winocour
2026-05-13 09:04:30,021 - INFO - Comenzando extracción de información del post
2026-05-13 09:04:30,022 - INFO - Post ya existente, saltando: LA ISLA DE AMRUM de Fatih Akin
2026-05-13 09:04:30,022 - INFO - Comenzando extracción de información del post
2026-05-13 09:04:30,022 - INFO - Post ya existente, saltando: TODO LO QUE FUIMOS de Cherien Dabis
2026-05-13 09:04:30,022 - INFO - Comenzando extracción de información del post
2026-05-13 09:04:30,022 - INFO - Post ya existente, saltando: MICHAEL de Antoine Fuqua
2026-05-13 09:04:30,022 - INFO - Comenzando extracción de información del post
2026-05-13 09:04:30,022 - INFO - Post ya existente, saltando: ENZO de Robin Campillo
2026-05-13 09:04:30,022 - INFO - Comenzando extracción de información del post
2026-05-13 09:04:30,022 - INFO - Post ya existente, saltando: MI QUERIDA SEÑORITA de Fernando González Molina
2026-05-13 09:04:30,023 - INFO - Comenzando extracción de información del post
2026-05-13 09:04:30,023 - INFO - Post ya existente, saltando: EL SONIDO DE LA CAIDA de Mascha Schilinski
2026-05-13 09:04:30,023 - INFO - Comenzando extracción de información del post
2026-05-13 09:04:30,023 - INFO - Post ya existente, saltando: PRIME CRIME: A TRUE STORY de Gus Van Sant
2026-05-13 09:04:30,023 - INFO - Comenzando extracción de información del post
2026-05-13 09:04:30,023 - INFO - Post ya existente, saltando: UN POETA de Simón Mesa
2026-05-13 09:04:30,023 - INFO - Proceso completado. Posts nuevos guardados: 0
