2025-05-17 10:02:17,224 - INFO - Iniciando proceso de scraping
2025-05-17 10:02:17,226 - INFO - Posts existentes encontrados: 2395
2025-05-17 10:02:17,226 - INFO - Intentando obtener posts desde: https://ghostintheblog.com/
2025-05-17 10:02:19,004 - INFO - Se encontraron 10 posts
2025-05-17 10:02:19,005 - INFO - Comenzando extracción de información del post
2025-05-17 10:02:19,005 - INFO - Título del post: ENEMIGOS de David Valero
2025-05-17 10:02:19,005 - INFO - Fecha del post: 2025-05-17T11:33:06+02:00
2025-05-17 10:02:19,005 - INFO - Obteniendo contenido completo de: https://ghostintheblog.com/2025/05/enemigos-de-david-valero.html
2025-05-17 10:02:20,559 - INFO - Contenido extraído y estructurado (2880 caracteres)
2025-05-17 10:02:20,559 - INFO - Guardando post en: posts/ENEMIGOS_2025-05-17.json
2025-05-17 10:02:20,559 - INFO - Post guardado exitosamente
2025-05-17 10:02:20,559 - INFO - Actualizando índice de películas
2025-05-17 10:02:20,560 - INFO - Archivo de índice: /home/runner/work/scrapingcines/scrapingcines/index.json
2025-05-17 10:02:20,563 - INFO - Índice existente cargado con 2493 películas
2025-05-17 10:02:20,578 - INFO - Película agregada al índice: ENEMIGOS
2025-05-17 10:02:20,578 - INFO - Nuevo post guardado: ENEMIGOS de David Valero
2025-05-17 10:02:20,578 - INFO - Comenzando extracción de información del post
2025-05-17 10:02:20,578 - INFO - Título del post: UNA QUINTA PORTUGUESA de Avelina Prat
2025-05-17 10:02:20,578 - INFO - Fecha del post: 2025-05-17T11:29:46+02:00
2025-05-17 10:02:20,578 - INFO - Obteniendo contenido completo de: https://ghostintheblog.com/2025/05/una-quinta-portuguesa-de-avelina-prat.html
2025-05-17 10:02:22,061 - INFO - Contenido extraído y estructurado (2782 caracteres)
2025-05-17 10:02:22,061 - INFO - Guardando post en: posts/UNA_QUINTA_PORTUGUESA_2025-05-17.json
2025-05-17 10:02:22,061 - INFO - Post guardado exitosamente
2025-05-17 10:02:22,061 - INFO - Actualizando índice de películas
2025-05-17 10:02:22,061 - INFO - Archivo de índice: /home/runner/work/scrapingcines/scrapingcines/index.json
2025-05-17 10:02:22,065 - INFO - Índice existente cargado con 2494 películas
2025-05-17 10:02:22,079 - INFO - Película agregada al índice: UNA QUINTA PORTUGUESA
2025-05-17 10:02:22,080 - INFO - Nuevo post guardado: UNA QUINTA PORTUGUESA de Avelina Prat
2025-05-17 10:02:22,080 - INFO - Comenzando extracción de información del post
2025-05-17 10:02:22,080 - INFO - Título del post: LO QUE QUEDA DE TI
2025-05-17 10:02:22,080 - INFO - Fecha del post: 2025-05-17T11:26:16+02:00
2025-05-17 10:02:22,080 - WARNING - No se pudo extraer director del título: LO QUE QUEDA DE TI
2025-05-17 10:02:22,080 - INFO - Obteniendo contenido completo de: https://ghostintheblog.com/2025/05/lo-que-queda-de-ti.html
2025-05-17 10:02:24,105 - INFO - Contenido extraído y estructurado (4726 caracteres)
2025-05-17 10:02:24,105 - INFO - Guardando post en: posts/LO_QUE_QUEDA_DE_TI_2025-05-17.json
2025-05-17 10:02:24,105 - INFO - Post guardado exitosamente
2025-05-17 10:02:24,105 - INFO - Actualizando índice de películas
2025-05-17 10:02:24,105 - INFO - Archivo de índice: /home/runner/work/scrapingcines/scrapingcines/index.json
2025-05-17 10:02:24,109 - INFO - Índice existente cargado con 2495 películas
2025-05-17 10:02:24,123 - INFO - Película agregada al índice: LO QUE QUEDA DE TI
2025-05-17 10:02:24,123 - INFO - Nuevo post guardado: LO QUE QUEDA DE TI
2025-05-17 10:02:24,123 - INFO - Comenzando extracción de información del post
2025-05-17 10:02:24,123 - INFO - Post ya existente, saltando: PRESUNCIÓN DE INOCENCIA de Daniel Auteuil
2025-05-17 10:02:24,123 - INFO - Comenzando extracción de información del post
2025-05-17 10:02:24,124 - INFO - Post ya existente, saltando: LA HISTORIA DE SOULEYMANE de Boris Lojkine
2025-05-17 10:02:24,124 - INFO - Comenzando extracción de información del post
2025-05-17 10:02:24,124 - INFO - Post ya existente, saltando: ERREPLIKA de Pello Gutiérrez Peñalba
2025-05-17 10:02:24,124 - INFO - Comenzando extracción de información del post
2025-05-17 10:02:24,124 - INFO - Post ya existente, saltando: LA BUENA LETRA de Celia Rico Clavellino
2025-05-17 10:02:24,124 - INFO - Comenzando extracción de información del post
2025-05-17 10:02:24,124 - INFO - Post ya existente, saltando: SUJO de Fernanda Valadez, Astrid Rondero
2025-05-17 10:02:24,124 - INFO - Comenzando extracción de información del post
2025-05-17 10:02:24,124 - INFO - Post ya existente, saltando: LA ISLA DE LOS FAISANES de Asier Urbieta
2025-05-17 10:02:24,125 - INFO - Comenzando extracción de información del post
2025-05-17 10:02:24,125 - INFO - Post ya existente, saltando: THE END de Joshua Oppenheimer
2025-05-17 10:02:24,125 - INFO - Proceso completado. Posts nuevos guardados: 3
