2025-03-19 00:17:53,449 - INFO - Iniciando proceso de scraping
2025-03-19 00:17:53,450 - INFO - Posts existentes encontrados: 10
2025-03-19 00:17:53,450 - INFO - Intentando obtener posts desde: https://ghostintheblog.com/
2025-03-19 00:17:58,145 - INFO - Se encontraron 10 posts
2025-03-19 00:17:58,146 - INFO - Comenzando extracción de información del post
2025-03-19 00:17:58,146 - INFO - Post ya existente, saltando: TARDES DE SOLEDAD de Albert Serra
2025-03-19 00:17:58,146 - INFO - Comenzando extracción de información del post
2025-03-19 00:17:58,146 - INFO - Post ya existente, saltando: MICKEY 17 de Bong Joon-ho
2025-03-19 00:17:58,146 - INFO - Comenzando extracción de información del post
2025-03-19 00:17:58,146 - INFO - Post ya existente, saltando: LEE MILLER de Ellen Kuras
2025-03-19 00:17:58,146 - INFO - Comenzando extracción de información del post
2025-03-19 00:17:58,147 - INFO - Post ya existente, saltando: GRAND TOUR de Miguel Gomes
2025-03-19 00:17:58,147 - INFO - Comenzando extracción de información del post
2025-03-19 00:17:58,147 - INFO - Post ya existente, saltando: A COMPLETE UNKNOWN de James Mangold
2025-03-19 00:17:58,147 - INFO - Comenzando extracción de información del post
2025-03-19 00:17:58,147 - INFO - Post ya existente, saltando: MI ÚNICA FAMILIA de Mike Leigh
2025-03-19 00:17:58,147 - INFO - Comenzando extracción de información del post
2025-03-19 00:17:58,147 - INFO - Post ya existente, saltando: LOS OSCAR 2025
2025-03-19 00:17:58,147 - INFO - Comenzando extracción de información del post
2025-03-19 00:17:58,148 - INFO - Post ya existente, saltando: NOSOTROS de Helena Taberna
2025-03-19 00:17:58,148 - INFO - Comenzando extracción de información del post
2025-03-19 00:17:58,148 - INFO - Post ya existente, saltando: AÚN ESTOY AQUÍ
2025-03-19 00:17:58,148 - INFO - Comenzando extracción de información del post
2025-03-19 00:17:58,148 - INFO - Post ya existente, saltando: LA ÚLTIMA REINA de Karim Aïnouz
2025-03-19 00:17:58,148 - INFO - Proceso completado. Posts nuevos guardados: 0
