2025-07-05 12:07:35,034 - INFO - Iniciando proceso de scraping
2025-07-05 12:07:35,036 - INFO - Posts existentes encontrados: 2416
2025-07-05 12:07:35,036 - INFO - Intentando obtener posts desde: https://ghostintheblog.com/
2025-07-05 12:07:38,852 - INFO - Se encontraron 10 posts
2025-07-05 12:07:38,852 - INFO - Comenzando extracción de información del post
2025-07-05 12:07:38,852 - INFO - Título del post: BLACK DOG de Guan Hu
2025-07-05 12:07:38,853 - INFO - Fecha del post: 2025-07-05T12:04:55+02:00
2025-07-05 12:07:38,853 - INFO - Obteniendo contenido completo de: https://ghostintheblog.com/2025/07/critica-de-black-dog-de-guan-hu.html
2025-07-05 12:07:40,306 - INFO - Contenido extraído y estructurado (4723 caracteres)
2025-07-05 12:07:40,306 - INFO - Guardando post en: posts/BLACK_DOG_2025-07-05.json
2025-07-05 12:07:40,307 - INFO - Post guardado exitosamente
2025-07-05 12:07:40,307 - INFO - Actualizando índice de películas
2025-07-05 12:07:40,307 - INFO - Archivo de índice: /home/runner/work/scrapingcines/scrapingcines/index.json
2025-07-05 12:07:40,310 - INFO - Índice existente cargado con 2516 películas
2025-07-05 12:07:40,322 - INFO - Película agregada al índice: BLACK DOG
2025-07-05 12:07:40,322 - INFO - Nuevo post guardado: BLACK DOG de Guan Hu
2025-07-05 12:07:40,322 - INFO - Comenzando extracción de información del post
2025-07-05 12:07:40,322 - INFO - Post ya existente, saltando: F1: LA PELÍCULA de Joseph Kosinski
2025-07-05 12:07:40,322 - INFO - Comenzando extracción de información del post
2025-07-05 12:07:40,323 - INFO - Post ya existente, saltando: VOLVER A TI de Jeanette Nordahl
2025-07-05 12:07:40,323 - INFO - Comenzando extracción de información del post
2025-07-05 12:07:40,323 - INFO - Post ya existente, saltando: THE LAST SHOWGIRL de Gia Coppola
2025-07-05 12:07:40,323 - INFO - Comenzando extracción de información del post
2025-07-05 12:07:40,323 - INFO - Post ya existente, saltando: JULIETTE EN PRIMAVERA de Blandine Lenoir
2025-07-05 12:07:40,323 - INFO - Comenzando extracción de información del post
2025-07-05 12:07:40,323 - INFO - Post ya existente, saltando: RAMÓN Y RAMÓN de Salvador del Solar
2025-07-05 12:07:40,323 - INFO - Comenzando extracción de información del post
2025-07-05 12:07:40,323 - INFO - Post ya existente, saltando: A LA DERIVA de Jia Zhangke
2025-07-05 12:07:40,323 - INFO - Comenzando extracción de información del post
2025-07-05 12:07:40,324 - INFO - Post ya existente, saltando: VOTEMOS de Santiago Requejo
2025-07-05 12:07:40,324 - INFO - Comenzando extracción de información del post
2025-07-05 12:07:40,324 - INFO - Post ya existente, saltando: TRES KILÓMETROS AL FIN DEL MUNDO de Emanuel Pârvu
2025-07-05 12:07:40,324 - INFO - Comenzando extracción de información del post
2025-07-05 12:07:40,324 - INFO - Post ya existente, saltando: TODO SALDRÁ BIEN de Ray Yeung
2025-07-05 12:07:40,324 - INFO - Proceso completado. Posts nuevos guardados: 1
