2025-08-13 16:04:54,803 - INFO - Iniciando proceso de scraping
2025-08-13 16:04:54,805 - INFO - Posts existentes encontrados: 2428
2025-08-13 16:04:54,805 - INFO - Intentando obtener posts desde: https://ghostintheblog.com/
2025-08-13 16:04:57,039 - INFO - Se encontraron 10 posts
2025-08-13 16:04:57,039 - INFO - Comenzando extracción de información del post
2025-08-13 16:04:57,040 - INFO - Post ya existente, saltando: NUNCA MÁS de Klaus Härö
2025-08-13 16:04:57,040 - INFO - Comenzando extracción de información del post
2025-08-13 16:04:57,040 - INFO - Post ya existente, saltando: DEVUÉLVEMELA de Danny y Michael Philippou
2025-08-13 16:04:57,040 - INFO - Comenzando extracción de información del post
2025-08-13 16:04:57,040 - INFO - Post ya existente, saltando: MISTERIOSO ASESINATO EN LA MONTAÑA de Franck Dubosc
2025-08-13 16:04:57,040 - INFO - Comenzando extracción de información del post
2025-08-13 16:04:57,040 - INFO - Post ya existente, saltando: BAJA POR PATERNIDAD de Alissa Jung
2025-08-13 16:04:57,040 - INFO - Comenzando extracción de información del post
2025-08-13 16:04:57,040 - INFO - Post ya existente, saltando: LEER «LOLITA» EN TEHERÁN de Eran Riklis
2025-08-13 16:04:57,041 - INFO - Comenzando extracción de información del post
2025-08-13 16:04:57,041 - INFO - Post ya existente, saltando: CONDENADOS de Gustav Möller
2025-08-13 16:04:57,041 - INFO - Comenzando extracción de información del post
2025-08-13 16:04:57,041 - INFO - Post ya existente, saltando: UN «LIKE» DE BOB TREVINO de Tracie Laymon
2025-08-13 16:04:57,041 - INFO - Comenzando extracción de información del post
2025-08-13 16:04:57,041 - INFO - Post ya existente, saltando: PORCO ROSSO de Hayao Miyazaki
2025-08-13 16:04:57,041 - INFO - Comenzando extracción de información del post
2025-08-13 16:04:57,041 - INFO - Post ya existente, saltando: SUPERMAN de James Gunn
2025-08-13 16:04:57,041 - INFO - Comenzando extracción de información del post
2025-08-13 16:04:57,041 - INFO - Post ya existente, saltando: BREVE HISTORIA DE UNA FAMILIA de Lin Jianjie
2025-08-13 16:04:57,042 - INFO - Proceso completado. Posts nuevos guardados: 0
