2025-12-27 04:12:51,784 - INFO - Iniciando proceso de scraping
2025-12-27 04:12:51,786 - INFO - Posts existentes encontrados: 2485
2025-12-27 04:12:51,786 - INFO - Intentando obtener posts desde: https://ghostintheblog.com/
2025-12-27 04:12:53,158 - INFO - Se encontraron 10 posts
2025-12-27 04:12:53,159 - INFO - Comenzando extracción de información del post
2025-12-27 04:12:53,159 - INFO - Post ya existente, saltando: EL EXTRANJERO de François Ozon
2025-12-27 04:12:53,159 - INFO - Comenzando extracción de información del post
2025-12-27 04:12:53,160 - INFO - Post ya existente, saltando: LA VIDA FUERA de Mario Martone
2025-12-27 04:12:53,160 - INFO - Comenzando extracción de información del post
2025-12-27 04:12:53,160 - INFO - Post ya existente, saltando: FRONTERA de Judith Colell
2025-12-27 04:12:53,160 - INFO - Comenzando extracción de información del post
2025-12-27 04:12:53,160 - INFO - Post ya existente, saltando: ARO BERRIA de Irati Gorostidi Agirretxe
2025-12-27 04:12:53,160 - INFO - Comenzando extracción de información del post
2025-12-27 04:12:53,160 - INFO - Post ya existente, saltando: GOLPES de Rafael Cobos
2025-12-27 04:12:53,160 - INFO - Comenzando extracción de información del post
2025-12-27 04:12:53,160 - INFO - Post ya existente, saltando: SINGULAR de Alberto Gastesi
2025-12-27 04:12:53,160 - INFO - Comenzando extracción de información del post
2025-12-27 04:12:53,161 - INFO - Post ya existente, saltando: VALOR SENTIMENTAL de Joachim Trier
2025-12-27 04:12:53,161 - INFO - Comenzando extracción de información del post
2025-12-27 04:12:53,161 - INFO - Post ya existente, saltando: LA VOZ DE HIND de Kaouther Ben Hania
2025-12-27 04:12:53,161 - INFO - Comenzando extracción de información del post
2025-12-27 04:12:53,161 - INFO - Post ya existente, saltando: BLUE MOON de Richard Linklater
2025-12-27 04:12:53,161 - INFO - Comenzando extracción de información del post
2025-12-27 04:12:53,161 - INFO - Post ya existente, saltando: DRÁCULA de Luc Besson
2025-12-27 04:12:53,161 - INFO - Proceso completado. Posts nuevos guardados: 0
