2026-01-09 16:07:13,743 - INFO - Iniciando proceso de scraping
2026-01-09 16:07:13,746 - INFO - Posts existentes encontrados: 2491
2026-01-09 16:07:13,746 - INFO - Intentando obtener posts desde: https://ghostintheblog.com/
2026-01-09 16:07:16,539 - INFO - Se encontraron 10 posts
2026-01-09 16:07:16,540 - INFO - Comenzando extracción de información del post
2026-01-09 16:07:16,540 - INFO - Post ya existente, saltando: AVATAR: FUEGO Y CENIZAS de James Cameron
2026-01-09 16:07:16,540 - INFO - Comenzando extracción de información del post
2026-01-09 16:07:16,540 - INFO - Post ya existente, saltando: HOMO ARGENTUM de Mariano Cohn y Gastón Duprat
2026-01-09 16:07:16,540 - INFO - Comenzando extracción de información del post
2026-01-09 16:07:16,540 - INFO - Post ya existente, saltando: ZODIAC KILLER PROJECT de Charlie Shackleton
2026-01-09 16:07:16,541 - INFO - Comenzando extracción de información del post
2026-01-09 16:07:16,541 - INFO - Post ya existente, saltando: FATHER MOTHER SISTER BROTHER de Jim Jarmusch
2026-01-09 16:07:16,541 - INFO - Comenzando extracción de información del post
2026-01-09 16:07:16,541 - INFO - Post ya existente, saltando: VIDA PRIVADA de Rebecca Zlotowski
2026-01-09 16:07:16,541 - INFO - Comenzando extracción de información del post
2026-01-09 16:07:16,541 - INFO - Post ya existente, saltando: ART SPIEGELMAN: EL DESASTRE ES MI MUSA de Molly Bernstein y Philip Dolin
2026-01-09 16:07:16,541 - INFO - Comenzando extracción de información del post
2026-01-09 16:07:16,541 - INFO - Post ya existente, saltando: EL EXTRANJERO de François Ozon
2026-01-09 16:07:16,541 - INFO - Comenzando extracción de información del post
2026-01-09 16:07:16,542 - INFO - Post ya existente, saltando: LA VIDA FUERA de Mario Martone
2026-01-09 16:07:16,542 - INFO - Comenzando extracción de información del post
2026-01-09 16:07:16,542 - INFO - Post ya existente, saltando: FRONTERA de Judith Colell
2026-01-09 16:07:16,542 - INFO - Comenzando extracción de información del post
2026-01-09 16:07:16,542 - INFO - Post ya existente, saltando: ARO BERRIA de Irati Gorostidi Agirretxe
2026-01-09 16:07:16,542 - INFO - Proceso completado. Posts nuevos guardados: 0
