2025-06-15 10:02:06,947 - INFO - Iniciando proceso de scraping
2025-06-15 10:02:06,949 - INFO - Posts existentes encontrados: 2409
2025-06-15 10:02:06,950 - INFO - Intentando obtener posts desde: https://ghostintheblog.com/
2025-06-15 10:02:09,274 - INFO - Se encontraron 10 posts
2025-06-15 10:02:09,275 - INFO - Comenzando extracción de información del post
2025-06-15 10:02:09,275 - INFO - Post ya existente, saltando: TODO SALDRÁ BIEN de Ray Yeung
2025-06-15 10:02:09,275 - INFO - Comenzando extracción de información del post
2025-06-15 10:02:09,275 - INFO - Post ya existente, saltando: CUATRO PAREDES de Ibon Cormenzana
2025-06-15 10:02:09,275 - INFO - Comenzando extracción de información del post
2025-06-15 10:02:09,275 - INFO - Post ya existente, saltando: LA BUENA SUERTE de Gracia Querejeta
2025-06-15 10:02:09,275 - INFO - Comenzando extracción de información del post
2025-06-15 10:02:09,276 - INFO - Post ya existente, saltando: SIRAT de Oliver Laxe
2025-06-15 10:02:09,276 - INFO - Comenzando extracción de información del post
2025-06-15 10:02:09,276 - INFO - Post ya existente, saltando: EL JOCKEY de Luis Ortega
2025-06-15 10:02:09,276 - INFO - Comenzando extracción de información del post
2025-06-15 10:02:09,276 - INFO - Post ya existente, saltando: LA TRAMA FENICIA de Wes Anderson
2025-06-15 10:02:09,276 - INFO - Comenzando extracción de información del post
2025-06-15 10:02:09,276 - INFO - Post ya existente, saltando: SI YO PUDIERA HIBERNAR de Zoljargal Purevdash
2025-06-15 10:02:09,276 - INFO - Comenzando extracción de información del post
2025-06-15 10:02:09,277 - INFO - Post ya existente, saltando: LOS TORTUGA de Belén Funes
2025-06-15 10:02:09,277 - INFO - Comenzando extracción de información del post
2025-06-15 10:02:09,277 - INFO - Post ya existente, saltando: MISIÓN IMPOSIBLE: SENTENCIA FINAL de Christopher McQuarrie
2025-06-15 10:02:09,277 - INFO - Comenzando extracción de información del post
2025-06-15 10:02:09,277 - INFO - Post ya existente, saltando: EL BUEN PADRE de Ronan Tronchot
2025-06-15 10:02:09,277 - INFO - Proceso completado. Posts nuevos guardados: 0
