2025-11-03 08:40:27,037 - INFO - Iniciando proceso de scraping
2025-11-03 08:40:27,039 - INFO - Posts existentes encontrados: 2464
2025-11-03 08:40:27,039 - INFO - Intentando obtener posts desde: https://ghostintheblog.com/
2025-11-03 08:40:30,330 - INFO - Se encontraron 10 posts
2025-11-03 08:40:30,331 - INFO - Comenzando extracción de información del post
2025-11-03 08:40:30,331 - INFO - Post ya existente, saltando: FRANKENSTEIN de Guillermo del Toro
2025-11-03 08:40:30,331 - INFO - Comenzando extracción de información del post
2025-11-03 08:40:30,331 - INFO - Post ya existente, saltando: ESA COSA CON ALAS de Dylan Southern
2025-11-03 08:40:30,331 - INFO - Comenzando extracción de información del post
2025-11-03 08:40:30,332 - INFO - Post ya existente, saltando: LA CENA de Manuel Gómez Pereira
2025-11-03 08:40:30,332 - INFO - Comenzando extracción de información del post
2025-11-03 08:40:30,332 - INFO - Post ya existente, saltando: LOS DOMINGOS de Alauda Ruiz de Azúa
2025-11-03 08:40:30,332 - INFO - Comenzando extracción de información del post
2025-11-03 08:40:30,332 - INFO - Post ya existente, saltando: UN SIMPLE ACCIDENTE de Jafar Panahi
2025-11-03 08:40:30,332 - INFO - Comenzando extracción de información del post
2025-11-03 08:40:30,332 - INFO - Post ya existente, saltando: CAZA DE BRUJAS de Luca Guadagnino
2025-11-03 08:40:30,332 - INFO - Comenzando extracción de información del post
2025-11-03 08:40:30,332 - INFO - Post ya existente, saltando: BALA PERDIDA de Darren Aronofsky
2025-11-03 08:40:30,333 - INFO - Comenzando extracción de información del post
2025-11-03 08:40:30,333 - INFO - Post ya existente, saltando: KARMELE de Asier Altuna
2025-11-03 08:40:30,333 - INFO - Comenzando extracción de información del post
2025-11-03 08:40:30,333 - INFO - Post ya existente, saltando: JUGAR CON FUEGO de Delphine y Muriel Coulin
2025-11-03 08:40:30,333 - INFO - Comenzando extracción de información del post
2025-11-03 08:40:30,333 - INFO - Post ya existente, saltando: LA SOSPECHA DE SOFÍA de Imanol Uribe
2025-11-03 08:40:30,333 - INFO - Proceso completado. Posts nuevos guardados: 0
