2025-05-02 10:02:41,854 - INFO - Iniciando proceso de scraping
2025-05-02 10:02:41,856 - INFO - Posts existentes encontrados: 2389
2025-05-02 10:02:41,856 - INFO - Intentando obtener posts desde: https://ghostintheblog.com/
2025-05-02 10:02:43,676 - INFO - Se encontraron 10 posts
2025-05-02 10:02:43,677 - INFO - Comenzando extracción de información del post
2025-05-02 10:02:43,677 - INFO - Post ya existente, saltando: THE END de Joshua Oppenheimer
2025-05-02 10:02:43,677 - INFO - Comenzando extracción de información del post
2025-05-02 10:02:43,677 - INFO - Post ya existente, saltando: EL ÚLTIMO SUSPIRO de Costa-Gavras
2025-05-02 10:02:43,677 - INFO - Comenzando extracción de información del post
2025-05-02 10:02:43,677 - INFO - Post ya existente, saltando: EL CASOPLÓN de Joaquín Mazón
2025-05-02 10:02:43,677 - INFO - Comenzando extracción de información del post
2025-05-02 10:02:43,678 - INFO - Post ya existente, saltando: LA VIAJERA de Hong Sangsoo
2025-05-02 10:02:43,678 - INFO - Comenzando extracción de información del post
2025-05-02 10:02:43,678 - INFO - Post ya existente, saltando: AMATEUR de James Hawes
2025-05-02 10:02:43,678 - INFO - Comenzando extracción de información del post
2025-05-02 10:02:43,678 - INFO - Post ya existente, saltando: MUY LEJOS de Gerard Oms
2025-05-02 10:02:43,678 - INFO - Comenzando extracción de información del post
2025-05-02 10:02:43,678 - INFO - Post ya existente, saltando: LA NIÑA DE LA CABRA de Ana Asensio
2025-05-02 10:02:43,678 - INFO - Comenzando extracción de información del post
2025-05-02 10:02:43,678 - INFO - Post ya existente, saltando: VIDA EN PAUSA de Alexandros Avranas
2025-05-02 10:02:43,678 - INFO - Comenzando extracción de información del post
2025-05-02 10:02:43,679 - INFO - Post ya existente, saltando: GUILLERMO TELL de Nick Hamm
2025-05-02 10:02:43,679 - INFO - Comenzando extracción de información del post
2025-05-02 10:02:43,679 - INFO - Post ya existente, saltando: SORDA de Eva Libertad
2025-05-02 10:02:43,679 - INFO - Proceso completado. Posts nuevos guardados: 0
