2026-01-16 12:09:30,813 - INFO - Iniciando proceso de scraping
2026-01-16 12:09:30,815 - INFO - Posts existentes encontrados: 2494
2026-01-16 12:09:30,815 - INFO - Intentando obtener posts desde: https://ghostintheblog.com/
2026-01-16 12:09:32,484 - INFO - Se encontraron 10 posts
2026-01-16 12:09:32,485 - INFO - Comenzando extracción de información del post
2026-01-16 12:09:32,486 - INFO - Post ya existente, saltando: LA ASISTENTA de Rebecca Sonnenshine
2026-01-16 12:09:32,486 - INFO - Comenzando extracción de información del post
2026-01-16 12:09:32,486 - INFO - Post ya existente, saltando: RONDALLAS de Daniel Sánchez Arévalo
2026-01-16 12:09:32,486 - INFO - Comenzando extracción de información del post
2026-01-16 12:09:32,486 - INFO - Post ya existente, saltando: EL MÉDICO 2 de Philipp Stölzl
2026-01-16 12:09:32,486 - INFO - Comenzando extracción de información del post
2026-01-16 12:09:32,486 - INFO - Post ya existente, saltando: AVATAR: FUEGO Y CENIZAS de James Cameron
2026-01-16 12:09:32,486 - INFO - Comenzando extracción de información del post
2026-01-16 12:09:32,487 - INFO - Post ya existente, saltando: HOMO ARGENTUM de Mariano Cohn y Gastón Duprat
2026-01-16 12:09:32,487 - INFO - Comenzando extracción de información del post
2026-01-16 12:09:32,487 - INFO - Post ya existente, saltando: ZODIAC KILLER PROJECT de Charlie Shackleton
2026-01-16 12:09:32,487 - INFO - Comenzando extracción de información del post
2026-01-16 12:09:32,487 - INFO - Post ya existente, saltando: FATHER MOTHER SISTER BROTHER de Jim Jarmusch
2026-01-16 12:09:32,487 - INFO - Comenzando extracción de información del post
2026-01-16 12:09:32,487 - INFO - Post ya existente, saltando: VIDA PRIVADA de Rebecca Zlotowski
2026-01-16 12:09:32,487 - INFO - Comenzando extracción de información del post
2026-01-16 12:09:32,487 - INFO - Post ya existente, saltando: ART SPIEGELMAN: EL DESASTRE ES MI MUSA de Molly Bernstein y Philip Dolin
2026-01-16 12:09:32,487 - INFO - Comenzando extracción de información del post
2026-01-16 12:09:32,487 - INFO - Post ya existente, saltando: EL EXTRANJERO de François Ozon
2026-01-16 12:09:32,488 - INFO - Proceso completado. Posts nuevos guardados: 0
