2026-05-30 10:33:09,422 - INFO - Iniciando proceso de scraping
2026-05-30 10:33:09,424 - INFO - Posts existentes encontrados: 2553
2026-05-30 10:33:09,424 - INFO - Intentando obtener posts desde: https://ghostintheblog.com/
2026-05-30 10:33:11,468 - INFO - Se encontraron 10 posts
2026-05-30 10:33:11,469 - INFO - Comenzando extracción de información del post
2026-05-30 10:33:11,470 - INFO - Post ya existente, saltando: LOVE ME TENDER de  Anna Cazenave Cambet
2026-05-30 10:33:11,470 - INFO - Comenzando extracción de información del post
2026-05-30 10:33:11,470 - INFO - Post ya existente, saltando: PIZZA MOVIES de Carlo Padial
2026-05-30 10:33:11,470 - INFO - Comenzando extracción de información del post
2026-05-30 10:33:11,470 - INFO - Post ya existente, saltando: LA CHICA DEL CORO de Urška Djukić
2026-05-30 10:33:11,470 - INFO - Comenzando extracción de información del post
2026-05-30 10:33:11,470 - INFO - Post ya existente, saltando: YO NO MORIRÉ DE AMOR de Marta Matute
2026-05-30 10:33:11,470 - INFO - Comenzando extracción de información del post
2026-05-30 10:33:11,470 - INFO - Post ya existente, saltando: HANGAR ROJO de Juan Pablo Sallato
2026-05-30 10:33:11,470 - INFO - Comenzando extracción de información del post
2026-05-30 10:33:11,470 - INFO - Post ya existente, saltando: RECREACIÓN DE UN ASESINATO de  Jim Sheridan y David Merriman
2026-05-30 10:33:11,470 - INFO - Comenzando extracción de información del post
2026-05-30 10:33:11,471 - INFO - Post ya existente, saltando: RESURRECTION de Bi Gan
2026-05-30 10:33:11,471 - INFO - Comenzando extracción de información del post
2026-05-30 10:33:11,471 - INFO - Post ya existente, saltando: ALTA COSTURA de Alice Winocour
2026-05-30 10:33:11,471 - INFO - Comenzando extracción de información del post
2026-05-30 10:33:11,471 - INFO - Post ya existente, saltando: LA ISLA DE AMRUM de Fatih Akin
2026-05-30 10:33:11,471 - INFO - Comenzando extracción de información del post
2026-05-30 10:33:11,471 - INFO - Post ya existente, saltando: TODO LO QUE FUIMOS de Cherien Dabis
2026-05-30 10:33:11,471 - INFO - Proceso completado. Posts nuevos guardados: 0
