2026-01-29 22:04:55,485 - INFO - Iniciando proceso de scraping
2026-01-29 22:04:55,487 - INFO - Posts existentes encontrados: 2500
2026-01-29 22:04:55,488 - INFO - Intentando obtener posts desde: https://ghostintheblog.com/
2026-01-29 22:04:57,204 - INFO - Se encontraron 10 posts
2026-01-29 22:04:57,205 - INFO - Comenzando extracción de información del post
2026-01-29 22:04:57,205 - INFO - Post ya existente, saltando: ARCO de Ugo Bienvenu
2026-01-29 22:04:57,205 - INFO - Comenzando extracción de información del post
2026-01-29 22:04:57,206 - INFO - Post ya existente, saltando: SI PUDIERA TE DARÍA UNA PATADA de Mary Bronstein
2026-01-29 22:04:57,206 - INFO - Comenzando extracción de información del post
2026-01-29 22:04:57,206 - INFO - Post ya existente, saltando: LA MISTERIOSA MIRADA DE FLAMENCO de Diego Céspedes
2026-01-29 22:04:57,206 - INFO - Comenzando extracción de información del post
2026-01-29 22:04:57,206 - INFO - Post ya existente, saltando: NOUVELLE VAGUE de Richard Linklater
2026-01-29 22:04:57,206 - INFO - Comenzando extracción de información del post
2026-01-29 22:04:57,206 - INFO - Post ya existente, saltando: RENTAL FAMILY de Hikari
2026-01-29 22:04:57,206 - INFO - Comenzando extracción de información del post
2026-01-29 22:04:57,206 - INFO - Post ya existente, saltando: TURNO DE GUARDIA de Petra Biondina Volpe
2026-01-29 22:04:57,207 - INFO - Comenzando extracción de información del post
2026-01-29 22:04:57,207 - INFO - Post ya existente, saltando: LA ASISTENTA de Rebecca Sonnenshine
2026-01-29 22:04:57,207 - INFO - Comenzando extracción de información del post
2026-01-29 22:04:57,207 - INFO - Post ya existente, saltando: RONDALLAS de Daniel Sánchez Arévalo
2026-01-29 22:04:57,207 - INFO - Comenzando extracción de información del post
2026-01-29 22:04:57,207 - INFO - Post ya existente, saltando: EL MÉDICO 2 de Philipp Stölzl
2026-01-29 22:04:57,207 - INFO - Comenzando extracción de información del post
2026-01-29 22:04:57,207 - INFO - Post ya existente, saltando: AVATAR: FUEGO Y CENIZAS de James Cameron
2026-01-29 22:04:57,208 - INFO - Proceso completado. Posts nuevos guardados: 0
