2025-03-15 17:46:27,820 - INFO - Iniciando proceso de scraping
2025-03-15 17:46:27,821 - INFO - Posts existentes encontrados: 0
2025-03-15 17:46:27,821 - INFO - Intentando obtener posts desde: https://ghostintheblog.com/
2025-03-15 17:46:28,644 - INFO - Se encontraron 10 posts
2025-03-15 17:46:28,645 - INFO - Comenzando extracción de información del post
2025-03-15 17:46:28,645 - INFO - Título del post: TARDES DE SOLEDAD de Albert Serra
2025-03-15 17:46:28,645 - INFO - Fecha del post: 2025-03-15T00:23:46+01:00
2025-03-15 17:46:28,645 - INFO - Obteniendo contenido completo de: https://ghostintheblog.com/2025/03/tardes-de-soledad-albert-serra-toreo-tauromaquia.html
2025-03-15 17:46:29,647 - INFO - Contenido extraído y estructurado (4837 caracteres)
2025-03-15 17:46:29,648 - INFO - Guardando post en: posts/TARDES_DE_SOLEDAD_2025-03-15.json
2025-03-15 17:46:29,649 - INFO - Post guardado exitosamente
2025-03-15 17:46:29,649 - INFO - Actualizando índice de películas
2025-03-15 17:46:29,649 - INFO - Archivo de índice: C:\Trabajos\scrapingcines\index.json
2025-03-15 17:46:29,649 - INFO - Creando nuevo índice
2025-03-15 17:46:29,650 - INFO - Película agregada al índice: TARDES DE SOLEDAD
2025-03-15 17:46:29,651 - INFO - Nuevo post guardado: TARDES DE SOLEDAD de Albert Serra
2025-03-15 17:46:29,651 - INFO - Comenzando extracción de información del post
2025-03-15 17:46:29,652 - INFO - Título del post: MICKEY 17 de Bong Joon-ho
2025-03-15 17:46:29,652 - INFO - Fecha del post: 2025-03-15T00:11:27+01:00
2025-03-15 17:46:29,652 - INFO - Obteniendo contenido completo de: https://ghostintheblog.com/2025/03/mickey-17-bong-joon-ho-prescindibles-y-critica-al-poder.html
2025-03-15 17:46:30,570 - INFO - Contenido extraído y estructurado (2882 caracteres)
2025-03-15 17:46:30,570 - INFO - Guardando post en: posts/MICKEY_17_2025-03-15.json
2025-03-15 17:46:30,571 - INFO - Post guardado exitosamente
2025-03-15 17:46:30,571 - INFO - Actualizando índice de películas
2025-03-15 17:46:30,572 - INFO - Archivo de índice: C:\Trabajos\scrapingcines\index.json
2025-03-15 17:46:30,572 - INFO - Índice existente cargado con 1 películas
2025-03-15 17:46:30,572 - INFO - Película agregada al índice: MICKEY 17
2025-03-15 17:46:30,573 - INFO - Nuevo post guardado: MICKEY 17 de Bong Joon-ho
2025-03-15 17:46:30,573 - INFO - Comenzando extracción de información del post
2025-03-15 17:46:30,573 - INFO - Título del post: LEE MILLER de Ellen Kuras
2025-03-15 17:46:30,573 - INFO - Fecha del post: 2025-03-14T23:52:25+01:00
2025-03-15 17:46:30,573 - INFO - Obteniendo contenido completo de: https://ghostintheblog.com/2025/03/lee-la-pelicula-de-ellen-kuras-un-retrato-frio-y-sin-alma.html
2025-03-15 17:46:31,533 - INFO - Contenido extraído y estructurado (2635 caracteres)
2025-03-15 17:46:31,534 - INFO - Guardando post en: posts/LEE_MILLER_2025-03-14.json
2025-03-15 17:46:31,535 - INFO - Post guardado exitosamente
2025-03-15 17:46:31,535 - INFO - Actualizando índice de películas
2025-03-15 17:46:31,536 - INFO - Archivo de índice: C:\Trabajos\scrapingcines\index.json
2025-03-15 17:46:31,536 - INFO - Índice existente cargado con 2 películas
2025-03-15 17:46:31,538 - INFO - Película agregada al índice: LEE MILLER
2025-03-15 17:46:31,538 - INFO - Nuevo post guardado: LEE MILLER de Ellen Kuras
2025-03-15 17:46:31,538 - INFO - Comenzando extracción de información del post
2025-03-15 17:46:31,539 - INFO - Título del post: GRAND TOUR de Miguel Gomes
2025-03-15 17:46:31,539 - INFO - Fecha del post: 2025-03-09T01:07:10+01:00
2025-03-15 17:46:31,539 - INFO - Obteniendo contenido completo de: https://ghostintheblog.com/2025/03/grand-tour-miguel-gomes-cine-viaje-sombras.html
2025-03-15 17:46:32,458 - INFO - Contenido extraído y estructurado (4805 caracteres)
2025-03-15 17:46:32,459 - INFO - Guardando post en: posts/GRAND_TOUR_2025-03-09.json
2025-03-15 17:46:32,460 - INFO - Post guardado exitosamente
2025-03-15 17:46:32,460 - INFO - Actualizando índice de películas
2025-03-15 17:46:32,461 - INFO - Archivo de índice: C:\Trabajos\scrapingcines\index.json
2025-03-15 17:46:32,461 - INFO - Índice existente cargado con 3 películas
2025-03-15 17:46:32,461 - INFO - Película agregada al índice: GRAND TOUR
2025-03-15 17:46:32,461 - INFO - Nuevo post guardado: GRAND TOUR de Miguel Gomes
2025-03-15 17:46:32,461 - INFO - Comenzando extracción de información del post
2025-03-15 17:46:32,462 - INFO - Título del post: A COMPLETE UNKNOWN de James Mangold
2025-03-15 17:46:32,462 - INFO - Fecha del post: 2025-03-09T00:51:50+01:00
2025-03-15 17:46:32,462 - INFO - Obteniendo contenido completo de: https://ghostintheblog.com/2025/03/a-complete-unknown-mangold-dylan-cine.html
2025-03-15 17:46:33,421 - INFO - Contenido extraído y estructurado (2716 caracteres)
2025-03-15 17:46:33,422 - INFO - Guardando post en: posts/A_COMPLETE_UNKNOWN_2025-03-09.json
2025-03-15 17:46:33,423 - INFO - Post guardado exitosamente
2025-03-15 17:46:33,423 - INFO - Actualizando índice de películas
2025-03-15 17:46:33,424 - INFO - Archivo de índice: C:\Trabajos\scrapingcines\index.json
2025-03-15 17:46:33,424 - INFO - Índice existente cargado con 4 películas
2025-03-15 17:46:33,425 - INFO - Película agregada al índice: A COMPLETE UNKNOWN
2025-03-15 17:46:33,425 - INFO - Nuevo post guardado: A COMPLETE UNKNOWN de James Mangold
2025-03-15 17:46:33,426 - INFO - Comenzando extracción de información del post
2025-03-15 17:46:33,426 - INFO - Título del post: MI ÚNICA FAMILIA de Mike Leigh
2025-03-15 17:46:33,426 - INFO - Fecha del post: 2025-03-09T00:29:20+01:00
2025-03-15 17:46:33,426 - INFO - Obteniendo contenido completo de: https://ghostintheblog.com/2025/03/mi-unica-familia-mike-leigh-realismo-depresion-narrativa-claustrofobica.html
2025-03-15 17:46:34,343 - INFO - Contenido extraído y estructurado (2697 caracteres)
2025-03-15 17:46:34,344 - INFO - Guardando post en: posts/MI_ÚNICA_FAMILIA_2025-03-09.json
2025-03-15 17:46:34,344 - INFO - Post guardado exitosamente
2025-03-15 17:46:34,344 - INFO - Actualizando índice de películas
2025-03-15 17:46:34,344 - INFO - Archivo de índice: C:\Trabajos\scrapingcines\index.json
2025-03-15 17:46:34,345 - INFO - Índice existente cargado con 5 películas
2025-03-15 17:46:34,346 - INFO - Película agregada al índice: MI ÚNICA FAMILIA
2025-03-15 17:46:34,346 - INFO - Nuevo post guardado: MI ÚNICA FAMILIA de Mike Leigh
2025-03-15 17:46:34,346 - INFO - Comenzando extracción de información del post
2025-03-15 17:46:34,346 - INFO - Título del post: LOS OSCAR 2025
2025-03-15 17:46:34,346 - INFO - Fecha del post: 2025-03-04T09:39:04+01:00
2025-03-15 17:46:34,346 - WARNING - No se pudo extraer director del título: LOS OSCAR 2025
2025-03-15 17:46:34,347 - INFO - Obteniendo contenido completo de: https://ghostintheblog.com/2025/03/ganadores-oscar-2025-critica.html
2025-03-15 17:46:35,266 - WARNING - No se encontró 'Título Original' en el contenido
2025-03-15 17:46:35,266 - INFO - Usando contenido completo como respaldo
2025-03-15 17:46:35,267 - INFO - Guardando post en: posts/LOS_OSCAR_2025_2025-03-04.json
2025-03-15 17:46:35,268 - INFO - Post guardado exitosamente
2025-03-15 17:46:35,268 - INFO - Actualizando índice de películas
2025-03-15 17:46:35,268 - INFO - Archivo de índice: C:\Trabajos\scrapingcines\index.json
2025-03-15 17:46:35,269 - INFO - Índice existente cargado con 6 películas
2025-03-15 17:46:35,269 - INFO - Película agregada al índice: LOS OSCAR 2025
2025-03-15 17:46:35,269 - INFO - Nuevo post guardado: LOS OSCAR 2025
2025-03-15 17:46:35,269 - INFO - Comenzando extracción de información del post
2025-03-15 17:46:35,270 - INFO - Título del post: NOSOTROS de Helena Taberna
2025-03-15 17:46:35,270 - INFO - Fecha del post: 2025-03-02T00:02:52+01:00
2025-03-15 17:46:35,270 - INFO - Obteniendo contenido completo de: https://ghostintheblog.com/2025/03/nosotros-de-helena-taberna.html
2025-03-15 17:46:36,254 - INFO - Contenido extraído y estructurado (4808 caracteres)
2025-03-15 17:46:36,255 - INFO - Guardando post en: posts/NOSOTROS_2025-03-02.json
2025-03-15 17:46:36,256 - INFO - Post guardado exitosamente
2025-03-15 17:46:36,256 - INFO - Actualizando índice de películas
2025-03-15 17:46:36,256 - INFO - Archivo de índice: C:\Trabajos\scrapingcines\index.json
2025-03-15 17:46:36,257 - INFO - Índice existente cargado con 7 películas
2025-03-15 17:46:36,258 - INFO - Película agregada al índice: NOSOTROS
2025-03-15 17:46:36,258 - INFO - Nuevo post guardado: NOSOTROS de Helena Taberna
2025-03-15 17:46:36,259 - INFO - Comenzando extracción de información del post
2025-03-15 17:46:36,259 - INFO - Título del post: AÚN ESTOY AQUÍ
2025-03-15 17:46:36,259 - INFO - Fecha del post: 2025-03-01T11:13:30+01:00
2025-03-15 17:46:36,259 - WARNING - No se pudo extraer director del título: AÚN ESTOY AQUÍ
2025-03-15 17:46:36,259 - INFO - Obteniendo contenido completo de: https://ghostintheblog.com/2025/03/ainda-estou-aqui-walter-salles-2024.html
2025-03-15 17:46:37,215 - INFO - Contenido extraído y estructurado (2687 caracteres)
2025-03-15 17:46:37,216 - INFO - Guardando post en: posts/AÚN_ESTOY_AQUÍ_2025-03-01.json
2025-03-15 17:46:37,216 - INFO - Post guardado exitosamente
2025-03-15 17:46:37,216 - INFO - Actualizando índice de películas
2025-03-15 17:46:37,217 - INFO - Archivo de índice: C:\Trabajos\scrapingcines\index.json
2025-03-15 17:46:37,217 - INFO - Índice existente cargado con 8 películas
2025-03-15 17:46:37,217 - INFO - Película agregada al índice: AÚN ESTOY AQUÍ
2025-03-15 17:46:37,218 - INFO - Nuevo post guardado: AÚN ESTOY AQUÍ
2025-03-15 17:46:37,218 - INFO - Comenzando extracción de información del post
2025-03-15 17:46:37,218 - INFO - Título del post: LA ÚLTIMA REINA de Karim Aïnouz
2025-03-15 17:46:37,218 - INFO - Fecha del post: 2025-03-01T11:05:31+01:00
2025-03-15 17:46:37,218 - INFO - Obteniendo contenido completo de: https://ghostintheblog.com/2025/03/firebrand-catalina-parr-karim-ainouz.html
2025-03-15 17:46:38,197 - INFO - Contenido extraído y estructurado (2737 caracteres)
2025-03-15 17:46:38,197 - INFO - Guardando post en: posts/LA_ÚLTIMA_REINA_2025-03-01.json
2025-03-15 17:46:38,199 - INFO - Post guardado exitosamente
2025-03-15 17:46:38,199 - INFO - Actualizando índice de películas
2025-03-15 17:46:38,199 - INFO - Archivo de índice: C:\Trabajos\scrapingcines\index.json
2025-03-15 17:46:38,199 - INFO - Índice existente cargado con 9 películas
2025-03-15 17:46:38,201 - INFO - Película agregada al índice: LA ÚLTIMA REINA
2025-03-15 17:46:38,201 - INFO - Nuevo post guardado: LA ÚLTIMA REINA de Karim Aïnouz
2025-03-15 17:46:38,201 - INFO - Proceso completado. Posts nuevos guardados: 10
