2025-08-15 16:05:43,684 - INFO - Iniciando proceso de scraping
2025-08-15 16:05:43,686 - INFO - Posts existentes encontrados: 2428
2025-08-15 16:05:43,686 - INFO - Intentando obtener posts desde: https://ghostintheblog.com/
2025-08-15 16:05:46,160 - INFO - Se encontraron 10 posts
2025-08-15 16:05:46,160 - INFO - Comenzando extracción de información del post
2025-08-15 16:05:46,161 - INFO - Post ya existente, saltando: NUNCA MÁS de Klaus Härö
2025-08-15 16:05:46,161 - INFO - Comenzando extracción de información del post
2025-08-15 16:05:46,161 - INFO - Post ya existente, saltando: DEVUÉLVEMELA de Danny y Michael Philippou
2025-08-15 16:05:46,161 - INFO - Comenzando extracción de información del post
2025-08-15 16:05:46,161 - INFO - Post ya existente, saltando: MISTERIOSO ASESINATO EN LA MONTAÑA de Franck Dubosc
2025-08-15 16:05:46,161 - INFO - Comenzando extracción de información del post
2025-08-15 16:05:46,162 - INFO - Post ya existente, saltando: BAJA POR PATERNIDAD de Alissa Jung
2025-08-15 16:05:46,162 - INFO - Comenzando extracción de información del post
2025-08-15 16:05:46,162 - INFO - Post ya existente, saltando: LEER «LOLITA» EN TEHERÁN de Eran Riklis
2025-08-15 16:05:46,162 - INFO - Comenzando extracción de información del post
2025-08-15 16:05:46,162 - INFO - Post ya existente, saltando: CONDENADOS de Gustav Möller
2025-08-15 16:05:46,162 - INFO - Comenzando extracción de información del post
2025-08-15 16:05:46,162 - INFO - Post ya existente, saltando: UN «LIKE» DE BOB TREVINO de Tracie Laymon
2025-08-15 16:05:46,162 - INFO - Comenzando extracción de información del post
2025-08-15 16:05:46,163 - INFO - Post ya existente, saltando: PORCO ROSSO de Hayao Miyazaki
2025-08-15 16:05:46,163 - INFO - Comenzando extracción de información del post
2025-08-15 16:05:46,163 - INFO - Post ya existente, saltando: SUPERMAN de James Gunn
2025-08-15 16:05:46,163 - INFO - Comenzando extracción de información del post
2025-08-15 16:05:46,163 - INFO - Post ya existente, saltando: BREVE HISTORIA DE UNA FAMILIA de Lin Jianjie
2025-08-15 16:05:46,163 - INFO - Proceso completado. Posts nuevos guardados: 0
