2025-11-19 22:02:53,257 - INFO - Iniciando proceso de scraping
2025-11-19 22:02:53,258 - INFO - Posts existentes encontrados: 2470
2025-11-19 22:02:53,258 - INFO - Intentando obtener posts desde: https://ghostintheblog.com/
2025-11-19 22:02:54,912 - INFO - Se encontraron 10 posts
2025-11-19 22:02:54,913 - INFO - Comenzando extracción de información del post
2025-11-19 22:02:54,913 - INFO - Post ya existente, saltando: BUGONIA de Yorgos Lanthimos
2025-11-19 22:02:54,913 - INFO - Comenzando extracción de información del post
2025-11-19 22:02:54,914 - INFO - Post ya existente, saltando: SUBSUELO de Fernando Franco
2025-11-19 22:02:54,914 - INFO - Comenzando extracción de información del post
2025-11-19 22:02:54,914 - INFO - Post ya existente, saltando: SIEMPRE ES INVIERNO de David Trueba
2025-11-19 22:02:54,914 - INFO - Comenzando extracción de información del post
2025-11-19 22:02:54,914 - INFO - Post ya existente, saltando: THE MASTERMIND de Kelly Reichardt
2025-11-19 22:02:54,914 - INFO - Comenzando extracción de información del post
2025-11-19 22:02:54,914 - INFO - Post ya existente, saltando: RECIÉN NACIDAS de Jean-Pierre  y Luc Dardenne
2025-11-19 22:02:54,914 - INFO - Comenzando extracción de información del post
2025-11-19 22:02:54,914 - INFO - Post ya existente, saltando: LOS TIGRES de Alberto Rodríguez
2025-11-19 22:02:54,914 - INFO - Comenzando extracción de información del post
2025-11-19 22:02:54,915 - INFO - Post ya existente, saltando: FRANKENSTEIN de Guillermo del Toro
2025-11-19 22:02:54,915 - INFO - Comenzando extracción de información del post
2025-11-19 22:02:54,915 - INFO - Post ya existente, saltando: ESA COSA CON ALAS de Dylan Southern
2025-11-19 22:02:54,915 - INFO - Comenzando extracción de información del post
2025-11-19 22:02:54,915 - INFO - Post ya existente, saltando: LA CENA de Manuel Gómez Pereira
2025-11-19 22:02:54,915 - INFO - Comenzando extracción de información del post
2025-11-19 22:02:54,915 - INFO - Post ya existente, saltando: LOS DOMINGOS de Alauda Ruiz de Azúa
2025-11-19 22:02:54,915 - INFO - Proceso completado. Posts nuevos guardados: 0
