2026-05-04 10:38:15,146 - INFO - Iniciando proceso de scraping
2026-05-04 10:38:15,148 - INFO - Posts existentes encontrados: 2541
2026-05-04 10:38:15,148 - INFO - Intentando obtener posts desde: https://ghostintheblog.com/
2026-05-04 10:38:16,687 - INFO - Se encontraron 10 posts
2026-05-04 10:38:16,688 - INFO - Comenzando extracción de información del post
2026-05-04 10:38:16,688 - INFO - Título del post: TODO LO QUE FUIMOS de Cherien Dabis
2026-05-04 10:38:16,688 - INFO - Fecha del post: 2026-05-04T11:36:10+02:00
2026-05-04 10:38:16,688 - INFO - Obteniendo contenido completo de: https://ghostintheblog.com/2026/05/todo-lo-que-fuimos-de-cherien-dabis.html
2026-05-04 10:38:18,251 - INFO - Contenido extraído y estructurado (4571 caracteres)
2026-05-04 10:38:18,253 - INFO - Guardando post en: posts/TODO_LO_QUE_FUIMOS_2026-05-04.json
2026-05-04 10:38:18,253 - INFO - Post guardado exitosamente
2026-05-04 10:38:18,253 - INFO - Actualizando índice de películas
2026-05-04 10:38:18,253 - INFO - Archivo de índice: /home/runner/work/scrapingcines/scrapingcines/index.json
2026-05-04 10:38:18,257 - INFO - Índice existente cargado con 2640 películas
2026-05-04 10:38:18,269 - INFO - Película agregada al índice: TODO LO QUE FUIMOS
2026-05-04 10:38:18,269 - INFO - Nuevo post guardado: TODO LO QUE FUIMOS de Cherien Dabis
2026-05-04 10:38:18,269 - INFO - Comenzando extracción de información del post
2026-05-04 10:38:18,270 - INFO - Título del post: MICHAEL de Antoine Fuqua
2026-05-04 10:38:18,270 - INFO - Fecha del post: 2026-05-04T11:28:32+02:00
2026-05-04 10:38:18,270 - INFO - Obteniendo contenido completo de: https://ghostintheblog.com/2026/05/michael-de-antoine-fuqua.html
2026-05-04 10:38:19,855 - INFO - Contenido extraído y estructurado (2665 caracteres)
2026-05-04 10:38:19,856 - INFO - Guardando post en: posts/MICHAEL_2026-05-04.json
2026-05-04 10:38:19,856 - INFO - Post guardado exitosamente
2026-05-04 10:38:19,856 - INFO - Actualizando índice de películas
2026-05-04 10:38:19,856 - INFO - Archivo de índice: /home/runner/work/scrapingcines/scrapingcines/index.json
2026-05-04 10:38:19,860 - INFO - Índice existente cargado con 2641 películas
2026-05-04 10:38:19,873 - INFO - Película agregada al índice: MICHAEL
2026-05-04 10:38:19,873 - INFO - Nuevo post guardado: MICHAEL de Antoine Fuqua
2026-05-04 10:38:19,873 - INFO - Comenzando extracción de información del post
2026-05-04 10:38:19,873 - INFO - Título del post: ENZO de Robin Campillo
2026-05-04 10:38:19,873 - INFO - Fecha del post: 2026-05-04T11:17:17+02:00
2026-05-04 10:38:19,873 - INFO - Obteniendo contenido completo de: https://ghostintheblog.com/2026/05/enzo-de-robin-campillo.html
2026-05-04 10:38:21,444 - INFO - Contenido extraído y estructurado (2840 caracteres)
2026-05-04 10:38:21,445 - INFO - Guardando post en: posts/ENZO_2026-05-04.json
2026-05-04 10:38:21,446 - INFO - Post guardado exitosamente
2026-05-04 10:38:21,446 - INFO - Actualizando índice de películas
2026-05-04 10:38:21,446 - INFO - Archivo de índice: /home/runner/work/scrapingcines/scrapingcines/index.json
2026-05-04 10:38:21,449 - INFO - Índice existente cargado con 2642 películas
2026-05-04 10:38:21,461 - INFO - Película agregada al índice: ENZO
2026-05-04 10:38:21,461 - INFO - Nuevo post guardado: ENZO de Robin Campillo
2026-05-04 10:38:21,461 - INFO - Comenzando extracción de información del post
2026-05-04 10:38:21,461 - INFO - Post ya existente, saltando: MI QUERIDA SEÑORITA de Fernando González Molina
2026-05-04 10:38:21,462 - INFO - Comenzando extracción de información del post
2026-05-04 10:38:21,462 - INFO - Post ya existente, saltando: EL SONIDO DE LA CAIDA de Mascha Schilinski
2026-05-04 10:38:21,462 - INFO - Comenzando extracción de información del post
2026-05-04 10:38:21,462 - INFO - Post ya existente, saltando: PRIME CRIME: A TRUE STORY de Gus Van Sant
2026-05-04 10:38:21,462 - INFO - Comenzando extracción de información del post
2026-05-04 10:38:21,462 - INFO - Post ya existente, saltando: UN POETA de Simón Mesa
2026-05-04 10:38:21,462 - INFO - Comenzando extracción de información del post
2026-05-04 10:38:21,462 - INFO - Post ya existente, saltando: LA BUENA HIJA de Júlia de Paz Solvas
2026-05-04 10:38:21,462 - INFO - Comenzando extracción de información del post
2026-05-04 10:38:21,463 - INFO - Post ya existente, saltando: ATRAPANDO A UN MONSTRUO de Bryan Fuller
2026-05-04 10:38:21,463 - INFO - Comenzando extracción de información del post
2026-05-04 10:38:21,463 - INFO - Post ya existente, saltando: LA GRAZIA de Paolo Sorrentino
2026-05-04 10:38:21,463 - INFO - Proceso completado. Posts nuevos guardados: 3
