2025-07-27 08:06:22,019 - INFO - Iniciando proceso de scraping
2025-07-27 08:06:22,021 - INFO - Posts existentes encontrados: 2420
2025-07-27 08:06:22,021 - INFO - Intentando obtener posts desde: https://ghostintheblog.com/
2025-07-27 08:06:24,184 - INFO - Se encontraron 10 posts
2025-07-27 08:06:24,184 - INFO - Comenzando extracción de información del post
2025-07-27 08:06:24,185 - INFO - Título del post: SUPERMAN de James Gunn
2025-07-27 08:06:24,185 - INFO - Fecha del post: 2025-07-27T10:02:12+02:00
2025-07-27 08:06:24,185 - INFO - Obteniendo contenido completo de: https://ghostintheblog.com/2025/07/critica-de-superman-de-james-gunn.html
2025-07-27 08:06:25,288 - INFO - Contenido extraído y estructurado (2748 caracteres)
2025-07-27 08:06:25,288 - INFO - Guardando post en: posts/SUPERMAN_2025-07-27.json
2025-07-27 08:06:25,288 - INFO - Post guardado exitosamente
2025-07-27 08:06:25,289 - INFO - Actualizando índice de películas
2025-07-27 08:06:25,289 - INFO - Archivo de índice: /home/runner/work/scrapingcines/scrapingcines/index.json
2025-07-27 08:06:25,292 - INFO - Índice existente cargado con 2520 películas
2025-07-27 08:06:25,304 - INFO - Película agregada al índice: SUPERMAN
2025-07-27 08:06:25,304 - INFO - Nuevo post guardado: SUPERMAN de James Gunn
2025-07-27 08:06:25,304 - INFO - Comenzando extracción de información del post
2025-07-27 08:06:25,304 - INFO - Post ya existente, saltando: BREVE HISTORIA DE UNA FAMILIA de Lin Jianjie
2025-07-27 08:06:25,304 - INFO - Comenzando extracción de información del post
2025-07-27 08:06:25,304 - INFO - Post ya existente, saltando: LA MERCANCÍA MÁS PRECIOSA de Michel Hazanavicius
2025-07-27 08:06:25,304 - INFO - Comenzando extracción de información del post
2025-07-27 08:06:25,305 - INFO - Post ya existente, saltando: TRES AMIGAS de Emmanuel Mouret
2025-07-27 08:06:25,305 - INFO - Comenzando extracción de información del post
2025-07-27 08:06:25,305 - INFO - Post ya existente, saltando: BLACK DOG de Guan Hu
2025-07-27 08:06:25,305 - INFO - Comenzando extracción de información del post
2025-07-27 08:06:25,305 - INFO - Post ya existente, saltando: F1: LA PELÍCULA de Joseph Kosinski
2025-07-27 08:06:25,305 - INFO - Comenzando extracción de información del post
2025-07-27 08:06:25,305 - INFO - Post ya existente, saltando: VOLVER A TI de Jeanette Nordahl
2025-07-27 08:06:25,305 - INFO - Comenzando extracción de información del post
2025-07-27 08:06:25,305 - INFO - Post ya existente, saltando: THE LAST SHOWGIRL de Gia Coppola
2025-07-27 08:06:25,305 - INFO - Comenzando extracción de información del post
2025-07-27 08:06:25,306 - INFO - Post ya existente, saltando: JULIETTE EN PRIMAVERA de Blandine Lenoir
2025-07-27 08:06:25,306 - INFO - Comenzando extracción de información del post
2025-07-27 08:06:25,306 - INFO - Post ya existente, saltando: RAMÓN Y RAMÓN de Salvador del Solar
2025-07-27 08:06:25,306 - INFO - Proceso completado. Posts nuevos guardados: 1
