2026-02-13 10:12:56,388 - INFO - Iniciando proceso de scraping
2026-02-13 10:12:56,390 - INFO - Posts existentes encontrados: 2506
2026-02-13 10:12:56,390 - INFO - Intentando obtener posts desde: https://ghostintheblog.com/
2026-02-13 10:13:00,171 - INFO - Se encontraron 10 posts
2026-02-13 10:13:00,172 - INFO - Comenzando extracción de información del post
2026-02-13 10:13:00,173 - INFO - Post ya existente, saltando: LA TARTA DEL PRESIDENTE de Hasan Hadi
2026-02-13 10:13:00,173 - INFO - Comenzando extracción de información del post
2026-02-13 10:13:00,173 - INFO - Post ya existente, saltando: MARTY SUPREME de Joshua Safdie
2026-02-13 10:13:00,173 - INFO - Comenzando extracción de información del post
2026-02-13 10:13:00,173 - INFO - Post ya existente, saltando: LA CHICA ZURDA de Shih-Ching Tsou
2026-02-13 10:13:00,173 - INFO - Comenzando extracción de información del post
2026-02-13 10:13:00,174 - INFO - Post ya existente, saltando: HAMNET de Chloé Zhao
2026-02-13 10:13:00,174 - INFO - Comenzando extracción de información del post
2026-02-13 10:13:00,174 - INFO - Post ya existente, saltando: YUNAN de Ameer Fakher Eldin
2026-02-13 10:13:00,174 - INFO - Comenzando extracción de información del post
2026-02-13 10:13:00,174 - INFO - Post ya existente, saltando: LA LEYENDA DE OCHI de Isaiah Saxon
2026-02-13 10:13:00,174 - INFO - Comenzando extracción de información del post
2026-02-13 10:13:00,174 - INFO - Post ya existente, saltando: ARCO de Ugo Bienvenu
2026-02-13 10:13:00,174 - INFO - Comenzando extracción de información del post
2026-02-13 10:13:00,174 - INFO - Post ya existente, saltando: SI PUDIERA TE DARÍA UNA PATADA de Mary Bronstein
2026-02-13 10:13:00,174 - INFO - Comenzando extracción de información del post
2026-02-13 10:13:00,175 - INFO - Post ya existente, saltando: LA MISTERIOSA MIRADA DE FLAMENCO de Diego Céspedes
2026-02-13 10:13:00,175 - INFO - Comenzando extracción de información del post
2026-02-13 10:13:00,175 - INFO - Post ya existente, saltando: NOUVELLE VAGUE de Richard Linklater
2026-02-13 10:13:00,175 - INFO - Proceso completado. Posts nuevos guardados: 0
