2026-03-22 12:10:39,328 - INFO - Iniciando proceso de scraping
2026-03-22 12:10:39,329 - INFO - Posts existentes encontrados: 2526
2026-03-22 12:10:39,330 - INFO - Intentando obtener posts desde: https://ghostintheblog.com/
2026-03-22 12:10:40,911 - INFO - Se encontraron 10 posts
2026-03-22 12:10:40,912 - INFO - Comenzando extracción de información del post
2026-03-22 12:10:40,912 - INFO - Post ya existente, saltando: EL TESTAMENTO DE ANN LEE de Mona Fastvold
2026-03-22 12:10:40,912 - INFO - Comenzando extracción de información del post
2026-03-22 12:10:40,913 - INFO - Post ya existente, saltando: ÁGUILAS DE EL CAIRO de Tarik Saleh
2026-03-22 12:10:40,913 - INFO - Comenzando extracción de información del post
2026-03-22 12:10:40,913 - INFO - Post ya existente, saltando: TORRENTE PRESIDENTE de Santiago Segura
2026-03-22 12:10:40,913 - INFO - Comenzando extracción de información del post
2026-03-22 12:10:40,913 - INFO - Post ya existente, saltando: LOS OSCAR 2026
2026-03-22 12:10:40,913 - INFO - Comenzando extracción de información del post
2026-03-22 12:10:40,913 - INFO - Post ya existente, saltando: ¡LA NOVIA! de Maggie Gyllenhaal
2026-03-22 12:10:40,913 - INFO - Comenzando extracción de información del post
2026-03-22 12:10:40,913 - INFO - Post ya existente, saltando: PILLION de Harry Lighton
2026-03-22 12:10:40,913 - INFO - Comenzando extracción de información del post
2026-03-22 12:10:40,914 - INFO - Post ya existente, saltando: EL MAGO DEL KREMLIN de Olivier Assayas
2026-03-22 12:10:40,914 - INFO - Comenzando extracción de información del post
2026-03-22 12:10:40,914 - INFO - Post ya existente, saltando: EL ÚLTIMO VIKINGO de Anders Thomas Jensen
2026-03-22 12:10:40,914 - INFO - Comenzando extracción de información del post
2026-03-22 12:10:40,914 - INFO - Post ya existente, saltando: SCARLET de Mamoru Hosoda
2026-03-22 12:10:40,914 - INFO - Comenzando extracción de información del post
2026-03-22 12:10:40,914 - INFO - Post ya existente, saltando: SORRY BABY de Eva Victor
2026-03-22 12:10:40,914 - INFO - Proceso completado. Posts nuevos guardados: 0
