2025-11-29 10:02:46,326 - INFO - Iniciando proceso de scraping
2025-11-29 10:02:46,328 - INFO - Posts existentes encontrados: 2473
2025-11-29 10:02:46,328 - INFO - Intentando obtener posts desde: https://ghostintheblog.com/
2025-11-29 10:02:47,812 - INFO - Se encontraron 10 posts
2025-11-29 10:02:47,813 - INFO - Comenzando extracción de información del post
2025-11-29 10:02:47,813 - INFO - Título del post: CRIMSON GOLD de Jafar Panahi
2025-11-29 10:02:47,813 - INFO - Fecha del post: 2025-11-29T10:59:17+01:00
2025-11-29 10:02:47,814 - INFO - Obteniendo contenido completo de: https://ghostintheblog.com/2025/11/critica-de-crimson-gold-de-jafar-panahi.html
2025-11-29 10:02:49,192 - INFO - Contenido extraído y estructurado (2820 caracteres)
2025-11-29 10:02:49,193 - INFO - Guardando post en: posts/CRIMSON_GOLD_2025-11-29.json
2025-11-29 10:02:49,194 - INFO - Post guardado exitosamente
2025-11-29 10:02:49,194 - INFO - Actualizando índice de películas
2025-11-29 10:02:49,194 - INFO - Archivo de índice: /home/runner/work/scrapingcines/scrapingcines/index.json
2025-11-29 10:02:49,198 - INFO - Índice existente cargado con 2574 películas
2025-11-29 10:02:49,209 - INFO - Película agregada al índice: CRIMSON GOLD
2025-11-29 10:02:49,209 - INFO - Nuevo post guardado: CRIMSON GOLD de Jafar Panahi
2025-11-29 10:02:49,209 - INFO - Comenzando extracción de información del post
2025-11-29 10:02:49,210 - INFO - Post ya existente, saltando: GAUA de Paul Urkijo
2025-11-29 10:02:49,210 - INFO - Comenzando extracción de información del post
2025-11-29 10:02:49,210 - INFO - Post ya existente, saltando: URCHIN de Harris Dickinson
2025-11-29 10:02:49,210 - INFO - Comenzando extracción de información del post
2025-11-29 10:02:49,210 - INFO - Post ya existente, saltando: CIUDAD SIN SUEÑO de Guillermo Galoe
2025-11-29 10:02:49,210 - INFO - Comenzando extracción de información del post
2025-11-29 10:02:49,210 - INFO - Post ya existente, saltando: BUGONIA de Yorgos Lanthimos
2025-11-29 10:02:49,210 - INFO - Comenzando extracción de información del post
2025-11-29 10:02:49,210 - INFO - Post ya existente, saltando: SUBSUELO de Fernando Franco
2025-11-29 10:02:49,211 - INFO - Comenzando extracción de información del post
2025-11-29 10:02:49,211 - INFO - Post ya existente, saltando: SIEMPRE ES INVIERNO de David Trueba
2025-11-29 10:02:49,211 - INFO - Comenzando extracción de información del post
2025-11-29 10:02:49,211 - INFO - Post ya existente, saltando: THE MASTERMIND de Kelly Reichardt
2025-11-29 10:02:49,211 - INFO - Comenzando extracción de información del post
2025-11-29 10:02:49,211 - INFO - Post ya existente, saltando: RECIÉN NACIDAS de Jean-Pierre  y Luc Dardenne
2025-11-29 10:02:49,211 - INFO - Comenzando extracción de información del post
2025-11-29 10:02:49,211 - INFO - Post ya existente, saltando: LOS TIGRES de Alberto Rodríguez
2025-11-29 10:02:49,211 - INFO - Proceso completado. Posts nuevos guardados: 1
