2026-05-18 17:00:38,320 - INFO - Iniciando proceso de scraping
2026-05-18 17:00:38,322 - INFO - Posts existentes encontrados: 2547
2026-05-18 17:00:38,322 - INFO - Intentando obtener posts desde: https://ghostintheblog.com/
2026-05-18 17:00:41,733 - INFO - Se encontraron 10 posts
2026-05-18 17:00:41,734 - INFO - Comenzando extracción de información del post
2026-05-18 17:00:41,734 - INFO - Post ya existente, saltando: RESURRECTION de Bi Gan
2026-05-18 17:00:41,734 - INFO - Comenzando extracción de información del post
2026-05-18 17:00:41,734 - INFO - Post ya existente, saltando: ALTA COSTURA de Alice Winocour
2026-05-18 17:00:41,734 - INFO - Comenzando extracción de información del post
2026-05-18 17:00:41,734 - INFO - Post ya existente, saltando: LA ISLA DE AMRUM de Fatih Akin
2026-05-18 17:00:41,735 - INFO - Comenzando extracción de información del post
2026-05-18 17:00:41,735 - INFO - Post ya existente, saltando: TODO LO QUE FUIMOS de Cherien Dabis
2026-05-18 17:00:41,735 - INFO - Comenzando extracción de información del post
2026-05-18 17:00:41,735 - INFO - Post ya existente, saltando: MICHAEL de Antoine Fuqua
2026-05-18 17:00:41,735 - INFO - Comenzando extracción de información del post
2026-05-18 17:00:41,735 - INFO - Post ya existente, saltando: ENZO de Robin Campillo
2026-05-18 17:00:41,735 - INFO - Comenzando extracción de información del post
2026-05-18 17:00:41,735 - INFO - Post ya existente, saltando: MI QUERIDA SEÑORITA de Fernando González Molina
2026-05-18 17:00:41,735 - INFO - Comenzando extracción de información del post
2026-05-18 17:00:41,736 - INFO - Post ya existente, saltando: EL SONIDO DE LA CAIDA de Mascha Schilinski
2026-05-18 17:00:41,736 - INFO - Comenzando extracción de información del post
2026-05-18 17:00:41,736 - INFO - Post ya existente, saltando: PRIME CRIME: A TRUE STORY de Gus Van Sant
2026-05-18 17:00:41,736 - INFO - Comenzando extracción de información del post
2026-05-18 17:00:41,736 - INFO - Post ya existente, saltando: UN POETA de Simón Mesa
2026-05-18 17:00:41,736 - INFO - Proceso completado. Posts nuevos guardados: 0
