2025-03-29 20:05:30,971 - INFO - Iniciando proceso de scraping
2025-03-29 20:05:30,973 - INFO - Posts existentes encontrados: 2377
2025-03-29 20:05:30,973 - INFO - Intentando obtener posts desde: https://ghostintheblog.com/
2025-03-29 20:05:34,428 - INFO - Se encontraron 10 posts
2025-03-29 20:05:34,429 - INFO - Comenzando extracción de información del post
2025-03-29 20:05:34,429 - INFO - Post ya existente, saltando: GHOSTLIGHT de Kelly O’Sullivan y Alex Thompson
2025-03-29 20:05:34,429 - INFO - Comenzando extracción de información del post
2025-03-29 20:05:34,429 - INFO - Post ya existente, saltando: 8 de Julio Medem
2025-03-29 20:05:34,429 - INFO - Comenzando extracción de información del post
2025-03-29 20:05:34,430 - INFO - Post ya existente, saltando: LA CHICA DE LA AGUJA de Magnus von Horn
2025-03-29 20:05:34,430 - INFO - Comenzando extracción de información del post
2025-03-29 20:05:34,430 - INFO - Post ya existente, saltando: MISERICORDIA de Alain Guiraudie
2025-03-29 20:05:34,430 - INFO - Comenzando extracción de información del post
2025-03-29 20:05:34,430 - INFO - Post ya existente, saltando: LOS AITAS de Borja Cobeaga
2025-03-29 20:05:34,430 - INFO - Comenzando extracción de información del post
2025-03-29 20:05:34,430 - INFO - Post ya existente, saltando: MORLAIX de Jaime Rosales
2025-03-29 20:05:34,430 - INFO - Comenzando extracción de información del post
2025-03-29 20:05:34,431 - INFO - Post ya existente, saltando: TARDES DE SOLEDAD de Albert Serra
2025-03-29 20:05:34,431 - INFO - Comenzando extracción de información del post
2025-03-29 20:05:34,431 - INFO - Post ya existente, saltando: MICKEY 17 de Bong Joon-ho
2025-03-29 20:05:34,431 - INFO - Comenzando extracción de información del post
2025-03-29 20:05:34,431 - INFO - Post ya existente, saltando: LEE MILLER de Ellen Kuras
2025-03-29 20:05:34,431 - INFO - Comenzando extracción de información del post
2025-03-29 20:05:34,431 - INFO - Post ya existente, saltando: GRAND TOUR de Miguel Gomes
2025-03-29 20:05:34,431 - INFO - Proceso completado. Posts nuevos guardados: 0
