2025-03-27 00:17:38,869 - INFO - Iniciando proceso de scraping
2025-03-27 00:17:38,871 - INFO - Posts existentes encontrados: 2374
2025-03-27 00:17:38,871 - INFO - Intentando obtener posts desde: https://ghostintheblog.com/
2025-03-27 00:17:41,966 - INFO - Se encontraron 10 posts
2025-03-27 00:17:41,966 - INFO - Comenzando extracción de información del post
2025-03-27 00:17:41,966 - INFO - Post ya existente, saltando: MISERICORDIA de Alain Guiraudie
2025-03-27 00:17:41,966 - INFO - Comenzando extracción de información del post
2025-03-27 00:17:41,966 - INFO - Post ya existente, saltando: LOS AITAS de Borja Cobeaga
2025-03-27 00:17:41,966 - INFO - Comenzando extracción de información del post
2025-03-27 00:17:41,967 - INFO - Post ya existente, saltando: MORLAIX de Jaime Rosales
2025-03-27 00:17:41,967 - INFO - Comenzando extracción de información del post
2025-03-27 00:17:41,967 - INFO - Post ya existente, saltando: TARDES DE SOLEDAD de Albert Serra
2025-03-27 00:17:41,967 - INFO - Comenzando extracción de información del post
2025-03-27 00:17:41,967 - INFO - Post ya existente, saltando: MICKEY 17 de Bong Joon-ho
2025-03-27 00:17:41,967 - INFO - Comenzando extracción de información del post
2025-03-27 00:17:41,967 - INFO - Post ya existente, saltando: LEE MILLER de Ellen Kuras
2025-03-27 00:17:41,967 - INFO - Comenzando extracción de información del post
2025-03-27 00:17:41,968 - INFO - Post ya existente, saltando: GRAND TOUR de Miguel Gomes
2025-03-27 00:17:41,968 - INFO - Comenzando extracción de información del post
2025-03-27 00:17:41,968 - INFO - Post ya existente, saltando: A COMPLETE UNKNOWN de James Mangold
2025-03-27 00:17:41,968 - INFO - Comenzando extracción de información del post
2025-03-27 00:17:41,968 - INFO - Post ya existente, saltando: MI ÚNICA FAMILIA de Mike Leigh
2025-03-27 00:17:41,968 - INFO - Comenzando extracción de información del post
2025-03-27 00:17:41,968 - INFO - Post ya existente, saltando: LOS OSCAR 2025
2025-03-27 00:17:41,968 - INFO - Proceso completado. Posts nuevos guardados: 0
