2025-07-01 22:02:27,559 - INFO - Iniciando proceso de scraping
2025-07-01 22:02:27,561 - INFO - Posts existentes encontrados: 2414
2025-07-01 22:02:27,561 - INFO - Intentando obtener posts desde: https://ghostintheblog.com/
2025-07-01 22:02:29,640 - INFO - Se encontraron 10 posts
2025-07-01 22:02:29,640 - INFO - Comenzando extracción de información del post
2025-07-01 22:02:29,641 - INFO - Post ya existente, saltando: THE LAST SHOWGIRL de Gia Coppola
2025-07-01 22:02:29,641 - INFO - Comenzando extracción de información del post
2025-07-01 22:02:29,641 - INFO - Post ya existente, saltando: JULIETTE EN PRIMAVERA de Blandine Lenoir
2025-07-01 22:02:29,641 - INFO - Comenzando extracción de información del post
2025-07-01 22:02:29,641 - INFO - Post ya existente, saltando: RAMÓN Y RAMÓN de Salvador del Solar
2025-07-01 22:02:29,641 - INFO - Comenzando extracción de información del post
2025-07-01 22:02:29,641 - INFO - Post ya existente, saltando: A LA DERIVA de Jia Zhangke
2025-07-01 22:02:29,641 - INFO - Comenzando extracción de información del post
2025-07-01 22:02:29,641 - INFO - Post ya existente, saltando: VOTEMOS de Santiago Requejo
2025-07-01 22:02:29,641 - INFO - Comenzando extracción de información del post
2025-07-01 22:02:29,642 - INFO - Post ya existente, saltando: TRES KILÓMETROS AL FIN DEL MUNDO de Emanuel Pârvu
2025-07-01 22:02:29,642 - INFO - Comenzando extracción de información del post
2025-07-01 22:02:29,642 - INFO - Post ya existente, saltando: TODO SALDRÁ BIEN de Ray Yeung
2025-07-01 22:02:29,642 - INFO - Comenzando extracción de información del post
2025-07-01 22:02:29,642 - INFO - Post ya existente, saltando: CUATRO PAREDES de Ibon Cormenzana
2025-07-01 22:02:29,642 - INFO - Comenzando extracción de información del post
2025-07-01 22:02:29,642 - INFO - Post ya existente, saltando: LA BUENA SUERTE de Gracia Querejeta
2025-07-01 22:02:29,642 - INFO - Comenzando extracción de información del post
2025-07-01 22:02:29,642 - INFO - Post ya existente, saltando: SIRAT de Oliver Laxe
2025-07-01 22:02:29,642 - INFO - Proceso completado. Posts nuevos guardados: 0
