2026-01-27 00:22:12,200 - INFO - Iniciando proceso de scraping
2026-01-27 00:22:12,203 - INFO - Posts existentes encontrados: 2500
2026-01-27 00:22:12,203 - INFO - Intentando obtener posts desde: https://ghostintheblog.com/
2026-01-27 00:22:13,506 - INFO - Se encontraron 10 posts
2026-01-27 00:22:13,507 - INFO - Comenzando extracción de información del post
2026-01-27 00:22:13,507 - INFO - Post ya existente, saltando: ARCO de Ugo Bienvenu
2026-01-27 00:22:13,507 - INFO - Comenzando extracción de información del post
2026-01-27 00:22:13,508 - INFO - Post ya existente, saltando: SI PUDIERA TE DARÍA UNA PATADA de Mary Bronstein
2026-01-27 00:22:13,508 - INFO - Comenzando extracción de información del post
2026-01-27 00:22:13,508 - INFO - Post ya existente, saltando: LA MISTERIOSA MIRADA DE FLAMENCO de Diego Céspedes
2026-01-27 00:22:13,508 - INFO - Comenzando extracción de información del post
2026-01-27 00:22:13,508 - INFO - Post ya existente, saltando: NOUVELLE VAGUE de Richard Linklater
2026-01-27 00:22:13,508 - INFO - Comenzando extracción de información del post
2026-01-27 00:22:13,508 - INFO - Post ya existente, saltando: RENTAL FAMILY de Hikari
2026-01-27 00:22:13,508 - INFO - Comenzando extracción de información del post
2026-01-27 00:22:13,508 - INFO - Post ya existente, saltando: TURNO DE GUARDIA de Petra Biondina Volpe
2026-01-27 00:22:13,508 - INFO - Comenzando extracción de información del post
2026-01-27 00:22:13,509 - INFO - Post ya existente, saltando: LA ASISTENTA de Rebecca Sonnenshine
2026-01-27 00:22:13,509 - INFO - Comenzando extracción de información del post
2026-01-27 00:22:13,509 - INFO - Post ya existente, saltando: RONDALLAS de Daniel Sánchez Arévalo
2026-01-27 00:22:13,509 - INFO - Comenzando extracción de información del post
2026-01-27 00:22:13,509 - INFO - Post ya existente, saltando: EL MÉDICO 2 de Philipp Stölzl
2026-01-27 00:22:13,509 - INFO - Comenzando extracción de información del post
2026-01-27 00:22:13,509 - INFO - Post ya existente, saltando: AVATAR: FUEGO Y CENIZAS de James Cameron
2026-01-27 00:22:13,509 - INFO - Proceso completado. Posts nuevos guardados: 0
