2025-05-20 10:02:30,945 - INFO - Iniciando proceso de scraping
2025-05-20 10:02:30,947 - INFO - Posts existentes encontrados: 2398
2025-05-20 10:02:30,947 - INFO - Intentando obtener posts desde: https://ghostintheblog.com/
2025-05-20 10:02:32,455 - INFO - Se encontraron 10 posts
2025-05-20 10:02:32,455 - INFO - Comenzando extracción de información del post
2025-05-20 10:02:32,455 - INFO - Post ya existente, saltando: ENEMIGOS de David Valero
2025-05-20 10:02:32,455 - INFO - Comenzando extracción de información del post
2025-05-20 10:02:32,456 - INFO - Post ya existente, saltando: UNA QUINTA PORTUGUESA de Avelina Prat
2025-05-20 10:02:32,456 - INFO - Comenzando extracción de información del post
2025-05-20 10:02:32,456 - INFO - Post ya existente, saltando: LO QUE QUEDA DE TI
2025-05-20 10:02:32,456 - INFO - Comenzando extracción de información del post
2025-05-20 10:02:32,456 - INFO - Post ya existente, saltando: PRESUNCIÓN DE INOCENCIA de Daniel Auteuil
2025-05-20 10:02:32,456 - INFO - Comenzando extracción de información del post
2025-05-20 10:02:32,456 - INFO - Post ya existente, saltando: LA HISTORIA DE SOULEYMANE de Boris Lojkine
2025-05-20 10:02:32,457 - INFO - Comenzando extracción de información del post
2025-05-20 10:02:32,457 - INFO - Post ya existente, saltando: ERREPLIKA de Pello Gutiérrez Peñalba
2025-05-20 10:02:32,457 - INFO - Comenzando extracción de información del post
2025-05-20 10:02:32,457 - INFO - Post ya existente, saltando: LA BUENA LETRA de Celia Rico Clavellino
2025-05-20 10:02:32,457 - INFO - Comenzando extracción de información del post
2025-05-20 10:02:32,457 - INFO - Post ya existente, saltando: SUJO de Fernanda Valadez, Astrid Rondero
2025-05-20 10:02:32,457 - INFO - Comenzando extracción de información del post
2025-05-20 10:02:32,458 - INFO - Post ya existente, saltando: LA ISLA DE LOS FAISANES de Asier Urbieta
2025-05-20 10:02:32,458 - INFO - Comenzando extracción de información del post
2025-05-20 10:02:32,458 - INFO - Post ya existente, saltando: THE END de Joshua Oppenheimer
2025-05-20 10:02:32,458 - INFO - Proceso completado. Posts nuevos guardados: 0
