2025-07-09 16:05:28,170 - INFO - Iniciando proceso de scraping
2025-07-09 16:05:28,172 - INFO - Posts existentes encontrados: 2417
2025-07-09 16:05:28,172 - INFO - Intentando obtener posts desde: https://ghostintheblog.com/
2025-07-09 16:05:30,863 - INFO - Se encontraron 10 posts
2025-07-09 16:05:30,863 - INFO - Comenzando extracción de información del post
2025-07-09 16:05:30,864 - INFO - Post ya existente, saltando: BLACK DOG de Guan Hu
2025-07-09 16:05:30,864 - INFO - Comenzando extracción de información del post
2025-07-09 16:05:30,864 - INFO - Post ya existente, saltando: F1: LA PELÍCULA de Joseph Kosinski
2025-07-09 16:05:30,864 - INFO - Comenzando extracción de información del post
2025-07-09 16:05:30,864 - INFO - Post ya existente, saltando: VOLVER A TI de Jeanette Nordahl
2025-07-09 16:05:30,864 - INFO - Comenzando extracción de información del post
2025-07-09 16:05:30,864 - INFO - Post ya existente, saltando: THE LAST SHOWGIRL de Gia Coppola
2025-07-09 16:05:30,864 - INFO - Comenzando extracción de información del post
2025-07-09 16:05:30,865 - INFO - Post ya existente, saltando: JULIETTE EN PRIMAVERA de Blandine Lenoir
2025-07-09 16:05:30,865 - INFO - Comenzando extracción de información del post
2025-07-09 16:05:30,865 - INFO - Post ya existente, saltando: RAMÓN Y RAMÓN de Salvador del Solar
2025-07-09 16:05:30,865 - INFO - Comenzando extracción de información del post
2025-07-09 16:05:30,865 - INFO - Post ya existente, saltando: A LA DERIVA de Jia Zhangke
2025-07-09 16:05:30,865 - INFO - Comenzando extracción de información del post
2025-07-09 16:05:30,865 - INFO - Post ya existente, saltando: VOTEMOS de Santiago Requejo
2025-07-09 16:05:30,865 - INFO - Comenzando extracción de información del post
2025-07-09 16:05:30,865 - INFO - Post ya existente, saltando: TRES KILÓMETROS AL FIN DEL MUNDO de Emanuel Pârvu
2025-07-09 16:05:30,865 - INFO - Comenzando extracción de información del post
2025-07-09 16:05:30,866 - INFO - Post ya existente, saltando: TODO SALDRÁ BIEN de Ray Yeung
2025-07-09 16:05:30,866 - INFO - Proceso completado. Posts nuevos guardados: 0
