2025-08-16 12:07:18,134 - INFO - Iniciando proceso de scraping
2025-08-16 12:07:18,136 - INFO - Posts existentes encontrados: 2428
2025-08-16 12:07:18,136 - INFO - Intentando obtener posts desde: https://ghostintheblog.com/
2025-08-16 12:07:19,447 - INFO - Se encontraron 10 posts
2025-08-16 12:07:19,448 - INFO - Comenzando extracción de información del post
2025-08-16 12:07:19,448 - INFO - Post ya existente, saltando: NUNCA MÁS de Klaus Härö
2025-08-16 12:07:19,448 - INFO - Comenzando extracción de información del post
2025-08-16 12:07:19,448 - INFO - Post ya existente, saltando: DEVUÉLVEMELA de Danny y Michael Philippou
2025-08-16 12:07:19,448 - INFO - Comenzando extracción de información del post
2025-08-16 12:07:19,448 - INFO - Post ya existente, saltando: MISTERIOSO ASESINATO EN LA MONTAÑA de Franck Dubosc
2025-08-16 12:07:19,448 - INFO - Comenzando extracción de información del post
2025-08-16 12:07:19,448 - INFO - Post ya existente, saltando: BAJA POR PATERNIDAD de Alissa Jung
2025-08-16 12:07:19,449 - INFO - Comenzando extracción de información del post
2025-08-16 12:07:19,449 - INFO - Post ya existente, saltando: LEER «LOLITA» EN TEHERÁN de Eran Riklis
2025-08-16 12:07:19,449 - INFO - Comenzando extracción de información del post
2025-08-16 12:07:19,449 - INFO - Post ya existente, saltando: CONDENADOS de Gustav Möller
2025-08-16 12:07:19,449 - INFO - Comenzando extracción de información del post
2025-08-16 12:07:19,449 - INFO - Post ya existente, saltando: UN «LIKE» DE BOB TREVINO de Tracie Laymon
2025-08-16 12:07:19,449 - INFO - Comenzando extracción de información del post
2025-08-16 12:07:19,449 - INFO - Post ya existente, saltando: PORCO ROSSO de Hayao Miyazaki
2025-08-16 12:07:19,449 - INFO - Comenzando extracción de información del post
2025-08-16 12:07:19,449 - INFO - Post ya existente, saltando: SUPERMAN de James Gunn
2025-08-16 12:07:19,450 - INFO - Comenzando extracción de información del post
2025-08-16 12:07:19,450 - INFO - Post ya existente, saltando: BREVE HISTORIA DE UNA FAMILIA de Lin Jianjie
2025-08-16 12:07:19,450 - INFO - Proceso completado. Posts nuevos guardados: 0
