2025-04-15 12:08:03,914 - INFO - Iniciando proceso de scraping
2025-04-15 12:08:03,916 - INFO - Posts existentes encontrados: 2383
2025-04-15 12:08:03,916 - INFO - Intentando obtener posts desde: https://ghostintheblog.com/
2025-04-15 12:08:06,061 - INFO - Se encontraron 10 posts
2025-04-15 12:08:06,061 - INFO - Comenzando extracción de información del post
2025-04-15 12:08:06,062 - INFO - Post ya existente, saltando: LA NIÑA DE LA CABRA de Ana Asensio
2025-04-15 12:08:06,062 - INFO - Comenzando extracción de información del post
2025-04-15 12:08:06,062 - INFO - Post ya existente, saltando: VIDA EN PAUSA de Alexandros Avranas
2025-04-15 12:08:06,062 - INFO - Comenzando extracción de información del post
2025-04-15 12:08:06,062 - INFO - Post ya existente, saltando: GUILLERMO TELL de Nick Hamm
2025-04-15 12:08:06,062 - INFO - Comenzando extracción de información del post
2025-04-15 12:08:06,062 - INFO - Post ya existente, saltando: SORDA de Eva Libertad
2025-04-15 12:08:06,062 - INFO - Comenzando extracción de información del post
2025-04-15 12:08:06,063 - INFO - Post ya existente, saltando: UNA BALLENA de Pablo Hernando Esquisabel
2025-04-15 12:08:06,063 - INFO - Comenzando extracción de información del post
2025-04-15 12:08:06,063 - INFO - Post ya existente, saltando: LA FURIA de Gemma Blasco
2025-04-15 12:08:06,063 - INFO - Comenzando extracción de información del post
2025-04-15 12:08:06,063 - INFO - Post ya existente, saltando: GHOSTLIGHT de Kelly O’Sullivan y Alex Thompson
2025-04-15 12:08:06,063 - INFO - Comenzando extracción de información del post
2025-04-15 12:08:06,063 - INFO - Post ya existente, saltando: 8 de Julio Medem
2025-04-15 12:08:06,063 - INFO - Comenzando extracción de información del post
2025-04-15 12:08:06,063 - INFO - Post ya existente, saltando: LA CHICA DE LA AGUJA de Magnus von Horn
2025-04-15 12:08:06,064 - INFO - Comenzando extracción de información del post
2025-04-15 12:08:06,064 - INFO - Post ya existente, saltando: MISERICORDIA de Alain Guiraudie
2025-04-15 12:08:06,064 - INFO - Proceso completado. Posts nuevos guardados: 0
