2025-04-19 16:04:57,602 - INFO - Iniciando proceso de scraping
2025-04-19 16:04:57,604 - INFO - Posts existentes encontrados: 2386
2025-04-19 16:04:57,604 - INFO - Intentando obtener posts desde: https://ghostintheblog.com/
2025-04-19 16:04:59,316 - INFO - Se encontraron 10 posts
2025-04-19 16:04:59,316 - INFO - Comenzando extracción de información del post
2025-04-19 16:04:59,317 - INFO - Post ya existente, saltando: LA VIAJERA de Hong Sangsoo
2025-04-19 16:04:59,317 - INFO - Comenzando extracción de información del post
2025-04-19 16:04:59,317 - INFO - Post ya existente, saltando: AMATEUR de James Hawes
2025-04-19 16:04:59,317 - INFO - Comenzando extracción de información del post
2025-04-19 16:04:59,317 - INFO - Post ya existente, saltando: MUY LEJOS de Gerard Oms
2025-04-19 16:04:59,317 - INFO - Comenzando extracción de información del post
2025-04-19 16:04:59,317 - INFO - Post ya existente, saltando: LA NIÑA DE LA CABRA de Ana Asensio
2025-04-19 16:04:59,317 - INFO - Comenzando extracción de información del post
2025-04-19 16:04:59,318 - INFO - Post ya existente, saltando: VIDA EN PAUSA de Alexandros Avranas
2025-04-19 16:04:59,318 - INFO - Comenzando extracción de información del post
2025-04-19 16:04:59,318 - INFO - Post ya existente, saltando: GUILLERMO TELL de Nick Hamm
2025-04-19 16:04:59,318 - INFO - Comenzando extracción de información del post
2025-04-19 16:04:59,318 - INFO - Post ya existente, saltando: SORDA de Eva Libertad
2025-04-19 16:04:59,318 - INFO - Comenzando extracción de información del post
2025-04-19 16:04:59,318 - INFO - Post ya existente, saltando: UNA BALLENA de Pablo Hernando Esquisabel
2025-04-19 16:04:59,318 - INFO - Comenzando extracción de información del post
2025-04-19 16:04:59,318 - INFO - Post ya existente, saltando: LA FURIA de Gemma Blasco
2025-04-19 16:04:59,319 - INFO - Comenzando extracción de información del post
2025-04-19 16:04:59,319 - INFO - Post ya existente, saltando: GHOSTLIGHT de Kelly O’Sullivan y Alex Thompson
2025-04-19 16:04:59,319 - INFO - Proceso completado. Posts nuevos guardados: 0
