2025-03-15 17:54:09,155 - INFO - Iniciando proceso de scraping
2025-03-15 17:54:09,156 - INFO - Posts existentes encontrados: 0
2025-03-15 17:54:09,156 - INFO - Intentando obtener posts desde: https://ghostintheblog.com/
2025-03-15 17:54:09,984 - INFO - Se encontraron 10 posts
2025-03-15 17:54:09,984 - INFO - Comenzando extracción de información del post
2025-03-15 17:54:09,984 - INFO - Título del post: TARDES DE SOLEDAD de Albert Serra
2025-03-15 17:54:09,985 - INFO - Fecha del post: 2025-03-15T00:23:46+01:00
2025-03-15 17:54:09,985 - INFO - Obteniendo contenido completo de: https://ghostintheblog.com/2025/03/tardes-de-soledad-albert-serra-toreo-tauromaquia.html
2025-03-15 17:54:10,913 - INFO - Contenido extraído y estructurado (4847 caracteres)
2025-03-15 17:54:10,914 - INFO - Guardando post en: posts/TARDES_DE_SOLEDAD_2025-03-15.json
2025-03-15 17:54:10,916 - INFO - Post guardado exitosamente
2025-03-15 17:54:10,916 - INFO - Actualizando índice de películas
2025-03-15 17:54:10,917 - INFO - Archivo de índice: C:\Trabajos\scrapingcines\index.json
2025-03-15 17:54:10,917 - INFO - Índice existente cargado con 10 películas
2025-03-15 17:54:10,917 - INFO - La película ya existe en el índice: TARDES DE SOLEDAD
2025-03-15 17:54:10,917 - INFO - Nuevo post guardado: TARDES DE SOLEDAD de Albert Serra
2025-03-15 17:54:10,917 - INFO - Comenzando extracción de información del post
2025-03-15 17:54:10,917 - INFO - Título del post: MICKEY 17 de Bong Joon-ho
2025-03-15 17:54:10,917 - INFO - Fecha del post: 2025-03-15T00:11:27+01:00
2025-03-15 17:54:10,918 - INFO - Obteniendo contenido completo de: https://ghostintheblog.com/2025/03/mickey-17-bong-joon-ho-prescindibles-y-critica-al-poder.html
2025-03-15 17:54:11,851 - INFO - Contenido extraído y estructurado (2889 caracteres)
2025-03-15 17:54:11,852 - INFO - Guardando post en: posts/MICKEY_17_2025-03-15.json
2025-03-15 17:54:11,852 - INFO - Post guardado exitosamente
2025-03-15 17:54:11,852 - INFO - Actualizando índice de películas
2025-03-15 17:54:11,853 - INFO - Archivo de índice: C:\Trabajos\scrapingcines\index.json
2025-03-15 17:54:11,853 - INFO - Índice existente cargado con 10 películas
2025-03-15 17:54:11,853 - INFO - La película ya existe en el índice: MICKEY 17
2025-03-15 17:54:11,853 - INFO - Nuevo post guardado: MICKEY 17 de Bong Joon-ho
2025-03-15 17:54:11,853 - INFO - Comenzando extracción de información del post
2025-03-15 17:54:11,854 - INFO - Título del post: LEE MILLER de Ellen Kuras
2025-03-15 17:54:11,854 - INFO - Fecha del post: 2025-03-14T23:52:25+01:00
2025-03-15 17:54:11,854 - INFO - Obteniendo contenido completo de: https://ghostintheblog.com/2025/03/lee-la-pelicula-de-ellen-kuras-un-retrato-frio-y-sin-alma.html
2025-03-15 17:54:12,836 - INFO - Contenido extraído y estructurado (2641 caracteres)
2025-03-15 17:54:12,836 - INFO - Guardando post en: posts/LEE_MILLER_2025-03-14.json
2025-03-15 17:54:12,837 - INFO - Post guardado exitosamente
2025-03-15 17:54:12,837 - INFO - Actualizando índice de películas
2025-03-15 17:54:12,837 - INFO - Archivo de índice: C:\Trabajos\scrapingcines\index.json
2025-03-15 17:54:12,838 - INFO - Índice existente cargado con 10 películas
2025-03-15 17:54:12,838 - INFO - La película ya existe en el índice: LEE MILLER
2025-03-15 17:54:12,838 - INFO - Nuevo post guardado: LEE MILLER de Ellen Kuras
2025-03-15 17:54:12,838 - INFO - Comenzando extracción de información del post
2025-03-15 17:54:12,838 - INFO - Título del post: GRAND TOUR de Miguel Gomes
2025-03-15 17:54:12,838 - INFO - Fecha del post: 2025-03-09T01:07:10+01:00
2025-03-15 17:54:12,839 - INFO - Obteniendo contenido completo de: https://ghostintheblog.com/2025/03/grand-tour-miguel-gomes-cine-viaje-sombras.html
2025-03-15 17:54:13,759 - INFO - Contenido extraído y estructurado (4810 caracteres)
2025-03-15 17:54:13,760 - INFO - Guardando post en: posts/GRAND_TOUR_2025-03-09.json
2025-03-15 17:54:13,761 - INFO - Post guardado exitosamente
2025-03-15 17:54:13,761 - INFO - Actualizando índice de películas
2025-03-15 17:54:13,761 - INFO - Archivo de índice: C:\Trabajos\scrapingcines\index.json
2025-03-15 17:54:13,761 - INFO - Índice existente cargado con 10 películas
2025-03-15 17:54:13,761 - INFO - La película ya existe en el índice: GRAND TOUR
2025-03-15 17:54:13,762 - INFO - Nuevo post guardado: GRAND TOUR de Miguel Gomes
2025-03-15 17:54:13,762 - INFO - Comenzando extracción de información del post
2025-03-15 17:54:13,762 - INFO - Título del post: A COMPLETE UNKNOWN de James Mangold
2025-03-15 17:54:13,762 - INFO - Fecha del post: 2025-03-09T00:51:50+01:00
2025-03-15 17:54:13,763 - INFO - Obteniendo contenido completo de: https://ghostintheblog.com/2025/03/a-complete-unknown-mangold-dylan-cine.html
2025-03-15 17:54:14,710 - INFO - Contenido extraído y estructurado (2718 caracteres)
2025-03-15 17:54:14,711 - INFO - Guardando post en: posts/A_COMPLETE_UNKNOWN_2025-03-09.json
2025-03-15 17:54:14,712 - INFO - Post guardado exitosamente
2025-03-15 17:54:14,712 - INFO - Actualizando índice de películas
2025-03-15 17:54:14,712 - INFO - Archivo de índice: C:\Trabajos\scrapingcines\index.json
2025-03-15 17:54:14,712 - INFO - Índice existente cargado con 10 películas
2025-03-15 17:54:14,713 - INFO - La película ya existe en el índice: A COMPLETE UNKNOWN
2025-03-15 17:54:14,713 - INFO - Nuevo post guardado: A COMPLETE UNKNOWN de James Mangold
2025-03-15 17:54:14,713 - INFO - Comenzando extracción de información del post
2025-03-15 17:54:14,713 - INFO - Título del post: MI ÚNICA FAMILIA de Mike Leigh
2025-03-15 17:54:14,714 - INFO - Fecha del post: 2025-03-09T00:29:20+01:00
2025-03-15 17:54:14,714 - INFO - Obteniendo contenido completo de: https://ghostintheblog.com/2025/03/mi-unica-familia-mike-leigh-realismo-depresion-narrativa-claustrofobica.html
2025-03-15 17:54:15,738 - INFO - Contenido extraído y estructurado (2703 caracteres)
2025-03-15 17:54:15,739 - INFO - Guardando post en: posts/MI_ÚNICA_FAMILIA_2025-03-09.json
2025-03-15 17:54:15,741 - INFO - Post guardado exitosamente
2025-03-15 17:54:15,741 - INFO - Actualizando índice de películas
2025-03-15 17:54:15,741 - INFO - Archivo de índice: C:\Trabajos\scrapingcines\index.json
2025-03-15 17:54:15,741 - INFO - Índice existente cargado con 10 películas
2025-03-15 17:54:15,742 - INFO - La película ya existe en el índice: MI ÚNICA FAMILIA
2025-03-15 17:54:15,742 - INFO - Nuevo post guardado: MI ÚNICA FAMILIA de Mike Leigh
2025-03-15 17:54:15,742 - INFO - Comenzando extracción de información del post
2025-03-15 17:54:15,743 - INFO - Título del post: LOS OSCAR 2025
2025-03-15 17:54:15,743 - INFO - Fecha del post: 2025-03-04T09:39:04+01:00
2025-03-15 17:54:15,743 - WARNING - No se pudo extraer director del título: LOS OSCAR 2025
2025-03-15 17:54:15,743 - INFO - Obteniendo contenido completo de: https://ghostintheblog.com/2025/03/ganadores-oscar-2025-critica.html
2025-03-15 17:54:16,685 - WARNING - No se encontró 'Título Original' en el contenido
2025-03-15 17:54:16,686 - INFO - Usando contenido completo como respaldo
2025-03-15 17:54:16,687 - INFO - Guardando post en: posts/LOS_OSCAR_2025_2025-03-04.json
2025-03-15 17:54:16,687 - INFO - Post guardado exitosamente
2025-03-15 17:54:16,688 - INFO - Actualizando índice de películas
2025-03-15 17:54:16,688 - INFO - Archivo de índice: C:\Trabajos\scrapingcines\index.json
2025-03-15 17:54:16,688 - INFO - Índice existente cargado con 10 películas
2025-03-15 17:54:16,688 - INFO - La película ya existe en el índice: LOS OSCAR 2025
2025-03-15 17:54:16,689 - INFO - Nuevo post guardado: LOS OSCAR 2025
2025-03-15 17:54:16,689 - INFO - Comenzando extracción de información del post
2025-03-15 17:54:16,689 - INFO - Título del post: NOSOTROS de Helena Taberna
2025-03-15 17:54:16,690 - INFO - Fecha del post: 2025-03-02T00:02:52+01:00
2025-03-15 17:54:16,690 - INFO - Obteniendo contenido completo de: https://ghostintheblog.com/2025/03/nosotros-de-helena-taberna.html
2025-03-15 17:54:17,721 - INFO - Contenido extraído y estructurado (4814 caracteres)
2025-03-15 17:54:17,721 - INFO - Guardando post en: posts/NOSOTROS_2025-03-02.json
2025-03-15 17:54:17,722 - INFO - Post guardado exitosamente
2025-03-15 17:54:17,723 - INFO - Actualizando índice de películas
2025-03-15 17:54:17,723 - INFO - Archivo de índice: C:\Trabajos\scrapingcines\index.json
2025-03-15 17:54:17,724 - INFO - Índice existente cargado con 10 películas
2025-03-15 17:54:17,724 - INFO - La película ya existe en el índice: NOSOTROS
2025-03-15 17:54:17,724 - INFO - Nuevo post guardado: NOSOTROS de Helena Taberna
2025-03-15 17:54:17,724 - INFO - Comenzando extracción de información del post
2025-03-15 17:54:17,725 - INFO - Título del post: AÚN ESTOY AQUÍ
2025-03-15 17:54:17,725 - INFO - Fecha del post: 2025-03-01T11:13:30+01:00
2025-03-15 17:54:17,725 - WARNING - No se pudo extraer director del título: AÚN ESTOY AQUÍ
2025-03-15 17:54:17,725 - INFO - Obteniendo contenido completo de: https://ghostintheblog.com/2025/03/ainda-estou-aqui-walter-salles-2024.html
2025-03-15 17:54:18,638 - INFO - Contenido extraído y estructurado (2686 caracteres)
2025-03-15 17:54:18,639 - INFO - Guardando post en: posts/AÚN_ESTOY_AQUÍ_2025-03-01.json
2025-03-15 17:54:18,639 - INFO - Post guardado exitosamente
2025-03-15 17:54:18,640 - INFO - Actualizando índice de películas
2025-03-15 17:54:18,640 - INFO - Archivo de índice: C:\Trabajos\scrapingcines\index.json
2025-03-15 17:54:18,641 - INFO - Índice existente cargado con 10 películas
2025-03-15 17:54:18,641 - INFO - La película ya existe en el índice: AÚN ESTOY AQUÍ
2025-03-15 17:54:18,641 - INFO - Nuevo post guardado: AÚN ESTOY AQUÍ
2025-03-15 17:54:18,641 - INFO - Comenzando extracción de información del post
2025-03-15 17:54:18,641 - INFO - Título del post: LA ÚLTIMA REINA de Karim Aïnouz
2025-03-15 17:54:18,642 - INFO - Fecha del post: 2025-03-01T11:05:31+01:00
2025-03-15 17:54:18,642 - INFO - Obteniendo contenido completo de: https://ghostintheblog.com/2025/03/firebrand-catalina-parr-karim-ainouz.html
2025-03-15 17:54:19,582 - INFO - Contenido extraído y estructurado (2740 caracteres)
2025-03-15 17:54:19,583 - INFO - Guardando post en: posts/LA_ÚLTIMA_REINA_2025-03-01.json
2025-03-15 17:54:19,583 - INFO - Post guardado exitosamente
2025-03-15 17:54:19,583 - INFO - Actualizando índice de películas
2025-03-15 17:54:19,584 - INFO - Archivo de índice: C:\Trabajos\scrapingcines\index.json
2025-03-15 17:54:19,584 - INFO - Índice existente cargado con 10 películas
2025-03-15 17:54:19,584 - INFO - La película ya existe en el índice: LA ÚLTIMA REINA
2025-03-15 17:54:19,584 - INFO - Nuevo post guardado: LA ÚLTIMA REINA de Karim Aïnouz
2025-03-15 17:54:19,585 - INFO - Proceso completado. Posts nuevos guardados: 10
