2026-07-14 00:31:12,230 - INFO - Iniciando proceso de scraping
2026-07-14 00:31:12,232 - INFO - Posts existentes encontrados: 2571
2026-07-14 00:31:12,232 - INFO - Intentando obtener posts desde: https://ghostintheblog.com/
2026-07-14 00:31:13,707 - INFO - Se encontraron 10 posts
2026-07-14 00:31:13,708 - INFO - Comenzando extracción de información del post
2026-07-14 00:31:13,709 - INFO - Título del post: LA MUERTE DE ROBIN HOOD de Michael Sarnoski
2026-07-14 00:31:13,709 - INFO - Fecha del post: 2026-07-14T00:32:31+02:00
2026-07-14 00:31:13,709 - INFO - Obteniendo contenido completo de: https://ghostintheblog.com/la-muerte-de-robin-hood-de-michael-sarnoski/
2026-07-14 00:31:15,362 - INFO - Contenido extraído y estructurado (4584 caracteres)
2026-07-14 00:31:15,363 - INFO - Guardando post en: posts/LA_MUERTE_DE_ROBIN_HOOD_2026-07-14.json
2026-07-14 00:31:15,364 - INFO - Post guardado exitosamente
2026-07-14 00:31:15,364 - INFO - Actualizando índice de películas
2026-07-14 00:31:15,364 - INFO - Archivo de índice: /home/runner/work/scrapingcines/scrapingcines/index.json
2026-07-14 00:31:15,368 - INFO - Índice existente cargado con 2669 películas
2026-07-14 00:31:15,378 - INFO - Película agregada al índice: LA MUERTE DE ROBIN HOOD
2026-07-14 00:31:15,379 - INFO - Nuevo post guardado: LA MUERTE DE ROBIN HOOD de Michael Sarnoski
2026-07-14 00:31:15,379 - INFO - Comenzando extracción de información del post
2026-07-14 00:31:15,379 - INFO - Título del post: LOS MÚSICOS de Grégory Magne
2026-07-14 00:31:15,379 - INFO - Fecha del post: 2026-07-14T00:26:54+02:00
2026-07-14 00:31:15,379 - INFO - Obteniendo contenido completo de: https://ghostintheblog.com/los-musicos-de-gregory-magne/
2026-07-14 00:31:17,006 - INFO - Contenido extraído y estructurado (2667 caracteres)
2026-07-14 00:31:17,007 - INFO - Guardando post en: posts/LOS_MÚSICOS_2026-07-14.json
2026-07-14 00:31:17,007 - INFO - Post guardado exitosamente
2026-07-14 00:31:17,007 - INFO - Actualizando índice de películas
2026-07-14 00:31:17,007 - INFO - Archivo de índice: /home/runner/work/scrapingcines/scrapingcines/index.json
2026-07-14 00:31:17,011 - INFO - Índice existente cargado con 2670 películas
2026-07-14 00:31:17,022 - INFO - Película agregada al índice: LOS MÚSICOS
2026-07-14 00:31:17,022 - INFO - Nuevo post guardado: LOS MÚSICOS de Grégory Magne
2026-07-14 00:31:17,022 - INFO - Comenzando extracción de información del post
2026-07-14 00:31:17,022 - INFO - Título del post: EL CONVENTO de Luis Galindo y Ángel M. Chivite
2026-07-14 00:31:17,022 - INFO - Fecha del post: 2026-07-14T00:20:53+02:00
2026-07-14 00:31:17,022 - INFO - Obteniendo contenido completo de: https://ghostintheblog.com/el-convento-de-luis-galindo-y-angel-m-chivite/
2026-07-14 00:31:18,596 - INFO - Contenido extraído y estructurado (2846 caracteres)
2026-07-14 00:31:18,597 - INFO - Guardando post en: posts/EL_CONVENTO_2026-07-14.json
2026-07-14 00:31:18,598 - INFO - Post guardado exitosamente
2026-07-14 00:31:18,598 - INFO - Actualizando índice de películas
2026-07-14 00:31:18,598 - INFO - Archivo de índice: /home/runner/work/scrapingcines/scrapingcines/index.json
2026-07-14 00:31:18,601 - INFO - Índice existente cargado con 2671 películas
2026-07-14 00:31:18,611 - INFO - Película agregada al índice: EL CONVENTO
2026-07-14 00:31:18,611 - INFO - Nuevo post guardado: EL CONVENTO de Luis Galindo y Ángel M. Chivite
2026-07-14 00:31:18,611 - INFO - Comenzando extracción de información del post
2026-07-14 00:31:18,611 - INFO - Post ya existente, saltando: OBSESSION de Curry Barker
2026-07-14 00:31:18,611 - INFO - Comenzando extracción de información del post
2026-07-14 00:31:18,611 - INFO - Post ya existente, saltando: LO ÚLTIMOS DÍAS DE MARIA ANTONIETA de Gianluca Jodice
2026-07-14 00:31:18,611 - INFO - Comenzando extracción de información del post
2026-07-14 00:31:18,612 - INFO - Post ya existente, saltando: SUPERGIRL de Craig Gillespie
2026-07-14 00:31:18,612 - INFO - Comenzando extracción de información del post
2026-07-14 00:31:18,612 - INFO - Post ya existente, saltando: LA MUJER SIN NOMBRE de Haifaa Al-Mansour
2026-07-14 00:31:18,612 - INFO - Comenzando extracción de información del post
2026-07-14 00:31:18,612 - INFO - Post ya existente, saltando: VIVA de Aina Clotet
2026-07-14 00:31:18,612 - INFO - Comenzando extracción de información del post
2026-07-14 00:31:18,612 - INFO - Post ya existente, saltando: DREAMS de Michel Franco
2026-07-14 00:31:18,612 - INFO - Comenzando extracción de información del post
2026-07-14 00:31:18,612 - INFO - Post ya existente, saltando: EL DÍA DE LA REVELACIÓN de Steven Spielberg
2026-07-14 00:31:18,612 - INFO - Proceso completado. Posts nuevos guardados: 3
