2025-03-15 16:05:37,808 - INFO - Iniciando proceso de scraping
2025-03-15 16:05:37,808 - INFO - Posts existentes encontrados: 10
2025-03-15 16:05:37,808 - INFO - Intentando obtener posts desde: https://ghostintheblog.com/
2025-03-15 16:05:40,028 - INFO - Se encontraron 10 posts
2025-03-15 16:05:40,029 - INFO - Comenzando extracción de información del post
2025-03-15 16:05:40,029 - INFO - Título del post: TARDES DE SOLEDAD de Albert Serra
2025-03-15 16:05:40,029 - INFO - Fecha del post: 2025-03-15T00:23:46+01:00
2025-03-15 16:05:40,029 - INFO - Obteniendo contenido completo de: https://ghostintheblog.com/2025/03/tardes-de-soledad-albert-serra-toreo-tauromaquia.html
2025-03-15 16:05:41,737 - INFO - Contenido extraído y estructurado (4837 caracteres)
2025-03-15 16:05:41,738 - INFO - Comenzando extracción de información del post
2025-03-15 16:05:41,738 - INFO - Título del post: MICKEY 17 de Bong Joon-ho
2025-03-15 16:05:41,738 - INFO - Fecha del post: 2025-03-15T00:11:27+01:00
2025-03-15 16:05:41,738 - INFO - Obteniendo contenido completo de: https://ghostintheblog.com/2025/03/mickey-17-bong-joon-ho-prescindibles-y-critica-al-poder.html
2025-03-15 16:05:43,149 - INFO - Contenido extraído y estructurado (2882 caracteres)
2025-03-15 16:05:43,149 - INFO - Comenzando extracción de información del post
2025-03-15 16:05:43,150 - INFO - Título del post: LEE MILLER de Ellen Kuras
2025-03-15 16:05:43,150 - INFO - Fecha del post: 2025-03-14T23:52:25+01:00
2025-03-15 16:05:43,150 - INFO - Obteniendo contenido completo de: https://ghostintheblog.com/2025/03/lee-la-pelicula-de-ellen-kuras-un-retrato-frio-y-sin-alma.html
2025-03-15 16:05:44,541 - INFO - Contenido extraído y estructurado (2635 caracteres)
2025-03-15 16:05:44,541 - INFO - Comenzando extracción de información del post
2025-03-15 16:05:44,542 - INFO - Título del post: GRAND TOUR de Miguel Gomes
2025-03-15 16:05:44,542 - INFO - Fecha del post: 2025-03-09T01:07:10+01:00
2025-03-15 16:05:44,542 - INFO - Obteniendo contenido completo de: https://ghostintheblog.com/2025/03/grand-tour-miguel-gomes-cine-viaje-sombras.html
2025-03-15 16:05:46,008 - INFO - Contenido extraído y estructurado (4805 caracteres)
2025-03-15 16:05:46,008 - INFO - Comenzando extracción de información del post
2025-03-15 16:05:46,009 - INFO - Título del post: A COMPLETE UNKNOWN de James Mangold
2025-03-15 16:05:46,009 - INFO - Fecha del post: 2025-03-09T00:51:50+01:00
2025-03-15 16:05:46,009 - INFO - Obteniendo contenido completo de: https://ghostintheblog.com/2025/03/a-complete-unknown-mangold-dylan-cine.html
2025-03-15 16:05:47,428 - INFO - Contenido extraído y estructurado (2716 caracteres)
2025-03-15 16:05:47,428 - INFO - Comenzando extracción de información del post
2025-03-15 16:05:47,428 - INFO - Título del post: MI ÚNICA FAMILIA de Mike Leigh
2025-03-15 16:05:47,428 - INFO - Fecha del post: 2025-03-09T00:29:20+01:00
2025-03-15 16:05:47,428 - INFO - Obteniendo contenido completo de: https://ghostintheblog.com/2025/03/mi-unica-familia-mike-leigh-realismo-depresion-narrativa-claustrofobica.html
2025-03-15 16:05:48,864 - INFO - Contenido extraído y estructurado (2697 caracteres)
2025-03-15 16:05:48,864 - INFO - Comenzando extracción de información del post
2025-03-15 16:05:48,864 - INFO - Título del post: LOS OSCAR 2025
2025-03-15 16:05:48,865 - INFO - Fecha del post: 2025-03-04T09:39:04+01:00
2025-03-15 16:05:48,865 - WARNING - No se pudo extraer director del título: LOS OSCAR 2025
2025-03-15 16:05:48,865 - INFO - Obteniendo contenido completo de: https://ghostintheblog.com/2025/03/ganadores-oscar-2025-critica.html
2025-03-15 16:05:50,860 - WARNING - No se encontró 'Título Original' en el contenido
2025-03-15 16:05:50,860 - INFO - Usando contenido completo como respaldo
2025-03-15 16:05:50,860 - INFO - Comenzando extracción de información del post
2025-03-15 16:05:50,860 - INFO - Título del post: NOSOTROS de Helena Taberna
2025-03-15 16:05:50,860 - INFO - Fecha del post: 2025-03-02T00:02:52+01:00
2025-03-15 16:05:50,860 - INFO - Obteniendo contenido completo de: https://ghostintheblog.com/2025/03/nosotros-de-helena-taberna.html
2025-03-15 16:05:52,457 - INFO - Contenido extraído y estructurado (4808 caracteres)
2025-03-15 16:05:52,457 - INFO - Comenzando extracción de información del post
2025-03-15 16:05:52,458 - INFO - Título del post: AÚN ESTOY AQUÍ
2025-03-15 16:05:52,458 - INFO - Fecha del post: 2025-03-01T11:13:30+01:00
2025-03-15 16:05:52,458 - WARNING - No se pudo extraer director del título: AÚN ESTOY AQUÍ
2025-03-15 16:05:52,458 - INFO - Obteniendo contenido completo de: https://ghostintheblog.com/2025/03/ainda-estou-aqui-walter-salles-2024.html
2025-03-15 16:05:53,935 - INFO - Contenido extraído y estructurado (2687 caracteres)
2025-03-15 16:05:53,935 - INFO - Comenzando extracción de información del post
2025-03-15 16:05:53,935 - INFO - Título del post: LA ÚLTIMA REINA de Karim Aïnouz
2025-03-15 16:05:53,935 - INFO - Fecha del post: 2025-03-01T11:05:31+01:00
2025-03-15 16:05:53,935 - INFO - Obteniendo contenido completo de: https://ghostintheblog.com/2025/03/firebrand-catalina-parr-karim-ainouz.html
2025-03-15 16:05:55,337 - INFO - Contenido extraído y estructurado (2737 caracteres)
2025-03-15 16:05:55,337 - INFO - Proceso completado. Posts nuevos guardados: 0
