2025-11-27 00:19:56,511 - INFO - Iniciando proceso de scraping
2025-11-27 00:19:56,513 - INFO - Posts existentes encontrados: 2473
2025-11-27 00:19:56,513 - INFO - Intentando obtener posts desde: https://ghostintheblog.com/
2025-11-27 00:19:58,083 - INFO - Se encontraron 10 posts
2025-11-27 00:19:58,084 - INFO - Comenzando extracción de información del post
2025-11-27 00:19:58,085 - INFO - Post ya existente, saltando: GAUA de Paul Urkijo
2025-11-27 00:19:58,085 - INFO - Comenzando extracción de información del post
2025-11-27 00:19:58,085 - INFO - Post ya existente, saltando: URCHIN de Harris Dickinson
2025-11-27 00:19:58,085 - INFO - Comenzando extracción de información del post
2025-11-27 00:19:58,085 - INFO - Post ya existente, saltando: CIUDAD SIN SUEÑO de Guillermo Galoe
2025-11-27 00:19:58,085 - INFO - Comenzando extracción de información del post
2025-11-27 00:19:58,086 - INFO - Post ya existente, saltando: BUGONIA de Yorgos Lanthimos
2025-11-27 00:19:58,086 - INFO - Comenzando extracción de información del post
2025-11-27 00:19:58,086 - INFO - Post ya existente, saltando: SUBSUELO de Fernando Franco
2025-11-27 00:19:58,086 - INFO - Comenzando extracción de información del post
2025-11-27 00:19:58,086 - INFO - Post ya existente, saltando: SIEMPRE ES INVIERNO de David Trueba
2025-11-27 00:19:58,086 - INFO - Comenzando extracción de información del post
2025-11-27 00:19:58,086 - INFO - Post ya existente, saltando: THE MASTERMIND de Kelly Reichardt
2025-11-27 00:19:58,086 - INFO - Comenzando extracción de información del post
2025-11-27 00:19:58,087 - INFO - Post ya existente, saltando: RECIÉN NACIDAS de Jean-Pierre  y Luc Dardenne
2025-11-27 00:19:58,087 - INFO - Comenzando extracción de información del post
2025-11-27 00:19:58,087 - INFO - Post ya existente, saltando: LOS TIGRES de Alberto Rodríguez
2025-11-27 00:19:58,087 - INFO - Comenzando extracción de información del post
2025-11-27 00:19:58,087 - INFO - Post ya existente, saltando: FRANKENSTEIN de Guillermo del Toro
2025-11-27 00:19:58,087 - INFO - Proceso completado. Posts nuevos guardados: 0
