2026-06-28 22:20:11,938 - INFO - Iniciando proceso de scraping
2026-06-28 22:20:11,941 - INFO - Posts existentes encontrados: 2562
2026-06-28 22:20:11,941 - INFO - Intentando obtener posts desde: https://ghostintheblog.com/
2026-06-28 22:20:13,245 - INFO - Se encontraron 10 posts
2026-06-28 22:20:13,246 - INFO - Comenzando extracción de información del post
2026-06-28 22:20:13,247 - INFO - Título del post: EL DÍA DE LA REVELACIÓN de Steven Spielberg
2026-06-28 22:20:13,247 - INFO - Fecha del post: 2026-06-29T00:12:02+02:00
2026-06-28 22:20:13,247 - INFO - Obteniendo contenido completo de: https://ghostintheblog.com/el-dia-de-la-revelacion-de-steven-spielberg/
2026-06-28 22:20:14,735 - INFO - Contenido extraído y estructurado (4494 caracteres)
2026-06-28 22:20:14,736 - INFO - Guardando post en: posts/EL_DÍA_DE_LA_REVELACIÓN_2026-06-29.json
2026-06-28 22:20:14,736 - INFO - Post guardado exitosamente
2026-06-28 22:20:14,737 - INFO - Actualizando índice de películas
2026-06-28 22:20:14,737 - INFO - Archivo de índice: /home/runner/work/scrapingcines/scrapingcines/index.json
2026-06-28 22:20:14,741 - INFO - Índice existente cargado con 2660 películas
2026-06-28 22:20:14,753 - INFO - Película agregada al índice: EL DÍA DE LA REVELACIÓN
2026-06-28 22:20:14,754 - INFO - Nuevo post guardado: EL DÍA DE LA REVELACIÓN de Steven Spielberg
2026-06-28 22:20:14,754 - INFO - Comenzando extracción de información del post
2026-06-28 22:20:14,754 - INFO - Título del post: UN TALENTO ÚNICO de Daniel Roher
2026-06-28 22:20:14,754 - INFO - Fecha del post: 2026-06-29T00:07:40+02:00
2026-06-28 22:20:14,754 - INFO - Obteniendo contenido completo de: https://ghostintheblog.com/un-talento-unico-de-daniel-roher/
2026-06-28 22:20:16,215 - INFO - Contenido extraído y estructurado (2542 caracteres)
2026-06-28 22:20:16,217 - INFO - Guardando post en: posts/UN_TALENTO_ÚNICO_2026-06-29.json
2026-06-28 22:20:16,217 - INFO - Post guardado exitosamente
2026-06-28 22:20:16,217 - INFO - Actualizando índice de películas
2026-06-28 22:20:16,217 - INFO - Archivo de índice: /home/runner/work/scrapingcines/scrapingcines/index.json
2026-06-28 22:20:16,221 - INFO - Índice existente cargado con 2661 películas
2026-06-28 22:20:16,234 - INFO - Película agregada al índice: UN TALENTO ÚNICO
2026-06-28 22:20:16,234 - INFO - Nuevo post guardado: UN TALENTO ÚNICO de Daniel Roher
2026-06-28 22:20:16,234 - INFO - Comenzando extracción de información del post
2026-06-28 22:20:16,234 - INFO - Título del post: IVÁN & HADOUM de Ian de la Rosa
2026-06-28 22:20:16,234 - INFO - Fecha del post: 2026-06-29T00:02:12+02:00
2026-06-28 22:20:16,234 - WARNING - No se pudo extraer director del título: IVÁN & HADOUM de Ian de la Rosa
2026-06-28 22:20:16,235 - INFO - Obteniendo contenido completo de: https://ghostintheblog.com/critica-de-ivan-hadoum-de-ian-de-la-rosa/
2026-06-28 22:20:17,588 - INFO - Contenido extraído y estructurado (2706 caracteres)
2026-06-28 22:20:17,589 - INFO - Guardando post en: posts/IVÁN_&_HADOUM_de_Ian_de_la_Rosa_2026-06-29.json
2026-06-28 22:20:17,590 - INFO - Post guardado exitosamente
2026-06-28 22:20:17,590 - INFO - Actualizando índice de películas
2026-06-28 22:20:17,590 - INFO - Archivo de índice: /home/runner/work/scrapingcines/scrapingcines/index.json
2026-06-28 22:20:17,593 - INFO - Índice existente cargado con 2662 películas
2026-06-28 22:20:17,605 - INFO - Película agregada al índice: IVÁN & HADOUM de Ian de la Rosa
2026-06-28 22:20:17,606 - INFO - Nuevo post guardado: IVÁN & HADOUM de Ian de la Rosa
2026-06-28 22:20:17,606 - INFO - Comenzando extracción de información del post
2026-06-28 22:20:17,606 - INFO - Post ya existente, saltando: ELEONORA DUSE, LA DIVINA de Pietro Marcello
2026-06-28 22:20:17,606 - INFO - Comenzando extracción de información del post
2026-06-28 22:20:17,606 - INFO - Post ya existente, saltando: SOLOMAMMA de Janicke Askevold
2026-06-28 22:20:17,606 - INFO - Comenzando extracción de información del post
2026-06-28 22:20:17,606 - INFO - Post ya existente, saltando: LA LUZ de Fernando Franco
2026-06-28 22:20:17,606 - INFO - Comenzando extracción de información del post
2026-06-28 22:20:17,606 - INFO - Post ya existente, saltando: EL DRAMA de Kristoffer Borgli
2026-06-28 22:20:17,607 - INFO - Comenzando extracción de información del post
2026-06-28 22:20:17,607 - INFO - Post ya existente, saltando: ¿QUÉ TE DICE ESA NATURALEZA? de Hong Sang-soo
2026-06-28 22:20:17,607 - INFO - Comenzando extracción de información del post
2026-06-28 22:20:17,607 - INFO - Post ya existente, saltando: LA IRONÍA DEL AMOR de Chandler Levack
2026-06-28 22:20:17,607 - INFO - Comenzando extracción de información del post
2026-06-28 22:20:17,607 - INFO - Post ya existente, saltando: UN MUNDO FRÁGIL Y MARAVILLOSO de Cyril Aris
2026-06-28 22:20:17,607 - INFO - Proceso completado. Posts nuevos guardados: 3
