2025-05-26 12:07:44,033 - INFO - Iniciando proceso de scraping
2025-05-26 12:07:44,035 - INFO - Posts existentes encontrados: 2401
2025-05-26 12:07:44,035 - INFO - Intentando obtener posts desde: https://ghostintheblog.com/
2025-05-26 12:07:46,588 - INFO - Se encontraron 10 posts
2025-05-26 12:07:46,588 - INFO - Comenzando extracción de información del post
2025-05-26 12:07:46,589 - INFO - Post ya existente, saltando: EL BUEN PADRE de Ronan Tronchot
2025-05-26 12:07:46,589 - INFO - Comenzando extracción de información del post
2025-05-26 12:07:46,589 - INFO - Post ya existente, saltando: ESTOCOLMO: EL REY TIRANO 1520 de Mikael Håfström
2025-05-26 12:07:46,589 - INFO - Comenzando extracción de información del post
2025-05-26 12:07:46,589 - INFO - Post ya existente, saltando: TRAS EL VERANO de Yolanda Centeno
2025-05-26 12:07:46,589 - INFO - Comenzando extracción de información del post
2025-05-26 12:07:46,590 - INFO - Post ya existente, saltando: ENEMIGOS de David Valero
2025-05-26 12:07:46,590 - INFO - Comenzando extracción de información del post
2025-05-26 12:07:46,590 - INFO - Post ya existente, saltando: UNA QUINTA PORTUGUESA de Avelina Prat
2025-05-26 12:07:46,590 - INFO - Comenzando extracción de información del post
2025-05-26 12:07:46,590 - INFO - Post ya existente, saltando: LO QUE QUEDA DE TI
2025-05-26 12:07:46,590 - INFO - Comenzando extracción de información del post
2025-05-26 12:07:46,590 - INFO - Post ya existente, saltando: PRESUNCIÓN DE INOCENCIA de Daniel Auteuil
2025-05-26 12:07:46,590 - INFO - Comenzando extracción de información del post
2025-05-26 12:07:46,590 - INFO - Post ya existente, saltando: LA HISTORIA DE SOULEYMANE de Boris Lojkine
2025-05-26 12:07:46,590 - INFO - Comenzando extracción de información del post
2025-05-26 12:07:46,591 - INFO - Post ya existente, saltando: ERREPLIKA de Pello Gutiérrez Peñalba
2025-05-26 12:07:46,591 - INFO - Comenzando extracción de información del post
2025-05-26 12:07:46,591 - INFO - Post ya existente, saltando: LA BUENA LETRA de Celia Rico Clavellino
2025-05-26 12:07:46,591 - INFO - Proceso completado. Posts nuevos guardados: 0
