2026-06-09 16:57:07,733 - INFO - Iniciando proceso de scraping
2026-06-09 16:57:07,735 - INFO - Posts existentes encontrados: 2559
2026-06-09 16:57:07,735 - INFO - Intentando obtener posts desde: https://ghostintheblog.com/
2026-06-09 16:57:09,213 - INFO - Se encontraron 10 posts
2026-06-09 16:57:09,214 - INFO - Comenzando extracción de información del post
2026-06-09 16:57:09,214 - INFO - Post ya existente, saltando: EL DRAMA de Kristoffer Borgli
2026-06-09 16:57:09,214 - INFO - Comenzando extracción de información del post
2026-06-09 16:57:09,214 - INFO - Post ya existente, saltando: ¿QUÉ TE DICE ESA NATURALEZA? de Hong Sang-soo
2026-06-09 16:57:09,215 - INFO - Comenzando extracción de información del post
2026-06-09 16:57:09,215 - INFO - Post ya existente, saltando: LA IRONÍA DEL AMOR de Chandler Levack
2026-06-09 16:57:09,215 - INFO - Comenzando extracción de información del post
2026-06-09 16:57:09,215 - INFO - Post ya existente, saltando: UN MUNDO FRÁGIL Y MARAVILLOSO de Cyril Aris
2026-06-09 16:57:09,215 - INFO - Comenzando extracción de información del post
2026-06-09 16:57:09,215 - INFO - Post ya existente, saltando: ASESINATO EN LA 3ª PLANTA de Rémi Bezançon
2026-06-09 16:57:09,215 - INFO - Comenzando extracción de información del post
2026-06-09 16:57:09,215 - INFO - Post ya existente, saltando: A LA CARA de Javier Marco
2026-06-09 16:57:09,215 - INFO - Comenzando extracción de información del post
2026-06-09 16:57:09,215 - INFO - Post ya existente, saltando: LOVE ME TENDER de  Anna Cazenave Cambet
2026-06-09 16:57:09,215 - INFO - Comenzando extracción de información del post
2026-06-09 16:57:09,216 - INFO - Post ya existente, saltando: PIZZA MOVIES de Carlo Padial
2026-06-09 16:57:09,216 - INFO - Comenzando extracción de información del post
2026-06-09 16:57:09,216 - INFO - Post ya existente, saltando: LA CHICA DEL CORO de Urška Djukić
2026-06-09 16:57:09,216 - INFO - Comenzando extracción de información del post
2026-06-09 16:57:09,216 - INFO - Post ya existente, saltando: YO NO MORIRÉ DE AMOR de Marta Matute
2026-06-09 16:57:09,216 - INFO - Proceso completado. Posts nuevos guardados: 0
