2025-06-21 00:19:37,973 - INFO - Iniciando proceso de scraping
2025-06-21 00:19:37,975 - INFO - Posts existentes encontrados: 2408
2025-06-21 00:19:37,975 - INFO - Intentando obtener posts desde: https://ghostintheblog.com/
2025-06-21 00:19:40,594 - INFO - Se encontraron 10 posts
2025-06-21 00:19:40,594 - INFO - Comenzando extracción de información del post
2025-06-21 00:19:40,595 - INFO - Post ya existente, saltando: TODO SALDRÁ BIEN de Ray Yeung
2025-06-21 00:19:40,595 - INFO - Comenzando extracción de información del post
2025-06-21 00:19:40,595 - INFO - Post ya existente, saltando: CUATRO PAREDES de Ibon Cormenzana
2025-06-21 00:19:40,595 - INFO - Comenzando extracción de información del post
2025-06-21 00:19:40,595 - INFO - Post ya existente, saltando: LA BUENA SUERTE de Gracia Querejeta
2025-06-21 00:19:40,595 - INFO - Comenzando extracción de información del post
2025-06-21 00:19:40,595 - INFO - Post ya existente, saltando: SIRAT de Oliver Laxe
2025-06-21 00:19:40,595 - INFO - Comenzando extracción de información del post
2025-06-21 00:19:40,596 - INFO - Post ya existente, saltando: EL JOCKEY de Luis Ortega
2025-06-21 00:19:40,596 - INFO - Comenzando extracción de información del post
2025-06-21 00:19:40,596 - INFO - Post ya existente, saltando: LA TRAMA FENICIA de Wes Anderson
2025-06-21 00:19:40,596 - INFO - Comenzando extracción de información del post
2025-06-21 00:19:40,596 - INFO - Post ya existente, saltando: SI YO PUDIERA HIBERNAR de Zoljargal Purevdash
2025-06-21 00:19:40,596 - INFO - Comenzando extracción de información del post
2025-06-21 00:19:40,596 - INFO - Post ya existente, saltando: LOS TORTUGA de Belén Funes
2025-06-21 00:19:40,596 - INFO - Comenzando extracción de información del post
2025-06-21 00:19:40,596 - INFO - Título del post: MISIÓN IMPOSIBLE: SENTENCIA FINAL de Christopher McQuarrie
2025-06-21 00:19:40,597 - INFO - Fecha del post: 2025-05-30T23:18:00+02:00
2025-06-21 00:19:40,597 - INFO - Obteniendo contenido completo de: https://ghostintheblog.com/2025/05/mision-imposible-sentencia-final-de-christopher-mcquarrie.html
2025-06-21 00:19:41,994 - INFO - Contenido extraído y estructurado (2920 caracteres)
2025-06-21 00:19:41,994 - INFO - Guardando post en: posts/MISIÓN_IMPOSIBLE:_SENTENCIA_FINAL_2025-05-30.json
2025-06-21 00:19:41,995 - INFO - Post guardado exitosamente
2025-06-21 00:19:41,995 - INFO - Actualizando índice de películas
2025-06-21 00:19:41,995 - INFO - Archivo de índice: /home/runner/work/scrapingcines/scrapingcines/index.json
2025-06-21 00:19:41,998 - INFO - Índice existente cargado con 2508 películas
2025-06-21 00:19:41,999 - INFO - La película ya existe en el índice: MISIÓN IMPOSIBLE: SENTENCIA FINAL
2025-06-21 00:19:41,999 - INFO - Nuevo post guardado: MISIÓN IMPOSIBLE: SENTENCIA FINAL de Christopher McQuarrie
2025-06-21 00:19:41,999 - INFO - Comenzando extracción de información del post
2025-06-21 00:19:41,999 - INFO - Post ya existente, saltando: EL BUEN PADRE de Ronan Tronchot
2025-06-21 00:19:41,999 - INFO - Proceso completado. Posts nuevos guardados: 1
