2026-02-12 22:06:51,538 - INFO - Iniciando proceso de scraping
2026-02-12 22:06:51,540 - INFO - Posts existentes encontrados: 2506
2026-02-12 22:06:51,540 - INFO - Intentando obtener posts desde: https://ghostintheblog.com/
2026-02-12 22:06:54,564 - INFO - Se encontraron 10 posts
2026-02-12 22:06:54,565 - INFO - Comenzando extracción de información del post
2026-02-12 22:06:54,566 - INFO - Post ya existente, saltando: LA TARTA DEL PRESIDENTE de Hasan Hadi
2026-02-12 22:06:54,566 - INFO - Comenzando extracción de información del post
2026-02-12 22:06:54,566 - INFO - Post ya existente, saltando: MARTY SUPREME de Joshua Safdie
2026-02-12 22:06:54,566 - INFO - Comenzando extracción de información del post
2026-02-12 22:06:54,566 - INFO - Post ya existente, saltando: LA CHICA ZURDA de Shih-Ching Tsou
2026-02-12 22:06:54,566 - INFO - Comenzando extracción de información del post
2026-02-12 22:06:54,566 - INFO - Post ya existente, saltando: HAMNET de Chloé Zhao
2026-02-12 22:06:54,567 - INFO - Comenzando extracción de información del post
2026-02-12 22:06:54,567 - INFO - Post ya existente, saltando: YUNAN de Ameer Fakher Eldin
2026-02-12 22:06:54,567 - INFO - Comenzando extracción de información del post
2026-02-12 22:06:54,567 - INFO - Post ya existente, saltando: LA LEYENDA DE OCHI de Isaiah Saxon
2026-02-12 22:06:54,567 - INFO - Comenzando extracción de información del post
2026-02-12 22:06:54,567 - INFO - Post ya existente, saltando: ARCO de Ugo Bienvenu
2026-02-12 22:06:54,567 - INFO - Comenzando extracción de información del post
2026-02-12 22:06:54,567 - INFO - Post ya existente, saltando: SI PUDIERA TE DARÍA UNA PATADA de Mary Bronstein
2026-02-12 22:06:54,567 - INFO - Comenzando extracción de información del post
2026-02-12 22:06:54,568 - INFO - Post ya existente, saltando: LA MISTERIOSA MIRADA DE FLAMENCO de Diego Céspedes
2026-02-12 22:06:54,568 - INFO - Comenzando extracción de información del post
2026-02-12 22:06:54,568 - INFO - Post ya existente, saltando: NOUVELLE VAGUE de Richard Linklater
2026-02-12 22:06:54,568 - INFO - Proceso completado. Posts nuevos guardados: 0
