2025-11-25 22:02:27,919 - INFO - Iniciando proceso de scraping
2025-11-25 22:02:27,922 - INFO - Posts existentes encontrados: 2473
2025-11-25 22:02:27,922 - INFO - Intentando obtener posts desde: https://ghostintheblog.com/
2025-11-25 22:02:29,199 - INFO - Se encontraron 10 posts
2025-11-25 22:02:29,200 - INFO - Comenzando extracción de información del post
2025-11-25 22:02:29,201 - INFO - Post ya existente, saltando: GAUA de Paul Urkijo
2025-11-25 22:02:29,201 - INFO - Comenzando extracción de información del post
2025-11-25 22:02:29,201 - INFO - Post ya existente, saltando: URCHIN de Harris Dickinson
2025-11-25 22:02:29,201 - INFO - Comenzando extracción de información del post
2025-11-25 22:02:29,201 - INFO - Post ya existente, saltando: CIUDAD SIN SUEÑO de Guillermo Galoe
2025-11-25 22:02:29,201 - INFO - Comenzando extracción de información del post
2025-11-25 22:02:29,201 - INFO - Post ya existente, saltando: BUGONIA de Yorgos Lanthimos
2025-11-25 22:02:29,201 - INFO - Comenzando extracción de información del post
2025-11-25 22:02:29,201 - INFO - Post ya existente, saltando: SUBSUELO de Fernando Franco
2025-11-25 22:02:29,202 - INFO - Comenzando extracción de información del post
2025-11-25 22:02:29,202 - INFO - Post ya existente, saltando: SIEMPRE ES INVIERNO de David Trueba
2025-11-25 22:02:29,202 - INFO - Comenzando extracción de información del post
2025-11-25 22:02:29,202 - INFO - Post ya existente, saltando: THE MASTERMIND de Kelly Reichardt
2025-11-25 22:02:29,202 - INFO - Comenzando extracción de información del post
2025-11-25 22:02:29,202 - INFO - Post ya existente, saltando: RECIÉN NACIDAS de Jean-Pierre  y Luc Dardenne
2025-11-25 22:02:29,202 - INFO - Comenzando extracción de información del post
2025-11-25 22:02:29,202 - INFO - Post ya existente, saltando: LOS TIGRES de Alberto Rodríguez
2025-11-25 22:02:29,202 - INFO - Comenzando extracción de información del post
2025-11-25 22:02:29,202 - INFO - Post ya existente, saltando: FRANKENSTEIN de Guillermo del Toro
2025-11-25 22:02:29,202 - INFO - Proceso completado. Posts nuevos guardados: 0
