2026-06-19 11:29:24,642 - INFO - Iniciando proceso de scraping
2026-06-19 11:29:24,645 - INFO - Posts existentes encontrados: 2562
2026-06-19 11:29:24,645 - INFO - Intentando obtener posts desde: https://ghostintheblog.com/
2026-06-19 11:29:25,991 - INFO - Se encontraron 10 posts
2026-06-19 11:29:25,992 - INFO - Comenzando extracción de información del post
2026-06-19 11:29:25,993 - INFO - Post ya existente, saltando: ELEONORA DUSE, LA DIVINA de Pietro Marcello
2026-06-19 11:29:25,993 - INFO - Comenzando extracción de información del post
2026-06-19 11:29:25,993 - INFO - Post ya existente, saltando: SOLOMAMMA de Janicke Askevold
2026-06-19 11:29:25,993 - INFO - Comenzando extracción de información del post
2026-06-19 11:29:25,993 - INFO - Post ya existente, saltando: LA LUZ de Fernando Franco
2026-06-19 11:29:25,993 - INFO - Comenzando extracción de información del post
2026-06-19 11:29:25,993 - INFO - Post ya existente, saltando: EL DRAMA de Kristoffer Borgli
2026-06-19 11:29:25,993 - INFO - Comenzando extracción de información del post
2026-06-19 11:29:25,993 - INFO - Post ya existente, saltando: ¿QUÉ TE DICE ESA NATURALEZA? de Hong Sang-soo
2026-06-19 11:29:25,994 - INFO - Comenzando extracción de información del post
2026-06-19 11:29:25,994 - INFO - Post ya existente, saltando: LA IRONÍA DEL AMOR de Chandler Levack
2026-06-19 11:29:25,994 - INFO - Comenzando extracción de información del post
2026-06-19 11:29:25,994 - INFO - Post ya existente, saltando: UN MUNDO FRÁGIL Y MARAVILLOSO de Cyril Aris
2026-06-19 11:29:25,994 - INFO - Comenzando extracción de información del post
2026-06-19 11:29:25,994 - INFO - Post ya existente, saltando: ASESINATO EN LA 3ª PLANTA de Rémi Bezançon
2026-06-19 11:29:25,994 - INFO - Comenzando extracción de información del post
2026-06-19 11:29:25,994 - INFO - Post ya existente, saltando: A LA CARA de Javier Marco
2026-06-19 11:29:25,994 - INFO - Comenzando extracción de información del post
2026-06-19 11:29:25,994 - INFO - Post ya existente, saltando: LOVE ME TENDER de  Anna Cazenave Cambet
2026-06-19 11:29:25,994 - INFO - Proceso completado. Posts nuevos guardados: 0
