2025-08-11 10:02:02,686 - INFO - Iniciando proceso de scraping
2025-08-11 10:02:02,688 - INFO - Posts existentes encontrados: 2426
2025-08-11 10:02:02,688 - INFO - Intentando obtener posts desde: https://ghostintheblog.com/
2025-08-11 10:02:05,663 - INFO - Se encontraron 10 posts
2025-08-11 10:02:05,663 - INFO - Comenzando extracción de información del post
2025-08-11 10:02:05,664 - INFO - Título del post: NUNCA MÁS de Klaus Härö
2025-08-11 10:02:05,664 - INFO - Fecha del post: 2025-08-11T10:44:59+02:00
2025-08-11 10:02:05,664 - INFO - Obteniendo contenido completo de: https://ghostintheblog.com/2025/08/critica-de-nunca-mas-de-klaus-haro.html
2025-08-11 10:02:07,161 - INFO - Contenido extraído y estructurado (4465 caracteres)
2025-08-11 10:02:07,161 - INFO - Guardando post en: posts/NUNCA_MÁS_2025-08-11.json
2025-08-11 10:02:07,161 - INFO - Post guardado exitosamente
2025-08-11 10:02:07,161 - INFO - Actualizando índice de películas
2025-08-11 10:02:07,161 - INFO - Archivo de índice: /home/runner/work/scrapingcines/scrapingcines/index.json
2025-08-11 10:02:07,165 - INFO - Índice existente cargado con 2526 películas
2025-08-11 10:02:07,176 - INFO - Película agregada al índice: NUNCA MÁS
2025-08-11 10:02:07,177 - INFO - Nuevo post guardado: NUNCA MÁS de Klaus Härö
2025-08-11 10:02:07,177 - INFO - Comenzando extracción de información del post
2025-08-11 10:02:07,177 - INFO - Título del post: DEVUÉLVEMELA de Danny y Michael Philippou
2025-08-11 10:02:07,177 - INFO - Fecha del post: 2025-08-11T10:33:31+02:00
2025-08-11 10:02:07,177 - INFO - Obteniendo contenido completo de: https://ghostintheblog.com/2025/08/critica-de-devuelvemela-de-danny-y-michael-philippou.html
2025-08-11 10:02:08,680 - INFO - Contenido extraído y estructurado (2666 caracteres)
2025-08-11 10:02:08,680 - INFO - Guardando post en: posts/DEVUÉLVEMELA_2025-08-11.json
2025-08-11 10:02:08,681 - INFO - Post guardado exitosamente
2025-08-11 10:02:08,681 - INFO - Actualizando índice de películas
2025-08-11 10:02:08,681 - INFO - Archivo de índice: /home/runner/work/scrapingcines/scrapingcines/index.json
2025-08-11 10:02:08,685 - INFO - Índice existente cargado con 2527 películas
2025-08-11 10:02:08,696 - INFO - Película agregada al índice: DEVUÉLVEMELA
2025-08-11 10:02:08,696 - INFO - Nuevo post guardado: DEVUÉLVEMELA de Danny y Michael Philippou
2025-08-11 10:02:08,696 - INFO - Comenzando extracción de información del post
2025-08-11 10:02:08,696 - INFO - Título del post: MISTERIOSO ASESINATO EN LA MONTAÑA de Franck Dubosc
2025-08-11 10:02:08,696 - INFO - Fecha del post: 2025-08-11T10:24:05+02:00
2025-08-11 10:02:08,696 - INFO - Obteniendo contenido completo de: https://ghostintheblog.com/2025/08/critica-de-misterioso-asesinato-en-la-montana-de-franck-dubosc.html
2025-08-11 10:02:10,130 - INFO - Contenido extraído y estructurado (2670 caracteres)
2025-08-11 10:02:10,131 - INFO - Guardando post en: posts/MISTERIOSO_ASESINATO_EN_LA_MONTAÑA_2025-08-11.json
2025-08-11 10:02:10,131 - INFO - Post guardado exitosamente
2025-08-11 10:02:10,131 - INFO - Actualizando índice de películas
2025-08-11 10:02:10,131 - INFO - Archivo de índice: /home/runner/work/scrapingcines/scrapingcines/index.json
2025-08-11 10:02:10,134 - INFO - Índice existente cargado con 2528 películas
2025-08-11 10:02:10,145 - INFO - Película agregada al índice: MISTERIOSO ASESINATO EN LA MONTAÑA
2025-08-11 10:02:10,145 - INFO - Nuevo post guardado: MISTERIOSO ASESINATO EN LA MONTAÑA de Franck Dubosc
2025-08-11 10:02:10,146 - INFO - Comenzando extracción de información del post
2025-08-11 10:02:10,146 - INFO - Post ya existente, saltando: BAJA POR PATERNIDAD de Alissa Jung
2025-08-11 10:02:10,146 - INFO - Comenzando extracción de información del post
2025-08-11 10:02:10,146 - INFO - Post ya existente, saltando: LEER «LOLITA» EN TEHERÁN de Eran Riklis
2025-08-11 10:02:10,146 - INFO - Comenzando extracción de información del post
2025-08-11 10:02:10,146 - INFO - Post ya existente, saltando: CONDENADOS de Gustav Möller
2025-08-11 10:02:10,146 - INFO - Comenzando extracción de información del post
2025-08-11 10:02:10,146 - INFO - Post ya existente, saltando: UN «LIKE» DE BOB TREVINO de Tracie Laymon
2025-08-11 10:02:10,147 - INFO - Comenzando extracción de información del post
2025-08-11 10:02:10,147 - INFO - Post ya existente, saltando: PORCO ROSSO de Hayao Miyazaki
2025-08-11 10:02:10,147 - INFO - Comenzando extracción de información del post
2025-08-11 10:02:10,147 - INFO - Post ya existente, saltando: SUPERMAN de James Gunn
2025-08-11 10:02:10,147 - INFO - Comenzando extracción de información del post
2025-08-11 10:02:10,147 - INFO - Post ya existente, saltando: BREVE HISTORIA DE UNA FAMILIA de Lin Jianjie
2025-08-11 10:02:10,147 - INFO - Proceso completado. Posts nuevos guardados: 3
