2026-06-07 00:50:38,908 - INFO - Iniciando proceso de scraping
2026-06-07 00:50:38,911 - INFO - Posts existentes encontrados: 2557
2026-06-07 00:50:38,911 - INFO - Intentando obtener posts desde: https://ghostintheblog.com/
2026-06-07 00:50:40,213 - INFO - Se encontraron 10 posts
2026-06-07 00:50:40,214 - INFO - Comenzando extracción de información del post
2026-06-07 00:50:40,215 - INFO - Título del post: EL DRAMA de Kristoffer Borgli
2026-06-07 00:50:40,215 - INFO - Fecha del post: 2026-06-07T00:22:29+02:00
2026-06-07 00:50:40,215 - INFO - Obteniendo contenido completo de: https://ghostintheblog.com/crituca-de-el-drama-de-kristoffer-borgli/
2026-06-07 00:50:41,504 - INFO - Contenido extraído y estructurado (4609 caracteres)
2026-06-07 00:50:41,505 - INFO - Guardando post en: posts/EL_DRAMA_2026-06-07.json
2026-06-07 00:50:41,506 - INFO - Post guardado exitosamente
2026-06-07 00:50:41,506 - INFO - Actualizando índice de películas
2026-06-07 00:50:41,506 - INFO - Archivo de índice: /home/runner/work/scrapingcines/scrapingcines/index.json
2026-06-07 00:50:41,510 - INFO - Índice existente cargado con 2655 películas
2026-06-07 00:50:41,522 - INFO - Película agregada al índice: EL DRAMA
2026-06-07 00:50:41,523 - INFO - Nuevo post guardado: EL DRAMA de Kristoffer Borgli
2026-06-07 00:50:41,523 - INFO - Comenzando extracción de información del post
2026-06-07 00:50:41,523 - INFO - Título del post: ¿QUÉ TE DICE ESA NATURALEZA? de Hong Sang-soo
2026-06-07 00:50:41,523 - INFO - Fecha del post: 2026-06-07T00:08:06+02:00
2026-06-07 00:50:41,523 - INFO - Obteniendo contenido completo de: https://ghostintheblog.com/critica-de-la-ironia-del-amor-de-hong-sang-soo/
2026-06-07 00:50:42,917 - INFO - Contenido extraído y estructurado (2869 caracteres)
2026-06-07 00:50:42,918 - INFO - Guardando post en: posts/¿QUÉ_TE_DICE_ESA_NATURALEZA?_2026-06-07.json
2026-06-07 00:50:42,919 - INFO - Post guardado exitosamente
2026-06-07 00:50:42,919 - INFO - Actualizando índice de películas
2026-06-07 00:50:42,919 - INFO - Archivo de índice: /home/runner/work/scrapingcines/scrapingcines/index.json
2026-06-07 00:50:42,923 - INFO - Índice existente cargado con 2656 películas
2026-06-07 00:50:42,935 - INFO - Película agregada al índice: ¿QUÉ TE DICE ESA NATURALEZA?
2026-06-07 00:50:42,935 - INFO - Nuevo post guardado: ¿QUÉ TE DICE ESA NATURALEZA? de Hong Sang-soo
2026-06-07 00:50:42,935 - INFO - Comenzando extracción de información del post
2026-06-07 00:50:42,936 - INFO - Post ya existente, saltando: LA IRONÍA DEL AMOR de Chandler Levack
2026-06-07 00:50:42,936 - INFO - Comenzando extracción de información del post
2026-06-07 00:50:42,936 - INFO - Post ya existente, saltando: UN MUNDO FRÁGIL Y MARAVILLOSO de Cyril Aris
2026-06-07 00:50:42,936 - INFO - Comenzando extracción de información del post
2026-06-07 00:50:42,936 - INFO - Post ya existente, saltando: ASESINATO EN LA 3ª PLANTA de Rémi Bezançon
2026-06-07 00:50:42,936 - INFO - Comenzando extracción de información del post
2026-06-07 00:50:42,936 - INFO - Post ya existente, saltando: A LA CARA de Javier Marco
2026-06-07 00:50:42,936 - INFO - Comenzando extracción de información del post
2026-06-07 00:50:42,936 - INFO - Post ya existente, saltando: LOVE ME TENDER de  Anna Cazenave Cambet
2026-06-07 00:50:42,936 - INFO - Comenzando extracción de información del post
2026-06-07 00:50:42,936 - INFO - Post ya existente, saltando: PIZZA MOVIES de Carlo Padial
2026-06-07 00:50:42,936 - INFO - Comenzando extracción de información del post
2026-06-07 00:50:42,937 - INFO - Post ya existente, saltando: LA CHICA DEL CORO de Urška Djukić
2026-06-07 00:50:42,937 - INFO - Comenzando extracción de información del post
2026-06-07 00:50:42,937 - INFO - Post ya existente, saltando: YO NO MORIRÉ DE AMOR de Marta Matute
2026-06-07 00:50:42,937 - INFO - Proceso completado. Posts nuevos guardados: 2
