2025-11-04 12:09:29,557 - INFO - Iniciando proceso de scraping
2025-11-04 12:09:29,559 - INFO - Posts existentes encontrados: 2464
2025-11-04 12:09:29,559 - INFO - Intentando obtener posts desde: https://ghostintheblog.com/
2025-11-04 12:09:30,828 - INFO - Se encontraron 10 posts
2025-11-04 12:09:30,829 - INFO - Comenzando extracción de información del post
2025-11-04 12:09:30,830 - INFO - Post ya existente, saltando: FRANKENSTEIN de Guillermo del Toro
2025-11-04 12:09:30,830 - INFO - Comenzando extracción de información del post
2025-11-04 12:09:30,830 - INFO - Post ya existente, saltando: ESA COSA CON ALAS de Dylan Southern
2025-11-04 12:09:30,830 - INFO - Comenzando extracción de información del post
2025-11-04 12:09:30,830 - INFO - Post ya existente, saltando: LA CENA de Manuel Gómez Pereira
2025-11-04 12:09:30,830 - INFO - Comenzando extracción de información del post
2025-11-04 12:09:30,830 - INFO - Post ya existente, saltando: LOS DOMINGOS de Alauda Ruiz de Azúa
2025-11-04 12:09:30,831 - INFO - Comenzando extracción de información del post
2025-11-04 12:09:30,831 - INFO - Post ya existente, saltando: UN SIMPLE ACCIDENTE de Jafar Panahi
2025-11-04 12:09:30,831 - INFO - Comenzando extracción de información del post
2025-11-04 12:09:30,831 - INFO - Post ya existente, saltando: CAZA DE BRUJAS de Luca Guadagnino
2025-11-04 12:09:30,831 - INFO - Comenzando extracción de información del post
2025-11-04 12:09:30,831 - INFO - Post ya existente, saltando: BALA PERDIDA de Darren Aronofsky
2025-11-04 12:09:30,831 - INFO - Comenzando extracción de información del post
2025-11-04 12:09:30,831 - INFO - Post ya existente, saltando: KARMELE de Asier Altuna
2025-11-04 12:09:30,831 - INFO - Comenzando extracción de información del post
2025-11-04 12:09:30,831 - INFO - Post ya existente, saltando: JUGAR CON FUEGO de Delphine y Muriel Coulin
2025-11-04 12:09:30,832 - INFO - Comenzando extracción de información del post
2025-11-04 12:09:30,832 - INFO - Post ya existente, saltando: LA SOSPECHA DE SOFÍA de Imanol Uribe
2025-11-04 12:09:30,832 - INFO - Proceso completado. Posts nuevos guardados: 0
