2025-12-09 00:19:55,407 - INFO - Iniciando proceso de scraping
2025-12-09 00:19:55,409 - INFO - Posts existentes encontrados: 2476
2025-12-09 00:19:55,409 - INFO - Intentando obtener posts desde: https://ghostintheblog.com/
2025-12-09 00:19:56,541 - INFO - Se encontraron 10 posts
2025-12-09 00:19:56,542 - INFO - Comenzando extracción de información del post
2025-12-09 00:19:56,543 - INFO - Post ya existente, saltando: DRÁCULA de Luc Besson
2025-12-09 00:19:56,543 - INFO - Comenzando extracción de información del post
2025-12-09 00:19:56,543 - INFO - Post ya existente, saltando: ALPHA de Julia  Ducournau
2025-12-09 00:19:56,543 - INFO - Comenzando extracción de información del post
2025-12-09 00:19:56,543 - INFO - Post ya existente, saltando: CRIMSON GOLD de Jafar Panahi
2025-12-09 00:19:56,543 - INFO - Comenzando extracción de información del post
2025-12-09 00:19:56,543 - INFO - Post ya existente, saltando: GAUA de Paul Urkijo
2025-12-09 00:19:56,543 - INFO - Comenzando extracción de información del post
2025-12-09 00:19:56,543 - INFO - Post ya existente, saltando: URCHIN de Harris Dickinson
2025-12-09 00:19:56,544 - INFO - Comenzando extracción de información del post
2025-12-09 00:19:56,544 - INFO - Post ya existente, saltando: CIUDAD SIN SUEÑO de Guillermo Galoe
2025-12-09 00:19:56,544 - INFO - Comenzando extracción de información del post
2025-12-09 00:19:56,544 - INFO - Post ya existente, saltando: BUGONIA de Yorgos Lanthimos
2025-12-09 00:19:56,544 - INFO - Comenzando extracción de información del post
2025-12-09 00:19:56,544 - INFO - Post ya existente, saltando: SUBSUELO de Fernando Franco
2025-12-09 00:19:56,544 - INFO - Comenzando extracción de información del post
2025-12-09 00:19:56,544 - INFO - Post ya existente, saltando: SIEMPRE ES INVIERNO de David Trueba
2025-12-09 00:19:56,544 - INFO - Comenzando extracción de información del post
2025-12-09 00:19:56,545 - INFO - Post ya existente, saltando: THE MASTERMIND de Kelly Reichardt
2025-12-09 00:19:56,545 - INFO - Proceso completado. Posts nuevos guardados: 0
