2025-03-15 17:47:38,556 - INFO - Iniciando proceso de scraping
2025-03-15 17:47:38,557 - INFO - Posts existentes encontrados: 0
2025-03-15 17:47:38,557 - INFO - Intentando obtener posts desde: https://ghostintheblog.com/
2025-03-15 17:47:39,463 - INFO - Se encontraron 10 posts
2025-03-15 17:47:39,463 - INFO - Comenzando extracción de información del post
2025-03-15 17:47:39,464 - INFO - Título del post: TARDES DE SOLEDAD de Albert Serra
2025-03-15 17:47:39,464 - INFO - Fecha del post: 2025-03-15T00:23:46+01:00
2025-03-15 17:47:39,464 - INFO - Obteniendo contenido completo de: https://ghostintheblog.com/2025/03/tardes-de-soledad-albert-serra-toreo-tauromaquia.html
2025-03-15 17:47:40,387 - INFO - Contenido extraído y estructurado (4837 caracteres)
2025-03-15 17:47:40,388 - INFO - Guardando post en: posts/TARDES_DE_SOLEDAD_2025-03-15.json
2025-03-15 17:47:40,389 - INFO - Post guardado exitosamente
2025-03-15 17:47:40,389 - INFO - Actualizando índice de películas
2025-03-15 17:47:40,389 - INFO - Archivo de índice: C:\Trabajos\scrapingcines\index.json
2025-03-15 17:47:40,389 - INFO - Índice existente cargado con 10 películas
2025-03-15 17:47:40,389 - INFO - La película ya existe en el índice: TARDES DE SOLEDAD
2025-03-15 17:47:40,389 - INFO - Nuevo post guardado: TARDES DE SOLEDAD de Albert Serra
2025-03-15 17:47:40,389 - INFO - Comenzando extracción de información del post
2025-03-15 17:47:40,390 - INFO - Título del post: MICKEY 17 de Bong Joon-ho
2025-03-15 17:47:40,390 - INFO - Fecha del post: 2025-03-15T00:11:27+01:00
2025-03-15 17:47:40,390 - INFO - Obteniendo contenido completo de: https://ghostintheblog.com/2025/03/mickey-17-bong-joon-ho-prescindibles-y-critica-al-poder.html
2025-03-15 17:47:41,395 - INFO - Contenido extraído y estructurado (2882 caracteres)
2025-03-15 17:47:41,396 - INFO - Guardando post en: posts/MICKEY_17_2025-03-15.json
2025-03-15 17:47:41,397 - INFO - Post guardado exitosamente
2025-03-15 17:47:41,397 - INFO - Actualizando índice de películas
2025-03-15 17:47:41,397 - INFO - Archivo de índice: C:\Trabajos\scrapingcines\index.json
2025-03-15 17:47:41,397 - INFO - Índice existente cargado con 10 películas
2025-03-15 17:47:41,398 - INFO - La película ya existe en el índice: MICKEY 17
2025-03-15 17:47:41,398 - INFO - Nuevo post guardado: MICKEY 17 de Bong Joon-ho
2025-03-15 17:47:41,398 - INFO - Comenzando extracción de información del post
2025-03-15 17:47:41,398 - INFO - Título del post: LEE MILLER de Ellen Kuras
2025-03-15 17:47:41,398 - INFO - Fecha del post: 2025-03-14T23:52:25+01:00
2025-03-15 17:47:41,399 - INFO - Obteniendo contenido completo de: https://ghostintheblog.com/2025/03/lee-la-pelicula-de-ellen-kuras-un-retrato-frio-y-sin-alma.html
2025-03-15 17:47:42,295 - INFO - Contenido extraído y estructurado (2635 caracteres)
2025-03-15 17:47:42,295 - INFO - Guardando post en: posts/LEE_MILLER_2025-03-14.json
2025-03-15 17:47:42,296 - INFO - Post guardado exitosamente
2025-03-15 17:47:42,296 - INFO - Actualizando índice de películas
2025-03-15 17:47:42,296 - INFO - Archivo de índice: C:\Trabajos\scrapingcines\index.json
2025-03-15 17:47:42,297 - INFO - Índice existente cargado con 10 películas
2025-03-15 17:47:42,297 - INFO - La película ya existe en el índice: LEE MILLER
2025-03-15 17:47:42,297 - INFO - Nuevo post guardado: LEE MILLER de Ellen Kuras
2025-03-15 17:47:42,297 - INFO - Comenzando extracción de información del post
2025-03-15 17:47:42,297 - INFO - Título del post: GRAND TOUR de Miguel Gomes
2025-03-15 17:47:42,297 - INFO - Fecha del post: 2025-03-09T01:07:10+01:00
2025-03-15 17:47:42,297 - INFO - Obteniendo contenido completo de: https://ghostintheblog.com/2025/03/grand-tour-miguel-gomes-cine-viaje-sombras.html
2025-03-15 17:47:43,227 - INFO - Contenido extraído y estructurado (4805 caracteres)
2025-03-15 17:47:43,228 - INFO - Guardando post en: posts/GRAND_TOUR_2025-03-09.json
2025-03-15 17:47:43,229 - INFO - Post guardado exitosamente
2025-03-15 17:47:43,229 - INFO - Actualizando índice de películas
2025-03-15 17:47:43,229 - INFO - Archivo de índice: C:\Trabajos\scrapingcines\index.json
2025-03-15 17:47:43,229 - INFO - Índice existente cargado con 10 películas
2025-03-15 17:47:43,229 - INFO - La película ya existe en el índice: GRAND TOUR
2025-03-15 17:47:43,229 - INFO - Nuevo post guardado: GRAND TOUR de Miguel Gomes
2025-03-15 17:47:43,229 - INFO - Comenzando extracción de información del post
2025-03-15 17:47:43,230 - INFO - Título del post: A COMPLETE UNKNOWN de James Mangold
2025-03-15 17:47:43,230 - INFO - Fecha del post: 2025-03-09T00:51:50+01:00
2025-03-15 17:47:43,230 - INFO - Obteniendo contenido completo de: https://ghostintheblog.com/2025/03/a-complete-unknown-mangold-dylan-cine.html
2025-03-15 17:47:44,157 - INFO - Contenido extraído y estructurado (2716 caracteres)
2025-03-15 17:47:44,158 - INFO - Guardando post en: posts/A_COMPLETE_UNKNOWN_2025-03-09.json
2025-03-15 17:47:44,159 - INFO - Post guardado exitosamente
2025-03-15 17:47:44,159 - INFO - Actualizando índice de películas
2025-03-15 17:47:44,159 - INFO - Archivo de índice: C:\Trabajos\scrapingcines\index.json
2025-03-15 17:47:44,159 - INFO - Índice existente cargado con 10 películas
2025-03-15 17:47:44,159 - INFO - La película ya existe en el índice: A COMPLETE UNKNOWN
2025-03-15 17:47:44,160 - INFO - Nuevo post guardado: A COMPLETE UNKNOWN de James Mangold
2025-03-15 17:47:44,160 - INFO - Comenzando extracción de información del post
2025-03-15 17:47:44,160 - INFO - Título del post: MI ÚNICA FAMILIA de Mike Leigh
2025-03-15 17:47:44,162 - INFO - Fecha del post: 2025-03-09T00:29:20+01:00
2025-03-15 17:47:44,162 - INFO - Obteniendo contenido completo de: https://ghostintheblog.com/2025/03/mi-unica-familia-mike-leigh-realismo-depresion-narrativa-claustrofobica.html
2025-03-15 17:47:45,092 - INFO - Contenido extraído y estructurado (2697 caracteres)
2025-03-15 17:47:45,093 - INFO - Guardando post en: posts/MI_ÚNICA_FAMILIA_2025-03-09.json
2025-03-15 17:47:45,093 - INFO - Post guardado exitosamente
2025-03-15 17:47:45,094 - INFO - Actualizando índice de películas
2025-03-15 17:47:45,094 - INFO - Archivo de índice: C:\Trabajos\scrapingcines\index.json
2025-03-15 17:47:45,094 - INFO - Índice existente cargado con 10 películas
2025-03-15 17:47:45,094 - INFO - La película ya existe en el índice: MI ÚNICA FAMILIA
2025-03-15 17:47:45,094 - INFO - Nuevo post guardado: MI ÚNICA FAMILIA de Mike Leigh
2025-03-15 17:47:45,094 - INFO - Comenzando extracción de información del post
2025-03-15 17:47:45,095 - INFO - Título del post: LOS OSCAR 2025
2025-03-15 17:47:45,095 - INFO - Fecha del post: 2025-03-04T09:39:04+01:00
2025-03-15 17:47:45,095 - WARNING - No se pudo extraer director del título: LOS OSCAR 2025
2025-03-15 17:47:45,095 - INFO - Obteniendo contenido completo de: https://ghostintheblog.com/2025/03/ganadores-oscar-2025-critica.html
2025-03-15 17:47:46,027 - WARNING - No se encontró 'Título Original' en el contenido
2025-03-15 17:47:46,027 - INFO - Usando contenido completo como respaldo
2025-03-15 17:47:46,028 - INFO - Guardando post en: posts/LOS_OSCAR_2025_2025-03-04.json
2025-03-15 17:47:46,029 - INFO - Post guardado exitosamente
2025-03-15 17:47:46,029 - INFO - Actualizando índice de películas
2025-03-15 17:47:46,029 - INFO - Archivo de índice: C:\Trabajos\scrapingcines\index.json
2025-03-15 17:47:46,029 - INFO - Índice existente cargado con 10 películas
2025-03-15 17:47:46,029 - INFO - La película ya existe en el índice: LOS OSCAR 2025
2025-03-15 17:47:46,029 - INFO - Nuevo post guardado: LOS OSCAR 2025
2025-03-15 17:47:46,029 - INFO - Comenzando extracción de información del post
2025-03-15 17:47:46,030 - INFO - Título del post: NOSOTROS de Helena Taberna
2025-03-15 17:47:46,030 - INFO - Fecha del post: 2025-03-02T00:02:52+01:00
2025-03-15 17:47:46,030 - INFO - Obteniendo contenido completo de: https://ghostintheblog.com/2025/03/nosotros-de-helena-taberna.html
2025-03-15 17:47:46,948 - INFO - Contenido extraído y estructurado (4808 caracteres)
2025-03-15 17:47:46,948 - INFO - Guardando post en: posts/NOSOTROS_2025-03-02.json
2025-03-15 17:47:46,949 - INFO - Post guardado exitosamente
2025-03-15 17:47:46,949 - INFO - Actualizando índice de películas
2025-03-15 17:47:46,949 - INFO - Archivo de índice: C:\Trabajos\scrapingcines\index.json
2025-03-15 17:47:46,949 - INFO - Índice existente cargado con 10 películas
2025-03-15 17:47:46,949 - INFO - La película ya existe en el índice: NOSOTROS
2025-03-15 17:47:46,950 - INFO - Nuevo post guardado: NOSOTROS de Helena Taberna
2025-03-15 17:47:46,950 - INFO - Comenzando extracción de información del post
2025-03-15 17:47:46,951 - INFO - Título del post: AÚN ESTOY AQUÍ
2025-03-15 17:47:46,951 - INFO - Fecha del post: 2025-03-01T11:13:30+01:00
2025-03-15 17:47:46,951 - WARNING - No se pudo extraer director del título: AÚN ESTOY AQUÍ
2025-03-15 17:47:46,951 - INFO - Obteniendo contenido completo de: https://ghostintheblog.com/2025/03/ainda-estou-aqui-walter-salles-2024.html
2025-03-15 17:47:47,943 - INFO - Contenido extraído y estructurado (2687 caracteres)
2025-03-15 17:47:47,944 - INFO - Guardando post en: posts/AÚN_ESTOY_AQUÍ_2025-03-01.json
2025-03-15 17:47:47,944 - INFO - Post guardado exitosamente
2025-03-15 17:47:47,945 - INFO - Actualizando índice de películas
2025-03-15 17:47:47,945 - INFO - Archivo de índice: C:\Trabajos\scrapingcines\index.json
2025-03-15 17:47:47,945 - INFO - Índice existente cargado con 10 películas
2025-03-15 17:47:47,945 - INFO - La película ya existe en el índice: AÚN ESTOY AQUÍ
2025-03-15 17:47:47,945 - INFO - Nuevo post guardado: AÚN ESTOY AQUÍ
2025-03-15 17:47:47,945 - INFO - Comenzando extracción de información del post
2025-03-15 17:47:47,946 - INFO - Título del post: LA ÚLTIMA REINA de Karim Aïnouz
2025-03-15 17:47:47,946 - INFO - Fecha del post: 2025-03-01T11:05:31+01:00
2025-03-15 17:47:47,946 - INFO - Obteniendo contenido completo de: https://ghostintheblog.com/2025/03/firebrand-catalina-parr-karim-ainouz.html
2025-03-15 17:47:48,833 - INFO - Contenido extraído y estructurado (2737 caracteres)
2025-03-15 17:47:48,833 - INFO - Guardando post en: posts/LA_ÚLTIMA_REINA_2025-03-01.json
2025-03-15 17:47:48,834 - INFO - Post guardado exitosamente
2025-03-15 17:47:48,834 - INFO - Actualizando índice de películas
2025-03-15 17:47:48,834 - INFO - Archivo de índice: C:\Trabajos\scrapingcines\index.json
2025-03-15 17:47:48,835 - INFO - Índice existente cargado con 10 películas
2025-03-15 17:47:48,835 - INFO - La película ya existe en el índice: LA ÚLTIMA REINA
2025-03-15 17:47:48,835 - INFO - Nuevo post guardado: LA ÚLTIMA REINA de Karim Aïnouz
2025-03-15 17:47:48,835 - INFO - Proceso completado. Posts nuevos guardados: 10
